T5FineTunerWithAL init: use strategyRANDOM
strategy: RANDOM
iter: 0
annotated_samples_num: 177
unannotated_samples_num: 3367
Epoch [1/5], Batch [1/22], Loss: 3.8392
Epoch [1/5], Batch [2/22], Loss: 2.9977
Epoch [1/5], Batch [3/22], Loss: 2.2660
Epoch [1/5], Batch [4/22], Loss: 1.9758
Epoch [1/5], Batch [5/22], Loss: 1.6235
Epoch [1/5], Batch [6/22], Loss: 1.0037
Epoch [1/5], Batch [7/22], Loss: 0.9911
Epoch [1/5], Batch [8/22], Loss: 1.0722
Epoch [1/5], Batch [9/22], Loss: 1.0740
Epoch [1/5], Batch [10/22], Loss: 0.7416
Epoch [1/5], Batch [11/22], Loss: 0.6475
Epoch [1/5], Batch [12/22], Loss: 0.8621
Epoch [1/5], Batch [13/22], Loss: 0.4921
Epoch [1/5], Batch [14/22], Loss: 0.5619
Epoch [1/5], Batch [15/22], Loss: 0.6822
Epoch [1/5], Batch [16/22], Loss: 0.3703
Epoch [1/5], Batch [17/22], Loss: 0.5468
Epoch [1/5], Batch [18/22], Loss: 0.4968
Epoch [1/5], Batch [19/22], Loss: 0.3651
Epoch [1/5], Batch [20/22], Loss: 0.3881
Epoch [1/5], Batch [21/22], Loss: 0.3939
Epoch [1/5], Batch [22/22], Loss: 0.4074
Epoch [1/5], Average Loss: 1.0818
----------Validation Loss: 0.4287-------------
Epoch [2/5], Batch [1/22], Loss: 0.4764
Epoch [2/5], Batch [2/22], Loss: 0.4123
Epoch [2/5], Batch [3/22], Loss: 0.2861
Epoch [2/5], Batch [4/22], Loss: 0.2571
Epoch [2/5], Batch [5/22], Loss: 0.2561
Epoch [2/5], Batch [6/22], Loss: 0.1132
Epoch [2/5], Batch [7/22], Loss: 0.2810
Epoch [2/5], Batch [8/22], Loss: 0.1858
Epoch [2/5], Batch [9/22], Loss: 0.2378
Epoch [2/5], Batch [10/22], Loss: 0.0929
Epoch [2/5], Batch [11/22], Loss: 0.2277
Epoch [2/5], Batch [12/22], Loss: 0.4275
Epoch [2/5], Batch [13/22], Loss: 0.1172
Epoch [2/5], Batch [14/22], Loss: 0.2074
Epoch [2/5], Batch [15/22], Loss: 0.2355
Epoch [2/5], Batch [16/22], Loss: 0.1802
Epoch [2/5], Batch [17/22], Loss: 0.1614
Epoch [2/5], Batch [18/22], Loss: 0.1511
Epoch [2/5], Batch [19/22], Loss: 0.0877
Epoch [2/5], Batch [20/22], Loss: 0.1010
Epoch [2/5], Batch [21/22], Loss: 0.1243
Epoch [2/5], Batch [22/22], Loss: 0.1529
Epoch [2/5], Average Loss: 0.2169
----------Validation Loss: 0.3939-------------
Epoch [3/5], Batch [1/22], Loss: 0.2498
Epoch [3/5], Batch [2/22], Loss: 0.0884
Epoch [3/5], Batch [3/22], Loss: 0.0761
Epoch [3/5], Batch [4/22], Loss: 0.0865
Epoch [3/5], Batch [5/22], Loss: 0.1206
Epoch [3/5], Batch [6/22], Loss: 0.0490
Epoch [3/5], Batch [7/22], Loss: 0.0943
Epoch [3/5], Batch [8/22], Loss: 0.0404
Epoch [3/5], Batch [9/22], Loss: 0.2318
Epoch [3/5], Batch [10/22], Loss: 0.0308
Epoch [3/5], Batch [11/22], Loss: 0.0472
Epoch [3/5], Batch [12/22], Loss: 0.1237
Epoch [3/5], Batch [13/22], Loss: 0.0275
Epoch [3/5], Batch [14/22], Loss: 0.0273
Epoch [3/5], Batch [15/22], Loss: 0.1667
Epoch [3/5], Batch [16/22], Loss: 0.0387
Epoch [3/5], Batch [17/22], Loss: 0.0487
Epoch [3/5], Batch [18/22], Loss: 0.0311
Epoch [3/5], Batch [19/22], Loss: 0.0152
Epoch [3/5], Batch [20/22], Loss: 0.0159
Epoch [3/5], Batch [21/22], Loss: 0.0150
Epoch [3/5], Batch [22/22], Loss: 0.0298
Epoch [3/5], Average Loss: 0.0752
----------Validation Loss: 0.4364-------------
Epoch [4/5], Batch [1/22], Loss: 0.0900
Epoch [4/5], Batch [2/22], Loss: 0.0748
Epoch [4/5], Batch [3/22], Loss: 0.0247
Epoch [4/5], Batch [4/22], Loss: 0.0154
Epoch [4/5], Batch [5/22], Loss: 0.0435
Epoch [4/5], Batch [6/22], Loss: 0.0083
Epoch [4/5], Batch [7/22], Loss: 0.0197
Epoch [4/5], Batch [8/22], Loss: 0.0048
Epoch [4/5], Batch [9/22], Loss: 0.0895
Epoch [4/5], Batch [10/22], Loss: 0.0038
Epoch [4/5], Batch [11/22], Loss: 0.0124
Epoch [4/5], Batch [12/22], Loss: 0.0767
Epoch [4/5], Batch [13/22], Loss: 0.0165
Epoch [4/5], Batch [14/22], Loss: 0.0060
Epoch [4/5], Batch [15/22], Loss: 0.1962
Epoch [4/5], Batch [16/22], Loss: 0.0037
Epoch [4/5], Batch [17/22], Loss: 0.0044
Epoch [4/5], Batch [18/22], Loss: 0.0029
Epoch [4/5], Batch [19/22], Loss: 0.0039
Epoch [4/5], Batch [20/22], Loss: 0.0041
Epoch [4/5], Batch [21/22], Loss: 0.0030
Epoch [4/5], Batch [22/22], Loss: 0.0695
Epoch [4/5], Average Loss: 0.0352
----------Validation Loss: 0.5003-------------
Epoch [5/5], Batch [1/22], Loss: 0.0252
Epoch [5/5], Batch [2/22], Loss: 0.0054
Epoch [5/5], Batch [3/22], Loss: 0.0016
Epoch [5/5], Batch [4/22], Loss: 0.0034
Epoch [5/5], Batch [5/22], Loss: 0.0051
Epoch [5/5], Batch [6/22], Loss: 0.0018
Epoch [5/5], Batch [7/22], Loss: 0.0121
Epoch [5/5], Batch [8/22], Loss: 0.0019
Epoch [5/5], Batch [9/22], Loss: 0.1001
Epoch [5/5], Batch [10/22], Loss: 0.0017
Epoch [5/5], Batch [11/22], Loss: 0.0029
Epoch [5/5], Batch [12/22], Loss: 0.1576
Epoch [5/5], Batch [13/22], Loss: 0.0052
Epoch [5/5], Batch [14/22], Loss: 0.0032
Epoch [5/5], Batch [15/22], Loss: 0.0853
Epoch [5/5], Batch [16/22], Loss: 0.0020
Epoch [5/5], Batch [17/22], Loss: 0.0031
Epoch [5/5], Batch [18/22], Loss: 0.0023
Epoch [5/5], Batch [19/22], Loss: 0.0041
Epoch [5/5], Batch [20/22], Loss: 0.0026
Epoch [5/5], Batch [21/22], Loss: 0.0015
Epoch [5/5], Batch [22/22], Loss: 0.0072
Epoch [5/5], Average Loss: 0.0198
----------Validation Loss: 0.4697-------------
annotated_samples_num: 354
unannotated_samples_num: 3190
update datapool!
annotated_samples_num: 354
unannotated_samples_num: 3190
iter: 1
annotated_samples_num: 354
unannotated_samples_num: 3190
Epoch [1/5], Batch [1/44], Loss: 3.8392
Epoch [1/5], Batch [2/44], Loss: 2.9977
Epoch [1/5], Batch [3/44], Loss: 2.2660
Epoch [1/5], Batch [4/44], Loss: 1.9758
Epoch [1/5], Batch [5/44], Loss: 1.6235
Epoch [1/5], Batch [6/44], Loss: 1.0037
Epoch [1/5], Batch [7/44], Loss: 0.9911
Epoch [1/5], Batch [8/44], Loss: 1.0722
Epoch [1/5], Batch [9/44], Loss: 1.0740
Epoch [1/5], Batch [10/44], Loss: 0.7416
Epoch [1/5], Batch [11/44], Loss: 0.6475
Epoch [1/5], Batch [12/44], Loss: 0.8621
Epoch [1/5], Batch [13/44], Loss: 0.4921
Epoch [1/5], Batch [14/44], Loss: 0.5619
Epoch [1/5], Batch [15/44], Loss: 0.6822
Epoch [1/5], Batch [16/44], Loss: 0.3703
Epoch [1/5], Batch [17/44], Loss: 0.5468
Epoch [1/5], Batch [18/44], Loss: 0.4968
Epoch [1/5], Batch [19/44], Loss: 0.3651
Epoch [1/5], Batch [20/44], Loss: 0.3881
Epoch [1/5], Batch [21/44], Loss: 0.3939
Epoch [1/5], Batch [22/44], Loss: 0.4074
Epoch [1/5], Batch [23/44], Loss: 0.2933
Epoch [1/5], Batch [24/44], Loss: 0.2443
Epoch [1/5], Batch [25/44], Loss: 0.4972
Epoch [1/5], Batch [26/44], Loss: 0.4180
Epoch [1/5], Batch [27/44], Loss: 0.3199
Epoch [1/5], Batch [28/44], Loss: 0.3151
Epoch [1/5], Batch [29/44], Loss: 0.4923
Epoch [1/5], Batch [30/44], Loss: 0.3151
Epoch [1/5], Batch [31/44], Loss: 0.2798
Epoch [1/5], Batch [32/44], Loss: 0.3508
Epoch [1/5], Batch [33/44], Loss: 0.3007
Epoch [1/5], Batch [34/44], Loss: 0.3348
Epoch [1/5], Batch [35/44], Loss: 0.4807
Epoch [1/5], Batch [36/44], Loss: 0.2600
Epoch [1/5], Batch [37/44], Loss: 0.4125
Epoch [1/5], Batch [38/44], Loss: 0.5134
Epoch [1/5], Batch [39/44], Loss: 0.2762
Epoch [1/5], Batch [40/44], Loss: 0.3195
Epoch [1/5], Batch [41/44], Loss: 0.3015
Epoch [1/5], Batch [42/44], Loss: 0.3346
Epoch [1/5], Batch [43/44], Loss: 0.2135
Epoch [1/5], Batch [44/44], Loss: 0.4459
Epoch [1/5], Average Loss: 0.7163
----------Validation Loss: 0.3292-------------
Epoch [2/5], Batch [1/44], Loss: 0.3838
Epoch [2/5], Batch [2/44], Loss: 0.3854
Epoch [2/5], Batch [3/44], Loss: 0.1996
Epoch [2/5], Batch [4/44], Loss: 0.2064
Epoch [2/5], Batch [5/44], Loss: 0.2439
Epoch [2/5], Batch [6/44], Loss: 0.1186
Epoch [2/5], Batch [7/44], Loss: 0.2769
Epoch [2/5], Batch [8/44], Loss: 0.1738
Epoch [2/5], Batch [9/44], Loss: 0.2544
Epoch [2/5], Batch [10/44], Loss: 0.1659
Epoch [2/5], Batch [11/44], Loss: 0.1815
Epoch [2/5], Batch [12/44], Loss: 0.3138
Epoch [2/5], Batch [13/44], Loss: 0.1275
Epoch [2/5], Batch [14/44], Loss: 0.1861
Epoch [2/5], Batch [15/44], Loss: 0.1689
Epoch [2/5], Batch [16/44], Loss: 0.1768
Epoch [2/5], Batch [17/44], Loss: 0.1587
Epoch [2/5], Batch [18/44], Loss: 0.1386
Epoch [2/5], Batch [19/44], Loss: 0.1000
Epoch [2/5], Batch [20/44], Loss: 0.1004
Epoch [2/5], Batch [21/44], Loss: 0.1880
Epoch [2/5], Batch [22/44], Loss: 0.2585
Epoch [2/5], Batch [23/44], Loss: 0.1170
Epoch [2/5], Batch [24/44], Loss: 0.1239
Epoch [2/5], Batch [25/44], Loss: 0.2057
Epoch [2/5], Batch [26/44], Loss: 0.1299
Epoch [2/5], Batch [27/44], Loss: 0.1385
Epoch [2/5], Batch [28/44], Loss: 0.0821
Epoch [2/5], Batch [29/44], Loss: 0.1049
Epoch [2/5], Batch [30/44], Loss: 0.1319
Epoch [2/5], Batch [31/44], Loss: 0.0978
Epoch [2/5], Batch [32/44], Loss: 0.0969
Epoch [2/5], Batch [33/44], Loss: 0.0758
Epoch [2/5], Batch [34/44], Loss: 0.0686
Epoch [2/5], Batch [35/44], Loss: 0.2696
Epoch [2/5], Batch [36/44], Loss: 0.0547
Epoch [2/5], Batch [37/44], Loss: 0.1823
Epoch [2/5], Batch [38/44], Loss: 0.1346
Epoch [2/5], Batch [39/44], Loss: 0.1260
Epoch [2/5], Batch [40/44], Loss: 0.0729
Epoch [2/5], Batch [41/44], Loss: 0.0809
Epoch [2/5], Batch [42/44], Loss: 0.0523
Epoch [2/5], Batch [43/44], Loss: 0.0385
Epoch [2/5], Batch [44/44], Loss: 0.0654
Epoch [2/5], Average Loss: 0.1581
----------Validation Loss: 0.3068-------------
Epoch [3/5], Batch [1/44], Loss: 0.1701
Epoch [3/5], Batch [2/44], Loss: 0.2020
Epoch [3/5], Batch [3/44], Loss: 0.0418
Epoch [3/5], Batch [4/44], Loss: 0.0613
Epoch [3/5], Batch [5/44], Loss: 0.0789
Epoch [3/5], Batch [6/44], Loss: 0.0269
Epoch [3/5], Batch [7/44], Loss: 0.0863
Epoch [3/5], Batch [8/44], Loss: 0.0221
Epoch [3/5], Batch [9/44], Loss: 0.0763
Epoch [3/5], Batch [10/44], Loss: 0.0684
Epoch [3/5], Batch [11/44], Loss: 0.0576
Epoch [3/5], Batch [12/44], Loss: 0.0576
Epoch [3/5], Batch [13/44], Loss: 0.0433
Epoch [3/5], Batch [14/44], Loss: 0.0154
Epoch [3/5], Batch [15/44], Loss: 0.2149
Epoch [3/5], Batch [16/44], Loss: 0.0462
Epoch [3/5], Batch [17/44], Loss: 0.1020
Epoch [3/5], Batch [18/44], Loss: 0.0481
Epoch [3/5], Batch [19/44], Loss: 0.0551
Epoch [3/5], Batch [20/44], Loss: 0.0240
Epoch [3/5], Batch [21/44], Loss: 0.0482
Epoch [3/5], Batch [22/44], Loss: 0.1044
Epoch [3/5], Batch [23/44], Loss: 0.0246
Epoch [3/5], Batch [24/44], Loss: 0.0419
Epoch [3/5], Batch [25/44], Loss: 0.1317
Epoch [3/5], Batch [26/44], Loss: 0.0588
Epoch [3/5], Batch [27/44], Loss: 0.0555
Epoch [3/5], Batch [28/44], Loss: 0.0682
Epoch [3/5], Batch [29/44], Loss: 0.1066
Epoch [3/5], Batch [30/44], Loss: 0.0520
Epoch [3/5], Batch [31/44], Loss: 0.0265
Epoch [3/5], Batch [32/44], Loss: 0.0646
Epoch [3/5], Batch [33/44], Loss: 0.0524
Epoch [3/5], Batch [34/44], Loss: 0.0451
Epoch [3/5], Batch [35/44], Loss: 0.1697
Epoch [3/5], Batch [36/44], Loss: 0.0229
Epoch [3/5], Batch [37/44], Loss: 0.0301
Epoch [3/5], Batch [38/44], Loss: 0.0437
Epoch [3/5], Batch [39/44], Loss: 0.0629
Epoch [3/5], Batch [40/44], Loss: 0.0598
Epoch [3/5], Batch [41/44], Loss: 0.1292
Epoch [3/5], Batch [42/44], Loss: 0.0539
Epoch [3/5], Batch [43/44], Loss: 0.0856
Epoch [3/5], Batch [44/44], Loss: 0.0829
Epoch [3/5], Average Loss: 0.0709
----------Validation Loss: 0.4155-------------
Epoch [4/5], Batch [1/44], Loss: 0.1877
Epoch [4/5], Batch [2/44], Loss: 0.0646
Epoch [4/5], Batch [3/44], Loss: 0.0089
Epoch [4/5], Batch [4/44], Loss: 0.0075
Epoch [4/5], Batch [5/44], Loss: 0.0084
Epoch [4/5], Batch [6/44], Loss: 0.0226
Epoch [4/5], Batch [7/44], Loss: 0.1229
Epoch [4/5], Batch [8/44], Loss: 0.0336
Epoch [4/5], Batch [9/44], Loss: 0.1254
Epoch [4/5], Batch [10/44], Loss: 0.1981
Epoch [4/5], Batch [11/44], Loss: 0.0238
Epoch [4/5], Batch [12/44], Loss: 0.0293
Epoch [4/5], Batch [13/44], Loss: 0.0098
Epoch [4/5], Batch [14/44], Loss: 0.0194
Epoch [4/5], Batch [15/44], Loss: 0.1930
Epoch [4/5], Batch [16/44], Loss: 0.0130
Epoch [4/5], Batch [17/44], Loss: 0.0169
Epoch [4/5], Batch [18/44], Loss: 0.0268
Epoch [4/5], Batch [19/44], Loss: 0.0353
Epoch [4/5], Batch [20/44], Loss: 0.0078
Epoch [4/5], Batch [21/44], Loss: 0.0127
Epoch [4/5], Batch [22/44], Loss: 0.0241
Epoch [4/5], Batch [23/44], Loss: 0.0099
Epoch [4/5], Batch [24/44], Loss: 0.0213
Epoch [4/5], Batch [25/44], Loss: 0.0473
Epoch [4/5], Batch [26/44], Loss: 0.0254
Epoch [4/5], Batch [27/44], Loss: 0.0692
Epoch [4/5], Batch [28/44], Loss: 0.0451
Epoch [4/5], Batch [29/44], Loss: 0.0064
Epoch [4/5], Batch [30/44], Loss: 0.0667
Epoch [4/5], Batch [31/44], Loss: 0.0106
Epoch [4/5], Batch [32/44], Loss: 0.0137
Epoch [4/5], Batch [33/44], Loss: 0.0169
Epoch [4/5], Batch [34/44], Loss: 0.0215
Epoch [4/5], Batch [35/44], Loss: 0.0295
Epoch [4/5], Batch [36/44], Loss: 0.0156
Epoch [4/5], Batch [37/44], Loss: 0.0192
Epoch [4/5], Batch [38/44], Loss: 0.0380
Epoch [4/5], Batch [39/44], Loss: 0.0344
Epoch [4/5], Batch [40/44], Loss: 0.0367
Epoch [4/5], Batch [41/44], Loss: 0.0331
Epoch [4/5], Batch [42/44], Loss: 0.0269
Epoch [4/5], Batch [43/44], Loss: 0.0087
Epoch [4/5], Batch [44/44], Loss: 0.0168
Epoch [4/5], Average Loss: 0.0410
----------Validation Loss: 0.4334-------------
Epoch [5/5], Batch [1/44], Loss: 0.0395
Epoch [5/5], Batch [2/44], Loss: 0.0126
Epoch [5/5], Batch [3/44], Loss: 0.0216
Epoch [5/5], Batch [4/44], Loss: 0.0150
Epoch [5/5], Batch [5/44], Loss: 0.0049
Epoch [5/5], Batch [6/44], Loss: 0.0047
Epoch [5/5], Batch [7/44], Loss: 0.1164
Epoch [5/5], Batch [8/44], Loss: 0.0066
Epoch [5/5], Batch [9/44], Loss: 0.0589
Epoch [5/5], Batch [10/44], Loss: 0.0180
Epoch [5/5], Batch [11/44], Loss: 0.0026
Epoch [5/5], Batch [12/44], Loss: 0.0093
Epoch [5/5], Batch [13/44], Loss: 0.0054
Epoch [5/5], Batch [14/44], Loss: 0.0028
Epoch [5/5], Batch [15/44], Loss: 0.0882
Epoch [5/5], Batch [16/44], Loss: 0.0061
Epoch [5/5], Batch [17/44], Loss: 0.0325
Epoch [5/5], Batch [18/44], Loss: 0.0117
Epoch [5/5], Batch [19/44], Loss: 0.0509
Epoch [5/5], Batch [20/44], Loss: 0.0032
Epoch [5/5], Batch [21/44], Loss: 0.0028
Epoch [5/5], Batch [22/44], Loss: 0.0064
Epoch [5/5], Batch [23/44], Loss: 0.0052
Epoch [5/5], Batch [24/44], Loss: 0.0247
Epoch [5/5], Batch [25/44], Loss: 0.0400
Epoch [5/5], Batch [26/44], Loss: 0.0049
Epoch [5/5], Batch [27/44], Loss: 0.0044
Epoch [5/5], Batch [28/44], Loss: 0.0098
Epoch [5/5], Batch [29/44], Loss: 0.0092
Epoch [5/5], Batch [30/44], Loss: 0.0125
Epoch [5/5], Batch [31/44], Loss: 0.0060
Epoch [5/5], Batch [32/44], Loss: 0.0032
Epoch [5/5], Batch [33/44], Loss: 0.0238
Epoch [5/5], Batch [34/44], Loss: 0.0039
Epoch [5/5], Batch [35/44], Loss: 0.0740
Epoch [5/5], Batch [36/44], Loss: 0.0042
Epoch [5/5], Batch [37/44], Loss: 0.0059
Epoch [5/5], Batch [38/44], Loss: 0.0388
Epoch [5/5], Batch [39/44], Loss: 0.0225
Epoch [5/5], Batch [40/44], Loss: 0.0233
Epoch [5/5], Batch [41/44], Loss: 0.0308
Epoch [5/5], Batch [42/44], Loss: 0.0042
Epoch [5/5], Batch [43/44], Loss: 0.1977
Epoch [5/5], Batch [44/44], Loss: 0.0231
Epoch [5/5], Average Loss: 0.0248
----------Validation Loss: 0.4443-------------
annotated_samples_num: 531
unannotated_samples_num: 3013
update datapool!
annotated_samples_num: 531
unannotated_samples_num: 3013
iter: 2
annotated_samples_num: 531
unannotated_samples_num: 3013
Epoch [1/5], Batch [1/66], Loss: 3.8392
Epoch [1/5], Batch [2/66], Loss: 2.9977
Epoch [1/5], Batch [3/66], Loss: 2.2660
Epoch [1/5], Batch [4/66], Loss: 1.9758
Epoch [1/5], Batch [5/66], Loss: 1.6235
Epoch [1/5], Batch [6/66], Loss: 1.0037
Epoch [1/5], Batch [7/66], Loss: 0.9911
Epoch [1/5], Batch [8/66], Loss: 1.0722
Epoch [1/5], Batch [9/66], Loss: 1.0740
Epoch [1/5], Batch [10/66], Loss: 0.7416
Epoch [1/5], Batch [11/66], Loss: 0.6475
Epoch [1/5], Batch [12/66], Loss: 0.8621
Epoch [1/5], Batch [13/66], Loss: 0.4921
Epoch [1/5], Batch [14/66], Loss: 0.5619
Epoch [1/5], Batch [15/66], Loss: 0.6822
Epoch [1/5], Batch [16/66], Loss: 0.3703
Epoch [1/5], Batch [17/66], Loss: 0.5468
Epoch [1/5], Batch [18/66], Loss: 0.4968
Epoch [1/5], Batch [19/66], Loss: 0.3651
Epoch [1/5], Batch [20/66], Loss: 0.3881
Epoch [1/5], Batch [21/66], Loss: 0.3939
Epoch [1/5], Batch [22/66], Loss: 0.4074
Epoch [1/5], Batch [23/66], Loss: 0.2933
Epoch [1/5], Batch [24/66], Loss: 0.2443
Epoch [1/5], Batch [25/66], Loss: 0.4972
Epoch [1/5], Batch [26/66], Loss: 0.4180
Epoch [1/5], Batch [27/66], Loss: 0.3199
Epoch [1/5], Batch [28/66], Loss: 0.3151
Epoch [1/5], Batch [29/66], Loss: 0.4923
Epoch [1/5], Batch [30/66], Loss: 0.3151
Epoch [1/5], Batch [31/66], Loss: 0.2798
Epoch [1/5], Batch [32/66], Loss: 0.3508
Epoch [1/5], Batch [33/66], Loss: 0.3007
Epoch [1/5], Batch [34/66], Loss: 0.3348
Epoch [1/5], Batch [35/66], Loss: 0.4807
Epoch [1/5], Batch [36/66], Loss: 0.2600
Epoch [1/5], Batch [37/66], Loss: 0.4125
Epoch [1/5], Batch [38/66], Loss: 0.5134
Epoch [1/5], Batch [39/66], Loss: 0.2762
Epoch [1/5], Batch [40/66], Loss: 0.3195
Epoch [1/5], Batch [41/66], Loss: 0.3015
Epoch [1/5], Batch [42/66], Loss: 0.3346
Epoch [1/5], Batch [43/66], Loss: 0.2135
Epoch [1/5], Batch [44/66], Loss: 0.4459
Epoch [1/5], Batch [45/66], Loss: 0.2749
Epoch [1/5], Batch [46/66], Loss: 0.3925
Epoch [1/5], Batch [47/66], Loss: 0.2553
Epoch [1/5], Batch [48/66], Loss: 0.5812
Epoch [1/5], Batch [49/66], Loss: 0.3206
Epoch [1/5], Batch [50/66], Loss: 0.4351
Epoch [1/5], Batch [51/66], Loss: 0.3124
Epoch [1/5], Batch [52/66], Loss: 0.1634
Epoch [1/5], Batch [53/66], Loss: 0.3699
Epoch [1/5], Batch [54/66], Loss: 0.2601
Epoch [1/5], Batch [55/66], Loss: 0.2499
Epoch [1/5], Batch [56/66], Loss: 0.3262
Epoch [1/5], Batch [57/66], Loss: 0.2325
Epoch [1/5], Batch [58/66], Loss: 0.2019
Epoch [1/5], Batch [59/66], Loss: 0.2724
Epoch [1/5], Batch [60/66], Loss: 0.5004
Epoch [1/5], Batch [61/66], Loss: 0.5012
Epoch [1/5], Batch [62/66], Loss: 0.3559
Epoch [1/5], Batch [63/66], Loss: 0.2763
Epoch [1/5], Batch [64/66], Loss: 0.1904
Epoch [1/5], Batch [65/66], Loss: 0.2427
Epoch [1/5], Batch [66/66], Loss: 0.4589
Epoch [1/5], Average Loss: 0.5862
----------Validation Loss: 0.3055-------------
Epoch [2/5], Batch [1/66], Loss: 0.4355
Epoch [2/5], Batch [2/66], Loss: 0.4130
Epoch [2/5], Batch [3/66], Loss: 0.2147
Epoch [2/5], Batch [4/66], Loss: 0.1855
Epoch [2/5], Batch [5/66], Loss: 0.2444
Epoch [2/5], Batch [6/66], Loss: 0.1285
Epoch [2/5], Batch [7/66], Loss: 0.2384
Epoch [2/5], Batch [8/66], Loss: 0.1677
Epoch [2/5], Batch [9/66], Loss: 0.1957
Epoch [2/5], Batch [10/66], Loss: 0.1113
Epoch [2/5], Batch [11/66], Loss: 0.2027
Epoch [2/5], Batch [12/66], Loss: 0.2433
Epoch [2/5], Batch [13/66], Loss: 0.1639
Epoch [2/5], Batch [14/66], Loss: 0.1738
Epoch [2/5], Batch [15/66], Loss: 0.1526
Epoch [2/5], Batch [16/66], Loss: 0.1622
Epoch [2/5], Batch [17/66], Loss: 0.1372
Epoch [2/5], Batch [18/66], Loss: 0.1453
Epoch [2/5], Batch [19/66], Loss: 0.1054
Epoch [2/5], Batch [20/66], Loss: 0.0745
Epoch [2/5], Batch [21/66], Loss: 0.1554
Epoch [2/5], Batch [22/66], Loss: 0.3297
Epoch [2/5], Batch [23/66], Loss: 0.1120
Epoch [2/5], Batch [24/66], Loss: 0.1440
Epoch [2/5], Batch [25/66], Loss: 0.1707
Epoch [2/5], Batch [26/66], Loss: 0.1869
Epoch [2/5], Batch [27/66], Loss: 0.1756
Epoch [2/5], Batch [28/66], Loss: 0.0889
Epoch [2/5], Batch [29/66], Loss: 0.1224
Epoch [2/5], Batch [30/66], Loss: 0.1104
Epoch [2/5], Batch [31/66], Loss: 0.0796
Epoch [2/5], Batch [32/66], Loss: 0.1030
Epoch [2/5], Batch [33/66], Loss: 0.0904
Epoch [2/5], Batch [34/66], Loss: 0.0713
Epoch [2/5], Batch [35/66], Loss: 0.2546
Epoch [2/5], Batch [36/66], Loss: 0.0651
Epoch [2/5], Batch [37/66], Loss: 0.1508
Epoch [2/5], Batch [38/66], Loss: 0.1642
Epoch [2/5], Batch [39/66], Loss: 0.1283
Epoch [2/5], Batch [40/66], Loss: 0.0903
Epoch [2/5], Batch [41/66], Loss: 0.1134
Epoch [2/5], Batch [42/66], Loss: 0.0690
Epoch [2/5], Batch [43/66], Loss: 0.0620
Epoch [2/5], Batch [44/66], Loss: 0.0857
Epoch [2/5], Batch [45/66], Loss: 0.2545
Epoch [2/5], Batch [46/66], Loss: 0.0785
Epoch [2/5], Batch [47/66], Loss: 0.0732
Epoch [2/5], Batch [48/66], Loss: 0.0784
Epoch [2/5], Batch [49/66], Loss: 0.0899
Epoch [2/5], Batch [50/66], Loss: 0.1234
Epoch [2/5], Batch [51/66], Loss: 0.0590
Epoch [2/5], Batch [52/66], Loss: 0.0610
Epoch [2/5], Batch [53/66], Loss: 0.1039
Epoch [2/5], Batch [54/66], Loss: 0.0852
Epoch [2/5], Batch [55/66], Loss: 0.0543
Epoch [2/5], Batch [56/66], Loss: 0.0697
Epoch [2/5], Batch [57/66], Loss: 0.0589
Epoch [2/5], Batch [58/66], Loss: 0.0618
Epoch [2/5], Batch [59/66], Loss: 0.0714
Epoch [2/5], Batch [60/66], Loss: 0.1519
Epoch [2/5], Batch [61/66], Loss: 0.0896
Epoch [2/5], Batch [62/66], Loss: 0.1520
Epoch [2/5], Batch [63/66], Loss: 0.0882
Epoch [2/5], Batch [64/66], Loss: 0.0599
Epoch [2/5], Batch [65/66], Loss: 0.1051
Epoch [2/5], Batch [66/66], Loss: 0.1039
Epoch [2/5], Average Loss: 0.1378
----------Validation Loss: 0.3152-------------
Epoch [3/5], Batch [1/66], Loss: 0.1900
Epoch [3/5], Batch [2/66], Loss: 0.2392
Epoch [3/5], Batch [3/66], Loss: 0.0301
Epoch [3/5], Batch [4/66], Loss: 0.0683
Epoch [3/5], Batch [5/66], Loss: 0.0614
Epoch [3/5], Batch [6/66], Loss: 0.0345
Epoch [3/5], Batch [7/66], Loss: 0.0698
Epoch [3/5], Batch [8/66], Loss: 0.0492
Epoch [3/5], Batch [9/66], Loss: 0.1182
Epoch [3/5], Batch [10/66], Loss: 0.0264
Epoch [3/5], Batch [11/66], Loss: 0.0788
Epoch [3/5], Batch [12/66], Loss: 0.0856
Epoch [3/5], Batch [13/66], Loss: 0.0666
Epoch [3/5], Batch [14/66], Loss: 0.0343
Epoch [3/5], Batch [15/66], Loss: 0.0871
Epoch [3/5], Batch [16/66], Loss: 0.0339
Epoch [3/5], Batch [17/66], Loss: 0.1083
Epoch [3/5], Batch [18/66], Loss: 0.0147
Epoch [3/5], Batch [19/66], Loss: 0.0912
Epoch [3/5], Batch [20/66], Loss: 0.0263
Epoch [3/5], Batch [21/66], Loss: 0.0413
Epoch [3/5], Batch [22/66], Loss: 0.0707
Epoch [3/5], Batch [23/66], Loss: 0.0310
Epoch [3/5], Batch [24/66], Loss: 0.0500
Epoch [3/5], Batch [25/66], Loss: 0.0792
Epoch [3/5], Batch [26/66], Loss: 0.0458
Epoch [3/5], Batch [27/66], Loss: 0.0409
Epoch [3/5], Batch [28/66], Loss: 0.0502
Epoch [3/5], Batch [29/66], Loss: 0.1265
Epoch [3/5], Batch [30/66], Loss: 0.0420
Epoch [3/5], Batch [31/66], Loss: 0.0468
Epoch [3/5], Batch [32/66], Loss: 0.0471
Epoch [3/5], Batch [33/66], Loss: 0.0707
Epoch [3/5], Batch [34/66], Loss: 0.0373
Epoch [3/5], Batch [35/66], Loss: 0.0585
Epoch [3/5], Batch [36/66], Loss: 0.1097
Epoch [3/5], Batch [37/66], Loss: 0.0451
Epoch [3/5], Batch [38/66], Loss: 0.0669
Epoch [3/5], Batch [39/66], Loss: 0.0222
Epoch [3/5], Batch [40/66], Loss: 0.0458
Epoch [3/5], Batch [41/66], Loss: 0.0824
Epoch [3/5], Batch [42/66], Loss: 0.0203
Epoch [3/5], Batch [43/66], Loss: 0.0197
Epoch [3/5], Batch [44/66], Loss: 0.0394
Epoch [3/5], Batch [45/66], Loss: 0.1138
Epoch [3/5], Batch [46/66], Loss: 0.0233
Epoch [3/5], Batch [47/66], Loss: 0.0549
Epoch [3/5], Batch [48/66], Loss: 0.0089
Epoch [3/5], Batch [49/66], Loss: 0.0375
Epoch [3/5], Batch [50/66], Loss: 0.0786
Epoch [3/5], Batch [51/66], Loss: 0.0242
Epoch [3/5], Batch [52/66], Loss: 0.0930
Epoch [3/5], Batch [53/66], Loss: 0.0210
Epoch [3/5], Batch [54/66], Loss: 0.0848
Epoch [3/5], Batch [55/66], Loss: 0.0407
Epoch [3/5], Batch [56/66], Loss: 0.0323
Epoch [3/5], Batch [57/66], Loss: 0.0141
Epoch [3/5], Batch [58/66], Loss: 0.0175
Epoch [3/5], Batch [59/66], Loss: 0.0172
Epoch [3/5], Batch [60/66], Loss: 0.1968
Epoch [3/5], Batch [61/66], Loss: 0.0345
Epoch [3/5], Batch [62/66], Loss: 0.0220
Epoch [3/5], Batch [63/66], Loss: 0.0373
Epoch [3/5], Batch [64/66], Loss: 0.0096
Epoch [3/5], Batch [65/66], Loss: 0.0562
Epoch [3/5], Batch [66/66], Loss: 0.0665
Epoch [3/5], Average Loss: 0.0589
----------Validation Loss: 0.3898-------------
Epoch [4/5], Batch [1/66], Loss: 0.1659
Epoch [4/5], Batch [2/66], Loss: 0.0876
Epoch [4/5], Batch [3/66], Loss: 0.0172
Epoch [4/5], Batch [4/66], Loss: 0.0194
Epoch [4/5], Batch [5/66], Loss: 0.0197
Epoch [4/5], Batch [6/66], Loss: 0.0161
Epoch [4/5], Batch [7/66], Loss: 0.0368
Epoch [4/5], Batch [8/66], Loss: 0.0443
Epoch [4/5], Batch [9/66], Loss: 0.2582
Epoch [4/5], Batch [10/66], Loss: 0.0216
Epoch [4/5], Batch [11/66], Loss: 0.0293
Epoch [4/5], Batch [12/66], Loss: 0.0134
Epoch [4/5], Batch [13/66], Loss: 0.0474
Epoch [4/5], Batch [14/66], Loss: 0.0085
Epoch [4/5], Batch [15/66], Loss: 0.1778
Epoch [4/5], Batch [16/66], Loss: 0.0034
Epoch [4/5], Batch [17/66], Loss: 0.0123
Epoch [4/5], Batch [18/66], Loss: 0.0155
Epoch [4/5], Batch [19/66], Loss: 0.0377
Epoch [4/5], Batch [20/66], Loss: 0.0357
Epoch [4/5], Batch [21/66], Loss: 0.0065
Epoch [4/5], Batch [22/66], Loss: 0.0427
Epoch [4/5], Batch [23/66], Loss: 0.0095
Epoch [4/5], Batch [24/66], Loss: 0.0116
Epoch [4/5], Batch [25/66], Loss: 0.0595
Epoch [4/5], Batch [26/66], Loss: 0.0176
Epoch [4/5], Batch [27/66], Loss: 0.0650
Epoch [4/5], Batch [28/66], Loss: 0.0168
Epoch [4/5], Batch [29/66], Loss: 0.0077
Epoch [4/5], Batch [30/66], Loss: 0.0558
Epoch [4/5], Batch [31/66], Loss: 0.0232
Epoch [4/5], Batch [32/66], Loss: 0.0130
Epoch [4/5], Batch [33/66], Loss: 0.0041
Epoch [4/5], Batch [34/66], Loss: 0.0419
Epoch [4/5], Batch [35/66], Loss: 0.1053
Epoch [4/5], Batch [36/66], Loss: 0.1473
Epoch [4/5], Batch [37/66], Loss: 0.0392
Epoch [4/5], Batch [38/66], Loss: 0.0137
Epoch [4/5], Batch [39/66], Loss: 0.0494
Epoch [4/5], Batch [40/66], Loss: 0.1160
Epoch [4/5], Batch [41/66], Loss: 0.0575
Epoch [4/5], Batch [42/66], Loss: 0.0568
Epoch [4/5], Batch [43/66], Loss: 0.0060
Epoch [4/5], Batch [44/66], Loss: 0.0144
Epoch [4/5], Batch [45/66], Loss: 0.0618
Epoch [4/5], Batch [46/66], Loss: 0.0849
Epoch [4/5], Batch [47/66], Loss: 0.0298
Epoch [4/5], Batch [48/66], Loss: 0.1035
Epoch [4/5], Batch [49/66], Loss: 0.0309
Epoch [4/5], Batch [50/66], Loss: 0.0310
Epoch [4/5], Batch [51/66], Loss: 0.1158
Epoch [4/5], Batch [52/66], Loss: 0.0261
Epoch [4/5], Batch [53/66], Loss: 0.0950
Epoch [4/5], Batch [54/66], Loss: 0.0723
Epoch [4/5], Batch [55/66], Loss: 0.0132
Epoch [4/5], Batch [56/66], Loss: 0.0170
Epoch [4/5], Batch [57/66], Loss: 0.0417
Epoch [4/5], Batch [58/66], Loss: 0.0284
Epoch [4/5], Batch [59/66], Loss: 0.0251
Epoch [4/5], Batch [60/66], Loss: 0.0445
Epoch [4/5], Batch [61/66], Loss: 0.0680
Epoch [4/5], Batch [62/66], Loss: 0.0249
Epoch [4/5], Batch [63/66], Loss: 0.0304
Epoch [4/5], Batch [64/66], Loss: 0.0121
Epoch [4/5], Batch [65/66], Loss: 0.0108
Epoch [4/5], Batch [66/66], Loss: 0.0540
Epoch [4/5], Average Loss: 0.0465
----------Validation Loss: 0.3603-------------
Epoch [5/5], Batch [1/66], Loss: 0.0526
Epoch [5/5], Batch [2/66], Loss: 0.0425
Epoch [5/5], Batch [3/66], Loss: 0.0050
Epoch [5/5], Batch [4/66], Loss: 0.0055
Epoch [5/5], Batch [5/66], Loss: 0.0190
Epoch [5/5], Batch [6/66], Loss: 0.0145
Epoch [5/5], Batch [7/66], Loss: 0.0132
Epoch [5/5], Batch [8/66], Loss: 0.0083
Epoch [5/5], Batch [9/66], Loss: 0.2391
Epoch [5/5], Batch [10/66], Loss: 0.0184
Epoch [5/5], Batch [11/66], Loss: 0.0435
Epoch [5/5], Batch [12/66], Loss: 0.0299
Epoch [5/5], Batch [13/66], Loss: 0.0105
Epoch [5/5], Batch [14/66], Loss: 0.0088
Epoch [5/5], Batch [15/66], Loss: 0.1191
Epoch [5/5], Batch [16/66], Loss: 0.0064
Epoch [5/5], Batch [17/66], Loss: 0.0051
Epoch [5/5], Batch [18/66], Loss: 0.0036
Epoch [5/5], Batch [19/66], Loss: 0.0223
Epoch [5/5], Batch [20/66], Loss: 0.0052
Epoch [5/5], Batch [21/66], Loss: 0.0041
Epoch [5/5], Batch [22/66], Loss: 0.0964
Epoch [5/5], Batch [23/66], Loss: 0.0145
Epoch [5/5], Batch [24/66], Loss: 0.0139
Epoch [5/5], Batch [25/66], Loss: 0.1026
Epoch [5/5], Batch [26/66], Loss: 0.0694
Epoch [5/5], Batch [27/66], Loss: 0.0067
Epoch [5/5], Batch [28/66], Loss: 0.0043
Epoch [5/5], Batch [29/66], Loss: 0.0429
Epoch [5/5], Batch [30/66], Loss: 0.0146
Epoch [5/5], Batch [31/66], Loss: 0.0213
Epoch [5/5], Batch [32/66], Loss: 0.0343
Epoch [5/5], Batch [33/66], Loss: 0.0031
Epoch [5/5], Batch [34/66], Loss: 0.0342
Epoch [5/5], Batch [35/66], Loss: 0.2450
Epoch [5/5], Batch [36/66], Loss: 0.0026
Epoch [5/5], Batch [37/66], Loss: 0.0196
Epoch [5/5], Batch [38/66], Loss: 0.0153
Epoch [5/5], Batch [39/66], Loss: 0.0166
Epoch [5/5], Batch [40/66], Loss: 0.0422
Epoch [5/5], Batch [41/66], Loss: 0.0623
Epoch [5/5], Batch [42/66], Loss: 0.0072
Epoch [5/5], Batch [43/66], Loss: 0.0158
Epoch [5/5], Batch [44/66], Loss: 0.0291
Epoch [5/5], Batch [45/66], Loss: 0.1021
Epoch [5/5], Batch [46/66], Loss: 0.0543
Epoch [5/5], Batch [47/66], Loss: 0.0284
Epoch [5/5], Batch [48/66], Loss: 0.0089
Epoch [5/5], Batch [49/66], Loss: 0.0139
Epoch [5/5], Batch [50/66], Loss: 0.0073
Epoch [5/5], Batch [51/66], Loss: 0.0046
Epoch [5/5], Batch [52/66], Loss: 0.0101
Epoch [5/5], Batch [53/66], Loss: 0.0644
Epoch [5/5], Batch [54/66], Loss: 0.0314
Epoch [5/5], Batch [55/66], Loss: 0.0146
Epoch [5/5], Batch [56/66], Loss: 0.0118
Epoch [5/5], Batch [57/66], Loss: 0.1061
Epoch [5/5], Batch [58/66], Loss: 0.0160
Epoch [5/5], Batch [59/66], Loss: 0.0208
Epoch [5/5], Batch [60/66], Loss: 0.0371
Epoch [5/5], Batch [61/66], Loss: 0.0058
Epoch [5/5], Batch [62/66], Loss: 0.0168
Epoch [5/5], Batch [63/66], Loss: 0.0071
Epoch [5/5], Batch [64/66], Loss: 0.0172
Epoch [5/5], Batch [65/66], Loss: 0.0608
Epoch [5/5], Batch [66/66], Loss: 0.1460
Epoch [5/5], Average Loss: 0.0360
----------Validation Loss: 0.4321-------------
annotated_samples_num: 708
unannotated_samples_num: 2836
update datapool!
annotated_samples_num: 708
unannotated_samples_num: 2836
iter: 3
annotated_samples_num: 708
unannotated_samples_num: 2836
Epoch [1/5], Batch [1/88], Loss: 3.8392
Epoch [1/5], Batch [2/88], Loss: 2.9977
Epoch [1/5], Batch [3/88], Loss: 2.2660
Epoch [1/5], Batch [4/88], Loss: 1.9758
Epoch [1/5], Batch [5/88], Loss: 1.6235
Epoch [1/5], Batch [6/88], Loss: 1.0037
Epoch [1/5], Batch [7/88], Loss: 0.9911
Epoch [1/5], Batch [8/88], Loss: 1.0722
Epoch [1/5], Batch [9/88], Loss: 1.0740
Epoch [1/5], Batch [10/88], Loss: 0.7416
Epoch [1/5], Batch [11/88], Loss: 0.6475
Epoch [1/5], Batch [12/88], Loss: 0.8621
Epoch [1/5], Batch [13/88], Loss: 0.4921
Epoch [1/5], Batch [14/88], Loss: 0.5619
Epoch [1/5], Batch [15/88], Loss: 0.6822
Epoch [1/5], Batch [16/88], Loss: 0.3703
Epoch [1/5], Batch [17/88], Loss: 0.5468
Epoch [1/5], Batch [18/88], Loss: 0.4968
Epoch [1/5], Batch [19/88], Loss: 0.3651
Epoch [1/5], Batch [20/88], Loss: 0.3881
Epoch [1/5], Batch [21/88], Loss: 0.3939
Epoch [1/5], Batch [22/88], Loss: 0.4074
Epoch [1/5], Batch [23/88], Loss: 0.2933
Epoch [1/5], Batch [24/88], Loss: 0.2443
Epoch [1/5], Batch [25/88], Loss: 0.4972
Epoch [1/5], Batch [26/88], Loss: 0.4180
Epoch [1/5], Batch [27/88], Loss: 0.3199
Epoch [1/5], Batch [28/88], Loss: 0.3151
Epoch [1/5], Batch [29/88], Loss: 0.4923
Epoch [1/5], Batch [30/88], Loss: 0.3151
Epoch [1/5], Batch [31/88], Loss: 0.2798
Epoch [1/5], Batch [32/88], Loss: 0.3508
Epoch [1/5], Batch [33/88], Loss: 0.3007
Epoch [1/5], Batch [34/88], Loss: 0.3348
Epoch [1/5], Batch [35/88], Loss: 0.4807
Epoch [1/5], Batch [36/88], Loss: 0.2600
Epoch [1/5], Batch [37/88], Loss: 0.4125
Epoch [1/5], Batch [38/88], Loss: 0.5134
Epoch [1/5], Batch [39/88], Loss: 0.2762
Epoch [1/5], Batch [40/88], Loss: 0.3195
Epoch [1/5], Batch [41/88], Loss: 0.3015
Epoch [1/5], Batch [42/88], Loss: 0.3346
Epoch [1/5], Batch [43/88], Loss: 0.2135
Epoch [1/5], Batch [44/88], Loss: 0.4459
Epoch [1/5], Batch [45/88], Loss: 0.2749
Epoch [1/5], Batch [46/88], Loss: 0.3925
Epoch [1/5], Batch [47/88], Loss: 0.2553
Epoch [1/5], Batch [48/88], Loss: 0.5812
Epoch [1/5], Batch [49/88], Loss: 0.3206
Epoch [1/5], Batch [50/88], Loss: 0.4351
Epoch [1/5], Batch [51/88], Loss: 0.3124
Epoch [1/5], Batch [52/88], Loss: 0.1634
Epoch [1/5], Batch [53/88], Loss: 0.3699
Epoch [1/5], Batch [54/88], Loss: 0.2601
Epoch [1/5], Batch [55/88], Loss: 0.2499
Epoch [1/5], Batch [56/88], Loss: 0.3262
Epoch [1/5], Batch [57/88], Loss: 0.2325
Epoch [1/5], Batch [58/88], Loss: 0.2019
Epoch [1/5], Batch [59/88], Loss: 0.2724
Epoch [1/5], Batch [60/88], Loss: 0.5004
Epoch [1/5], Batch [61/88], Loss: 0.5012
Epoch [1/5], Batch [62/88], Loss: 0.3559
Epoch [1/5], Batch [63/88], Loss: 0.2763
Epoch [1/5], Batch [64/88], Loss: 0.1904
Epoch [1/5], Batch [65/88], Loss: 0.2427
Epoch [1/5], Batch [66/88], Loss: 0.4589
Epoch [1/5], Batch [67/88], Loss: 0.1822
Epoch [1/5], Batch [68/88], Loss: 0.3607
Epoch [1/5], Batch [69/88], Loss: 0.4500
Epoch [1/5], Batch [70/88], Loss: 0.3745
Epoch [1/5], Batch [71/88], Loss: 0.4126
Epoch [1/5], Batch [72/88], Loss: 0.2253
Epoch [1/5], Batch [73/88], Loss: 0.2730
Epoch [1/5], Batch [74/88], Loss: 0.4795
Epoch [1/5], Batch [75/88], Loss: 0.2029
Epoch [1/5], Batch [76/88], Loss: 0.3925
Epoch [1/5], Batch [77/88], Loss: 0.2559
Epoch [1/5], Batch [78/88], Loss: 0.2702
Epoch [1/5], Batch [79/88], Loss: 0.2865
Epoch [1/5], Batch [80/88], Loss: 0.3258
Epoch [1/5], Batch [81/88], Loss: 0.3501
Epoch [1/5], Batch [82/88], Loss: 0.2821
Epoch [1/5], Batch [83/88], Loss: 0.1814
Epoch [1/5], Batch [84/88], Loss: 0.1536
Epoch [1/5], Batch [85/88], Loss: 0.3322
Epoch [1/5], Batch [86/88], Loss: 0.1986
Epoch [1/5], Batch [87/88], Loss: 0.4087
Epoch [1/5], Batch [88/88], Loss: 0.0840
Epoch [1/5], Average Loss: 0.5133
----------Validation Loss: 0.2902-------------
Epoch [2/5], Batch [1/88], Loss: 0.3663
Epoch [2/5], Batch [2/88], Loss: 0.2639
Epoch [2/5], Batch [3/88], Loss: 0.1716
Epoch [2/5], Batch [4/88], Loss: 0.1416
Epoch [2/5], Batch [5/88], Loss: 0.2456
Epoch [2/5], Batch [6/88], Loss: 0.1029
Epoch [2/5], Batch [7/88], Loss: 0.3068
Epoch [2/5], Batch [8/88], Loss: 0.2475
Epoch [2/5], Batch [9/88], Loss: 0.3094
Epoch [2/5], Batch [10/88], Loss: 0.1017
Epoch [2/5], Batch [11/88], Loss: 0.1825
Epoch [2/5], Batch [12/88], Loss: 0.2301
Epoch [2/5], Batch [13/88], Loss: 0.1371
Epoch [2/5], Batch [14/88], Loss: 0.1606
Epoch [2/5], Batch [15/88], Loss: 0.1629
Epoch [2/5], Batch [16/88], Loss: 0.1569
Epoch [2/5], Batch [17/88], Loss: 0.1411
Epoch [2/5], Batch [18/88], Loss: 0.1629
Epoch [2/5], Batch [19/88], Loss: 0.1047
Epoch [2/5], Batch [20/88], Loss: 0.0982
Epoch [2/5], Batch [21/88], Loss: 0.1896
Epoch [2/5], Batch [22/88], Loss: 0.3710
Epoch [2/5], Batch [23/88], Loss: 0.1221
Epoch [2/5], Batch [24/88], Loss: 0.1319
Epoch [2/5], Batch [25/88], Loss: 0.1945
Epoch [2/5], Batch [26/88], Loss: 0.1491
Epoch [2/5], Batch [27/88], Loss: 0.1390
Epoch [2/5], Batch [28/88], Loss: 0.0947
Epoch [2/5], Batch [29/88], Loss: 0.1613
Epoch [2/5], Batch [30/88], Loss: 0.1229
Epoch [2/5], Batch [31/88], Loss: 0.1011
Epoch [2/5], Batch [32/88], Loss: 0.1312
Epoch [2/5], Batch [33/88], Loss: 0.0901
Epoch [2/5], Batch [34/88], Loss: 0.1351
Epoch [2/5], Batch [35/88], Loss: 0.2396
Epoch [2/5], Batch [36/88], Loss: 0.0601
Epoch [2/5], Batch [37/88], Loss: 0.1513
Epoch [2/5], Batch [38/88], Loss: 0.1771
Epoch [2/5], Batch [39/88], Loss: 0.1376
Epoch [2/5], Batch [40/88], Loss: 0.1062
Epoch [2/5], Batch [41/88], Loss: 0.1554
Epoch [2/5], Batch [42/88], Loss: 0.1015
Epoch [2/5], Batch [43/88], Loss: 0.0627
Epoch [2/5], Batch [44/88], Loss: 0.0931
Epoch [2/5], Batch [45/88], Loss: 0.2356
Epoch [2/5], Batch [46/88], Loss: 0.0910
Epoch [2/5], Batch [47/88], Loss: 0.0850
Epoch [2/5], Batch [48/88], Loss: 0.0928
Epoch [2/5], Batch [49/88], Loss: 0.0767
Epoch [2/5], Batch [50/88], Loss: 0.1160
Epoch [2/5], Batch [51/88], Loss: 0.0742
Epoch [2/5], Batch [52/88], Loss: 0.0630
Epoch [2/5], Batch [53/88], Loss: 0.1697
Epoch [2/5], Batch [54/88], Loss: 0.0586
Epoch [2/5], Batch [55/88], Loss: 0.0586
Epoch [2/5], Batch [56/88], Loss: 0.0962
Epoch [2/5], Batch [57/88], Loss: 0.0651
Epoch [2/5], Batch [58/88], Loss: 0.0755
Epoch [2/5], Batch [59/88], Loss: 0.0798
Epoch [2/5], Batch [60/88], Loss: 0.2099
Epoch [2/5], Batch [61/88], Loss: 0.0925
Epoch [2/5], Batch [62/88], Loss: 0.1389
Epoch [2/5], Batch [63/88], Loss: 0.1264
Epoch [2/5], Batch [64/88], Loss: 0.0496
Epoch [2/5], Batch [65/88], Loss: 0.0898
Epoch [2/5], Batch [66/88], Loss: 0.1265
Epoch [2/5], Batch [67/88], Loss: 0.1204
Epoch [2/5], Batch [68/88], Loss: 0.1509
Epoch [2/5], Batch [69/88], Loss: 0.0831
Epoch [2/5], Batch [70/88], Loss: 0.0960
Epoch [2/5], Batch [71/88], Loss: 0.0797
Epoch [2/5], Batch [72/88], Loss: 0.0989
Epoch [2/5], Batch [73/88], Loss: 0.0578
Epoch [2/5], Batch [74/88], Loss: 0.1528
Epoch [2/5], Batch [75/88], Loss: 0.0749
Epoch [2/5], Batch [76/88], Loss: 0.0636
Epoch [2/5], Batch [77/88], Loss: 0.1300
Epoch [2/5], Batch [78/88], Loss: 0.0992
Epoch [2/5], Batch [79/88], Loss: 0.0932
Epoch [2/5], Batch [80/88], Loss: 0.1232
Epoch [2/5], Batch [81/88], Loss: 0.0694
Epoch [2/5], Batch [82/88], Loss: 0.0918
Epoch [2/5], Batch [83/88], Loss: 0.0643
Epoch [2/5], Batch [84/88], Loss: 0.0854
Epoch [2/5], Batch [85/88], Loss: 0.0918
Epoch [2/5], Batch [86/88], Loss: 0.0484
Epoch [2/5], Batch [87/88], Loss: 0.0911
Epoch [2/5], Batch [88/88], Loss: 0.0292
Epoch [2/5], Average Loss: 0.1304
----------Validation Loss: 0.3267-------------
Epoch [3/5], Batch [1/88], Loss: 0.1515
Epoch [3/5], Batch [2/88], Loss: 0.2320
Epoch [3/5], Batch [3/88], Loss: 0.0449
Epoch [3/5], Batch [4/88], Loss: 0.0373
Epoch [3/5], Batch [5/88], Loss: 0.0474
Epoch [3/5], Batch [6/88], Loss: 0.0414
Epoch [3/5], Batch [7/88], Loss: 0.1021
Epoch [3/5], Batch [8/88], Loss: 0.0361
Epoch [3/5], Batch [9/88], Loss: 0.1112
Epoch [3/5], Batch [10/88], Loss: 0.0279
Epoch [3/5], Batch [11/88], Loss: 0.0425
Epoch [3/5], Batch [12/88], Loss: 0.0982
Epoch [3/5], Batch [13/88], Loss: 0.0562
Epoch [3/5], Batch [14/88], Loss: 0.0295
Epoch [3/5], Batch [15/88], Loss: 0.0945
Epoch [3/5], Batch [16/88], Loss: 0.0222
Epoch [3/5], Batch [17/88], Loss: 0.0595
Epoch [3/5], Batch [18/88], Loss: 0.0396
Epoch [3/5], Batch [19/88], Loss: 0.0623
Epoch [3/5], Batch [20/88], Loss: 0.0353
Epoch [3/5], Batch [21/88], Loss: 0.0247
Epoch [3/5], Batch [22/88], Loss: 0.1522
Epoch [3/5], Batch [23/88], Loss: 0.0261
Epoch [3/5], Batch [24/88], Loss: 0.0393
Epoch [3/5], Batch [25/88], Loss: 0.1084
Epoch [3/5], Batch [26/88], Loss: 0.0345
Epoch [3/5], Batch [27/88], Loss: 0.0590
Epoch [3/5], Batch [28/88], Loss: 0.0636
Epoch [3/5], Batch [29/88], Loss: 0.1798
Epoch [3/5], Batch [30/88], Loss: 0.0873
Epoch [3/5], Batch [31/88], Loss: 0.0340
Epoch [3/5], Batch [32/88], Loss: 0.0710
Epoch [3/5], Batch [33/88], Loss: 0.0701
Epoch [3/5], Batch [34/88], Loss: 0.0404
Epoch [3/5], Batch [35/88], Loss: 0.2686
Epoch [3/5], Batch [36/88], Loss: 0.0475
Epoch [3/5], Batch [37/88], Loss: 0.0847
Epoch [3/5], Batch [38/88], Loss: 0.1069
Epoch [3/5], Batch [39/88], Loss: 0.0601
Epoch [3/5], Batch [40/88], Loss: 0.0695
Epoch [3/5], Batch [41/88], Loss: 0.0890
Epoch [3/5], Batch [42/88], Loss: 0.0251
Epoch [3/5], Batch [43/88], Loss: 0.0245
Epoch [3/5], Batch [44/88], Loss: 0.0508
Epoch [3/5], Batch [45/88], Loss: 0.0869
Epoch [3/5], Batch [46/88], Loss: 0.0524
Epoch [3/5], Batch [47/88], Loss: 0.0415
Epoch [3/5], Batch [48/88], Loss: 0.0157
Epoch [3/5], Batch [49/88], Loss: 0.0901
Epoch [3/5], Batch [50/88], Loss: 0.0818
Epoch [3/5], Batch [51/88], Loss: 0.0201
Epoch [3/5], Batch [52/88], Loss: 0.0233
Epoch [3/5], Batch [53/88], Loss: 0.0400
Epoch [3/5], Batch [54/88], Loss: 0.0389
Epoch [3/5], Batch [55/88], Loss: 0.0301
Epoch [3/5], Batch [56/88], Loss: 0.0531
Epoch [3/5], Batch [57/88], Loss: 0.0289
Epoch [3/5], Batch [58/88], Loss: 0.0159
Epoch [3/5], Batch [59/88], Loss: 0.0231
Epoch [3/5], Batch [60/88], Loss: 0.0615
Epoch [3/5], Batch [61/88], Loss: 0.0338
Epoch [3/5], Batch [62/88], Loss: 0.0515
Epoch [3/5], Batch [63/88], Loss: 0.0823
Epoch [3/5], Batch [64/88], Loss: 0.0092
Epoch [3/5], Batch [65/88], Loss: 0.0263
Epoch [3/5], Batch [66/88], Loss: 0.0392
Epoch [3/5], Batch [67/88], Loss: 0.0935
Epoch [3/5], Batch [68/88], Loss: 0.0157
Epoch [3/5], Batch [69/88], Loss: 0.1445
Epoch [3/5], Batch [70/88], Loss: 0.0276
Epoch [3/5], Batch [71/88], Loss: 0.0108
Epoch [3/5], Batch [72/88], Loss: 0.0228
Epoch [3/5], Batch [73/88], Loss: 0.0296
Epoch [3/5], Batch [74/88], Loss: 0.0274
Epoch [3/5], Batch [75/88], Loss: 0.0264
Epoch [3/5], Batch [76/88], Loss: 0.0335
Epoch [3/5], Batch [77/88], Loss: 0.0641
Epoch [3/5], Batch [78/88], Loss: 0.0351
Epoch [3/5], Batch [79/88], Loss: 0.0085
Epoch [3/5], Batch [80/88], Loss: 0.0469
Epoch [3/5], Batch [81/88], Loss: 0.0291
Epoch [3/5], Batch [82/88], Loss: 0.0159
Epoch [3/5], Batch [83/88], Loss: 0.0699
Epoch [3/5], Batch [84/88], Loss: 0.0304
Epoch [3/5], Batch [85/88], Loss: 0.0094
Epoch [3/5], Batch [86/88], Loss: 0.0146
Epoch [3/5], Batch [87/88], Loss: 0.0989
Epoch [3/5], Batch [88/88], Loss: 0.0753
Epoch [3/5], Average Loss: 0.0575
----------Validation Loss: 0.4036-------------
Epoch [4/5], Batch [1/88], Loss: 0.0445
Epoch [4/5], Batch [2/88], Loss: 0.1028
Epoch [4/5], Batch [3/88], Loss: 0.0083
Epoch [4/5], Batch [4/88], Loss: 0.0075
Epoch [4/5], Batch [5/88], Loss: 0.0703
Epoch [4/5], Batch [6/88], Loss: 0.0976
Epoch [4/5], Batch [7/88], Loss: 0.0750
Epoch [4/5], Batch [8/88], Loss: 0.0311
Epoch [4/5], Batch [9/88], Loss: 0.0498
Epoch [4/5], Batch [10/88], Loss: 0.0364
Epoch [4/5], Batch [11/88], Loss: 0.0355
Epoch [4/5], Batch [12/88], Loss: 0.1733
Epoch [4/5], Batch [13/88], Loss: 0.0140
Epoch [4/5], Batch [14/88], Loss: 0.0177
Epoch [4/5], Batch [15/88], Loss: 0.2572
Epoch [4/5], Batch [16/88], Loss: 0.0241
Epoch [4/5], Batch [17/88], Loss: 0.0493
Epoch [4/5], Batch [18/88], Loss: 0.0831
Epoch [4/5], Batch [19/88], Loss: 0.0498
Epoch [4/5], Batch [20/88], Loss: 0.0103
Epoch [4/5], Batch [21/88], Loss: 0.0138
Epoch [4/5], Batch [22/88], Loss: 0.0925
Epoch [4/5], Batch [23/88], Loss: 0.0136
Epoch [4/5], Batch [24/88], Loss: 0.0218
Epoch [4/5], Batch [25/88], Loss: 0.0872
Epoch [4/5], Batch [26/88], Loss: 0.0214
Epoch [4/5], Batch [27/88], Loss: 0.0240
Epoch [4/5], Batch [28/88], Loss: 0.0269
Epoch [4/5], Batch [29/88], Loss: 0.0084
Epoch [4/5], Batch [30/88], Loss: 0.0522
Epoch [4/5], Batch [31/88], Loss: 0.0068
Epoch [4/5], Batch [32/88], Loss: 0.0469
Epoch [4/5], Batch [33/88], Loss: 0.0522
Epoch [4/5], Batch [34/88], Loss: 0.0237
Epoch [4/5], Batch [35/88], Loss: 0.0679
Epoch [4/5], Batch [36/88], Loss: 0.0090
Epoch [4/5], Batch [37/88], Loss: 0.0509
Epoch [4/5], Batch [38/88], Loss: 0.0195
Epoch [4/5], Batch [39/88], Loss: 0.0698
Epoch [4/5], Batch [40/88], Loss: 0.0799
Epoch [4/5], Batch [41/88], Loss: 0.1113
Epoch [4/5], Batch [42/88], Loss: 0.0485
Epoch [4/5], Batch [43/88], Loss: 0.0123
Epoch [4/5], Batch [44/88], Loss: 0.2058
Epoch [4/5], Batch [45/88], Loss: 0.0599
Epoch [4/5], Batch [46/88], Loss: 0.0112
Epoch [4/5], Batch [47/88], Loss: 0.0119
Epoch [4/5], Batch [48/88], Loss: 0.1048
Epoch [4/5], Batch [49/88], Loss: 0.0324
Epoch [4/5], Batch [50/88], Loss: 0.0365
Epoch [4/5], Batch [51/88], Loss: 0.0612
Epoch [4/5], Batch [52/88], Loss: 0.0937
Epoch [4/5], Batch [53/88], Loss: 0.0447
Epoch [4/5], Batch [54/88], Loss: 0.0318
Epoch [4/5], Batch [55/88], Loss: 0.0886
Epoch [4/5], Batch [56/88], Loss: 0.0891
Epoch [4/5], Batch [57/88], Loss: 0.0479
Epoch [4/5], Batch [58/88], Loss: 0.0103
Epoch [4/5], Batch [59/88], Loss: 0.0094
Epoch [4/5], Batch [60/88], Loss: 0.0719
Epoch [4/5], Batch [61/88], Loss: 0.0242
Epoch [4/5], Batch [62/88], Loss: 0.0262
Epoch [4/5], Batch [63/88], Loss: 0.0781
Epoch [4/5], Batch [64/88], Loss: 0.0115
Epoch [4/5], Batch [65/88], Loss: 0.0189
Epoch [4/5], Batch [66/88], Loss: 0.0266
Epoch [4/5], Batch [67/88], Loss: 0.0660
Epoch [4/5], Batch [68/88], Loss: 0.0149
Epoch [4/5], Batch [69/88], Loss: 0.1019
Epoch [4/5], Batch [70/88], Loss: 0.0787
Epoch [4/5], Batch [71/88], Loss: 0.0332
Epoch [4/5], Batch [72/88], Loss: 0.2327
Epoch [4/5], Batch [73/88], Loss: 0.0104
Epoch [4/5], Batch [74/88], Loss: 0.0354
Epoch [4/5], Batch [75/88], Loss: 0.0627
Epoch [4/5], Batch [76/88], Loss: 0.0356
Epoch [4/5], Batch [77/88], Loss: 0.0258
Epoch [4/5], Batch [78/88], Loss: 0.0616
Epoch [4/5], Batch [79/88], Loss: 0.0170
Epoch [4/5], Batch [80/88], Loss: 0.0179
Epoch [4/5], Batch [81/88], Loss: 0.0583
Epoch [4/5], Batch [82/88], Loss: 0.0112
Epoch [4/5], Batch [83/88], Loss: 0.0484
Epoch [4/5], Batch [84/88], Loss: 0.0149
Epoch [4/5], Batch [85/88], Loss: 0.0150
Epoch [4/5], Batch [86/88], Loss: 0.0235
Epoch [4/5], Batch [87/88], Loss: 0.0867
Epoch [4/5], Batch [88/88], Loss: 0.0192
Epoch [4/5], Average Loss: 0.0507
----------Validation Loss: 0.4299-------------
Epoch [5/5], Batch [1/88], Loss: 0.0454
Epoch [5/5], Batch [2/88], Loss: 0.0759
Epoch [5/5], Batch [3/88], Loss: 0.0147
Epoch [5/5], Batch [4/88], Loss: 0.0419
Epoch [5/5], Batch [5/88], Loss: 0.0121
Epoch [5/5], Batch [6/88], Loss: 0.0134
Epoch [5/5], Batch [7/88], Loss: 0.0599
Epoch [5/5], Batch [8/88], Loss: 0.0154
Epoch [5/5], Batch [9/88], Loss: 0.0537
Epoch [5/5], Batch [10/88], Loss: 0.0036
Epoch [5/5], Batch [11/88], Loss: 0.0702
Epoch [5/5], Batch [12/88], Loss: 0.0639
Epoch [5/5], Batch [13/88], Loss: 0.0147
Epoch [5/5], Batch [14/88], Loss: 0.0090
Epoch [5/5], Batch [15/88], Loss: 0.1966
Epoch [5/5], Batch [16/88], Loss: 0.0164
Epoch [5/5], Batch [17/88], Loss: 0.0264
Epoch [5/5], Batch [18/88], Loss: 0.0649
Epoch [5/5], Batch [19/88], Loss: 0.0264
Epoch [5/5], Batch [20/88], Loss: 0.0078
Epoch [5/5], Batch [21/88], Loss: 0.0367
Epoch [5/5], Batch [22/88], Loss: 0.0294
Epoch [5/5], Batch [23/88], Loss: 0.0214
Epoch [5/5], Batch [24/88], Loss: 0.0200
Epoch [5/5], Batch [25/88], Loss: 0.0750
Epoch [5/5], Batch [26/88], Loss: 0.0272
Epoch [5/5], Batch [27/88], Loss: 0.0194
Epoch [5/5], Batch [28/88], Loss: 0.0089
Epoch [5/5], Batch [29/88], Loss: 0.0370
Epoch [5/5], Batch [30/88], Loss: 0.0237
Epoch [5/5], Batch [31/88], Loss: 0.0284
Epoch [5/5], Batch [32/88], Loss: 0.0194
Epoch [5/5], Batch [33/88], Loss: 0.0059
Epoch [5/5], Batch [34/88], Loss: 0.0167
Epoch [5/5], Batch [35/88], Loss: 0.1007
Epoch [5/5], Batch [36/88], Loss: 0.0297
Epoch [5/5], Batch [37/88], Loss: 0.1134
Epoch [5/5], Batch [38/88], Loss: 0.0041
Epoch [5/5], Batch [39/88], Loss: 0.0076
Epoch [5/5], Batch [40/88], Loss: 0.0862
Epoch [5/5], Batch [41/88], Loss: 0.1132
Epoch [5/5], Batch [42/88], Loss: 0.0346
Epoch [5/5], Batch [43/88], Loss: 0.0670
Epoch [5/5], Batch [44/88], Loss: 0.1705
Epoch [5/5], Batch [45/88], Loss: 0.2226
Epoch [5/5], Batch [46/88], Loss: 0.0334
Epoch [5/5], Batch [47/88], Loss: 0.0706
Epoch [5/5], Batch [48/88], Loss: 0.0201
Epoch [5/5], Batch [49/88], Loss: 0.0052
Epoch [5/5], Batch [50/88], Loss: 0.0611
Epoch [5/5], Batch [51/88], Loss: 0.0218
Epoch [5/5], Batch [52/88], Loss: 0.0158
Epoch [5/5], Batch [53/88], Loss: 0.0530
Epoch [5/5], Batch [54/88], Loss: 0.0474
Epoch [5/5], Batch [55/88], Loss: 0.0319
Epoch [5/5], Batch [56/88], Loss: 0.0277
Epoch [5/5], Batch [57/88], Loss: 0.2624
Epoch [5/5], Batch [58/88], Loss: 0.1255
Epoch [5/5], Batch [59/88], Loss: 0.0700
Epoch [5/5], Batch [60/88], Loss: 0.0625
Epoch [5/5], Batch [61/88], Loss: 0.0351
Epoch [5/5], Batch [62/88], Loss: 0.0536
Epoch [5/5], Batch [63/88], Loss: 0.0390
Epoch [5/5], Batch [64/88], Loss: 0.0774
Epoch [5/5], Batch [65/88], Loss: 0.0241
Epoch [5/5], Batch [66/88], Loss: 0.0928
Epoch [5/5], Batch [67/88], Loss: 0.0788
Epoch [5/5], Batch [68/88], Loss: 0.0223
Epoch [5/5], Batch [69/88], Loss: 0.0888
Epoch [5/5], Batch [70/88], Loss: 0.1108
Epoch [5/5], Batch [71/88], Loss: 0.0553
Epoch [5/5], Batch [72/88], Loss: 0.0597
Epoch [5/5], Batch [73/88], Loss: 0.0109
Epoch [5/5], Batch [74/88], Loss: 0.0388
Epoch [5/5], Batch [75/88], Loss: 0.0952
Epoch [5/5], Batch [76/88], Loss: 0.0150
Epoch [5/5], Batch [77/88], Loss: 0.0404
Epoch [5/5], Batch [78/88], Loss: 0.0729
Epoch [5/5], Batch [79/88], Loss: 0.0185
Epoch [5/5], Batch [80/88], Loss: 0.0104
Epoch [5/5], Batch [81/88], Loss: 0.0318
Epoch [5/5], Batch [82/88], Loss: 0.0149
Epoch [5/5], Batch [83/88], Loss: 0.0070
Epoch [5/5], Batch [84/88], Loss: 0.0091
Epoch [5/5], Batch [85/88], Loss: 0.0250
Epoch [5/5], Batch [86/88], Loss: 0.0258
Epoch [5/5], Batch [87/88], Loss: 0.0658
Epoch [5/5], Batch [88/88], Loss: 0.0120
Epoch [5/5], Average Loss: 0.0488
----------Validation Loss: 0.3829-------------
annotated_samples_num: 885
unannotated_samples_num: 2659
update datapool!
annotated_samples_num: 885
unannotated_samples_num: 2659
iter: 4
annotated_samples_num: 885
unannotated_samples_num: 2659
Epoch [1/5], Batch [1/110], Loss: 3.8392
Epoch [1/5], Batch [2/110], Loss: 2.9977
Epoch [1/5], Batch [3/110], Loss: 2.2660
Epoch [1/5], Batch [4/110], Loss: 1.9758
Epoch [1/5], Batch [5/110], Loss: 1.6235
Epoch [1/5], Batch [6/110], Loss: 1.0037
Epoch [1/5], Batch [7/110], Loss: 0.9911
Epoch [1/5], Batch [8/110], Loss: 1.0722
Epoch [1/5], Batch [9/110], Loss: 1.0740
Epoch [1/5], Batch [10/110], Loss: 0.7416
Epoch [1/5], Batch [11/110], Loss: 0.6475
Epoch [1/5], Batch [12/110], Loss: 0.8621
Epoch [1/5], Batch [13/110], Loss: 0.4921
Epoch [1/5], Batch [14/110], Loss: 0.5619
Epoch [1/5], Batch [15/110], Loss: 0.6822
Epoch [1/5], Batch [16/110], Loss: 0.3703
Epoch [1/5], Batch [17/110], Loss: 0.5468
Epoch [1/5], Batch [18/110], Loss: 0.4968
Epoch [1/5], Batch [19/110], Loss: 0.3651
Epoch [1/5], Batch [20/110], Loss: 0.3881
Epoch [1/5], Batch [21/110], Loss: 0.3939
Epoch [1/5], Batch [22/110], Loss: 0.4074
Epoch [1/5], Batch [23/110], Loss: 0.2933
Epoch [1/5], Batch [24/110], Loss: 0.2443
Epoch [1/5], Batch [25/110], Loss: 0.4972
Epoch [1/5], Batch [26/110], Loss: 0.4180
Epoch [1/5], Batch [27/110], Loss: 0.3199
Epoch [1/5], Batch [28/110], Loss: 0.3151
Epoch [1/5], Batch [29/110], Loss: 0.4923
Epoch [1/5], Batch [30/110], Loss: 0.3151
Epoch [1/5], Batch [31/110], Loss: 0.2798
Epoch [1/5], Batch [32/110], Loss: 0.3508
Epoch [1/5], Batch [33/110], Loss: 0.3007
Epoch [1/5], Batch [34/110], Loss: 0.3348
Epoch [1/5], Batch [35/110], Loss: 0.4807
Epoch [1/5], Batch [36/110], Loss: 0.2600
Epoch [1/5], Batch [37/110], Loss: 0.4125
Epoch [1/5], Batch [38/110], Loss: 0.5134
Epoch [1/5], Batch [39/110], Loss: 0.2762
Epoch [1/5], Batch [40/110], Loss: 0.3195
Epoch [1/5], Batch [41/110], Loss: 0.3015
Epoch [1/5], Batch [42/110], Loss: 0.3346
Epoch [1/5], Batch [43/110], Loss: 0.2135
Epoch [1/5], Batch [44/110], Loss: 0.4459
Epoch [1/5], Batch [45/110], Loss: 0.2749
Epoch [1/5], Batch [46/110], Loss: 0.3925
Epoch [1/5], Batch [47/110], Loss: 0.2553
Epoch [1/5], Batch [48/110], Loss: 0.5812
Epoch [1/5], Batch [49/110], Loss: 0.3206
Epoch [1/5], Batch [50/110], Loss: 0.4351
Epoch [1/5], Batch [51/110], Loss: 0.3124
Epoch [1/5], Batch [52/110], Loss: 0.1634
Epoch [1/5], Batch [53/110], Loss: 0.3699
Epoch [1/5], Batch [54/110], Loss: 0.2601
Epoch [1/5], Batch [55/110], Loss: 0.2499
Epoch [1/5], Batch [56/110], Loss: 0.3262
Epoch [1/5], Batch [57/110], Loss: 0.2325
Epoch [1/5], Batch [58/110], Loss: 0.2019
Epoch [1/5], Batch [59/110], Loss: 0.2724
Epoch [1/5], Batch [60/110], Loss: 0.5004
Epoch [1/5], Batch [61/110], Loss: 0.5012
Epoch [1/5], Batch [62/110], Loss: 0.3559
Epoch [1/5], Batch [63/110], Loss: 0.2763
Epoch [1/5], Batch [64/110], Loss: 0.1904
Epoch [1/5], Batch [65/110], Loss: 0.2427
Epoch [1/5], Batch [66/110], Loss: 0.4589
Epoch [1/5], Batch [67/110], Loss: 0.1822
Epoch [1/5], Batch [68/110], Loss: 0.3607
Epoch [1/5], Batch [69/110], Loss: 0.4500
Epoch [1/5], Batch [70/110], Loss: 0.3745
Epoch [1/5], Batch [71/110], Loss: 0.4126
Epoch [1/5], Batch [72/110], Loss: 0.2253
Epoch [1/5], Batch [73/110], Loss: 0.2730
Epoch [1/5], Batch [74/110], Loss: 0.4795
Epoch [1/5], Batch [75/110], Loss: 0.2029
Epoch [1/5], Batch [76/110], Loss: 0.3925
Epoch [1/5], Batch [77/110], Loss: 0.2559
Epoch [1/5], Batch [78/110], Loss: 0.2702
Epoch [1/5], Batch [79/110], Loss: 0.2865
Epoch [1/5], Batch [80/110], Loss: 0.3258
Epoch [1/5], Batch [81/110], Loss: 0.3501
Epoch [1/5], Batch [82/110], Loss: 0.2821
Epoch [1/5], Batch [83/110], Loss: 0.1814
Epoch [1/5], Batch [84/110], Loss: 0.1536
Epoch [1/5], Batch [85/110], Loss: 0.3322
Epoch [1/5], Batch [86/110], Loss: 0.1986
Epoch [1/5], Batch [87/110], Loss: 0.4087
Epoch [1/5], Batch [88/110], Loss: 0.0840
Epoch [1/5], Batch [89/110], Loss: 0.2105
Epoch [1/5], Batch [90/110], Loss: 0.2643
Epoch [1/5], Batch [91/110], Loss: 0.2205
Epoch [1/5], Batch [92/110], Loss: 0.1484
Epoch [1/5], Batch [93/110], Loss: 0.2616
Epoch [1/5], Batch [94/110], Loss: 0.4036
Epoch [1/5], Batch [95/110], Loss: 0.2366
Epoch [1/5], Batch [96/110], Loss: 0.1171
Epoch [1/5], Batch [97/110], Loss: 0.2883
Epoch [1/5], Batch [98/110], Loss: 0.4368
Epoch [1/5], Batch [99/110], Loss: 0.3547
Epoch [1/5], Batch [100/110], Loss: 0.3921
Epoch [1/5], Batch [101/110], Loss: 0.4004
Epoch [1/5], Batch [102/110], Loss: 0.2050
Epoch [1/5], Batch [103/110], Loss: 0.2176
Epoch [1/5], Batch [104/110], Loss: 0.3790
Epoch [1/5], Batch [105/110], Loss: 0.1787
Epoch [1/5], Batch [106/110], Loss: 0.1816
Epoch [1/5], Batch [107/110], Loss: 0.2827
Epoch [1/5], Batch [108/110], Loss: 0.1822
Epoch [1/5], Batch [109/110], Loss: 0.1973
Epoch [1/5], Batch [110/110], Loss: 0.2709
Epoch [1/5], Average Loss: 0.4637
----------Validation Loss: 0.2946-------------
Epoch [2/5], Batch [1/110], Loss: 0.3534
Epoch [2/5], Batch [2/110], Loss: 0.2505
Epoch [2/5], Batch [3/110], Loss: 0.2082
Epoch [2/5], Batch [4/110], Loss: 0.1812
Epoch [2/5], Batch [5/110], Loss: 0.2394
Epoch [2/5], Batch [6/110], Loss: 0.1170
Epoch [2/5], Batch [7/110], Loss: 0.3193
Epoch [2/5], Batch [8/110], Loss: 0.2085
Epoch [2/5], Batch [9/110], Loss: 0.2798
Epoch [2/5], Batch [10/110], Loss: 0.1367
Epoch [2/5], Batch [11/110], Loss: 0.2219
Epoch [2/5], Batch [12/110], Loss: 0.2034
Epoch [2/5], Batch [13/110], Loss: 0.1888
Epoch [2/5], Batch [14/110], Loss: 0.1167
Epoch [2/5], Batch [15/110], Loss: 0.2411
Epoch [2/5], Batch [16/110], Loss: 0.1563
Epoch [2/5], Batch [17/110], Loss: 0.1454
Epoch [2/5], Batch [18/110], Loss: 0.1256
Epoch [2/5], Batch [19/110], Loss: 0.1054
Epoch [2/5], Batch [20/110], Loss: 0.0970
Epoch [2/5], Batch [21/110], Loss: 0.2164
Epoch [2/5], Batch [22/110], Loss: 0.4682
Epoch [2/5], Batch [23/110], Loss: 0.1195
Epoch [2/5], Batch [24/110], Loss: 0.1206
Epoch [2/5], Batch [25/110], Loss: 0.2101
Epoch [2/5], Batch [26/110], Loss: 0.1285
Epoch [2/5], Batch [27/110], Loss: 0.1905
Epoch [2/5], Batch [28/110], Loss: 0.0866
Epoch [2/5], Batch [29/110], Loss: 0.1411
Epoch [2/5], Batch [30/110], Loss: 0.1475
Epoch [2/5], Batch [31/110], Loss: 0.1066
Epoch [2/5], Batch [32/110], Loss: 0.1244
Epoch [2/5], Batch [33/110], Loss: 0.1041
Epoch [2/5], Batch [34/110], Loss: 0.1191
Epoch [2/5], Batch [35/110], Loss: 0.2526
Epoch [2/5], Batch [36/110], Loss: 0.0692
Epoch [2/5], Batch [37/110], Loss: 0.1107
Epoch [2/5], Batch [38/110], Loss: 0.1743
Epoch [2/5], Batch [39/110], Loss: 0.1476
Epoch [2/5], Batch [40/110], Loss: 0.1194
Epoch [2/5], Batch [41/110], Loss: 0.1393
Epoch [2/5], Batch [42/110], Loss: 0.1209
Epoch [2/5], Batch [43/110], Loss: 0.0767
Epoch [2/5], Batch [44/110], Loss: 0.1226
Epoch [2/5], Batch [45/110], Loss: 0.2418
Epoch [2/5], Batch [46/110], Loss: 0.1150
Epoch [2/5], Batch [47/110], Loss: 0.0885
Epoch [2/5], Batch [48/110], Loss: 0.1214
Epoch [2/5], Batch [49/110], Loss: 0.1361
Epoch [2/5], Batch [50/110], Loss: 0.0987
Epoch [2/5], Batch [51/110], Loss: 0.1003
Epoch [2/5], Batch [52/110], Loss: 0.0433
Epoch [2/5], Batch [53/110], Loss: 0.1685
Epoch [2/5], Batch [54/110], Loss: 0.0849
Epoch [2/5], Batch [55/110], Loss: 0.0611
Epoch [2/5], Batch [56/110], Loss: 0.1267
Epoch [2/5], Batch [57/110], Loss: 0.0839
Epoch [2/5], Batch [58/110], Loss: 0.0689
Epoch [2/5], Batch [59/110], Loss: 0.0977
Epoch [2/5], Batch [60/110], Loss: 0.2846
Epoch [2/5], Batch [61/110], Loss: 0.1284
Epoch [2/5], Batch [62/110], Loss: 0.1299
Epoch [2/5], Batch [63/110], Loss: 0.1056
Epoch [2/5], Batch [64/110], Loss: 0.0654
Epoch [2/5], Batch [65/110], Loss: 0.1029
Epoch [2/5], Batch [66/110], Loss: 0.1235
Epoch [2/5], Batch [67/110], Loss: 0.0983
Epoch [2/5], Batch [68/110], Loss: 0.1343
Epoch [2/5], Batch [69/110], Loss: 0.0665
Epoch [2/5], Batch [70/110], Loss: 0.0933
Epoch [2/5], Batch [71/110], Loss: 0.0849
Epoch [2/5], Batch [72/110], Loss: 0.1160
Epoch [2/5], Batch [73/110], Loss: 0.0660
Epoch [2/5], Batch [74/110], Loss: 0.1445
Epoch [2/5], Batch [75/110], Loss: 0.0897
Epoch [2/5], Batch [76/110], Loss: 0.0739
Epoch [2/5], Batch [77/110], Loss: 0.1367
Epoch [2/5], Batch [78/110], Loss: 0.1091
Epoch [2/5], Batch [79/110], Loss: 0.0759
Epoch [2/5], Batch [80/110], Loss: 0.1337
Epoch [2/5], Batch [81/110], Loss: 0.0733
Epoch [2/5], Batch [82/110], Loss: 0.1147
Epoch [2/5], Batch [83/110], Loss: 0.0536
Epoch [2/5], Batch [84/110], Loss: 0.0784
Epoch [2/5], Batch [85/110], Loss: 0.1154
Epoch [2/5], Batch [86/110], Loss: 0.0775
Epoch [2/5], Batch [87/110], Loss: 0.1300
Epoch [2/5], Batch [88/110], Loss: 0.0334
Epoch [2/5], Batch [89/110], Loss: 0.0657
Epoch [2/5], Batch [90/110], Loss: 0.0910
Epoch [2/5], Batch [91/110], Loss: 0.0310
Epoch [2/5], Batch [92/110], Loss: 0.0330
Epoch [2/5], Batch [93/110], Loss: 0.0908
Epoch [2/5], Batch [94/110], Loss: 0.0843
Epoch [2/5], Batch [95/110], Loss: 0.0938
Epoch [2/5], Batch [96/110], Loss: 0.0621
Epoch [2/5], Batch [97/110], Loss: 0.0792
Epoch [2/5], Batch [98/110], Loss: 0.1368
Epoch [2/5], Batch [99/110], Loss: 0.1140
Epoch [2/5], Batch [100/110], Loss: 0.0949
Epoch [2/5], Batch [101/110], Loss: 0.0764
Epoch [2/5], Batch [102/110], Loss: 0.0355
Epoch [2/5], Batch [103/110], Loss: 0.1306
Epoch [2/5], Batch [104/110], Loss: 0.2105
Epoch [2/5], Batch [105/110], Loss: 0.1265
Epoch [2/5], Batch [106/110], Loss: 0.1922
Epoch [2/5], Batch [107/110], Loss: 0.0656
Epoch [2/5], Batch [108/110], Loss: 0.0981
Epoch [2/5], Batch [109/110], Loss: 0.1488
Epoch [2/5], Batch [110/110], Loss: 0.0438
Epoch [2/5], Average Loss: 0.1299
----------Validation Loss: 0.3324-------------
Epoch [3/5], Batch [1/110], Loss: 0.1675
Epoch [3/5], Batch [2/110], Loss: 0.1833
Epoch [3/5], Batch [3/110], Loss: 0.0864
Epoch [3/5], Batch [4/110], Loss: 0.0522
Epoch [3/5], Batch [5/110], Loss: 0.0857
Epoch [3/5], Batch [6/110], Loss: 0.0476
Epoch [3/5], Batch [7/110], Loss: 0.1324
Epoch [3/5], Batch [8/110], Loss: 0.0601
Epoch [3/5], Batch [9/110], Loss: 0.1810
Epoch [3/5], Batch [10/110], Loss: 0.0754
Epoch [3/5], Batch [11/110], Loss: 0.0926
Epoch [3/5], Batch [12/110], Loss: 0.1131
Epoch [3/5], Batch [13/110], Loss: 0.0787
Epoch [3/5], Batch [14/110], Loss: 0.0330
Epoch [3/5], Batch [15/110], Loss: 0.3157
Epoch [3/5], Batch [16/110], Loss: 0.0418
Epoch [3/5], Batch [17/110], Loss: 0.0750
Epoch [3/5], Batch [18/110], Loss: 0.0619
Epoch [3/5], Batch [19/110], Loss: 0.0711
Epoch [3/5], Batch [20/110], Loss: 0.0176
Epoch [3/5], Batch [21/110], Loss: 0.0436
Epoch [3/5], Batch [22/110], Loss: 0.1156
Epoch [3/5], Batch [23/110], Loss: 0.0546
Epoch [3/5], Batch [24/110], Loss: 0.0293
Epoch [3/5], Batch [25/110], Loss: 0.0895
Epoch [3/5], Batch [26/110], Loss: 0.0463
Epoch [3/5], Batch [27/110], Loss: 0.0793
Epoch [3/5], Batch [28/110], Loss: 0.0609
Epoch [3/5], Batch [29/110], Loss: 0.1262
Epoch [3/5], Batch [30/110], Loss: 0.0576
Epoch [3/5], Batch [31/110], Loss: 0.0860
Epoch [3/5], Batch [32/110], Loss: 0.0861
Epoch [3/5], Batch [33/110], Loss: 0.1252
Epoch [3/5], Batch [34/110], Loss: 0.0748
Epoch [3/5], Batch [35/110], Loss: 0.1300
Epoch [3/5], Batch [36/110], Loss: 0.0479
Epoch [3/5], Batch [37/110], Loss: 0.2273
Epoch [3/5], Batch [38/110], Loss: 0.0758
Epoch [3/5], Batch [39/110], Loss: 0.0606
Epoch [3/5], Batch [40/110], Loss: 0.0713
Epoch [3/5], Batch [41/110], Loss: 0.0953
Epoch [3/5], Batch [42/110], Loss: 0.0693
Epoch [3/5], Batch [43/110], Loss: 0.0553
Epoch [3/5], Batch [44/110], Loss: 0.0672
Epoch [3/5], Batch [45/110], Loss: 0.0876
Epoch [3/5], Batch [46/110], Loss: 0.0988
Epoch [3/5], Batch [47/110], Loss: 0.0703
Epoch [3/5], Batch [48/110], Loss: 0.0377
Epoch [3/5], Batch [49/110], Loss: 0.1284
Epoch [3/5], Batch [50/110], Loss: 0.1076
Epoch [3/5], Batch [51/110], Loss: 0.0271
Epoch [3/5], Batch [52/110], Loss: 0.0463
Epoch [3/5], Batch [53/110], Loss: 0.0290
Epoch [3/5], Batch [54/110], Loss: 0.0477
Epoch [3/5], Batch [55/110], Loss: 0.0430
Epoch [3/5], Batch [56/110], Loss: 0.0538
Epoch [3/5], Batch [57/110], Loss: 0.0528
Epoch [3/5], Batch [58/110], Loss: 0.0255
Epoch [3/5], Batch [59/110], Loss: 0.0239
Epoch [3/5], Batch [60/110], Loss: 0.0814
Epoch [3/5], Batch [61/110], Loss: 0.0239
Epoch [3/5], Batch [62/110], Loss: 0.0432
Epoch [3/5], Batch [63/110], Loss: 0.0587
Epoch [3/5], Batch [64/110], Loss: 0.0194
Epoch [3/5], Batch [65/110], Loss: 0.0391
Epoch [3/5], Batch [66/110], Loss: 0.0577
Epoch [3/5], Batch [67/110], Loss: 0.0719
Epoch [3/5], Batch [68/110], Loss: 0.0182
Epoch [3/5], Batch [69/110], Loss: 0.0816
Epoch [3/5], Batch [70/110], Loss: 0.0336
Epoch [3/5], Batch [71/110], Loss: 0.0196
Epoch [3/5], Batch [72/110], Loss: 0.0400
Epoch [3/5], Batch [73/110], Loss: 0.0303
Epoch [3/5], Batch [74/110], Loss: 0.0217
Epoch [3/5], Batch [75/110], Loss: 0.0258
Epoch [3/5], Batch [76/110], Loss: 0.0112
Epoch [3/5], Batch [77/110], Loss: 0.0925
Epoch [3/5], Batch [78/110], Loss: 0.0159
Epoch [3/5], Batch [79/110], Loss: 0.0859
Epoch [3/5], Batch [80/110], Loss: 0.0590
Epoch [3/5], Batch [81/110], Loss: 0.0127
Epoch [3/5], Batch [82/110], Loss: 0.0326
Epoch [3/5], Batch [83/110], Loss: 0.0178
Epoch [3/5], Batch [84/110], Loss: 0.0448
Epoch [3/5], Batch [85/110], Loss: 0.0368
Epoch [3/5], Batch [86/110], Loss: 0.0342
Epoch [3/5], Batch [87/110], Loss: 0.0324
Epoch [3/5], Batch [88/110], Loss: 0.0136
Epoch [3/5], Batch [89/110], Loss: 0.0386
Epoch [3/5], Batch [90/110], Loss: 0.0311
Epoch [3/5], Batch [91/110], Loss: 0.0647
Epoch [3/5], Batch [92/110], Loss: 0.0256
Epoch [3/5], Batch [93/110], Loss: 0.0371
Epoch [3/5], Batch [94/110], Loss: 0.0144
Epoch [3/5], Batch [95/110], Loss: 0.0947
Epoch [3/5], Batch [96/110], Loss: 0.0294
Epoch [3/5], Batch [97/110], Loss: 0.0524
Epoch [3/5], Batch [98/110], Loss: 0.1517
Epoch [3/5], Batch [99/110], Loss: 0.1681
Epoch [3/5], Batch [100/110], Loss: 0.0507
Epoch [3/5], Batch [101/110], Loss: 0.0327
Epoch [3/5], Batch [102/110], Loss: 0.0530
Epoch [3/5], Batch [103/110], Loss: 0.0645
Epoch [3/5], Batch [104/110], Loss: 0.0615
Epoch [3/5], Batch [105/110], Loss: 0.0187
Epoch [3/5], Batch [106/110], Loss: 0.0255
Epoch [3/5], Batch [107/110], Loss: 0.0627
Epoch [3/5], Batch [108/110], Loss: 0.0822
Epoch [3/5], Batch [109/110], Loss: 0.0953
Epoch [3/5], Batch [110/110], Loss: 0.0364
Epoch [3/5], Average Loss: 0.0661
----------Validation Loss: 0.4145-------------
Epoch [4/5], Batch [1/110], Loss: 0.0682
Epoch [4/5], Batch [2/110], Loss: 0.1106
Epoch [4/5], Batch [3/110], Loss: 0.0296
Epoch [4/5], Batch [4/110], Loss: 0.0689
Epoch [4/5], Batch [5/110], Loss: 0.0449
Epoch [4/5], Batch [6/110], Loss: 0.0595
Epoch [4/5], Batch [7/110], Loss: 0.1228
Epoch [4/5], Batch [8/110], Loss: 0.0375
Epoch [4/5], Batch [9/110], Loss: 0.0383
Epoch [4/5], Batch [10/110], Loss: 0.0364
Epoch [4/5], Batch [11/110], Loss: 0.0232
Epoch [4/5], Batch [12/110], Loss: 0.0841
Epoch [4/5], Batch [13/110], Loss: 0.0240
Epoch [4/5], Batch [14/110], Loss: 0.0397
Epoch [4/5], Batch [15/110], Loss: 0.1530
Epoch [4/5], Batch [16/110], Loss: 0.0315
Epoch [4/5], Batch [17/110], Loss: 0.0381
Epoch [4/5], Batch [18/110], Loss: 0.0811
Epoch [4/5], Batch [19/110], Loss: 0.0881
Epoch [4/5], Batch [20/110], Loss: 0.0898
Epoch [4/5], Batch [21/110], Loss: 0.0105
Epoch [4/5], Batch [22/110], Loss: 0.1012
Epoch [4/5], Batch [23/110], Loss: 0.0112
Epoch [4/5], Batch [24/110], Loss: 0.0160
Epoch [4/5], Batch [25/110], Loss: 0.0911
Epoch [4/5], Batch [26/110], Loss: 0.0254
Epoch [4/5], Batch [27/110], Loss: 0.0243
Epoch [4/5], Batch [28/110], Loss: 0.0703
Epoch [4/5], Batch [29/110], Loss: 0.0244
Epoch [4/5], Batch [30/110], Loss: 0.0742
Epoch [4/5], Batch [31/110], Loss: 0.0724
Epoch [4/5], Batch [32/110], Loss: 0.0242
Epoch [4/5], Batch [33/110], Loss: 0.0476
Epoch [4/5], Batch [34/110], Loss: 0.0457
Epoch [4/5], Batch [35/110], Loss: 0.1721
Epoch [4/5], Batch [36/110], Loss: 0.0639
Epoch [4/5], Batch [37/110], Loss: 0.0386
Epoch [4/5], Batch [38/110], Loss: 0.0149
Epoch [4/5], Batch [39/110], Loss: 0.0410
Epoch [4/5], Batch [40/110], Loss: 0.0488
Epoch [4/5], Batch [41/110], Loss: 0.0913
Epoch [4/5], Batch [42/110], Loss: 0.0740
Epoch [4/5], Batch [43/110], Loss: 0.0234
Epoch [4/5], Batch [44/110], Loss: 0.0308
Epoch [4/5], Batch [45/110], Loss: 0.3025
Epoch [4/5], Batch [46/110], Loss: 0.0649
Epoch [4/5], Batch [47/110], Loss: 0.0510
Epoch [4/5], Batch [48/110], Loss: 0.1682
Epoch [4/5], Batch [49/110], Loss: 0.0539
Epoch [4/5], Batch [50/110], Loss: 0.0376
Epoch [4/5], Batch [51/110], Loss: 0.0402
Epoch [4/5], Batch [52/110], Loss: 0.0201
Epoch [4/5], Batch [53/110], Loss: 0.0771
Epoch [4/5], Batch [54/110], Loss: 0.1046
Epoch [4/5], Batch [55/110], Loss: 0.0429
Epoch [4/5], Batch [56/110], Loss: 0.0301
Epoch [4/5], Batch [57/110], Loss: 0.1022
Epoch [4/5], Batch [58/110], Loss: 0.0296
Epoch [4/5], Batch [59/110], Loss: 0.0305
Epoch [4/5], Batch [60/110], Loss: 0.0464
Epoch [4/5], Batch [61/110], Loss: 0.0274
Epoch [4/5], Batch [62/110], Loss: 0.0666
Epoch [4/5], Batch [63/110], Loss: 0.0428
Epoch [4/5], Batch [64/110], Loss: 0.0988
Epoch [4/5], Batch [65/110], Loss: 0.0220
Epoch [4/5], Batch [66/110], Loss: 0.0722
Epoch [4/5], Batch [67/110], Loss: 0.2941
Epoch [4/5], Batch [68/110], Loss: 0.0427
Epoch [4/5], Batch [69/110], Loss: 0.0616
Epoch [4/5], Batch [70/110], Loss: 0.0322
Epoch [4/5], Batch [71/110], Loss: 0.0439
Epoch [4/5], Batch [72/110], Loss: 0.0519
Epoch [4/5], Batch [73/110], Loss: 0.0142
Epoch [4/5], Batch [74/110], Loss: 0.0123
Epoch [4/5], Batch [75/110], Loss: 0.0586
Epoch [4/5], Batch [76/110], Loss: 0.0499
Epoch [4/5], Batch [77/110], Loss: 0.1544
Epoch [4/5], Batch [78/110], Loss: 0.1125
Epoch [4/5], Batch [79/110], Loss: 0.0296
Epoch [4/5], Batch [80/110], Loss: 0.0101
Epoch [4/5], Batch [81/110], Loss: 0.0261
Epoch [4/5], Batch [82/110], Loss: 0.0139
Epoch [4/5], Batch [83/110], Loss: 0.0288
Epoch [4/5], Batch [84/110], Loss: 0.0161
Epoch [4/5], Batch [85/110], Loss: 0.0620
Epoch [4/5], Batch [86/110], Loss: 0.0490
Epoch [4/5], Batch [87/110], Loss: 0.0504
Epoch [4/5], Batch [88/110], Loss: 0.0297
Epoch [4/5], Batch [89/110], Loss: 0.0186
Epoch [4/5], Batch [90/110], Loss: 0.0117
Epoch [4/5], Batch [91/110], Loss: 0.0877
Epoch [4/5], Batch [92/110], Loss: 0.0151
Epoch [4/5], Batch [93/110], Loss: 0.0056
Epoch [4/5], Batch [94/110], Loss: 0.0272
Epoch [4/5], Batch [95/110], Loss: 0.0114
Epoch [4/5], Batch [96/110], Loss: 0.0061
Epoch [4/5], Batch [97/110], Loss: 0.0200
Epoch [4/5], Batch [98/110], Loss: 0.1346
Epoch [4/5], Batch [99/110], Loss: 0.1460
Epoch [4/5], Batch [100/110], Loss: 0.1166
Epoch [4/5], Batch [101/110], Loss: 0.0316
Epoch [4/5], Batch [102/110], Loss: 0.0232
Epoch [4/5], Batch [103/110], Loss: 0.0360
Epoch [4/5], Batch [104/110], Loss: 0.0866
Epoch [4/5], Batch [105/110], Loss: 0.0045
Epoch [4/5], Batch [106/110], Loss: 0.0200
Epoch [4/5], Batch [107/110], Loss: 0.0349
Epoch [4/5], Batch [108/110], Loss: 0.0956
Epoch [4/5], Batch [109/110], Loss: 0.0633
Epoch [4/5], Batch [110/110], Loss: 0.0120
Epoch [4/5], Average Loss: 0.0572
----------Validation Loss: 0.3439-------------
Epoch [5/5], Batch [1/110], Loss: 0.0241
Epoch [5/5], Batch [2/110], Loss: 0.0353
Epoch [5/5], Batch [3/110], Loss: 0.0102
Epoch [5/5], Batch [4/110], Loss: 0.0217
Epoch [5/5], Batch [5/110], Loss: 0.0373
Epoch [5/5], Batch [6/110], Loss: 0.0065
Epoch [5/5], Batch [7/110], Loss: 0.0273
Epoch [5/5], Batch [8/110], Loss: 0.0429
Epoch [5/5], Batch [9/110], Loss: 0.0355
Epoch [5/5], Batch [10/110], Loss: 0.0158
Epoch [5/5], Batch [11/110], Loss: 0.0147
Epoch [5/5], Batch [12/110], Loss: 0.0919
Epoch [5/5], Batch [13/110], Loss: 0.0400
Epoch [5/5], Batch [14/110], Loss: 0.0511
Epoch [5/5], Batch [15/110], Loss: 0.0393
Epoch [5/5], Batch [16/110], Loss: 0.0109
Epoch [5/5], Batch [17/110], Loss: 0.0157
Epoch [5/5], Batch [18/110], Loss: 0.0469
Epoch [5/5], Batch [19/110], Loss: 0.0416
Epoch [5/5], Batch [20/110], Loss: 0.0473
Epoch [5/5], Batch [21/110], Loss: 0.0155
Epoch [5/5], Batch [22/110], Loss: 0.0286
Epoch [5/5], Batch [23/110], Loss: 0.0430
Epoch [5/5], Batch [24/110], Loss: 0.0583
Epoch [5/5], Batch [25/110], Loss: 0.0924
Epoch [5/5], Batch [26/110], Loss: 0.2270
Epoch [5/5], Batch [27/110], Loss: 0.0389
Epoch [5/5], Batch [28/110], Loss: 0.2084
Epoch [5/5], Batch [29/110], Loss: 0.0266
Epoch [5/5], Batch [30/110], Loss: 0.0863
Epoch [5/5], Batch [31/110], Loss: 0.0098
Epoch [5/5], Batch [32/110], Loss: 0.0099
Epoch [5/5], Batch [33/110], Loss: 0.0395
Epoch [5/5], Batch [34/110], Loss: 0.1935
Epoch [5/5], Batch [35/110], Loss: 0.1733
Epoch [5/5], Batch [36/110], Loss: 0.1755
Epoch [5/5], Batch [37/110], Loss: 0.1087
Epoch [5/5], Batch [38/110], Loss: 0.0503
Epoch [5/5], Batch [39/110], Loss: 0.0306
Epoch [5/5], Batch [40/110], Loss: 0.0697
Epoch [5/5], Batch [41/110], Loss: 0.0735
Epoch [5/5], Batch [42/110], Loss: 0.0316
Epoch [5/5], Batch [43/110], Loss: 0.0301
Epoch [5/5], Batch [44/110], Loss: 0.0563
Epoch [5/5], Batch [45/110], Loss: 0.1164
Epoch [5/5], Batch [46/110], Loss: 0.0638
Epoch [5/5], Batch [47/110], Loss: 0.1052
Epoch [5/5], Batch [48/110], Loss: 0.0149
Epoch [5/5], Batch [49/110], Loss: 0.0202
Epoch [5/5], Batch [50/110], Loss: 0.2422
Epoch [5/5], Batch [51/110], Loss: 0.0078
Epoch [5/5], Batch [52/110], Loss: 0.0085
Epoch [5/5], Batch [53/110], Loss: 0.0393
Epoch [5/5], Batch [54/110], Loss: 0.0348
Epoch [5/5], Batch [55/110], Loss: 0.1179
Epoch [5/5], Batch [56/110], Loss: 0.0352
Epoch [5/5], Batch [57/110], Loss: 0.1138
Epoch [5/5], Batch [58/110], Loss: 0.0517
Epoch [5/5], Batch [59/110], Loss: 0.0362
Epoch [5/5], Batch [60/110], Loss: 0.0215
Epoch [5/5], Batch [61/110], Loss: 0.0248
Epoch [5/5], Batch [62/110], Loss: 0.2673
Epoch [5/5], Batch [63/110], Loss: 0.0482
Epoch [5/5], Batch [64/110], Loss: 0.0055
Epoch [5/5], Batch [65/110], Loss: 0.0102
Epoch [5/5], Batch [66/110], Loss: 0.0578
Epoch [5/5], Batch [67/110], Loss: 0.0479
Epoch [5/5], Batch [68/110], Loss: 0.0963
Epoch [5/5], Batch [69/110], Loss: 0.1951
Epoch [5/5], Batch [70/110], Loss: 0.0512
Epoch [5/5], Batch [71/110], Loss: 0.0432
Epoch [5/5], Batch [72/110], Loss: 0.0304
Epoch [5/5], Batch [73/110], Loss: 0.0192
Epoch [5/5], Batch [74/110], Loss: 0.0224
Epoch [5/5], Batch [75/110], Loss: 0.1147
Epoch [5/5], Batch [76/110], Loss: 0.0189
Epoch [5/5], Batch [77/110], Loss: 0.0542
Epoch [5/5], Batch [78/110], Loss: 0.0449
Epoch [5/5], Batch [79/110], Loss: 0.0362
Epoch [5/5], Batch [80/110], Loss: 0.0374
Epoch [5/5], Batch [81/110], Loss: 0.0118
Epoch [5/5], Batch [82/110], Loss: 0.0131
Epoch [5/5], Batch [83/110], Loss: 0.0061
Epoch [5/5], Batch [84/110], Loss: 0.0487
Epoch [5/5], Batch [85/110], Loss: 0.0200
Epoch [5/5], Batch [86/110], Loss: 0.0130
Epoch [5/5], Batch [87/110], Loss: 0.0210
Epoch [5/5], Batch [88/110], Loss: 0.0917
Epoch [5/5], Batch [89/110], Loss: 0.0048
Epoch [5/5], Batch [90/110], Loss: 0.0117
Epoch [5/5], Batch [91/110], Loss: 0.0093
Epoch [5/5], Batch [92/110], Loss: 0.0111
Epoch [5/5], Batch [93/110], Loss: 0.1407
Epoch [5/5], Batch [94/110], Loss: 0.0868
Epoch [5/5], Batch [95/110], Loss: 0.0406
Epoch [5/5], Batch [96/110], Loss: 0.0150
Epoch [5/5], Batch [97/110], Loss: 0.0141
Epoch [5/5], Batch [98/110], Loss: 0.0230
Epoch [5/5], Batch [99/110], Loss: 0.0729
Epoch [5/5], Batch [100/110], Loss: 0.0440
Epoch [5/5], Batch [101/110], Loss: 0.0088
Epoch [5/5], Batch [102/110], Loss: 0.0260
Epoch [5/5], Batch [103/110], Loss: 0.0103
Epoch [5/5], Batch [104/110], Loss: 0.0306
Epoch [5/5], Batch [105/110], Loss: 0.0054
Epoch [5/5], Batch [106/110], Loss: 0.0131
Epoch [5/5], Batch [107/110], Loss: 0.0101
Epoch [5/5], Batch [108/110], Loss: 0.0480
Epoch [5/5], Batch [109/110], Loss: 0.1157
Epoch [5/5], Batch [110/110], Loss: 0.0438
Epoch [5/5], Average Loss: 0.0527
----------Validation Loss: 0.4127-------------
annotated_samples_num: 1062
unannotated_samples_num: 2482
update datapool!
annotated_samples_num: 1062
unannotated_samples_num: 2482
iter: 5
annotated_samples_num: 1062
unannotated_samples_num: 2482
Epoch [1/5], Batch [1/132], Loss: 3.8392
Epoch [1/5], Batch [2/132], Loss: 2.9977
Epoch [1/5], Batch [3/132], Loss: 2.2660
Epoch [1/5], Batch [4/132], Loss: 1.9758
Epoch [1/5], Batch [5/132], Loss: 1.6235
Epoch [1/5], Batch [6/132], Loss: 1.0037
Epoch [1/5], Batch [7/132], Loss: 0.9911
Epoch [1/5], Batch [8/132], Loss: 1.0722
Epoch [1/5], Batch [9/132], Loss: 1.0740
Epoch [1/5], Batch [10/132], Loss: 0.7416
Epoch [1/5], Batch [11/132], Loss: 0.6475
Epoch [1/5], Batch [12/132], Loss: 0.8621
Epoch [1/5], Batch [13/132], Loss: 0.4921
Epoch [1/5], Batch [14/132], Loss: 0.5619
Epoch [1/5], Batch [15/132], Loss: 0.6822
Epoch [1/5], Batch [16/132], Loss: 0.3703
Epoch [1/5], Batch [17/132], Loss: 0.5468
Epoch [1/5], Batch [18/132], Loss: 0.4968
Epoch [1/5], Batch [19/132], Loss: 0.3651
Epoch [1/5], Batch [20/132], Loss: 0.3881
Epoch [1/5], Batch [21/132], Loss: 0.3939
Epoch [1/5], Batch [22/132], Loss: 0.4074
Epoch [1/5], Batch [23/132], Loss: 0.2933
Epoch [1/5], Batch [24/132], Loss: 0.2443
Epoch [1/5], Batch [25/132], Loss: 0.4972
Epoch [1/5], Batch [26/132], Loss: 0.4180
Epoch [1/5], Batch [27/132], Loss: 0.3199
Epoch [1/5], Batch [28/132], Loss: 0.3151
Epoch [1/5], Batch [29/132], Loss: 0.4923
Epoch [1/5], Batch [30/132], Loss: 0.3151
Epoch [1/5], Batch [31/132], Loss: 0.2798
Epoch [1/5], Batch [32/132], Loss: 0.3508
Epoch [1/5], Batch [33/132], Loss: 0.3007
Epoch [1/5], Batch [34/132], Loss: 0.3348
Epoch [1/5], Batch [35/132], Loss: 0.4807
Epoch [1/5], Batch [36/132], Loss: 0.2600
Epoch [1/5], Batch [37/132], Loss: 0.4125
Epoch [1/5], Batch [38/132], Loss: 0.5134
Epoch [1/5], Batch [39/132], Loss: 0.2762
Epoch [1/5], Batch [40/132], Loss: 0.3195
Epoch [1/5], Batch [41/132], Loss: 0.3015
Epoch [1/5], Batch [42/132], Loss: 0.3346
Epoch [1/5], Batch [43/132], Loss: 0.2135
Epoch [1/5], Batch [44/132], Loss: 0.4459
Epoch [1/5], Batch [45/132], Loss: 0.2749
Epoch [1/5], Batch [46/132], Loss: 0.3925
Epoch [1/5], Batch [47/132], Loss: 0.2553
Epoch [1/5], Batch [48/132], Loss: 0.5812
Epoch [1/5], Batch [49/132], Loss: 0.3206
Epoch [1/5], Batch [50/132], Loss: 0.4351
Epoch [1/5], Batch [51/132], Loss: 0.3124
Epoch [1/5], Batch [52/132], Loss: 0.1634
Epoch [1/5], Batch [53/132], Loss: 0.3699
Epoch [1/5], Batch [54/132], Loss: 0.2601
Epoch [1/5], Batch [55/132], Loss: 0.2499
Epoch [1/5], Batch [56/132], Loss: 0.3262
Epoch [1/5], Batch [57/132], Loss: 0.2325
Epoch [1/5], Batch [58/132], Loss: 0.2019
Epoch [1/5], Batch [59/132], Loss: 0.2724
Epoch [1/5], Batch [60/132], Loss: 0.5004
Epoch [1/5], Batch [61/132], Loss: 0.5012
Epoch [1/5], Batch [62/132], Loss: 0.3559
Epoch [1/5], Batch [63/132], Loss: 0.2763
Epoch [1/5], Batch [64/132], Loss: 0.1904
Epoch [1/5], Batch [65/132], Loss: 0.2427
Epoch [1/5], Batch [66/132], Loss: 0.4589
Epoch [1/5], Batch [67/132], Loss: 0.1822
Epoch [1/5], Batch [68/132], Loss: 0.3607
Epoch [1/5], Batch [69/132], Loss: 0.4500
Epoch [1/5], Batch [70/132], Loss: 0.3745
Epoch [1/5], Batch [71/132], Loss: 0.4126
Epoch [1/5], Batch [72/132], Loss: 0.2253
Epoch [1/5], Batch [73/132], Loss: 0.2730
Epoch [1/5], Batch [74/132], Loss: 0.4795
Epoch [1/5], Batch [75/132], Loss: 0.2029
Epoch [1/5], Batch [76/132], Loss: 0.3925
Epoch [1/5], Batch [77/132], Loss: 0.2559
Epoch [1/5], Batch [78/132], Loss: 0.2702
Epoch [1/5], Batch [79/132], Loss: 0.2865
Epoch [1/5], Batch [80/132], Loss: 0.3258
Epoch [1/5], Batch [81/132], Loss: 0.3501
Epoch [1/5], Batch [82/132], Loss: 0.2821
Epoch [1/5], Batch [83/132], Loss: 0.1814
Epoch [1/5], Batch [84/132], Loss: 0.1536
Epoch [1/5], Batch [85/132], Loss: 0.3322
Epoch [1/5], Batch [86/132], Loss: 0.1986
Epoch [1/5], Batch [87/132], Loss: 0.4087
Epoch [1/5], Batch [88/132], Loss: 0.0840
Epoch [1/5], Batch [89/132], Loss: 0.2105
Epoch [1/5], Batch [90/132], Loss: 0.2643
Epoch [1/5], Batch [91/132], Loss: 0.2205
Epoch [1/5], Batch [92/132], Loss: 0.1484
Epoch [1/5], Batch [93/132], Loss: 0.2616
Epoch [1/5], Batch [94/132], Loss: 0.4036
Epoch [1/5], Batch [95/132], Loss: 0.2366
Epoch [1/5], Batch [96/132], Loss: 0.1171
Epoch [1/5], Batch [97/132], Loss: 0.2883
Epoch [1/5], Batch [98/132], Loss: 0.4368
Epoch [1/5], Batch [99/132], Loss: 0.3547
Epoch [1/5], Batch [100/132], Loss: 0.3921
Epoch [1/5], Batch [101/132], Loss: 0.4004
Epoch [1/5], Batch [102/132], Loss: 0.2050
Epoch [1/5], Batch [103/132], Loss: 0.2176
Epoch [1/5], Batch [104/132], Loss: 0.3790
Epoch [1/5], Batch [105/132], Loss: 0.1787
Epoch [1/5], Batch [106/132], Loss: 0.1816
Epoch [1/5], Batch [107/132], Loss: 0.2827
Epoch [1/5], Batch [108/132], Loss: 0.1822
Epoch [1/5], Batch [109/132], Loss: 0.1973
