strategy: BEAM
iter: 0
annotated_samples_num: 177
unannotated_samples_num: 3367
Epoch [1/15], Average Loss: 1.2185
-----------------------------------------------------------
strategy: BEAM
iter: 0
epoch: 0
Test Loss: 0.4632
F1_overall: 0.3982
F1_AGENT: 0.5468
F1_TARGET: 0.2358
-----------------------------------------------------------
Epoch [2/15], Average Loss: 0.2890
-----------------------------------------------------------
strategy: BEAM
iter: 0
epoch: 1
Test Loss: 0.4229
F1_overall: 0.4649
F1_AGENT: 0.5915
F1_TARGET: 0.3329
-----------------------------------------------------------
Epoch [3/15], Average Loss: 0.1499
-----------------------------------------------------------
strategy: BEAM
iter: 0
epoch: 2
Test Loss: 0.3845
F1_overall: 0.5158
F1_AGENT: 0.6346
F1_TARGET: 0.3954
-----------------------------------------------------------
Epoch [4/15], Average Loss: 0.1168
-----------------------------------------------------------
strategy: BEAM
iter: 0
epoch: 3
Test Loss: 0.3777
F1_overall: 0.5433
F1_AGENT: 0.6320
F1_TARGET: 0.4555
-----------------------------------------------------------
Epoch [5/15], Average Loss: 0.0902
-----------------------------------------------------------
strategy: BEAM
iter: 0
epoch: 4
Test Loss: 0.3874
F1_overall: 0.5044
F1_AGENT: 0.6235
F1_TARGET: 0.3817
-----------------------------------------------------------
Epoch [6/15], Average Loss: 0.0615
-----------------------------------------------------------
strategy: BEAM
iter: 0
epoch: 5
Test Loss: 0.4374
F1_overall: 0.5018
F1_AGENT: 0.5701
F1_TARGET: 0.4481
-----------------------------------------------------------
Epoch [7/15], Average Loss: 0.0538
-----------------------------------------------------------
strategy: BEAM
iter: 0
epoch: 6
Test Loss: 0.4659
F1_overall: 0.5096
F1_AGENT: 0.6051
F1_TARGET: 0.4326
-----------------------------------------------------------
Epoch [8/15], Average Loss: 0.0461
-----------------------------------------------------------
strategy: BEAM
iter: 0
epoch: 7
Test Loss: 0.4959
F1_overall: 0.5300
F1_AGENT: 0.6475
F1_TARGET: 0.4054
-----------------------------------------------------------
Epoch [9/15], Average Loss: 0.0457
-----------------------------------------------------------
strategy: BEAM
iter: 0
epoch: 8
Test Loss: 0.5674
F1_overall: 0.4841
F1_AGENT: 0.5951
F1_TARGET: 0.3706
-----------------------------------------------------------
Epoch [10/15], Average Loss: 0.0349
-----------------------------------------------------------
strategy: BEAM
iter: 0
epoch: 9
Test Loss: 0.5382
F1_overall: 0.5110
F1_AGENT: 0.6118
F1_TARGET: 0.4155
-----------------------------------------------------------
