strategy: BEAM
iter: 0
annotated_samples_num: 177
unannotated_samples_num: 3367
Epoch [1/15], Average Loss: 1.2185
-----------------------------------------------------------
strategy: BEAM
iter: 0
epoch: 0
Test Loss: 0.4632
F1_overall: 0.3982
F1_AGENT: 0.5468
F1_TARGET: 0.2358
-----------------------------------------------------------
Epoch [2/15], Average Loss: 0.2890
-----------------------------------------------------------
strategy: BEAM
iter: 0
epoch: 1
Test Loss: 0.4229
F1_overall: 0.4649
F1_AGENT: 0.5915
F1_TARGET: 0.3329
-----------------------------------------------------------
Epoch [3/15], Average Loss: 0.1499
-----------------------------------------------------------
strategy: BEAM
iter: 0
epoch: 2
Test Loss: 0.3845
F1_overall: 0.5158
F1_AGENT: 0.6346
F1_TARGET: 0.3954
-----------------------------------------------------------
Epoch [4/15], Average Loss: 0.1168
-----------------------------------------------------------
strategy: BEAM
iter: 0
epoch: 3
Test Loss: 0.3777
F1_overall: 0.5433
F1_AGENT: 0.6320
F1_TARGET: 0.4555
-----------------------------------------------------------
Epoch [5/15], Average Loss: 0.0902
-----------------------------------------------------------
strategy: BEAM
iter: 0
epoch: 4
Test Loss: 0.3874
F1_overall: 0.5044
F1_AGENT: 0.6235
F1_TARGET: 0.3817
-----------------------------------------------------------
Epoch [6/15], Average Loss: 0.0615
-----------------------------------------------------------
strategy: BEAM
iter: 0
epoch: 5
Test Loss: 0.4374
F1_overall: 0.5018
F1_AGENT: 0.5701
F1_TARGET: 0.4481
-----------------------------------------------------------
annotated_samples_num: 345
unannotated_samples_num: 3199
update datapool!
annotated_samples_num: 345
unannotated_samples_num: 3199
iter: 1
annotated_samples_num: 345
unannotated_samples_num: 3199
Epoch [1/15], Average Loss: 0.7134
-----------------------------------------------------------
strategy: BEAM
iter: 1
epoch: 0
Test Loss: 0.3379
F1_overall: 0.4717
F1_AGENT: 0.5949
F1_TARGET: 0.3500
-----------------------------------------------------------
Epoch [2/15], Average Loss: 0.2497
-----------------------------------------------------------
strategy: BEAM
iter: 1
epoch: 1
Test Loss: 0.3209
F1_overall: 0.5176
F1_AGENT: 0.6306
F1_TARGET: 0.4054
-----------------------------------------------------------
Epoch [3/15], Average Loss: 0.1390
-----------------------------------------------------------
strategy: BEAM
iter: 1
epoch: 2
Test Loss: 0.3340
F1_overall: 0.5644
F1_AGENT: 0.6613
F1_TARGET: 0.4620
-----------------------------------------------------------
Epoch [4/15], Average Loss: 0.1053
-----------------------------------------------------------
strategy: BEAM
iter: 1
epoch: 3
Test Loss: 0.4055
F1_overall: 0.5288
F1_AGENT: 0.6366
F1_TARGET: 0.4501
-----------------------------------------------------------
Epoch [5/15], Average Loss: 0.0874
-----------------------------------------------------------
strategy: BEAM
iter: 1
epoch: 4
Test Loss: 0.3953
F1_overall: 0.5525
F1_AGENT: 0.6550
F1_TARGET: 0.4662
-----------------------------------------------------------
Epoch [6/15], Average Loss: 0.0662
-----------------------------------------------------------
strategy: BEAM
iter: 1
epoch: 5
Test Loss: 0.4258
F1_overall: 0.5507
F1_AGENT: 0.6513
F1_TARGET: 0.4507
-----------------------------------------------------------
annotated_samples_num: 504
unannotated_samples_num: 3040
update datapool!
annotated_samples_num: 504
unannotated_samples_num: 3040
iter: 2
annotated_samples_num: 504
unannotated_samples_num: 3040
Epoch [1/15], Average Loss: 0.5746
-----------------------------------------------------------
strategy: BEAM
iter: 2
epoch: 0
Test Loss: 0.2810
F1_overall: 0.5725
F1_AGENT: 0.6816
F1_TARGET: 0.4670
-----------------------------------------------------------
Epoch [2/15], Average Loss: 0.2123
-----------------------------------------------------------
strategy: BEAM
iter: 2
epoch: 1
Test Loss: 0.3010
F1_overall: 0.5840
F1_AGENT: 0.6863
F1_TARGET: 0.4782
-----------------------------------------------------------
Epoch [3/15], Average Loss: 0.1574
-----------------------------------------------------------
strategy: BEAM
iter: 2
epoch: 2
Test Loss: 0.3251
F1_overall: 0.6167
F1_AGENT: 0.7250
F1_TARGET: 0.5121
-----------------------------------------------------------
Epoch [4/15], Average Loss: 0.1118
-----------------------------------------------------------
strategy: BEAM
iter: 2
epoch: 3
Test Loss: 0.3730
F1_overall: 0.6035
F1_AGENT: 0.7025
F1_TARGET: 0.5157
-----------------------------------------------------------
Epoch [5/15], Average Loss: 0.0929
-----------------------------------------------------------
strategy: BEAM
iter: 2
epoch: 4
Test Loss: 0.3787
F1_overall: 0.6086
F1_AGENT: 0.7190
F1_TARGET: 0.5080
-----------------------------------------------------------
Epoch [6/15], Average Loss: 0.0538
-----------------------------------------------------------
strategy: BEAM
iter: 2
epoch: 5
Test Loss: 0.4271
F1_overall: 0.6076
F1_AGENT: 0.7171
F1_TARGET: 0.5015
-----------------------------------------------------------
annotated_samples_num: 656
unannotated_samples_num: 2888
update datapool!
annotated_samples_num: 656
unannotated_samples_num: 2888
iter: 3
annotated_samples_num: 656
unannotated_samples_num: 2888
Epoch [1/15], Average Loss: 0.5474
-----------------------------------------------------------
strategy: BEAM
iter: 3
epoch: 0
Test Loss: 0.2896
F1_overall: 0.5794
F1_AGENT: 0.6957
F1_TARGET: 0.4613
-----------------------------------------------------------
Epoch [2/15], Average Loss: 0.2290
-----------------------------------------------------------
strategy: BEAM
iter: 3
epoch: 1
Test Loss: 0.3698
F1_overall: 0.5289
F1_AGENT: 0.6560
F1_TARGET: 0.4028
-----------------------------------------------------------
Epoch [3/15], Average Loss: 0.2161
-----------------------------------------------------------
strategy: BEAM
iter: 3
epoch: 2
Test Loss: 0.3318
F1_overall: 0.5663
F1_AGENT: 0.6787
F1_TARGET: 0.4601
-----------------------------------------------------------
Epoch [4/15], Average Loss: 0.1225
-----------------------------------------------------------
strategy: BEAM
iter: 3
epoch: 3
Test Loss: 0.3378
F1_overall: 0.6047
F1_AGENT: 0.7158
F1_TARGET: 0.5000
-----------------------------------------------------------
Epoch [5/15], Average Loss: 0.0819
-----------------------------------------------------------
strategy: BEAM
iter: 3
epoch: 4
Test Loss: 0.3559
F1_overall: 0.6060
F1_AGENT: 0.7233
F1_TARGET: 0.4932
-----------------------------------------------------------
Epoch [6/15], Average Loss: 0.0622
-----------------------------------------------------------
strategy: BEAM
iter: 3
epoch: 5
Test Loss: 0.4039
F1_overall: 0.6084
F1_AGENT: 0.7206
F1_TARGET: 0.5030
-----------------------------------------------------------
annotated_samples_num: 800
unannotated_samples_num: 2744
update datapool!
annotated_samples_num: 800
unannotated_samples_num: 2744
iter: 4
annotated_samples_num: 800
unannotated_samples_num: 2744
Epoch [1/15], Average Loss: 0.4758
-----------------------------------------------------------
strategy: BEAM
iter: 4
epoch: 0
Test Loss: 0.2688
F1_overall: 0.5799
F1_AGENT: 0.6854
F1_TARGET: 0.4771
-----------------------------------------------------------
Epoch [2/15], Average Loss: 0.2269
-----------------------------------------------------------
strategy: BEAM
iter: 4
epoch: 1
Test Loss: 0.3056
F1_overall: 0.6086
F1_AGENT: 0.7148
F1_TARGET: 0.5010
-----------------------------------------------------------
Epoch [3/15], Average Loss: 0.1587
-----------------------------------------------------------
strategy: BEAM
iter: 4
epoch: 2
Test Loss: 0.3212
F1_overall: 0.5976
F1_AGENT: 0.7043
F1_TARGET: 0.5030
-----------------------------------------------------------
Epoch [4/15], Average Loss: 0.1199
-----------------------------------------------------------
strategy: BEAM
iter: 4
epoch: 3
Test Loss: 0.3287
F1_overall: 0.6017
F1_AGENT: 0.7121
F1_TARGET: 0.5049
-----------------------------------------------------------
Epoch [5/15], Average Loss: 0.0824
-----------------------------------------------------------
strategy: BEAM
iter: 4
epoch: 4
Test Loss: 0.3522
F1_overall: 0.6164
F1_AGENT: 0.7395
F1_TARGET: 0.4981
-----------------------------------------------------------
Epoch [6/15], Average Loss: 0.0780
-----------------------------------------------------------
strategy: BEAM
iter: 4
epoch: 5
Test Loss: 0.3582
F1_overall: 0.6300
F1_AGENT: 0.7401
F1_TARGET: 0.5278
-----------------------------------------------------------
Epoch [7/15], Average Loss: 0.0591
-----------------------------------------------------------
strategy: BEAM
iter: 4
epoch: 6
Test Loss: 0.3982
F1_overall: 0.6408
F1_AGENT: 0.7347
F1_TARGET: 0.5517
-----------------------------------------------------------
Epoch [8/15], Average Loss: 0.0326
-----------------------------------------------------------
strategy: BEAM
iter: 4
epoch: 7
Test Loss: 0.4669
F1_overall: 0.6353
F1_AGENT: 0.7368
F1_TARGET: 0.5407
-----------------------------------------------------------
Epoch [9/15], Average Loss: 0.0337
-----------------------------------------------------------
strategy: BEAM
iter: 4
epoch: 8
Test Loss: 0.4510
F1_overall: 0.6466
F1_AGENT: 0.7522
F1_TARGET: 0.5398
-----------------------------------------------------------
Epoch [10/15], Average Loss: 0.0295
-----------------------------------------------------------
strategy: BEAM
iter: 4
epoch: 9
Test Loss: 0.4414
F1_overall: 0.6231
F1_AGENT: 0.7346
F1_TARGET: 0.5277
-----------------------------------------------------------
annotated_samples_num: 937
unannotated_samples_num: 2607
update datapool!
annotated_samples_num: 937
unannotated_samples_num: 2607
iter: 5
annotated_samples_num: 937
unannotated_samples_num: 2607
Epoch [1/15], Average Loss: 0.5037
-----------------------------------------------------------
strategy: BEAM
iter: 5
epoch: 0
Test Loss: 0.2604
F1_overall: 0.6106
F1_AGENT: 0.7045
F1_TARGET: 0.5179
-----------------------------------------------------------
Epoch [2/15], Average Loss: 0.2147
-----------------------------------------------------------
strategy: BEAM
iter: 5
epoch: 1
Test Loss: 0.2633
F1_overall: 0.6120
F1_AGENT: 0.7130
F1_TARGET: 0.5135
-----------------------------------------------------------
Epoch [3/15], Average Loss: 0.1574
-----------------------------------------------------------
strategy: BEAM
iter: 5
epoch: 2
Test Loss: 0.2779
F1_overall: 0.6272
F1_AGENT: 0.7314
F1_TARGET: 0.5254
-----------------------------------------------------------
Epoch [4/15], Average Loss: 0.1005
-----------------------------------------------------------
strategy: BEAM
iter: 5
epoch: 3
Test Loss: 0.2867
F1_overall: 0.6154
F1_AGENT: 0.7201
F1_TARGET: 0.5240
-----------------------------------------------------------
Epoch [5/15], Average Loss: 0.0853
-----------------------------------------------------------
strategy: BEAM
iter: 5
epoch: 4
Test Loss: 0.3476
F1_overall: 0.6402
F1_AGENT: 0.7452
F1_TARGET: 0.5399
-----------------------------------------------------------
Epoch [6/15], Average Loss: 0.0728
-----------------------------------------------------------
strategy: BEAM
iter: 5
epoch: 5
Test Loss: 0.3586
F1_overall: 0.6285
F1_AGENT: 0.7547
F1_TARGET: 0.5121
-----------------------------------------------------------
Epoch [7/15], Average Loss: 0.0480
-----------------------------------------------------------
strategy: BEAM
iter: 5
epoch: 6
Test Loss: 0.4141
F1_overall: 0.6243
F1_AGENT: 0.7418
F1_TARGET: 0.5130
-----------------------------------------------------------
Epoch [8/15], Average Loss: 0.0383
-----------------------------------------------------------
strategy: BEAM
iter: 5
epoch: 7
Test Loss: 0.4133
F1_overall: 0.6386
F1_AGENT: 0.7576
F1_TARGET: 0.5254
-----------------------------------------------------------
Epoch [9/15], Average Loss: 0.0366
-----------------------------------------------------------
strategy: BEAM
iter: 5
epoch: 8
Test Loss: 0.4535
F1_overall: 0.6248
F1_AGENT: 0.7350
F1_TARGET: 0.5155
-----------------------------------------------------------
Epoch [10/15], Average Loss: 0.0391
-----------------------------------------------------------
strategy: BEAM
iter: 5
epoch: 9
Test Loss: 0.4444
F1_overall: 0.6408
F1_AGENT: 0.7438
F1_TARGET: 0.5526
-----------------------------------------------------------
annotated_samples_num: 1067
unannotated_samples_num: 2477
update datapool!
annotated_samples_num: 1067
unannotated_samples_num: 2477
iter: 6
annotated_samples_num: 1067
unannotated_samples_num: 2477
Epoch [1/15], Average Loss: 0.4573
-----------------------------------------------------------
strategy: BEAM
iter: 6
epoch: 0
Test Loss: 0.2705
F1_overall: 0.5935
F1_AGENT: 0.6865
F1_TARGET: 0.5002
-----------------------------------------------------------
Epoch [2/15], Average Loss: 0.2221
-----------------------------------------------------------
strategy: BEAM
iter: 6
epoch: 1
Test Loss: 0.2795
F1_overall: 0.5855
F1_AGENT: 0.6760
F1_TARGET: 0.5039
-----------------------------------------------------------
Epoch [3/15], Average Loss: 0.1729
-----------------------------------------------------------
strategy: BEAM
iter: 6
epoch: 2
Test Loss: 0.2738
F1_overall: 0.6107
F1_AGENT: 0.7249
F1_TARGET: 0.5037
-----------------------------------------------------------
Epoch [4/15], Average Loss: 0.1204
-----------------------------------------------------------
strategy: BEAM
iter: 6
epoch: 3
Test Loss: 0.2902
F1_overall: 0.6320
F1_AGENT: 0.7522
F1_TARGET: 0.5049
-----------------------------------------------------------
Epoch [5/15], Average Loss: 0.0912
-----------------------------------------------------------
strategy: BEAM
iter: 6
epoch: 4
Test Loss: 0.3102
F1_overall: 0.6233
F1_AGENT: 0.7210
F1_TARGET: 0.5305
-----------------------------------------------------------
Epoch [6/15], Average Loss: 0.0684
-----------------------------------------------------------
strategy: BEAM
iter: 6
epoch: 5
Test Loss: 0.3291
F1_overall: 0.6443
F1_AGENT: 0.7643
F1_TARGET: 0.5284
-----------------------------------------------------------
Epoch [7/15], Average Loss: 0.0782
-----------------------------------------------------------
strategy: BEAM
iter: 6
epoch: 6
Test Loss: 0.3396
F1_overall: 0.6185
F1_AGENT: 0.7426
F1_TARGET: 0.5030
-----------------------------------------------------------
Epoch [8/15], Average Loss: 0.0543
-----------------------------------------------------------
strategy: BEAM
iter: 6
epoch: 7
Test Loss: 0.4078
F1_overall: 0.6339
F1_AGENT: 0.7522
F1_TARGET: 0.5110
-----------------------------------------------------------
Epoch [9/15], Average Loss: 0.0367
-----------------------------------------------------------
strategy: BEAM
iter: 6
epoch: 8
Test Loss: 0.3926
F1_overall: 0.6426
F1_AGENT: 0.7446
F1_TARGET: 0.5454
-----------------------------------------------------------
Epoch [10/15], Average Loss: 0.0338
-----------------------------------------------------------
strategy: BEAM
iter: 6
epoch: 9
Test Loss: 0.4046
F1_overall: 0.6443
F1_AGENT: 0.7626
F1_TARGET: 0.5325
-----------------------------------------------------------
annotated_samples_num: 1190
unannotated_samples_num: 2354
update datapool!
annotated_samples_num: 1190
unannotated_samples_num: 2354
iter: 7
annotated_samples_num: 1190
unannotated_samples_num: 2354
Epoch [1/15], Average Loss: 0.4118
-----------------------------------------------------------
strategy: BEAM
iter: 7
epoch: 0
Test Loss: 0.2672
F1_overall: 0.5978
F1_AGENT: 0.6960
F1_TARGET: 0.5061
-----------------------------------------------------------
Epoch [2/15], Average Loss: 0.2294
-----------------------------------------------------------
strategy: BEAM
iter: 7
epoch: 1
Test Loss: 0.2796
F1_overall: 0.6034
F1_AGENT: 0.7035
F1_TARGET: 0.5006
-----------------------------------------------------------
Epoch [3/15], Average Loss: 0.1491
-----------------------------------------------------------
strategy: BEAM
iter: 7
epoch: 2
Test Loss: 0.2624
F1_overall: 0.6412
F1_AGENT: 0.7446
F1_TARGET: 0.5447
-----------------------------------------------------------
Epoch [4/15], Average Loss: 0.1103
-----------------------------------------------------------
strategy: BEAM
iter: 7
epoch: 3
Test Loss: 0.3074
F1_overall: 0.6428
F1_AGENT: 0.7614
F1_TARGET: 0.5255
-----------------------------------------------------------
Epoch [5/15], Average Loss: 0.0934
-----------------------------------------------------------
strategy: BEAM
iter: 7
epoch: 4
Test Loss: 0.3308
F1_overall: 0.6335
F1_AGENT: 0.7520
F1_TARGET: 0.5204
-----------------------------------------------------------
Epoch [6/15], Average Loss: 0.0676
-----------------------------------------------------------
strategy: BEAM
iter: 7
epoch: 5
Test Loss: 0.3423
F1_overall: 0.6403
F1_AGENT: 0.7514
F1_TARGET: 0.5346
-----------------------------------------------------------
Epoch [7/15], Average Loss: 0.0481
-----------------------------------------------------------
strategy: BEAM
iter: 7
epoch: 6
Test Loss: 0.3751
F1_overall: 0.6444
F1_AGENT: 0.7660
F1_TARGET: 0.5296
-----------------------------------------------------------
Epoch [8/15], Average Loss: 0.0415
-----------------------------------------------------------
strategy: BEAM
iter: 7
epoch: 7
Test Loss: 0.4110
F1_overall: 0.6378
F1_AGENT: 0.7638
F1_TARGET: 0.5253
-----------------------------------------------------------
Epoch [9/15], Average Loss: 0.0420
-----------------------------------------------------------
strategy: BEAM
iter: 7
epoch: 8
Test Loss: 0.3734
F1_overall: 0.6534
F1_AGENT: 0.7592
F1_TARGET: 0.5520
-----------------------------------------------------------
Epoch [10/15], Average Loss: 0.0314
-----------------------------------------------------------
strategy: BEAM
iter: 7
epoch: 9
Test Loss: 0.4123
F1_overall: 0.6506
F1_AGENT: 0.7602
F1_TARGET: 0.5511
-----------------------------------------------------------
annotated_samples_num: 1307
unannotated_samples_num: 2237
update datapool!
annotated_samples_num: 1307
unannotated_samples_num: 2237
iter: 8
annotated_samples_num: 1307
unannotated_samples_num: 2237
Epoch [1/15], Average Loss: 0.4084
-----------------------------------------------------------
strategy: BEAM
iter: 8
epoch: 0
Test Loss: 0.2428
F1_overall: 0.5986
F1_AGENT: 0.7101
F1_TARGET: 0.4960
-----------------------------------------------------------
Epoch [2/15], Average Loss: 0.2104
-----------------------------------------------------------
strategy: BEAM
iter: 8
epoch: 1
Test Loss: 0.2671
F1_overall: 0.5978
F1_AGENT: 0.7093
F1_TARGET: 0.4925
-----------------------------------------------------------
Epoch [3/15], Average Loss: 0.2039
-----------------------------------------------------------
strategy: BEAM
iter: 8
epoch: 2
Test Loss: 0.2753
F1_overall: 0.6264
F1_AGENT: 0.7230
F1_TARGET: 0.5356
-----------------------------------------------------------
Epoch [4/15], Average Loss: 0.1188
-----------------------------------------------------------
strategy: BEAM
iter: 8
epoch: 3
Test Loss: 0.2906
F1_overall: 0.6290
F1_AGENT: 0.7461
F1_TARGET: 0.5237
-----------------------------------------------------------
Epoch [5/15], Average Loss: 0.0777
-----------------------------------------------------------
strategy: BEAM
iter: 8
epoch: 4
Test Loss: 0.3133
F1_overall: 0.6458
F1_AGENT: 0.7499
F1_TARGET: 0.5425
-----------------------------------------------------------
Epoch [6/15], Average Loss: 0.0623
-----------------------------------------------------------
strategy: BEAM
iter: 8
epoch: 5
Test Loss: 0.3458
F1_overall: 0.6450
F1_AGENT: 0.7630
F1_TARGET: 0.5366
-----------------------------------------------------------
Epoch [7/15], Average Loss: 0.0615
-----------------------------------------------------------
strategy: BEAM
iter: 8
epoch: 6
Test Loss: 0.3696
F1_overall: 0.6236
F1_AGENT: 0.7237
F1_TARGET: 0.5284
-----------------------------------------------------------
Epoch [8/15], Average Loss: 0.0499
-----------------------------------------------------------
strategy: BEAM
iter: 8
epoch: 7
Test Loss: 0.3853
F1_overall: 0.6254
F1_AGENT: 0.7360
F1_TARGET: 0.5230
-----------------------------------------------------------
Epoch [9/15], Average Loss: 0.0378
-----------------------------------------------------------
strategy: BEAM
iter: 8
epoch: 8
Test Loss: 0.4348
F1_overall: 0.6381
F1_AGENT: 0.7482
F1_TARGET: 0.5371
-----------------------------------------------------------
Epoch [10/15], Average Loss: 0.0330
-----------------------------------------------------------
strategy: BEAM
iter: 8
epoch: 9
Test Loss: 0.4367
F1_overall: 0.6410
F1_AGENT: 0.7535
F1_TARGET: 0.5303
-----------------------------------------------------------
Epoch [11/15], Average Loss: 0.0238
-----------------------------------------------------------
strategy: BEAM
iter: 8
epoch: 10
Test Loss: 0.4459
F1_overall: 0.6418
F1_AGENT: 0.7566
F1_TARGET: 0.5378
-----------------------------------------------------------
Epoch [12/15], Average Loss: 0.0233
-----------------------------------------------------------
strategy: BEAM
iter: 8
epoch: 11
Test Loss: 0.4960
F1_overall: 0.6558
F1_AGENT: 0.7553
F1_TARGET: 0.5598
-----------------------------------------------------------
Epoch [13/15], Average Loss: 0.0286
-----------------------------------------------------------
strategy: BEAM
iter: 8
epoch: 12
Test Loss: 0.4271
F1_overall: 0.6509
F1_AGENT: 0.7527
F1_TARGET: 0.5507
-----------------------------------------------------------
Epoch [14/15], Average Loss: 0.0280
-----------------------------------------------------------
strategy: BEAM
iter: 8
epoch: 13
Test Loss: 0.4407
F1_overall: 0.6518
F1_AGENT: 0.7589
F1_TARGET: 0.5500
-----------------------------------------------------------
Epoch [15/15], Average Loss: 0.0312
-----------------------------------------------------------
strategy: BEAM
iter: 8
epoch: 14
Test Loss: 0.4212
F1_overall: 0.6319
F1_AGENT: 0.7416
F1_TARGET: 0.5352
-----------------------------------------------------------
annotated_samples_num: 1418
unannotated_samples_num: 2126
update datapool!
annotated_samples_num: 1418
unannotated_samples_num: 2126
iter: 9
annotated_samples_num: 1418
unannotated_samples_num: 2126
Epoch [1/15], Average Loss: 0.3950
-----------------------------------------------------------
strategy: BEAM
iter: 9
epoch: 0
Test Loss: 0.2423
F1_overall: 0.5959
F1_AGENT: 0.7072
F1_TARGET: 0.4915
-----------------------------------------------------------
Epoch [2/15], Average Loss: 0.2271
-----------------------------------------------------------
strategy: BEAM
iter: 9
epoch: 1
Test Loss: 0.2762
F1_overall: 0.5812
F1_AGENT: 0.6827
F1_TARGET: 0.4968
-----------------------------------------------------------
Epoch [3/15], Average Loss: 0.1665
-----------------------------------------------------------
strategy: BEAM
iter: 9
epoch: 2
Test Loss: 0.2696
F1_overall: 0.6271
F1_AGENT: 0.7420
F1_TARGET: 0.5209
-----------------------------------------------------------
Epoch [4/15], Average Loss: 0.1136
-----------------------------------------------------------
strategy: BEAM
iter: 9
epoch: 3
Test Loss: 0.2957
F1_overall: 0.6405
F1_AGENT: 0.7451
F1_TARGET: 0.5392
-----------------------------------------------------------
Epoch [5/15], Average Loss: 0.0801
-----------------------------------------------------------
strategy: BEAM
iter: 9
epoch: 4
Test Loss: 0.3104
F1_overall: 0.6486
F1_AGENT: 0.7536
F1_TARGET: 0.5428
-----------------------------------------------------------
Epoch [6/15], Average Loss: 0.0701
-----------------------------------------------------------
strategy: BEAM
iter: 9
epoch: 5
Test Loss: 0.3596
F1_overall: 0.6353
F1_AGENT: 0.7564
F1_TARGET: 0.5241
-----------------------------------------------------------
Epoch [7/15], Average Loss: 0.0616
-----------------------------------------------------------
strategy: BEAM
iter: 9
epoch: 6
Test Loss: 0.3322
F1_overall: 0.6373
F1_AGENT: 0.7459
F1_TARGET: 0.5399
-----------------------------------------------------------
Epoch [8/15], Average Loss: 0.0511
-----------------------------------------------------------
strategy: BEAM
iter: 9
epoch: 7
Test Loss: 0.3757
F1_overall: 0.6427
F1_AGENT: 0.7504
F1_TARGET: 0.5371
-----------------------------------------------------------
Epoch [9/15], Average Loss: 0.0401
-----------------------------------------------------------
strategy: BEAM
iter: 9
epoch: 8
Test Loss: 0.3748
F1_overall: 0.6566
F1_AGENT: 0.7687
F1_TARGET: 0.5510
-----------------------------------------------------------
Epoch [10/15], Average Loss: 0.0333
-----------------------------------------------------------
strategy: BEAM
iter: 9
epoch: 9
Test Loss: 0.4221
F1_overall: 0.6495
F1_AGENT: 0.7592
F1_TARGET: 0.5470
-----------------------------------------------------------
Epoch [11/15], Average Loss: 0.0276
-----------------------------------------------------------
strategy: BEAM
iter: 9
epoch: 10
Test Loss: 0.4371
F1_overall: 0.6464
F1_AGENT: 0.7689
F1_TARGET: 0.5309
-----------------------------------------------------------
Epoch [12/15], Average Loss: 0.0238
-----------------------------------------------------------
strategy: BEAM
iter: 9
epoch: 11
Test Loss: 0.4643
F1_overall: 0.6478
F1_AGENT: 0.7634
F1_TARGET: 0.5376
-----------------------------------------------------------
Epoch [13/15], Average Loss: 0.0290
-----------------------------------------------------------
strategy: BEAM
iter: 9
epoch: 12
Test Loss: 0.4519
F1_overall: 0.6372
F1_AGENT: 0.7517
F1_TARGET: 0.5237
-----------------------------------------------------------
Epoch [14/15], Average Loss: 0.0318
-----------------------------------------------------------
strategy: BEAM
iter: 9
epoch: 13
Test Loss: 0.4405
F1_overall: 0.6487
F1_AGENT: 0.7673
F1_TARGET: 0.5333
-----------------------------------------------------------
Epoch [15/15], Average Loss: 0.0250
-----------------------------------------------------------
strategy: BEAM
iter: 9
epoch: 14
Test Loss: 0.4745
F1_overall: 0.6471
F1_AGENT: 0.7547
F1_TARGET: 0.5424
-----------------------------------------------------------
annotated_samples_num: 1524
unannotated_samples_num: 2020
update datapool!
annotated_samples_num: 1524
unannotated_samples_num: 2020
iter: 10
annotated_samples_num: 1524
unannotated_samples_num: 2020
Epoch [1/15], Average Loss: 0.4029
-----------------------------------------------------------
strategy: BEAM
iter: 10
epoch: 0
Test Loss: 0.2607
F1_overall: 0.6041
F1_AGENT: 0.7085
F1_TARGET: 0.5052
-----------------------------------------------------------
Epoch [2/15], Average Loss: 0.2166
-----------------------------------------------------------
strategy: BEAM
iter: 10
epoch: 1
Test Loss: 0.2604
F1_overall: 0.6175
F1_AGENT: 0.7133
F1_TARGET: 0.5361
-----------------------------------------------------------
Epoch [3/15], Average Loss: 0.1501
-----------------------------------------------------------
strategy: BEAM
iter: 10
epoch: 2
Test Loss: 0.2908
F1_overall: 0.6235
F1_AGENT: 0.7451
F1_TARGET: 0.5176
-----------------------------------------------------------
Epoch [4/15], Average Loss: 0.1090
-----------------------------------------------------------
strategy: BEAM
iter: 10
epoch: 3
Test Loss: 0.3121
F1_overall: 0.6386
F1_AGENT: 0.7504
F1_TARGET: 0.5239
-----------------------------------------------------------
Epoch [5/15], Average Loss: 0.0943
-----------------------------------------------------------
strategy: BEAM
iter: 10
epoch: 4
Test Loss: 0.3029
F1_overall: 0.6504
F1_AGENT: 0.7645
F1_TARGET: 0.5343
-----------------------------------------------------------
Epoch [6/15], Average Loss: 0.0624
-----------------------------------------------------------
strategy: BEAM
iter: 10
epoch: 5
Test Loss: 0.3470
F1_overall: 0.6393
F1_AGENT: 0.7556
F1_TARGET: 0.5267
-----------------------------------------------------------
Epoch [7/15], Average Loss: 0.0543
-----------------------------------------------------------
strategy: BEAM
iter: 10
epoch: 6
Test Loss: 0.3568
F1_overall: 0.6468
F1_AGENT: 0.7540
F1_TARGET: 0.5430
-----------------------------------------------------------
Epoch [8/15], Average Loss: 0.0424
-----------------------------------------------------------
strategy: BEAM
iter: 10
epoch: 7
Test Loss: 0.3919
F1_overall: 0.6509
F1_AGENT: 0.7583
F1_TARGET: 0.5502
-----------------------------------------------------------
Epoch [9/15], Average Loss: 0.0447
-----------------------------------------------------------
strategy: BEAM
iter: 10
epoch: 8
Test Loss: 0.3829
F1_overall: 0.6407
F1_AGENT: 0.7488
F1_TARGET: 0.5375
-----------------------------------------------------------
Epoch [10/15], Average Loss: 0.0400
-----------------------------------------------------------
strategy: BEAM
iter: 10
epoch: 9
Test Loss: 0.3635
F1_overall: 0.6422
F1_AGENT: 0.7544
F1_TARGET: 0.5374
-----------------------------------------------------------
Epoch [11/15], Average Loss: 0.0374
-----------------------------------------------------------
strategy: BEAM
iter: 10
epoch: 10
Test Loss: 0.4200
F1_overall: 0.6324
F1_AGENT: 0.7473
F1_TARGET: 0.5233
-----------------------------------------------------------
Epoch [12/15], Average Loss: 0.0281
-----------------------------------------------------------
strategy: BEAM
iter: 10
epoch: 11
Test Loss: 0.4017
F1_overall: 0.6484
F1_AGENT: 0.7527
F1_TARGET: 0.5511
-----------------------------------------------------------
Epoch [13/15], Average Loss: 0.0220
-----------------------------------------------------------
strategy: BEAM
iter: 10
epoch: 12
Test Loss: 0.4500
F1_overall: 0.6443
F1_AGENT: 0.7557
F1_TARGET: 0.5441
-----------------------------------------------------------
Epoch [14/15], Average Loss: 0.0205
-----------------------------------------------------------
strategy: BEAM
iter: 10
epoch: 13
Test Loss: 0.4317
F1_overall: 0.6365
F1_AGENT: 0.7457
F1_TARGET: 0.5340
-----------------------------------------------------------
Epoch [15/15], Average Loss: 0.0249
-----------------------------------------------------------
strategy: BEAM
iter: 10
epoch: 14
Test Loss: 0.4391
F1_overall: 0.6404
F1_AGENT: 0.7516
F1_TARGET: 0.5371
-----------------------------------------------------------
annotated_samples_num: 1625
unannotated_samples_num: 1919
update datapool!
annotated_samples_num: 1625
unannotated_samples_num: 1919
iter: 11
annotated_samples_num: 1625
unannotated_samples_num: 1919
Epoch [1/15], Average Loss: 0.4009
-----------------------------------------------------------
strategy: BEAM
iter: 11
epoch: 0
Test Loss: 0.2466
F1_overall: 0.6007
F1_AGENT: 0.7111
F1_TARGET: 0.5022
-----------------------------------------------------------
Epoch [2/15], Average Loss: 0.2130
-----------------------------------------------------------
strategy: BEAM
iter: 11
epoch: 1
Test Loss: 0.6217
F1_overall: 0.4447
F1_AGENT: 0.5950
F1_TARGET: 0.2726
-----------------------------------------------------------
Epoch [3/15], Average Loss: 0.2943
-----------------------------------------------------------
strategy: BEAM
iter: 11
epoch: 2
Test Loss: 0.3274
F1_overall: 0.5998
F1_AGENT: 0.7135
F1_TARGET: 0.4871
-----------------------------------------------------------
Epoch [4/15], Average Loss: 0.1470
-----------------------------------------------------------
strategy: BEAM
iter: 11
epoch: 3
Test Loss: 0.2881
F1_overall: 0.6348
F1_AGENT: 0.7334
F1_TARGET: 0.5353
-----------------------------------------------------------
Epoch [5/15], Average Loss: 0.0942
-----------------------------------------------------------
strategy: BEAM
iter: 11
epoch: 4
Test Loss: 0.3072
F1_overall: 0.6419
F1_AGENT: 0.7468
F1_TARGET: 0.5406
-----------------------------------------------------------
Epoch [6/15], Average Loss: 0.0657
-----------------------------------------------------------
strategy: BEAM
iter: 11
epoch: 5
Test Loss: 0.3194
F1_overall: 0.6548
F1_AGENT: 0.7596
F1_TARGET: 0.5553
-----------------------------------------------------------
Epoch [7/15], Average Loss: 0.0508
-----------------------------------------------------------
strategy: BEAM
iter: 11
epoch: 6
Test Loss: 0.3644
F1_overall: 0.6470
F1_AGENT: 0.7467
F1_TARGET: 0.5536
-----------------------------------------------------------
Epoch [8/15], Average Loss: 0.0462
-----------------------------------------------------------
strategy: BEAM
iter: 11
epoch: 7
Test Loss: 0.3566
F1_overall: 0.6397
F1_AGENT: 0.7462
F1_TARGET: 0.5387
-----------------------------------------------------------
Epoch [9/15], Average Loss: 0.0310
-----------------------------------------------------------
strategy: BEAM
iter: 11
epoch: 8
Test Loss: 0.4312
F1_overall: 0.6446
F1_AGENT: 0.7467
F1_TARGET: 0.5478
-----------------------------------------------------------
Epoch [10/15], Average Loss: 0.0376
-----------------------------------------------------------
strategy: BEAM
iter: 11
epoch: 9
Test Loss: 0.3905
F1_overall: 0.6418
F1_AGENT: 0.7545
F1_TARGET: 0.5351
-----------------------------------------------------------
Epoch [11/15], Average Loss: 0.0447
-----------------------------------------------------------
strategy: BEAM
iter: 11
epoch: 10
Test Loss: 0.3945
F1_overall: 0.6484
F1_AGENT: 0.7524
F1_TARGET: 0.5487
-----------------------------------------------------------
Epoch [12/15], Average Loss: 0.0346
-----------------------------------------------------------
strategy: BEAM
iter: 11
epoch: 11
Test Loss: 0.4313
F1_overall: 0.6508
F1_AGENT: 0.7518
F1_TARGET: 0.5511
-----------------------------------------------------------
Epoch [13/15], Average Loss: 0.0260
-----------------------------------------------------------
strategy: BEAM
iter: 11
epoch: 12
Test Loss: 0.4479
F1_overall: 0.6274
F1_AGENT: 0.7348
F1_TARGET: 0.5203
-----------------------------------------------------------
Epoch [14/15], Average Loss: 0.0335
-----------------------------------------------------------
strategy: BEAM
iter: 11
epoch: 13
Test Loss: 0.4476
F1_overall: 0.6477
F1_AGENT: 0.7572
F1_TARGET: 0.5388
-----------------------------------------------------------
Epoch [15/15], Average Loss: 0.0299
-----------------------------------------------------------
strategy: BEAM
iter: 11
epoch: 14
Test Loss: 0.4065
F1_overall: 0.6491
F1_AGENT: 0.7564
F1_TARGET: 0.5441
-----------------------------------------------------------
annotated_samples_num: 1720
unannotated_samples_num: 1824
update datapool!
annotated_samples_num: 1720
unannotated_samples_num: 1824
strategy: OTHER
iter: 0
annotated_samples_num: 177
unannotated_samples_num: 3367
Epoch [1/15], Average Loss: 1.0908
