T5FineTunerWithAL init: use strategyRANDOM
strategy: MIN
iter: 0
annotated_samples_num: 177
unannotated_samples_num: 3367
Epoch [1/5], Batch [1/22], Loss: 2.8703
Epoch [1/5], Batch [2/22], Loss: 2.4771
Epoch [1/5], Batch [3/22], Loss: 1.6206
Epoch [1/5], Batch [4/22], Loss: 1.8914
Epoch [1/5], Batch [5/22], Loss: 1.6412
Epoch [1/5], Batch [6/22], Loss: 1.8064
Epoch [1/5], Batch [7/22], Loss: 1.2356
Epoch [1/5], Batch [8/22], Loss: 0.8021
Epoch [1/5], Batch [9/22], Loss: 1.1536
Epoch [1/5], Batch [10/22], Loss: 0.8783
Epoch [1/5], Batch [11/22], Loss: 0.5884
Epoch [1/5], Batch [12/22], Loss: 0.5290
Epoch [1/5], Batch [13/22], Loss: 0.5668
Epoch [1/5], Batch [14/22], Loss: 0.9253
Epoch [1/5], Batch [15/22], Loss: 0.4177
Epoch [1/5], Batch [16/22], Loss: 0.5834
Epoch [1/5], Batch [17/22], Loss: 0.3744
Epoch [1/5], Batch [18/22], Loss: 0.6763
Epoch [1/5], Batch [19/22], Loss: 0.4272
Epoch [1/5], Batch [20/22], Loss: 0.5838
Epoch [1/5], Batch [21/22], Loss: 0.3610
Epoch [1/5], Batch [22/22], Loss: 0.4717
Epoch [1/5], Average Loss: 1.0401
