T5FineTunerWithAL init: use strategyRANDOM
strategy: MIN
iter: 0
annotated_samples_num: 177
unannotated_samples_num: 3367
Epoch [1/5], Batch [1/22], Loss: 3.7589
Epoch [1/5], Batch [2/22], Loss: 2.6604
Epoch [1/5], Batch [3/22], Loss: 4.1355
Epoch [1/5], Batch [4/22], Loss: 3.0129
Epoch [1/5], Batch [5/22], Loss: 1.1656
Epoch [1/5], Batch [6/22], Loss: 1.4469
Epoch [1/5], Batch [7/22], Loss: 1.4955
Epoch [1/5], Batch [8/22], Loss: 1.2089
Epoch [1/5], Batch [9/22], Loss: 0.8152
Epoch [1/5], Batch [10/22], Loss: 1.1272
Epoch [1/5], Batch [11/22], Loss: 0.7465
Epoch [1/5], Batch [12/22], Loss: 0.7434
Epoch [1/5], Batch [13/22], Loss: 0.6223
Epoch [1/5], Batch [14/22], Loss: 0.6056
Epoch [1/5], Batch [15/22], Loss: 0.7457
Epoch [1/5], Batch [16/22], Loss: 0.5633
Epoch [1/5], Batch [17/22], Loss: 0.3219
Epoch [1/5], Batch [18/22], Loss: 0.3778
Epoch [1/5], Batch [19/22], Loss: 0.3628
Epoch [1/5], Batch [20/22], Loss: 0.3418
Epoch [1/5], Batch [21/22], Loss: 0.2663
Epoch [1/5], Batch [22/22], Loss: 0.2835
Epoch [1/5], Average Loss: 1.2185
-----------------------------------------------------------
strategy: MIN
iter: 0
epoch: 0
Validation Loss: 0.4683
F1_overall: 0.3793
F1_AGENT: 0.5450
F1_TARGET: 0.1841
-----------------------------------------------------------
Epoch [2/5], Batch [1/22], Loss: 0.4729
Epoch [2/5], Batch [2/22], Loss: 0.3427
Epoch [2/5], Batch [3/22], Loss: 0.5360
Epoch [2/5], Batch [4/22], Loss: 0.4759
Epoch [2/5], Batch [5/22], Loss: 0.2938
Epoch [2/5], Batch [6/22], Loss: 0.4423
Epoch [2/5], Batch [7/22], Loss: 0.2894
Epoch [2/5], Batch [8/22], Loss: 0.2771
Epoch [2/5], Batch [9/22], Loss: 0.1656
Epoch [2/5], Batch [10/22], Loss: 0.4537
Epoch [2/5], Batch [11/22], Loss: 0.2752
Epoch [2/5], Batch [12/22], Loss: 0.2650
Epoch [2/5], Batch [13/22], Loss: 0.2515
Epoch [2/5], Batch [14/22], Loss: 0.1717
Epoch [2/5], Batch [15/22], Loss: 0.2573
Epoch [2/5], Batch [16/22], Loss: 0.2438
Epoch [2/5], Batch [17/22], Loss: 0.2048
Epoch [2/5], Batch [18/22], Loss: 0.2544
Epoch [2/5], Batch [19/22], Loss: 0.2009
Epoch [2/5], Batch [20/22], Loss: 0.1789
Epoch [2/5], Batch [21/22], Loss: 0.1612
Epoch [2/5], Batch [22/22], Loss: 0.1452
Epoch [2/5], Average Loss: 0.2890
-----------------------------------------------------------
strategy: MIN
iter: 0
epoch: 1
Validation Loss: 0.4216
F1_overall: 0.4271
F1_AGENT: 0.5793
F1_TARGET: 0.2540
-----------------------------------------------------------
Epoch [3/5], Batch [1/22], Loss: 0.1870
Epoch [3/5], Batch [2/22], Loss: 0.1080
Epoch [3/5], Batch [3/22], Loss: 0.2020
Epoch [3/5], Batch [4/22], Loss: 0.2978
Epoch [3/5], Batch [5/22], Loss: 0.1039
Epoch [3/5], Batch [6/22], Loss: 0.2024
Epoch [3/5], Batch [7/22], Loss: 0.1108
Epoch [3/5], Batch [8/22], Loss: 0.1723
Epoch [3/5], Batch [9/22], Loss: 0.1386
Epoch [3/5], Batch [10/22], Loss: 0.2873
Epoch [3/5], Batch [11/22], Loss: 0.1721
Epoch [3/5], Batch [12/22], Loss: 0.1269
Epoch [3/5], Batch [13/22], Loss: 0.0646
Epoch [3/5], Batch [14/22], Loss: 0.0857
Epoch [3/5], Batch [15/22], Loss: 0.1403
Epoch [3/5], Batch [16/22], Loss: 0.1327
Epoch [3/5], Batch [17/22], Loss: 0.1530
Epoch [3/5], Batch [18/22], Loss: 0.1401
Epoch [3/5], Batch [19/22], Loss: 0.1633
Epoch [3/5], Batch [20/22], Loss: 0.1050
Epoch [3/5], Batch [21/22], Loss: 0.1033
Epoch [3/5], Batch [22/22], Loss: 0.1011
Epoch [3/5], Average Loss: 0.1499
-----------------------------------------------------------
strategy: MIN
iter: 0
epoch: 2
Validation Loss: 0.3769
F1_overall: 0.4698
F1_AGENT: 0.6325
F1_TARGET: 0.2821
-----------------------------------------------------------
Epoch [4/5], Batch [1/22], Loss: 0.1351
Epoch [4/5], Batch [2/22], Loss: 0.0684
Epoch [4/5], Batch [3/22], Loss: 0.1186
Epoch [4/5], Batch [4/22], Loss: 0.1202
Epoch [4/5], Batch [5/22], Loss: 0.0969
Epoch [4/5], Batch [6/22], Loss: 0.0739
Epoch [4/5], Batch [7/22], Loss: 0.0981
Epoch [4/5], Batch [8/22], Loss: 0.1132
Epoch [4/5], Batch [9/22], Loss: 0.0532
Epoch [4/5], Batch [10/22], Loss: 0.1810
Epoch [4/5], Batch [11/22], Loss: 0.1235
Epoch [4/5], Batch [12/22], Loss: 0.1150
Epoch [4/5], Batch [13/22], Loss: 0.1441
Epoch [4/5], Batch [14/22], Loss: 0.0555
Epoch [4/5], Batch [15/22], Loss: 0.0934
Epoch [4/5], Batch [16/22], Loss: 0.0769
Epoch [4/5], Batch [17/22], Loss: 0.1228
Epoch [4/5], Batch [18/22], Loss: 0.2227
Epoch [4/5], Batch [19/22], Loss: 0.1561
Epoch [4/5], Batch [20/22], Loss: 0.1602
Epoch [4/5], Batch [21/22], Loss: 0.1269
Epoch [4/5], Batch [22/22], Loss: 0.1136
Epoch [4/5], Average Loss: 0.1168
-----------------------------------------------------------
strategy: MIN
iter: 0
epoch: 3
Validation Loss: 0.3795
F1_overall: 0.4871
F1_AGENT: 0.6160
F1_TARGET: 0.3475
-----------------------------------------------------------
Epoch [5/5], Batch [1/22], Loss: 0.0700
Epoch [5/5], Batch [2/22], Loss: 0.0477
Epoch [5/5], Batch [3/22], Loss: 0.0658
Epoch [5/5], Batch [4/22], Loss: 0.1028
Epoch [5/5], Batch [5/22], Loss: 0.1797
Epoch [5/5], Batch [6/22], Loss: 0.0796
Epoch [5/5], Batch [7/22], Loss: 0.1252
Epoch [5/5], Batch [8/22], Loss: 0.0564
Epoch [5/5], Batch [9/22], Loss: 0.0596
Epoch [5/5], Batch [10/22], Loss: 0.0957
Epoch [5/5], Batch [11/22], Loss: 0.2059
Epoch [5/5], Batch [12/22], Loss: 0.0868
Epoch [5/5], Batch [13/22], Loss: 0.0936
Epoch [5/5], Batch [14/22], Loss: 0.0807
Epoch [5/5], Batch [15/22], Loss: 0.0817
Epoch [5/5], Batch [16/22], Loss: 0.0541
Epoch [5/5], Batch [17/22], Loss: 0.0950
Epoch [5/5], Batch [18/22], Loss: 0.0729
Epoch [5/5], Batch [19/22], Loss: 0.1245
Epoch [5/5], Batch [20/22], Loss: 0.0662
Epoch [5/5], Batch [21/22], Loss: 0.0743
Epoch [5/5], Batch [22/22], Loss: 0.0650
Epoch [5/5], Average Loss: 0.0902
-----------------------------------------------------------
strategy: MIN
iter: 0
epoch: 4
Validation Loss: 0.3839
F1_overall: 0.4706
F1_AGENT: 0.6236
F1_TARGET: 0.2874
-----------------------------------------------------------
annotated_samples_num: 244
unannotated_samples_num: 3300
update datapool!
annotated_samples_num: 244
unannotated_samples_num: 3300
iter: 1
annotated_samples_num: 244
unannotated_samples_num: 3300
Epoch [1/5], Batch [1/30], Loss: 3.7589
Epoch [1/5], Batch [2/30], Loss: 2.6604
Epoch [1/5], Batch [3/30], Loss: 4.1355
Epoch [1/5], Batch [4/30], Loss: 3.0129
Epoch [1/5], Batch [5/30], Loss: 1.1656
Epoch [1/5], Batch [6/30], Loss: 1.4469
Epoch [1/5], Batch [7/30], Loss: 1.4955
Epoch [1/5], Batch [8/30], Loss: 1.2089
Epoch [1/5], Batch [9/30], Loss: 0.8152
Epoch [1/5], Batch [10/30], Loss: 1.1272
Epoch [1/5], Batch [11/30], Loss: 0.7465
Epoch [1/5], Batch [12/30], Loss: 0.7434
Epoch [1/5], Batch [13/30], Loss: 0.6223
Epoch [1/5], Batch [14/30], Loss: 0.6056
Epoch [1/5], Batch [15/30], Loss: 0.7457
Epoch [1/5], Batch [16/30], Loss: 0.5633
Epoch [1/5], Batch [17/30], Loss: 0.3219
Epoch [1/5], Batch [18/30], Loss: 0.3778
Epoch [1/5], Batch [19/30], Loss: 0.3628
Epoch [1/5], Batch [20/30], Loss: 0.3418
Epoch [1/5], Batch [21/30], Loss: 0.2663
Epoch [1/5], Batch [22/30], Loss: 0.2835
Epoch [1/5], Batch [23/30], Loss: 0.7810
Epoch [1/5], Batch [24/30], Loss: 0.5742
Epoch [1/5], Batch [25/30], Loss: 0.7089
Epoch [1/5], Batch [26/30], Loss: 1.1770
Epoch [1/5], Batch [27/30], Loss: 0.5020
Epoch [1/5], Batch [28/30], Loss: 0.3702
Epoch [1/5], Batch [29/30], Loss: 0.3203
Epoch [1/5], Batch [30/30], Loss: 0.5818
Epoch [1/5], Average Loss: 1.0608
-----------------------------------------------------------
strategy: MIN
iter: 1
epoch: 0
Validation Loss: 0.3973
F1_overall: 0.2744
F1_AGENT: 0.2667
F1_TARGET: 0.2788
-----------------------------------------------------------
Epoch [2/5], Batch [1/30], Loss: 0.4590
Epoch [2/5], Batch [2/30], Loss: 0.3366
Epoch [2/5], Batch [3/30], Loss: 0.4770
Epoch [2/5], Batch [4/30], Loss: 0.3929
Epoch [2/5], Batch [5/30], Loss: 0.2327
Epoch [2/5], Batch [6/30], Loss: 0.3978
Epoch [2/5], Batch [7/30], Loss: 0.3150
Epoch [2/5], Batch [8/30], Loss: 0.2921
Epoch [2/5], Batch [9/30], Loss: 0.1897
Epoch [2/5], Batch [10/30], Loss: 0.4087
Epoch [2/5], Batch [11/30], Loss: 0.2323
Epoch [2/5], Batch [12/30], Loss: 0.2583
Epoch [2/5], Batch [13/30], Loss: 0.2070
Epoch [2/5], Batch [14/30], Loss: 0.1857
Epoch [2/5], Batch [15/30], Loss: 0.2771
Epoch [2/5], Batch [16/30], Loss: 0.2765
Epoch [2/5], Batch [17/30], Loss: 0.2303
Epoch [2/5], Batch [18/30], Loss: 0.1993
Epoch [2/5], Batch [19/30], Loss: 0.1876
Epoch [2/5], Batch [20/30], Loss: 0.1819
Epoch [2/5], Batch [21/30], Loss: 0.1779
Epoch [2/5], Batch [22/30], Loss: 0.2212
Epoch [2/5], Batch [23/30], Loss: 0.2877
Epoch [2/5], Batch [24/30], Loss: 0.3175
Epoch [2/5], Batch [25/30], Loss: 0.2840
Epoch [2/5], Batch [26/30], Loss: 0.5699
Epoch [2/5], Batch [27/30], Loss: 0.2189
Epoch [2/5], Batch [28/30], Loss: 0.2126
Epoch [2/5], Batch [29/30], Loss: 0.1662
Epoch [2/5], Batch [30/30], Loss: 0.2737
Epoch [2/5], Average Loss: 0.2822
-----------------------------------------------------------
strategy: MIN
iter: 1
epoch: 1
Validation Loss: 0.3416
F1_overall: 0.4125
F1_AGENT: 0.5674
F1_TARGET: 0.2656
-----------------------------------------------------------
Epoch [3/5], Batch [1/30], Loss: 0.2283
Epoch [3/5], Batch [2/30], Loss: 0.1448
Epoch [3/5], Batch [3/30], Loss: 0.2297
Epoch [3/5], Batch [4/30], Loss: 0.1909
Epoch [3/5], Batch [5/30], Loss: 0.1299
Epoch [3/5], Batch [6/30], Loss: 0.1653
Epoch [3/5], Batch [7/30], Loss: 0.1763
Epoch [3/5], Batch [8/30], Loss: 0.1868
Epoch [3/5], Batch [9/30], Loss: 0.1006
Epoch [3/5], Batch [10/30], Loss: 0.2587
Epoch [3/5], Batch [11/30], Loss: 0.1587
Epoch [3/5], Batch [12/30], Loss: 0.1341
Epoch [3/5], Batch [13/30], Loss: 0.1846
Epoch [3/5], Batch [14/30], Loss: 0.1349
Epoch [3/5], Batch [15/30], Loss: 0.0988
Epoch [3/5], Batch [16/30], Loss: 0.0840
Epoch [3/5], Batch [17/30], Loss: 0.0953
Epoch [3/5], Batch [18/30], Loss: 0.1528
Epoch [3/5], Batch [19/30], Loss: 0.1023
Epoch [3/5], Batch [20/30], Loss: 0.0898
Epoch [3/5], Batch [21/30], Loss: 0.0913
Epoch [3/5], Batch [22/30], Loss: 0.0910
Epoch [3/5], Batch [23/30], Loss: 0.1116
Epoch [3/5], Batch [24/30], Loss: 0.1691
Epoch [3/5], Batch [25/30], Loss: 0.1508
Epoch [3/5], Batch [26/30], Loss: 0.2098
Epoch [3/5], Batch [27/30], Loss: 0.1772
Epoch [3/5], Batch [28/30], Loss: 0.1619
Epoch [3/5], Batch [29/30], Loss: 0.0980
Epoch [3/5], Batch [30/30], Loss: 0.1464
Epoch [3/5], Average Loss: 0.1485
-----------------------------------------------------------
strategy: MIN
iter: 1
epoch: 2
Validation Loss: 0.3473
F1_overall: 0.4642
F1_AGENT: 0.6265
F1_TARGET: 0.3019
-----------------------------------------------------------
Epoch [4/5], Batch [1/30], Loss: 0.1153
Epoch [4/5], Batch [2/30], Loss: 0.0691
Epoch [4/5], Batch [3/30], Loss: 0.1089
Epoch [4/5], Batch [4/30], Loss: 0.0462
Epoch [4/5], Batch [5/30], Loss: 0.0662
Epoch [4/5], Batch [6/30], Loss: 0.0888
Epoch [4/5], Batch [7/30], Loss: 0.1024
Epoch [4/5], Batch [8/30], Loss: 0.0949
Epoch [4/5], Batch [9/30], Loss: 0.0589
Epoch [4/5], Batch [10/30], Loss: 0.0779
Epoch [4/5], Batch [11/30], Loss: 0.1432
Epoch [4/5], Batch [12/30], Loss: 0.1015
Epoch [4/5], Batch [13/30], Loss: 0.0943
Epoch [4/5], Batch [14/30], Loss: 0.0679
Epoch [4/5], Batch [15/30], Loss: 0.0549
Epoch [4/5], Batch [16/30], Loss: 0.1151
Epoch [4/5], Batch [17/30], Loss: 0.1423
Epoch [4/5], Batch [18/30], Loss: 0.1591
Epoch [4/5], Batch [19/30], Loss: 0.1045
Epoch [4/5], Batch [20/30], Loss: 0.1222
Epoch [4/5], Batch [21/30], Loss: 0.0806
Epoch [4/5], Batch [22/30], Loss: 0.0585
Epoch [4/5], Batch [23/30], Loss: 0.0673
Epoch [4/5], Batch [24/30], Loss: 0.0952
Epoch [4/5], Batch [25/30], Loss: 0.1032
Epoch [4/5], Batch [26/30], Loss: 0.0860
Epoch [4/5], Batch [27/30], Loss: 0.1294
Epoch [4/5], Batch [28/30], Loss: 0.0626
Epoch [4/5], Batch [29/30], Loss: 0.0402
Epoch [4/5], Batch [30/30], Loss: 0.1259
Epoch [4/5], Average Loss: 0.0928
-----------------------------------------------------------
strategy: MIN
iter: 1
epoch: 3
Validation Loss: 0.3641
F1_overall: 0.4815
F1_AGENT: 0.6416
F1_TARGET: 0.3171
-----------------------------------------------------------
Epoch [5/5], Batch [1/30], Loss: 0.1138
Epoch [5/5], Batch [2/30], Loss: 0.0562
Epoch [5/5], Batch [3/30], Loss: 0.0914
Epoch [5/5], Batch [4/30], Loss: 0.0958
Epoch [5/5], Batch [5/30], Loss: 0.0335
Epoch [5/5], Batch [6/30], Loss: 0.1046
Epoch [5/5], Batch [7/30], Loss: 0.0587
Epoch [5/5], Batch [8/30], Loss: 0.0885
Epoch [5/5], Batch [9/30], Loss: 0.0338
Epoch [5/5], Batch [10/30], Loss: 0.0917
Epoch [5/5], Batch [11/30], Loss: 0.0806
Epoch [5/5], Batch [12/30], Loss: 0.0580
Epoch [5/5], Batch [13/30], Loss: 0.0511
Epoch [5/5], Batch [14/30], Loss: 0.0411
Epoch [5/5], Batch [15/30], Loss: 0.0915
Epoch [5/5], Batch [16/30], Loss: 0.0518
Epoch [5/5], Batch [17/30], Loss: 0.0346
Epoch [5/5], Batch [18/30], Loss: 0.1120
Epoch [5/5], Batch [19/30], Loss: 0.1049
Epoch [5/5], Batch [20/30], Loss: 0.0455
Epoch [5/5], Batch [21/30], Loss: 0.0982
Epoch [5/5], Batch [22/30], Loss: 0.0468
Epoch [5/5], Batch [23/30], Loss: 0.1808
Epoch [5/5], Batch [24/30], Loss: 0.0831
Epoch [5/5], Batch [25/30], Loss: 0.0524
Epoch [5/5], Batch [26/30], Loss: 0.0775
Epoch [5/5], Batch [27/30], Loss: 0.0425
Epoch [5/5], Batch [28/30], Loss: 0.0703
Epoch [5/5], Batch [29/30], Loss: 0.0267
Epoch [5/5], Batch [30/30], Loss: 0.0324
Epoch [5/5], Average Loss: 0.0717
