strategy: OTHER
iter: 0
annotated_samples_num: 177
unannotated_samples_num: 3367
Epoch [1/15], Average Loss: 1.2185
-----------------------------------------------------------
strategy: OTHER
iter: 0
epoch: 0
Test Loss: 0.4632
F1_overall: 0.3982
F1_AGENT: 0.5468
F1_TARGET: 0.2358
-----------------------------------------------------------
Epoch [2/15], Average Loss: 0.2890
-----------------------------------------------------------
strategy: OTHER
iter: 0
epoch: 1
Test Loss: 0.4229
F1_overall: 0.4649
F1_AGENT: 0.5915
F1_TARGET: 0.3329
-----------------------------------------------------------
Epoch [3/15], Average Loss: 0.1499
-----------------------------------------------------------
strategy: OTHER
iter: 0
epoch: 2
Test Loss: 0.3845
F1_overall: 0.5158
F1_AGENT: 0.6346
F1_TARGET: 0.3954
-----------------------------------------------------------
Epoch [4/15], Average Loss: 0.1168
-----------------------------------------------------------
strategy: OTHER
iter: 0
epoch: 3
Test Loss: 0.3777
F1_overall: 0.5433
F1_AGENT: 0.6320
F1_TARGET: 0.4555
-----------------------------------------------------------
Epoch [5/15], Average Loss: 0.0902
-----------------------------------------------------------
strategy: OTHER
iter: 0
epoch: 4
Test Loss: 0.3874
F1_overall: 0.5044
F1_AGENT: 0.6235
F1_TARGET: 0.3817
-----------------------------------------------------------
Epoch [6/15], Average Loss: 0.0615
-----------------------------------------------------------
strategy: OTHER
iter: 0
epoch: 5
Test Loss: 0.4374
F1_overall: 0.5018
F1_AGENT: 0.5701
F1_TARGET: 0.4481
-----------------------------------------------------------
[(0, 0.0), (2, 0.0), (5, 0.0), (9, 0.0), (11, 0.0), (12, 0.0), (13, 0.0), (16, 0.0), (17, 0.0), (18, 0.0)]
annotated_samples_num: 345
unannotated_samples_num: 3199
update datapool!
annotated_samples_num: 345
unannotated_samples_num: 3199
iter: 1
annotated_samples_num: 345
unannotated_samples_num: 3199
Epoch [1/15], Average Loss: 0.7206
-----------------------------------------------------------
strategy: OTHER
iter: 1
epoch: 0
Test Loss: 0.3145
F1_overall: 0.5245
F1_AGENT: 0.6524
F1_TARGET: 0.4021
-----------------------------------------------------------
Epoch [2/15], Average Loss: 0.2311
-----------------------------------------------------------
strategy: OTHER
iter: 1
epoch: 1
Test Loss: 0.3257
F1_overall: 0.4895
F1_AGENT: 0.6318
F1_TARGET: 0.3634
-----------------------------------------------------------
Epoch [3/15], Average Loss: 0.1611
-----------------------------------------------------------
strategy: OTHER
iter: 1
epoch: 2
Test Loss: 0.3621
F1_overall: 0.5465
F1_AGENT: 0.6664
F1_TARGET: 0.4077
-----------------------------------------------------------
Epoch [4/15], Average Loss: 0.1120
-----------------------------------------------------------
strategy: OTHER
iter: 1
epoch: 3
Test Loss: 0.4105
F1_overall: 0.5365
F1_AGENT: 0.6731
F1_TARGET: 0.4153
-----------------------------------------------------------
Epoch [5/15], Average Loss: 0.0891
-----------------------------------------------------------
strategy: OTHER
iter: 1
epoch: 4
Test Loss: 0.3679
F1_overall: 0.5747
F1_AGENT: 0.7061
F1_TARGET: 0.4538
-----------------------------------------------------------
Epoch [6/15], Average Loss: 0.0591
-----------------------------------------------------------
strategy: OTHER
iter: 1
epoch: 5
Test Loss: 0.4262
F1_overall: 0.5865
F1_AGENT: 0.6967
F1_TARGET: 0.4853
-----------------------------------------------------------
[(0, 0.0), (2, 0.0), (6, 0.0), (20, 0.0), (24, 0.0), (25, 0.0), (33, 0.0), (36, 0.0), (37, 0.0), (39, 0.0)]
annotated_samples_num: 504
unannotated_samples_num: 3040
update datapool!
annotated_samples_num: 504
unannotated_samples_num: 3040
iter: 2
annotated_samples_num: 504
unannotated_samples_num: 3040
Epoch [1/15], Average Loss: 0.6113
-----------------------------------------------------------
strategy: OTHER
iter: 2
epoch: 0
Test Loss: 0.3287
F1_overall: 0.5502
F1_AGENT: 0.6632
F1_TARGET: 0.4573
-----------------------------------------------------------
Epoch [2/15], Average Loss: 0.2490
-----------------------------------------------------------
strategy: OTHER
iter: 2
epoch: 1
Test Loss: 0.2840
F1_overall: 0.5696
F1_AGENT: 0.6696
F1_TARGET: 0.4704
-----------------------------------------------------------
Epoch [3/15], Average Loss: 0.1612
-----------------------------------------------------------
strategy: OTHER
iter: 2
epoch: 2
Test Loss: 0.3150
F1_overall: 0.5604
F1_AGENT: 0.6538
F1_TARGET: 0.4687
-----------------------------------------------------------
Epoch [4/15], Average Loss: 0.1181
-----------------------------------------------------------
strategy: OTHER
iter: 2
epoch: 3
Test Loss: 0.3349
F1_overall: 0.5777
F1_AGENT: 0.6992
F1_TARGET: 0.4651
-----------------------------------------------------------
Epoch [5/15], Average Loss: 0.0831
-----------------------------------------------------------
strategy: OTHER
iter: 2
epoch: 4
Test Loss: 0.3682
F1_overall: 0.5733
F1_AGENT: 0.7036
F1_TARGET: 0.4431
-----------------------------------------------------------
Epoch [6/15], Average Loss: 0.0662
-----------------------------------------------------------
strategy: OTHER
iter: 2
epoch: 5
Test Loss: 0.3958
F1_overall: 0.5751
F1_AGENT: 0.6730
F1_TARGET: 0.4870
-----------------------------------------------------------
[(20, 0.0), (27, 0.0), (30, 0.0), (38, 0.0), (40, 0.0), (42, 0.0), (44, 0.0), (45, 0.0), (50, 0.0), (54, 0.0)]
annotated_samples_num: 656
unannotated_samples_num: 2888
update datapool!
annotated_samples_num: 656
unannotated_samples_num: 2888
iter: 3
annotated_samples_num: 656
unannotated_samples_num: 2888
Epoch [1/15], Average Loss: 0.5849
-----------------------------------------------------------
strategy: OTHER
iter: 3
epoch: 0
Test Loss: 0.2786
F1_overall: 0.5658
F1_AGENT: 0.6919
F1_TARGET: 0.4431
-----------------------------------------------------------
Epoch [2/15], Average Loss: 0.2624
-----------------------------------------------------------
strategy: OTHER
iter: 3
epoch: 1
Test Loss: 0.2981
F1_overall: 0.5658
F1_AGENT: 0.6841
F1_TARGET: 0.4440
-----------------------------------------------------------
Epoch [3/15], Average Loss: 0.1807
-----------------------------------------------------------
strategy: OTHER
iter: 3
epoch: 2
Test Loss: 0.3140
F1_overall: 0.5868
F1_AGENT: 0.6929
F1_TARGET: 0.4856
-----------------------------------------------------------
Epoch [4/15], Average Loss: 0.1279
-----------------------------------------------------------
strategy: OTHER
iter: 3
epoch: 3
Test Loss: 0.3739
F1_overall: 0.5291
F1_AGENT: 0.6499
F1_TARGET: 0.4116
-----------------------------------------------------------
Epoch [5/15], Average Loss: 0.1003
-----------------------------------------------------------
strategy: OTHER
iter: 3
epoch: 4
Test Loss: 0.3518
F1_overall: 0.5773
F1_AGENT: 0.6868
F1_TARGET: 0.4804
-----------------------------------------------------------
Epoch [6/15], Average Loss: 0.0763
-----------------------------------------------------------
strategy: OTHER
iter: 3
epoch: 5
Test Loss: 0.3676
F1_overall: 0.6020
F1_AGENT: 0.7090
F1_TARGET: 0.4992
-----------------------------------------------------------
[(7, 0.0), (31, 0.0), (48, 0.0), (53, 0.0), (64, 0.0), (72, 0.0), (78, 0.0), (79, 0.0), (81, 0.0), (82, 0.0)]
annotated_samples_num: 800
unannotated_samples_num: 2744
update datapool!
annotated_samples_num: 800
unannotated_samples_num: 2744
iter: 4
annotated_samples_num: 800
unannotated_samples_num: 2744
Epoch [1/15], Average Loss: 0.5557
-----------------------------------------------------------
strategy: OTHER
iter: 4
epoch: 0
Test Loss: 0.2723
F1_overall: 0.5675
F1_AGENT: 0.6761
F1_TARGET: 0.4609
-----------------------------------------------------------
Epoch [2/15], Average Loss: 0.2553
-----------------------------------------------------------
strategy: OTHER
iter: 4
epoch: 1
Test Loss: 0.2941
F1_overall: 0.5598
F1_AGENT: 0.6716
F1_TARGET: 0.4525
-----------------------------------------------------------
Epoch [3/15], Average Loss: 0.1907
-----------------------------------------------------------
strategy: OTHER
iter: 4
epoch: 2
Test Loss: 0.3228
F1_overall: 0.5625
F1_AGENT: 0.7046
F1_TARGET: 0.4049
-----------------------------------------------------------
Epoch [4/15], Average Loss: 0.1382
-----------------------------------------------------------
strategy: OTHER
iter: 4
epoch: 3
Test Loss: 0.3144
F1_overall: 0.5917
F1_AGENT: 0.6927
F1_TARGET: 0.4922
-----------------------------------------------------------
Epoch [5/15], Average Loss: 0.0972
-----------------------------------------------------------
strategy: OTHER
iter: 4
epoch: 4
Test Loss: 0.3399
F1_overall: 0.6000
F1_AGENT: 0.7083
F1_TARGET: 0.4878
-----------------------------------------------------------
Epoch [6/15], Average Loss: 0.0705
-----------------------------------------------------------
strategy: OTHER
iter: 4
epoch: 5
Test Loss: 0.3434
F1_overall: 0.6082
F1_AGENT: 0.7286
F1_TARGET: 0.4852
-----------------------------------------------------------
Epoch [7/15], Average Loss: 0.0595
-----------------------------------------------------------
strategy: OTHER
iter: 4
epoch: 6
Test Loss: 0.3766
F1_overall: 0.5964
F1_AGENT: 0.7021
F1_TARGET: 0.4967
-----------------------------------------------------------
Epoch [8/15], Average Loss: 0.0486
-----------------------------------------------------------
strategy: OTHER
iter: 4
epoch: 7
Test Loss: 0.3918
F1_overall: 0.6058
F1_AGENT: 0.7269
F1_TARGET: 0.4846
-----------------------------------------------------------
Epoch [9/15], Average Loss: 0.0474
-----------------------------------------------------------
strategy: OTHER
iter: 4
epoch: 8
Test Loss: 0.4046
F1_overall: 0.5949
F1_AGENT: 0.7141
F1_TARGET: 0.4886
-----------------------------------------------------------
Epoch [10/15], Average Loss: 0.0466
-----------------------------------------------------------
strategy: OTHER
iter: 4
epoch: 9
Test Loss: 0.4302
F1_overall: 0.6059
F1_AGENT: 0.7165
F1_TARGET: 0.4974
-----------------------------------------------------------
[(9, 0.0), (37, 0.0), (45, 0.0), (63, 0.0), (89, 0.0), (101, 0.0), (124, 0.0), (148, 0.0), (166, 0.0), (172, 0.0)]
annotated_samples_num: 937
unannotated_samples_num: 2607
update datapool!
annotated_samples_num: 937
unannotated_samples_num: 2607
iter: 5
annotated_samples_num: 937
unannotated_samples_num: 2607
Epoch [1/15], Average Loss: 0.5349
-----------------------------------------------------------
strategy: OTHER
iter: 5
epoch: 0
Test Loss: 0.2732
F1_overall: 0.5811
F1_AGENT: 0.7037
F1_TARGET: 0.4699
-----------------------------------------------------------
Epoch [2/15], Average Loss: 0.2385
-----------------------------------------------------------
strategy: OTHER
iter: 5
epoch: 1
Test Loss: 0.2726
F1_overall: 0.5925
F1_AGENT: 0.6979
F1_TARGET: 0.4925
-----------------------------------------------------------
Epoch [3/15], Average Loss: 0.1795
-----------------------------------------------------------
strategy: OTHER
iter: 5
epoch: 2
Test Loss: 0.3069
F1_overall: 0.5604
F1_AGENT: 0.6369
F1_TARGET: 0.4936
-----------------------------------------------------------
Epoch [4/15], Average Loss: 0.1361
-----------------------------------------------------------
strategy: OTHER
iter: 5
epoch: 3
Test Loss: 0.3088
F1_overall: 0.6001
F1_AGENT: 0.7003
F1_TARGET: 0.5062
-----------------------------------------------------------
Epoch [5/15], Average Loss: 0.0956
-----------------------------------------------------------
strategy: OTHER
iter: 5
epoch: 4
Test Loss: 0.3270
F1_overall: 0.6192
F1_AGENT: 0.7270
F1_TARGET: 0.5087
-----------------------------------------------------------
Epoch [6/15], Average Loss: 0.0728
-----------------------------------------------------------
strategy: OTHER
iter: 5
epoch: 5
Test Loss: 0.3412
F1_overall: 0.6066
F1_AGENT: 0.7166
F1_TARGET: 0.5061
-----------------------------------------------------------
Epoch [7/15], Average Loss: 0.0608
-----------------------------------------------------------
strategy: OTHER
iter: 5
epoch: 6
Test Loss: 0.3707
F1_overall: 0.6266
F1_AGENT: 0.7317
F1_TARGET: 0.5206
-----------------------------------------------------------
Epoch [8/15], Average Loss: 0.0396
-----------------------------------------------------------
strategy: OTHER
iter: 5
epoch: 7
Test Loss: 0.3752
F1_overall: 0.6346
F1_AGENT: 0.7381
F1_TARGET: 0.5292
-----------------------------------------------------------
Epoch [9/15], Average Loss: 0.0302
-----------------------------------------------------------
strategy: OTHER
iter: 5
epoch: 8
Test Loss: 0.4204
F1_overall: 0.6164
F1_AGENT: 0.7178
F1_TARGET: 0.5219
-----------------------------------------------------------
Epoch [10/15], Average Loss: 0.0278
-----------------------------------------------------------
strategy: OTHER
iter: 5
epoch: 9
Test Loss: 0.4266
F1_overall: 0.6275
F1_AGENT: 0.7277
F1_TARGET: 0.5349
-----------------------------------------------------------
[(21, 0.0), (31, 0.0), (68, 0.0), (88, 0.0), (92, 0.0), (94, 0.0), (99, 0.0), (105, 0.0), (153, 0.0), (171, 0.0)]
annotated_samples_num: 1067
unannotated_samples_num: 2477
update datapool!
annotated_samples_num: 1067
unannotated_samples_num: 2477
iter: 6
annotated_samples_num: 1067
unannotated_samples_num: 2477
Epoch [1/15], Average Loss: 0.5216
-----------------------------------------------------------
strategy: OTHER
iter: 6
epoch: 0
Test Loss: 0.2789
F1_overall: 0.5311
F1_AGENT: 0.6442
F1_TARGET: 0.4378
-----------------------------------------------------------
Epoch [2/15], Average Loss: 0.2549
-----------------------------------------------------------
strategy: OTHER
iter: 6
epoch: 1
Test Loss: 0.2937
F1_overall: 0.5950
F1_AGENT: 0.7087
F1_TARGET: 0.4809
-----------------------------------------------------------
Epoch [3/15], Average Loss: 0.1863
-----------------------------------------------------------
strategy: OTHER
iter: 6
epoch: 2
Test Loss: 0.2962
F1_overall: 0.6034
F1_AGENT: 0.7159
F1_TARGET: 0.4881
-----------------------------------------------------------
Epoch [4/15], Average Loss: 0.1274
-----------------------------------------------------------
strategy: OTHER
iter: 6
epoch: 3
Test Loss: 0.2913
F1_overall: 0.6268
F1_AGENT: 0.7411
F1_TARGET: 0.5170
-----------------------------------------------------------
Epoch [5/15], Average Loss: 0.1051
-----------------------------------------------------------
strategy: OTHER
iter: 6
epoch: 4
Test Loss: 0.3277
F1_overall: 0.6141
F1_AGENT: 0.7256
F1_TARGET: 0.5089
-----------------------------------------------------------
Epoch [6/15], Average Loss: 0.0920
-----------------------------------------------------------
strategy: OTHER
iter: 6
epoch: 5
Test Loss: 0.3418
F1_overall: 0.6252
F1_AGENT: 0.7270
F1_TARGET: 0.5326
-----------------------------------------------------------
Epoch [7/15], Average Loss: 0.0602
-----------------------------------------------------------
strategy: OTHER
iter: 6
epoch: 6
Test Loss: 0.3612
F1_overall: 0.6114
F1_AGENT: 0.7277
F1_TARGET: 0.4994
-----------------------------------------------------------
Epoch [8/15], Average Loss: 0.0437
-----------------------------------------------------------
strategy: OTHER
iter: 6
epoch: 7
Test Loss: 0.3870
F1_overall: 0.6307
F1_AGENT: 0.7408
F1_TARGET: 0.5198
-----------------------------------------------------------
Epoch [9/15], Average Loss: 0.0376
-----------------------------------------------------------
strategy: OTHER
iter: 6
epoch: 8
Test Loss: 0.4127
F1_overall: 0.6245
F1_AGENT: 0.7421
F1_TARGET: 0.5173
-----------------------------------------------------------
Epoch [10/15], Average Loss: 0.0349
-----------------------------------------------------------
strategy: OTHER
iter: 6
epoch: 9
Test Loss: 0.4449
F1_overall: 0.6281
F1_AGENT: 0.7335
F1_TARGET: 0.5236
-----------------------------------------------------------
[(10, 0.0), (43, 0.0), (120, 0.0), (133, 0.0), (134, 0.0), (172, 0.0), (176, 0.0), (218, 0.0), (234, 0.0), (245, 0.0)]
annotated_samples_num: 1190
unannotated_samples_num: 2354
update datapool!
annotated_samples_num: 1190
unannotated_samples_num: 2354
iter: 7
annotated_samples_num: 1190
unannotated_samples_num: 2354
Epoch [1/15], Average Loss: 0.4788
-----------------------------------------------------------
strategy: OTHER
iter: 7
epoch: 0
Test Loss: 0.2835
F1_overall: 0.5578
F1_AGENT: 0.6684
F1_TARGET: 0.4586
-----------------------------------------------------------
Epoch [2/15], Average Loss: 0.2946
-----------------------------------------------------------
strategy: OTHER
iter: 7
epoch: 1
Test Loss: 0.2836
F1_overall: 0.5979
F1_AGENT: 0.7172
F1_TARGET: 0.4624
-----------------------------------------------------------
Epoch [3/15], Average Loss: 0.1866
-----------------------------------------------------------
strategy: OTHER
iter: 7
epoch: 2
Test Loss: 0.2898
F1_overall: 0.5916
F1_AGENT: 0.6847
F1_TARGET: 0.5053
-----------------------------------------------------------
Epoch [4/15], Average Loss: 0.1703
-----------------------------------------------------------
strategy: OTHER
iter: 7
epoch: 3
Test Loss: 0.2955
F1_overall: 0.6041
F1_AGENT: 0.7054
F1_TARGET: 0.5135
-----------------------------------------------------------
Epoch [5/15], Average Loss: 0.1039
-----------------------------------------------------------
strategy: OTHER
iter: 7
epoch: 4
Test Loss: 0.3053
F1_overall: 0.6095
F1_AGENT: 0.7184
F1_TARGET: 0.5022
-----------------------------------------------------------
Epoch [6/15], Average Loss: 0.0826
-----------------------------------------------------------
strategy: OTHER
iter: 7
epoch: 5
Test Loss: 0.3263
F1_overall: 0.6290
F1_AGENT: 0.7358
F1_TARGET: 0.5223
-----------------------------------------------------------
Epoch [7/15], Average Loss: 0.0612
-----------------------------------------------------------
strategy: OTHER
iter: 7
epoch: 6
Test Loss: 0.3541
F1_overall: 0.6259
F1_AGENT: 0.7292
F1_TARGET: 0.5221
-----------------------------------------------------------
Epoch [8/15], Average Loss: 0.0580
-----------------------------------------------------------
strategy: OTHER
iter: 7
epoch: 7
Test Loss: 0.3625
F1_overall: 0.6402
F1_AGENT: 0.7415
F1_TARGET: 0.5366
-----------------------------------------------------------
Epoch [9/15], Average Loss: 0.0444
-----------------------------------------------------------
strategy: OTHER
iter: 7
epoch: 8
Test Loss: 0.4140
F1_overall: 0.6371
F1_AGENT: 0.7431
F1_TARGET: 0.5407
-----------------------------------------------------------
Epoch [10/15], Average Loss: 0.0357
-----------------------------------------------------------
strategy: OTHER
iter: 7
epoch: 9
Test Loss: 0.4446
F1_overall: 0.6296
F1_AGENT: 0.7291
F1_TARGET: 0.5298
-----------------------------------------------------------
[(63, 0.0), (86, 0.0), (100, 0.0), (104, 0.0), (118, 0.0), (153, 0.0), (168, 0.0), (173, 0.0), (191, 0.0), (200, 0.0)]
annotated_samples_num: 1307
unannotated_samples_num: 2237
update datapool!
annotated_samples_num: 1307
unannotated_samples_num: 2237
iter: 8
annotated_samples_num: 1307
unannotated_samples_num: 2237
Epoch [1/15], Average Loss: 0.4755
-----------------------------------------------------------
strategy: OTHER
iter: 8
epoch: 0
Test Loss: 0.2720
F1_overall: 0.5949
F1_AGENT: 0.6893
F1_TARGET: 0.5004
-----------------------------------------------------------
Epoch [2/15], Average Loss: 0.2361
-----------------------------------------------------------
strategy: OTHER
iter: 8
epoch: 1
Test Loss: 0.2736
F1_overall: 0.5794
F1_AGENT: 0.6635
F1_TARGET: 0.5077
-----------------------------------------------------------
Epoch [3/15], Average Loss: 0.1655
-----------------------------------------------------------
strategy: OTHER
iter: 8
epoch: 2
Test Loss: 0.2733
F1_overall: 0.6268
F1_AGENT: 0.7465
F1_TARGET: 0.5151
-----------------------------------------------------------
Epoch [4/15], Average Loss: 0.1160
-----------------------------------------------------------
strategy: OTHER
iter: 8
epoch: 3
Test Loss: 0.2847
F1_overall: 0.6222
F1_AGENT: 0.7202
F1_TARGET: 0.5317
-----------------------------------------------------------
Epoch [5/15], Average Loss: 0.0843
-----------------------------------------------------------
strategy: OTHER
iter: 8
epoch: 4
Test Loss: 0.3098
F1_overall: 0.6311
F1_AGENT: 0.7486
F1_TARGET: 0.5143
-----------------------------------------------------------
Epoch [6/15], Average Loss: 0.0736
-----------------------------------------------------------
strategy: OTHER
iter: 8
epoch: 5
Test Loss: 0.3176
F1_overall: 0.6148
F1_AGENT: 0.7527
F1_TARGET: 0.4852
-----------------------------------------------------------
Epoch [7/15], Average Loss: 0.0485
-----------------------------------------------------------
strategy: OTHER
iter: 8
epoch: 6
Test Loss: 0.3747
F1_overall: 0.6577
F1_AGENT: 0.7747
F1_TARGET: 0.5380
-----------------------------------------------------------
Epoch [8/15], Average Loss: 0.0481
-----------------------------------------------------------
strategy: OTHER
iter: 8
epoch: 7
Test Loss: 0.3546
F1_overall: 0.6400
F1_AGENT: 0.7457
F1_TARGET: 0.5408
-----------------------------------------------------------
Epoch [9/15], Average Loss: 0.0409
-----------------------------------------------------------
strategy: OTHER
iter: 8
epoch: 8
Test Loss: 0.4080
F1_overall: 0.6418
F1_AGENT: 0.7534
F1_TARGET: 0.5272
-----------------------------------------------------------
Epoch [10/15], Average Loss: 0.0379
-----------------------------------------------------------
strategy: OTHER
iter: 8
epoch: 9
Test Loss: 0.3807
F1_overall: 0.6501
F1_AGENT: 0.7533
F1_TARGET: 0.5546
-----------------------------------------------------------
Epoch [11/15], Average Loss: 0.0379
-----------------------------------------------------------
strategy: OTHER
iter: 8
epoch: 10
Test Loss: 0.4053
F1_overall: 0.6242
F1_AGENT: 0.7300
F1_TARGET: 0.5297
-----------------------------------------------------------
Epoch [12/15], Average Loss: 0.0383
-----------------------------------------------------------
strategy: OTHER
iter: 8
epoch: 11
Test Loss: 0.4224
F1_overall: 0.6253
F1_AGENT: 0.7391
F1_TARGET: 0.5134
-----------------------------------------------------------
Epoch [13/15], Average Loss: 0.0330
-----------------------------------------------------------
strategy: OTHER
iter: 8
epoch: 12
Test Loss: 0.4417
F1_overall: 0.6258
F1_AGENT: 0.7279
F1_TARGET: 0.5295
-----------------------------------------------------------
Epoch [14/15], Average Loss: 0.0334
-----------------------------------------------------------
strategy: OTHER
iter: 8
epoch: 13
Test Loss: 0.4222
F1_overall: 0.6309
F1_AGENT: 0.7365
F1_TARGET: 0.5302
-----------------------------------------------------------
Epoch [15/15], Average Loss: 0.0268
-----------------------------------------------------------
strategy: OTHER
iter: 8
epoch: 14
Test Loss: 0.4362
F1_overall: 0.6403
F1_AGENT: 0.7528
F1_TARGET: 0.5341
-----------------------------------------------------------
[(41, 0.0), (98, 0.0), (103, 0.0), (233, 0.0), (287, 0.0), (302, 0.0), (317, 0.0), (322, 0.0), (338, 0.0), (346, 0.0)]
annotated_samples_num: 1418
unannotated_samples_num: 2126
update datapool!
annotated_samples_num: 1418
unannotated_samples_num: 2126
iter: 9
annotated_samples_num: 1418
unannotated_samples_num: 2126
Epoch [1/15], Average Loss: 0.4510
-----------------------------------------------------------
strategy: OTHER
iter: 9
epoch: 0
Test Loss: 0.2581
F1_overall: 0.5917
F1_AGENT: 0.6965
F1_TARGET: 0.4847
-----------------------------------------------------------
Epoch [2/15], Average Loss: 0.2311
-----------------------------------------------------------
strategy: OTHER
iter: 9
epoch: 1
Test Loss: 0.2613
F1_overall: 0.6039
F1_AGENT: 0.7076
F1_TARGET: 0.5057
-----------------------------------------------------------
Epoch [3/15], Average Loss: 0.1687
-----------------------------------------------------------
strategy: OTHER
iter: 9
epoch: 2
Test Loss: 0.2836
F1_overall: 0.6047
F1_AGENT: 0.6913
F1_TARGET: 0.5210
-----------------------------------------------------------
Epoch [4/15], Average Loss: 0.1221
-----------------------------------------------------------
strategy: OTHER
iter: 9
epoch: 3
Test Loss: 0.3057
F1_overall: 0.6250
F1_AGENT: 0.7254
F1_TARGET: 0.5369
-----------------------------------------------------------
Epoch [5/15], Average Loss: 0.0948
-----------------------------------------------------------
strategy: OTHER
iter: 9
epoch: 4
Test Loss: 0.3219
F1_overall: 0.6282
F1_AGENT: 0.7427
F1_TARGET: 0.5229
-----------------------------------------------------------
Epoch [6/15], Average Loss: 0.0727
-----------------------------------------------------------
strategy: OTHER
iter: 9
epoch: 5
Test Loss: 0.3353
F1_overall: 0.6363
F1_AGENT: 0.7546
F1_TARGET: 0.5260
-----------------------------------------------------------
Epoch [7/15], Average Loss: 0.0563
-----------------------------------------------------------
strategy: OTHER
iter: 9
epoch: 6
Test Loss: 0.3719
F1_overall: 0.6387
F1_AGENT: 0.7463
F1_TARGET: 0.5304
-----------------------------------------------------------
Epoch [8/15], Average Loss: 0.0515
-----------------------------------------------------------
strategy: OTHER
iter: 9
epoch: 7
Test Loss: 0.3916
F1_overall: 0.6431
F1_AGENT: 0.7433
F1_TARGET: 0.5506
-----------------------------------------------------------
Epoch [9/15], Average Loss: 0.0369
-----------------------------------------------------------
strategy: OTHER
iter: 9
epoch: 8
Test Loss: 0.3776
F1_overall: 0.6440
F1_AGENT: 0.7483
F1_TARGET: 0.5454
-----------------------------------------------------------
Epoch [10/15], Average Loss: 0.0307
-----------------------------------------------------------
strategy: OTHER
iter: 9
epoch: 9
Test Loss: 0.4256
F1_overall: 0.6193
F1_AGENT: 0.7134
F1_TARGET: 0.5344
-----------------------------------------------------------
Epoch [11/15], Average Loss: 0.0374
-----------------------------------------------------------
strategy: OTHER
iter: 9
epoch: 10
Test Loss: 0.4040
F1_overall: 0.6333
F1_AGENT: 0.7532
F1_TARGET: 0.5153
-----------------------------------------------------------
Epoch [12/15], Average Loss: 0.0337
-----------------------------------------------------------
strategy: OTHER
iter: 9
epoch: 11
Test Loss: 0.4280
F1_overall: 0.6182
F1_AGENT: 0.7378
F1_TARGET: 0.4987
-----------------------------------------------------------
Epoch [13/15], Average Loss: 0.0329
-----------------------------------------------------------
strategy: OTHER
iter: 9
epoch: 12
Test Loss: 0.4363
F1_overall: 0.6291
F1_AGENT: 0.7297
F1_TARGET: 0.5384
-----------------------------------------------------------
Epoch [14/15], Average Loss: 0.0311
-----------------------------------------------------------
strategy: OTHER
iter: 9
epoch: 13
Test Loss: 0.4712
F1_overall: 0.6313
F1_AGENT: 0.7331
F1_TARGET: 0.5358
-----------------------------------------------------------
Epoch [15/15], Average Loss: 0.0287
-----------------------------------------------------------
strategy: OTHER
iter: 9
epoch: 14
Test Loss: 0.4377
F1_overall: 0.6415
F1_AGENT: 0.7387
F1_TARGET: 0.5482
-----------------------------------------------------------
[(2, 0.0), (60, 0.0), (77, 0.0), (102, 0.0), (106, 0.0), (107, 0.0), (115, 0.0), (118, 0.0), (119, 0.0), (141, 0.0)]
annotated_samples_num: 1524
unannotated_samples_num: 2020
update datapool!
annotated_samples_num: 1524
unannotated_samples_num: 2020
iter: 10
annotated_samples_num: 1524
unannotated_samples_num: 2020
Epoch [1/15], Average Loss: 0.4344
-----------------------------------------------------------
strategy: OTHER
iter: 10
epoch: 0
Test Loss: 0.2558
F1_overall: 0.5906
F1_AGENT: 0.7109
F1_TARGET: 0.4798
-----------------------------------------------------------
Epoch [2/15], Average Loss: 0.2387
-----------------------------------------------------------
strategy: OTHER
iter: 10
epoch: 1
Test Loss: 0.2666
F1_overall: 0.6157
F1_AGENT: 0.7274
F1_TARGET: 0.4967
-----------------------------------------------------------
Epoch [3/15], Average Loss: 0.1709
-----------------------------------------------------------
strategy: OTHER
iter: 10
epoch: 2
Test Loss: 0.2663
F1_overall: 0.6325
F1_AGENT: 0.7461
F1_TARGET: 0.5202
-----------------------------------------------------------
Epoch [4/15], Average Loss: 0.1214
-----------------------------------------------------------
strategy: OTHER
iter: 10
epoch: 3
Test Loss: 0.2752
F1_overall: 0.6388
F1_AGENT: 0.7457
F1_TARGET: 0.5394
-----------------------------------------------------------
Epoch [5/15], Average Loss: 0.0936
-----------------------------------------------------------
strategy: OTHER
iter: 10
epoch: 4
Test Loss: 0.3275
F1_overall: 0.6367
F1_AGENT: 0.7572
F1_TARGET: 0.5219
-----------------------------------------------------------
Epoch [6/15], Average Loss: 0.0815
-----------------------------------------------------------
strategy: OTHER
iter: 10
epoch: 5
Test Loss: 0.3517
F1_overall: 0.6423
F1_AGENT: 0.7426
F1_TARGET: 0.5376
-----------------------------------------------------------
Epoch [7/15], Average Loss: 0.0598
-----------------------------------------------------------
strategy: OTHER
iter: 10
epoch: 6
Test Loss: 0.3527
F1_overall: 0.6316
F1_AGENT: 0.7435
F1_TARGET: 0.5147
-----------------------------------------------------------
Epoch [8/15], Average Loss: 0.0580
-----------------------------------------------------------
strategy: OTHER
iter: 10
epoch: 7
Test Loss: 0.3567
F1_overall: 0.5992
F1_AGENT: 0.6955
F1_TARGET: 0.5166
-----------------------------------------------------------
Epoch [9/15], Average Loss: 0.0438
-----------------------------------------------------------
strategy: OTHER
iter: 10
epoch: 8
Test Loss: 0.3734
F1_overall: 0.6412
F1_AGENT: 0.7482
F1_TARGET: 0.5340
-----------------------------------------------------------
Epoch [10/15], Average Loss: 0.0447
-----------------------------------------------------------
strategy: OTHER
iter: 10
epoch: 9
Test Loss: 0.3657
F1_overall: 0.6386
F1_AGENT: 0.7476
F1_TARGET: 0.5321
-----------------------------------------------------------
Epoch [11/15], Average Loss: 0.0309
-----------------------------------------------------------
strategy: OTHER
iter: 10
epoch: 10
Test Loss: 0.4267
F1_overall: 0.6565
F1_AGENT: 0.7612
F1_TARGET: 0.5538
-----------------------------------------------------------
Epoch [12/15], Average Loss: 0.0302
-----------------------------------------------------------
strategy: OTHER
iter: 10
epoch: 11
Test Loss: 0.4129
F1_overall: 0.6594
F1_AGENT: 0.7589
F1_TARGET: 0.5628
-----------------------------------------------------------
Epoch [13/15], Average Loss: 0.0303
-----------------------------------------------------------
strategy: OTHER
iter: 10
epoch: 12
Test Loss: 0.3886
F1_overall: 0.6330
F1_AGENT: 0.7416
F1_TARGET: 0.5313
-----------------------------------------------------------
Epoch [14/15], Average Loss: 0.0308
-----------------------------------------------------------
strategy: OTHER
iter: 10
epoch: 13
Test Loss: 0.4169
F1_overall: 0.6392
F1_AGENT: 0.7399
F1_TARGET: 0.5398
-----------------------------------------------------------
Epoch [15/15], Average Loss: 0.0374
-----------------------------------------------------------
strategy: OTHER
iter: 10
epoch: 14
Test Loss: 0.4246
F1_overall: 0.6511
F1_AGENT: 0.7586
F1_TARGET: 0.5474
-----------------------------------------------------------
[(10, 0.0), (31, 0.0), (96, 0.0), (101, 0.0), (228, 0.0), (311, 0.0), (321, 0.0), (332, 0.0), (365, 0.0), (368, 0.0)]
annotated_samples_num: 1625
unannotated_samples_num: 1919
update datapool!
annotated_samples_num: 1625
unannotated_samples_num: 1919
iter: 11
annotated_samples_num: 1625
unannotated_samples_num: 1919
Epoch [1/15], Average Loss: 0.4178
-----------------------------------------------------------
strategy: OTHER
iter: 11
epoch: 0
Test Loss: 0.2607
F1_overall: 0.5653
F1_AGENT: 0.6599
F1_TARGET: 0.4843
-----------------------------------------------------------
Epoch [2/15], Average Loss: 0.2270
-----------------------------------------------------------
strategy: OTHER
iter: 11
epoch: 1
Test Loss: 0.2525
F1_overall: 0.6268
F1_AGENT: 0.7400
F1_TARGET: 0.5197
-----------------------------------------------------------
Epoch [3/15], Average Loss: 0.1651
-----------------------------------------------------------
strategy: OTHER
iter: 11
epoch: 2
Test Loss: 0.2691
F1_overall: 0.6190
F1_AGENT: 0.7271
F1_TARGET: 0.5217
-----------------------------------------------------------
Epoch [4/15], Average Loss: 0.1194
-----------------------------------------------------------
strategy: OTHER
iter: 11
epoch: 3
Test Loss: 0.2689
F1_overall: 0.6315
F1_AGENT: 0.7468
F1_TARGET: 0.5157
-----------------------------------------------------------
Epoch [5/15], Average Loss: 0.1006
-----------------------------------------------------------
strategy: OTHER
iter: 11
epoch: 4
Test Loss: 0.3186
F1_overall: 0.6404
F1_AGENT: 0.7609
F1_TARGET: 0.5203
-----------------------------------------------------------
Epoch [6/15], Average Loss: 0.0676
-----------------------------------------------------------
strategy: OTHER
iter: 11
epoch: 5
Test Loss: 0.3199
F1_overall: 0.6309
F1_AGENT: 0.7444
F1_TARGET: 0.5199
-----------------------------------------------------------
Epoch [7/15], Average Loss: 0.0563
-----------------------------------------------------------
strategy: OTHER
iter: 11
epoch: 6
Test Loss: 0.3500
F1_overall: 0.6473
F1_AGENT: 0.7556
F1_TARGET: 0.5367
-----------------------------------------------------------
Epoch [8/15], Average Loss: 0.0466
-----------------------------------------------------------
strategy: OTHER
iter: 11
epoch: 7
Test Loss: 0.3831
F1_overall: 0.6555
F1_AGENT: 0.7647
F1_TARGET: 0.5515
-----------------------------------------------------------
Epoch [9/15], Average Loss: 0.0460
-----------------------------------------------------------
strategy: OTHER
iter: 11
epoch: 8
Test Loss: 0.3775
F1_overall: 0.6190
F1_AGENT: 0.7354
F1_TARGET: 0.5096
-----------------------------------------------------------
Epoch [10/15], Average Loss: 0.0347
-----------------------------------------------------------
strategy: OTHER
iter: 11
epoch: 9
Test Loss: 0.4318
F1_overall: 0.6095
F1_AGENT: 0.7221
F1_TARGET: 0.5035
-----------------------------------------------------------
Epoch [11/15], Average Loss: 0.0428
-----------------------------------------------------------
strategy: OTHER
iter: 11
epoch: 10
Test Loss: 0.3962
F1_overall: 0.5962
F1_AGENT: 0.7109
F1_TARGET: 0.4937
-----------------------------------------------------------
Epoch [12/15], Average Loss: 0.0467
-----------------------------------------------------------
strategy: OTHER
iter: 11
epoch: 11
Test Loss: 0.3813
F1_overall: 0.6310
F1_AGENT: 0.7441
F1_TARGET: 0.5212
-----------------------------------------------------------
Epoch [13/15], Average Loss: 0.0347
-----------------------------------------------------------
strategy: OTHER
iter: 11
epoch: 12
Test Loss: 0.4281
F1_overall: 0.6137
F1_AGENT: 0.7376
F1_TARGET: 0.4915
-----------------------------------------------------------
Epoch [14/15], Average Loss: 0.0237
-----------------------------------------------------------
strategy: OTHER
iter: 11
epoch: 13
Test Loss: 0.4525
F1_overall: 0.6328
F1_AGENT: 0.7376
F1_TARGET: 0.5360
-----------------------------------------------------------
Epoch [15/15], Average Loss: 0.0217
-----------------------------------------------------------
strategy: OTHER
iter: 11
epoch: 14
Test Loss: 0.4590
F1_overall: 0.6281
F1_AGENT: 0.7571
F1_TARGET: 0.4877
-----------------------------------------------------------
[(28, 0.0), (86, 0.0), (134, 0.0), (265, 0.0), (305, 0.0), (317, 0.0), (320, 0.0), (391, 0.0), (426, 0.0), (436, 0.0)]
annotated_samples_num: 1720
unannotated_samples_num: 1824
update datapool!
annotated_samples_num: 1720
unannotated_samples_num: 1824
strategy: BEAM
iter: 0
annotated_samples_num: 177
unannotated_samples_num: 3367
Epoch [1/15], Average Loss: 1.0908
-----------------------------------------------------------
strategy: BEAM
iter: 0
epoch: 0
Test Loss: 0.4166
F1_overall: 0.4158
F1_AGENT: 0.5336
F1_TARGET: 0.3112
-----------------------------------------------------------
0.6593851132686084
0.6593851132686084
0.6593851132686084
0.6593851132686084
[[0.39824246 0.46489382 0.51579943 0.54327563 0.50443052 0.5017712
  0.         0.         0.         0.         0.         0.
  0.         0.         0.         0.        ]
 [0.52453404 0.48949663 0.54652104 0.53645267 0.57466613 0.58650028
  0.         0.         0.         0.         0.         0.
  0.         0.         0.         0.        ]
 [0.55019455 0.56956264 0.56043956 0.57768053 0.57333333 0.5751073
  0.         0.         0.         0.         0.         0.
  0.         0.         0.         0.        ]
 [0.56582524 0.56583839 0.58678172 0.52908469 0.57727094 0.6019802
  0.         0.         0.         0.         0.         0.
  0.         0.         0.         0.        ]
 [0.5675413  0.55984848 0.56246103 0.59165513 0.60003927 0.60821918
  0.59639564 0.60583642 0.5949467  0.60590031 0.         0.
  0.         0.         0.         0.        ]
 [0.58111571 0.59254992 0.56038246 0.60012099 0.6192     0.60661157
  0.62662202 0.6345995  0.61637573 0.62748245 0.         0.
  0.         0.         0.         0.        ]
 [0.53113984 0.59503476 0.60340122 0.626825   0.61406995 0.62520064
  0.61143331 0.63068182 0.62447927 0.62810896 0.         0.
  0.         0.         0.         0.        ]
 [0.55782881 0.59785469 0.59159929 0.60410319 0.60951988 0.62904828
  0.62588617 0.64022778 0.63705179 0.62956167 0.         0.
  0.         0.         0.         0.        ]
 [0.59494149 0.5793949  0.62680657 0.62216925 0.63112745 0.61482966
  0.65769623 0.64003329 0.64182692 0.65005066 0.62416107 0.62529928
  0.62581797 0.63094521 0.64025483 0.        ]
 [0.59165154 0.60389227 0.60470635 0.62497502 0.62822823 0.63634566
  0.63870581 0.64309566 0.64404762 0.61933905 0.63330599 0.61818182
  0.62906904 0.63132911 0.6415397  0.        ]
 [0.59055425 0.61569498 0.63252541 0.63875173 0.63665212 0.64226355
  0.63160024 0.59921698 0.64121212 0.63861486 0.65649166 0.65938511
  0.63298302 0.63917526 0.65105105 0.        ]
 [0.56533225 0.62678503 0.6189837  0.63151491 0.6404076  0.63092119
  0.64730964 0.65547215 0.61900926 0.60946271 0.59619804 0.63096436
  0.61374556 0.63275687 0.62810265 0.        ]]
[[0.39824246 0.46489382 0.51579943 0.54327563 0.50443052 0.5017712
  0.         0.         0.         0.         0.         0.
  0.         0.         0.         0.        ]
 [0.52453404 0.48949663 0.54652104 0.53645267 0.57466613 0.58650028
  0.         0.         0.         0.         0.         0.
  0.         0.         0.         0.        ]
 [0.55019455 0.56956264 0.56043956 0.57768053 0.57333333 0.5751073
  0.         0.         0.         0.         0.         0.
  0.         0.         0.         0.        ]
 [0.56582524 0.56583839 0.58678172 0.52908469 0.57727094 0.6019802
  0.         0.         0.         0.         0.         0.
  0.         0.         0.         0.        ]
 [0.5675413  0.55984848 0.56246103 0.59165513 0.60003927 0.60821918
  0.59639564 0.60583642 0.5949467  0.60590031 0.         0.
  0.         0.         0.         0.        ]
 [0.58111571 0.59254992 0.56038246 0.60012099 0.6192     0.60661157
  0.62662202 0.6345995  0.61637573 0.62748245 0.         0.
  0.         0.         0.         0.        ]
 [0.53113984 0.59503476 0.60340122 0.626825   0.61406995 0.62520064
  0.61143331 0.63068182 0.62447927 0.62810896 0.         0.
  0.         0.         0.         0.        ]
 [0.55782881 0.59785469 0.59159929 0.60410319 0.60951988 0.62904828
  0.62588617 0.64022778 0.63705179 0.62956167 0.         0.
  0.         0.         0.         0.        ]
 [0.59494149 0.5793949  0.62680657 0.62216925 0.63112745 0.61482966
  0.65769623 0.64003329 0.64182692 0.65005066 0.62416107 0.62529928
  0.62581797 0.63094521 0.64025483 0.        ]
 [0.59165154 0.60389227 0.60470635 0.62497502 0.62822823 0.63634566
  0.63870581 0.64309566 0.64404762 0.61933905 0.63330599 0.61818182
  0.62906904 0.63132911 0.6415397  0.        ]
 [0.59055425 0.61569498 0.63252541 0.63875173 0.63665212 0.64226355
  0.63160024 0.59921698 0.64121212 0.63861486 0.65649166 0.65938511
  0.63298302 0.63917526 0.65105105 0.        ]
 [0.56533225 0.62678503 0.6189837  0.63151491 0.6404076  0.63092119
  0.64730964 0.65547215 0.61900926 0.60946271 0.59619804 0.63096436
  0.61374556 0.63275687 0.62810265 0.        ]]
Thu Apr 18 10:11:34 2024       
+-----------------------------------------------------------------------------+
| NVIDIA-SMI 470.82.01    Driver Version: 470.82.01    CUDA Version: 11.4     |
|-------------------------------+----------------------+----------------------+
| GPU  Name        Persistence-M| Bus-Id        Disp.A | Volatile Uncorr. ECC |
| Fan  Temp  Perf  Pwr:Usage/Cap|         Memory-Usage | GPU-Util  Compute M. |
|                               |                      |               MIG M. |
|===============================+======================+======================|
|   0  NVIDIA A10          Off  | 00000000:00:08.0 Off |                    0 |
|  0%   40C    P0    56W / 150W |  22717MiB / 22731MiB |      0%      Default |
|                               |                      |                  N/A |
+-------------------------------+----------------------+----------------------+
                                                                               
+-----------------------------------------------------------------------------+
| Processes:                                                                  |
|  GPU   GI   CI        PID   Type   Process name                  GPU Memory |
|        ID   ID                                                   Usage      |
|=============================================================================|
+-----------------------------------------------------------------------------+
