strategy: MARGIN
iter: 0
annotated_samples_num: 177
unannotated_samples_num: 3367
Epoch [1/20], Average Loss: 1.2185
-----------------------------------------------------------
strategy: MARGIN
iter: 0
epoch: 0
F1_overall: 0.4263
F1_AGENT: 0.5580
F1_TARGET: 0.2465
precision_overall: 0.4572
precision_AGENT: 0.5079
precision_TARGET: 0.3494
recall_overall: 0.3993
recall_AGENT: 0.6191
recall_TARGET: 0.1904
-----------------------------------------------------------
best_overall_f1 update: 0.4262652705061082
Model saved at ./saved_models/strategy_MARGIN/model_F1_0.42627_iter_0_epoch_0
Epoch [2/20], Average Loss: 0.2890
-----------------------------------------------------------
strategy: MARGIN
iter: 0
epoch: 1
F1_overall: 0.4804
F1_AGENT: 0.5990
F1_TARGET: 0.3507
precision_overall: 0.4621
precision_AGENT: 0.5425
precision_TARGET: 0.3619
recall_overall: 0.5002
recall_AGENT: 0.6686
recall_TARGET: 0.3402
-----------------------------------------------------------
best_overall_f1 update: 0.4803767660910518
Model saved at ./saved_models/strategy_MARGIN/model_F1_0.48038_iter_0_epoch_1
delete:./saved_models/strategy_MARGIN/model_F1_0.42627_iter_0_epoch_0
Epoch [3/20], Average Loss: 0.1499
-----------------------------------------------------------
strategy: MARGIN
iter: 0
epoch: 2
F1_overall: 0.5326
F1_AGENT: 0.6526
F1_TARGET: 0.4037
precision_overall: 0.5105
precision_AGENT: 0.5934
precision_TARGET: 0.4109
recall_overall: 0.5566
recall_AGENT: 0.7248
recall_TARGET: 0.3968
-----------------------------------------------------------
best_overall_f1 update: 0.5325513196480938
Model saved at ./saved_models/strategy_MARGIN/model_F1_0.53255_iter_0_epoch_2
delete:./saved_models/strategy_MARGIN/model_F1_0.48038_iter_0_epoch_1
Epoch [4/20], Average Loss: 0.1168
-----------------------------------------------------------
strategy: MARGIN
iter: 0
epoch: 3
F1_overall: 0.5475
F1_AGENT: 0.6397
F1_TARGET: 0.4553
precision_overall: 0.5266
precision_AGENT: 0.6010
precision_TARGET: 0.4486
recall_overall: 0.5701
recall_AGENT: 0.6837
recall_TARGET: 0.4622
-----------------------------------------------------------
best_overall_f1 update: 0.5474882260596546
Model saved at ./saved_models/strategy_MARGIN/model_F1_0.54749_iter_0_epoch_3
delete:./saved_models/strategy_MARGIN/model_F1_0.53255_iter_0_epoch_2
Epoch [5/20], Average Loss: 0.0902
-----------------------------------------------------------
strategy: MARGIN
iter: 0
epoch: 4
F1_overall: 0.5058
F1_AGENT: 0.6368
F1_TARGET: 0.3574
precision_overall: 0.5749
precision_AGENT: 0.6546
precision_TARGET: 0.4615
recall_overall: 0.4516
recall_AGENT: 0.6200
recall_TARGET: 0.2916
-----------------------------------------------------------
Epoch [6/20], Average Loss: 0.0615
-----------------------------------------------------------
strategy: MARGIN
iter: 0
epoch: 5
F1_overall: 0.4868
F1_AGENT: 0.5404
F1_TARGET: 0.4464
precision_overall: 0.5146
precision_AGENT: 0.6712
precision_TARGET: 0.4243
recall_overall: 0.4618
recall_AGENT: 0.4522
recall_TARGET: 0.4709
-----------------------------------------------------------
Epoch [7/20], Average Loss: 0.0538
-----------------------------------------------------------
strategy: MARGIN
iter: 0
epoch: 6
F1_overall: 0.5027
F1_AGENT: 0.5795
F1_TARGET: 0.4415
precision_overall: 0.5319
precision_AGENT: 0.6890
precision_TARGET: 0.4295
recall_overall: 0.4765
recall_AGENT: 0.5000
recall_TARGET: 0.4542
-----------------------------------------------------------
Epoch [8/20], Average Loss: 0.0461
-----------------------------------------------------------
strategy: MARGIN
iter: 0
epoch: 7
F1_overall: 0.5350
F1_AGENT: 0.6536
F1_TARGET: 0.4046
precision_overall: 0.5371
precision_AGENT: 0.6132
precision_TARGET: 0.4401
recall_overall: 0.5329
recall_AGENT: 0.6997
recall_TARGET: 0.3745
-----------------------------------------------------------
Epoch [9/20], Average Loss: 0.0457
-----------------------------------------------------------
strategy: MARGIN
iter: 0
epoch: 8
F1_overall: 0.4943
F1_AGENT: 0.6015
F1_TARGET: 0.3840
precision_overall: 0.4646
precision_AGENT: 0.5466
precision_TARGET: 0.3741
recall_overall: 0.5280
recall_AGENT: 0.6686
recall_TARGET: 0.3944
-----------------------------------------------------------
Epoch [10/20], Average Loss: 0.0349
-----------------------------------------------------------
strategy: MARGIN
iter: 0
epoch: 9
F1_overall: 0.5090
F1_AGENT: 0.6056
F1_TARGET: 0.4173
precision_overall: 0.4716
precision_AGENT: 0.5612
precision_TARGET: 0.3865
recall_overall: 0.5529
recall_AGENT: 0.6577
recall_TARGET: 0.4534
-----------------------------------------------------------
Epoch [11/20], Average Loss: 0.0751
-----------------------------------------------------------
strategy: MARGIN
iter: 0
epoch: 10
F1_overall: 0.4687
F1_AGENT: 0.5492
F1_TARGET: 0.3899
precision_overall: 0.4650
precision_AGENT: 0.5369
precision_TARGET: 0.3926
recall_overall: 0.4724
recall_AGENT: 0.5621
recall_TARGET: 0.3873
-----------------------------------------------------------
Epoch [12/20], Average Loss: 0.0451
-----------------------------------------------------------
strategy: MARGIN
iter: 0
epoch: 11
F1_overall: 0.5124
F1_AGENT: 0.5950
F1_TARGET: 0.4328
precision_overall: 0.5034
precision_AGENT: 0.5801
precision_TARGET: 0.4282
recall_overall: 0.5219
recall_AGENT: 0.6107
recall_TARGET: 0.4375
-----------------------------------------------------------
Epoch [13/20], Average Loss: 0.0378
-----------------------------------------------------------
strategy: MARGIN
iter: 0
epoch: 12
F1_overall: 0.5290
F1_AGENT: 0.6161
F1_TARGET: 0.4465
precision_overall: 0.5043
precision_AGENT: 0.5881
precision_TARGET: 0.4251
recall_overall: 0.5562
recall_AGENT: 0.6468
recall_TARGET: 0.4701
-----------------------------------------------------------
Epoch [14/20], Average Loss: 0.0263
-----------------------------------------------------------
strategy: MARGIN
iter: 0
epoch: 13
F1_overall: 0.5361
F1_AGENT: 0.6280
F1_TARGET: 0.4478
precision_overall: 0.5111
precision_AGENT: 0.5961
precision_TARGET: 0.4289
recall_overall: 0.5635
recall_AGENT: 0.6636
recall_TARGET: 0.4685
-----------------------------------------------------------
Epoch [15/20], Average Loss: 0.0194
-----------------------------------------------------------
strategy: MARGIN
iter: 0
epoch: 14
F1_overall: 0.5287
F1_AGENT: 0.6278
F1_TARGET: 0.4321
precision_overall: 0.5079
precision_AGENT: 0.5956
precision_TARGET: 0.4202
recall_overall: 0.5513
recall_AGENT: 0.6636
recall_TARGET: 0.4446
-----------------------------------------------------------
annotated_samples_num: 354
unannotated_samples_num: 3190
update datapool!
annotated_samples_num: 354
unannotated_samples_num: 3190
iter: 1
annotated_samples_num: 354
unannotated_samples_num: 3190
Epoch [1/20], Average Loss: 0.7086
-----------------------------------------------------------
strategy: MARGIN
iter: 1
epoch: 0
F1_overall: 0.5138
F1_AGENT: 0.6096
F1_TARGET: 0.4190
precision_overall: 0.4921
precision_AGENT: 0.5731
precision_TARGET: 0.4090
recall_overall: 0.5374
recall_AGENT: 0.6510
recall_TARGET: 0.4295
-----------------------------------------------------------
Epoch [2/20], Average Loss: 0.2349
-----------------------------------------------------------
strategy: MARGIN
iter: 1
epoch: 1
F1_overall: 0.5612
F1_AGENT: 0.6648
F1_TARGET: 0.4595
precision_overall: 0.5357
precision_AGENT: 0.6253
precision_TARGET: 0.4451
recall_overall: 0.5893
recall_AGENT: 0.7097
recall_TARGET: 0.4749
-----------------------------------------------------------
best_overall_f1 update: 0.5611986767853668
Model saved at ./saved_models/strategy_MARGIN/model_F1_0.56120_iter_1_epoch_1
delete:./saved_models/strategy_MARGIN/model_F1_0.54749_iter_0_epoch_3
Epoch [3/20], Average Loss: 0.1470
-----------------------------------------------------------
strategy: MARGIN
iter: 1
epoch: 2
F1_overall: 0.5636
F1_AGENT: 0.6587
F1_TARGET: 0.4703
precision_overall: 0.5596
precision_AGENT: 0.6437
precision_TARGET: 0.4745
recall_overall: 0.5676
recall_AGENT: 0.6745
recall_TARGET: 0.4661
-----------------------------------------------------------
best_overall_f1 update: 0.563603164942179
Model saved at ./saved_models/strategy_MARGIN/model_F1_0.56360_iter_1_epoch_2
delete:./saved_models/strategy_MARGIN/model_F1_0.56120_iter_1_epoch_1
Epoch [4/20], Average Loss: 0.1085
-----------------------------------------------------------
strategy: MARGIN
iter: 1
epoch: 3
F1_overall: 0.5729
F1_AGENT: 0.6635
F1_TARGET: 0.4905
precision_overall: 0.5705
precision_AGENT: 0.6757
precision_TARGET: 0.4788
recall_overall: 0.5754
recall_AGENT: 0.6518
recall_TARGET: 0.5028
-----------------------------------------------------------
best_overall_f1 update: 0.57293997965412
Model saved at ./saved_models/strategy_MARGIN/model_F1_0.57294_iter_1_epoch_3
delete:./saved_models/strategy_MARGIN/model_F1_0.56360_iter_1_epoch_2
Epoch [5/20], Average Loss: 0.0741
-----------------------------------------------------------
strategy: MARGIN
iter: 1
epoch: 4
F1_overall: 0.5437
F1_AGENT: 0.6475
F1_TARGET: 0.4406
precision_overall: 0.5699
precision_AGENT: 0.6623
precision_TARGET: 0.4734
recall_overall: 0.5198
recall_AGENT: 0.6334
recall_TARGET: 0.4120
-----------------------------------------------------------
Epoch [6/20], Average Loss: 0.0679
-----------------------------------------------------------
strategy: MARGIN
iter: 1
epoch: 5
F1_overall: 0.5575
F1_AGENT: 0.6652
F1_TARGET: 0.4481
precision_overall: 0.5947
precision_AGENT: 0.6838
precision_TARGET: 0.4971
recall_overall: 0.5247
recall_AGENT: 0.6477
recall_TARGET: 0.4080
-----------------------------------------------------------
Epoch [7/20], Average Loss: 0.0649
-----------------------------------------------------------
strategy: MARGIN
iter: 1
epoch: 6
F1_overall: 0.5572
F1_AGENT: 0.6499
F1_TARGET: 0.4787
precision_overall: 0.5527
precision_AGENT: 0.6859
precision_TARGET: 0.4516
recall_overall: 0.5619
recall_AGENT: 0.6174
recall_TARGET: 0.5092
-----------------------------------------------------------
Epoch [8/20], Average Loss: 0.0472
-----------------------------------------------------------
strategy: MARGIN
iter: 1
epoch: 7
F1_overall: 0.5656
F1_AGENT: 0.6771
F1_TARGET: 0.4549
precision_overall: 0.5669
precision_AGENT: 0.6634
precision_TARGET: 0.4665
recall_overall: 0.5644
recall_AGENT: 0.6913
recall_TARGET: 0.4438
-----------------------------------------------------------
Epoch [9/20], Average Loss: 0.0572
-----------------------------------------------------------
strategy: MARGIN
iter: 1
epoch: 8
F1_overall: 0.5582
F1_AGENT: 0.6581
F1_TARGET: 0.4652
precision_overall: 0.5443
precision_AGENT: 0.6480
precision_TARGET: 0.4495
recall_overall: 0.5729
recall_AGENT: 0.6686
recall_TARGET: 0.4821
-----------------------------------------------------------
Epoch [10/20], Average Loss: 0.0328
-----------------------------------------------------------
strategy: MARGIN
iter: 1
epoch: 9
F1_overall: 0.5646
F1_AGENT: 0.6672
F1_TARGET: 0.4664
precision_overall: 0.5486
precision_AGENT: 0.6462
precision_TARGET: 0.4546
recall_overall: 0.5815
recall_AGENT: 0.6896
recall_TARGET: 0.4789
-----------------------------------------------------------
Epoch [11/20], Average Loss: 0.0304
-----------------------------------------------------------
strategy: MARGIN
iter: 1
epoch: 10
F1_overall: 0.5617
F1_AGENT: 0.6626
F1_TARGET: 0.4620
precision_overall: 0.5615
precision_AGENT: 0.6495
precision_TARGET: 0.4710
recall_overall: 0.5619
recall_AGENT: 0.6762
recall_TARGET: 0.4534
-----------------------------------------------------------
Epoch [12/20], Average Loss: 0.0253
-----------------------------------------------------------
strategy: MARGIN
iter: 1
epoch: 11
F1_overall: 0.5679
F1_AGENT: 0.6780
F1_TARGET: 0.4634
precision_overall: 0.5613
precision_AGENT: 0.6708
precision_TARGET: 0.4577
recall_overall: 0.5746
recall_AGENT: 0.6854
recall_TARGET: 0.4693
-----------------------------------------------------------
Epoch [13/20], Average Loss: 0.0141
-----------------------------------------------------------
strategy: MARGIN
iter: 1
epoch: 12
F1_overall: 0.5705
F1_AGENT: 0.6677
F1_TARGET: 0.4738
precision_overall: 0.5473
precision_AGENT: 0.6271
precision_TARGET: 0.4644
recall_overall: 0.5958
recall_AGENT: 0.7139
recall_TARGET: 0.4837
-----------------------------------------------------------
annotated_samples_num: 531
unannotated_samples_num: 3013
update datapool!
annotated_samples_num: 531
unannotated_samples_num: 3013
iter: 2
annotated_samples_num: 531
unannotated_samples_num: 3013
Epoch [1/20], Average Loss: 0.5621
-----------------------------------------------------------
strategy: MARGIN
iter: 2
epoch: 0
F1_overall: 0.5513
F1_AGENT: 0.6711
F1_TARGET: 0.4328
precision_overall: 0.5211
precision_AGENT: 0.6228
precision_TARGET: 0.4167
recall_overall: 0.5852
recall_AGENT: 0.7273
recall_TARGET: 0.4502
-----------------------------------------------------------
Epoch [2/20], Average Loss: 0.2028
-----------------------------------------------------------
strategy: MARGIN
iter: 2
epoch: 1
F1_overall: 0.5822
F1_AGENT: 0.6866
F1_TARGET: 0.4678
precision_overall: 0.5652
precision_AGENT: 0.6261
precision_TARGET: 0.4887
recall_overall: 0.6003
recall_AGENT: 0.7601
recall_TARGET: 0.4486
-----------------------------------------------------------
best_overall_f1 update: 0.5822433610780816
Model saved at ./saved_models/strategy_MARGIN/model_F1_0.58224_iter_2_epoch_1
delete:./saved_models/strategy_MARGIN/model_F1_0.57294_iter_1_epoch_3
Epoch [3/20], Average Loss: 0.1372
-----------------------------------------------------------
strategy: MARGIN
iter: 2
epoch: 2
F1_overall: 0.5905
F1_AGENT: 0.6914
F1_TARGET: 0.4934
precision_overall: 0.5718
precision_AGENT: 0.6651
precision_TARGET: 0.4807
recall_overall: 0.6105
recall_AGENT: 0.7198
recall_TARGET: 0.5068
-----------------------------------------------------------
best_overall_f1 update: 0.5905138339920948
Model saved at ./saved_models/strategy_MARGIN/model_F1_0.59051_iter_2_epoch_2
delete:./saved_models/strategy_MARGIN/model_F1_0.58224_iter_2_epoch_1
Epoch [4/20], Average Loss: 0.1145
-----------------------------------------------------------
strategy: MARGIN
iter: 2
epoch: 3
F1_overall: 0.6139
F1_AGENT: 0.7289
F1_TARGET: 0.4948
precision_overall: 0.5926
precision_AGENT: 0.6770
precision_TARGET: 0.4980
recall_overall: 0.6367
recall_AGENT: 0.7894
recall_TARGET: 0.4916
-----------------------------------------------------------
best_overall_f1 update: 0.6138691883372734
Model saved at ./saved_models/strategy_MARGIN/model_F1_0.61387_iter_2_epoch_3
delete:./saved_models/strategy_MARGIN/model_F1_0.59051_iter_2_epoch_2
Epoch [5/20], Average Loss: 0.0695
-----------------------------------------------------------
strategy: MARGIN
iter: 2
epoch: 4
F1_overall: 0.5974
F1_AGENT: 0.7202
F1_TARGET: 0.4666
precision_overall: 0.6024
precision_AGENT: 0.6870
precision_TARGET: 0.5009
recall_overall: 0.5926
recall_AGENT: 0.7567
recall_TARGET: 0.4367
-----------------------------------------------------------
Epoch [6/20], Average Loss: 0.0563
-----------------------------------------------------------
strategy: MARGIN
iter: 2
epoch: 5
F1_overall: 0.5919
F1_AGENT: 0.6876
F1_TARGET: 0.5072
precision_overall: 0.6116
precision_AGENT: 0.7406
precision_TARGET: 0.5059
recall_overall: 0.5734
recall_AGENT: 0.6418
recall_TARGET: 0.5084
-----------------------------------------------------------
Epoch [7/20], Average Loss: 0.0467
-----------------------------------------------------------
strategy: MARGIN
iter: 2
epoch: 6
F1_overall: 0.5984
F1_AGENT: 0.7039
F1_TARGET: 0.4990
precision_overall: 0.5794
precision_AGENT: 0.6841
precision_TARGET: 0.4815
recall_overall: 0.6187
recall_AGENT: 0.7248
recall_TARGET: 0.5179
-----------------------------------------------------------
Epoch [8/20], Average Loss: 0.0415
-----------------------------------------------------------
strategy: MARGIN
iter: 2
epoch: 7
F1_overall: 0.6063
F1_AGENT: 0.7210
F1_TARGET: 0.4889
precision_overall: 0.5913
precision_AGENT: 0.6798
precision_TARGET: 0.4943
recall_overall: 0.6220
recall_AGENT: 0.7676
recall_TARGET: 0.4837
-----------------------------------------------------------
Epoch [9/20], Average Loss: 0.0304
-----------------------------------------------------------
strategy: MARGIN
iter: 2
epoch: 8
F1_overall: 0.5967
F1_AGENT: 0.7209
F1_TARGET: 0.4697
precision_overall: 0.5916
precision_AGENT: 0.6897
precision_TARGET: 0.4835
recall_overall: 0.6020
recall_AGENT: 0.7550
recall_TARGET: 0.4566
-----------------------------------------------------------
Epoch [10/20], Average Loss: 0.0265
-----------------------------------------------------------
strategy: MARGIN
iter: 2
epoch: 9
F1_overall: 0.6078
F1_AGENT: 0.7238
F1_TARGET: 0.4883
precision_overall: 0.6105
precision_AGENT: 0.6987
precision_TARGET: 0.5118
recall_overall: 0.6052
recall_AGENT: 0.7508
recall_TARGET: 0.4669
-----------------------------------------------------------
Epoch [11/20], Average Loss: 0.0241
-----------------------------------------------------------
strategy: MARGIN
iter: 2
epoch: 10
F1_overall: 0.6056
F1_AGENT: 0.7177
F1_TARGET: 0.4876
precision_overall: 0.5879
precision_AGENT: 0.6650
precision_TARGET: 0.4983
recall_overall: 0.6244
recall_AGENT: 0.7794
recall_TARGET: 0.4773
-----------------------------------------------------------
annotated_samples_num: 708
unannotated_samples_num: 2836
update datapool!
annotated_samples_num: 708
unannotated_samples_num: 2836
iter: 3
annotated_samples_num: 708
unannotated_samples_num: 2836
Epoch [1/20], Average Loss: 0.5322
-----------------------------------------------------------
strategy: MARGIN
iter: 3
epoch: 0
F1_overall: 0.5647
F1_AGENT: 0.6888
F1_TARGET: 0.4166
precision_overall: 0.6396
precision_AGENT: 0.6888
precision_TARGET: 0.5606
recall_overall: 0.5055
recall_AGENT: 0.6888
recall_TARGET: 0.3315
-----------------------------------------------------------
Epoch [2/20], Average Loss: 0.2058
-----------------------------------------------------------
strategy: MARGIN
iter: 3
epoch: 1
F1_overall: 0.5770
F1_AGENT: 0.6928
F1_TARGET: 0.4510
precision_overall: 0.6096
precision_AGENT: 0.6830
precision_TARGET: 0.5170
recall_overall: 0.5476
recall_AGENT: 0.7030
recall_TARGET: 0.4000
-----------------------------------------------------------
Epoch [3/20], Average Loss: 0.1405
-----------------------------------------------------------
strategy: MARGIN
iter: 3
epoch: 2
F1_overall: 0.6012
F1_AGENT: 0.7186
F1_TARGET: 0.4891
precision_overall: 0.6339
precision_AGENT: 0.7551
precision_TARGET: 0.5173
recall_overall: 0.5717
recall_AGENT: 0.6854
recall_TARGET: 0.4637
-----------------------------------------------------------
Epoch [4/20], Average Loss: 0.1097
-----------------------------------------------------------
strategy: MARGIN
iter: 3
epoch: 3
F1_overall: 0.6197
F1_AGENT: 0.7254
F1_TARGET: 0.5136
precision_overall: 0.6550
precision_AGENT: 0.7436
precision_TARGET: 0.5603
recall_overall: 0.5881
recall_AGENT: 0.7081
recall_TARGET: 0.4741
-----------------------------------------------------------
best_overall_f1 update: 0.6197243755383289
Model saved at ./saved_models/strategy_MARGIN/model_F1_0.61972_iter_3_epoch_3
delete:./saved_models/strategy_MARGIN/model_F1_0.61387_iter_2_epoch_3
Epoch [5/20], Average Loss: 0.0934
-----------------------------------------------------------
strategy: MARGIN
iter: 3
epoch: 4
F1_overall: 0.6252
F1_AGENT: 0.7263
F1_TARGET: 0.5255
precision_overall: 0.6148
precision_AGENT: 0.7019
precision_TARGET: 0.5259
recall_overall: 0.6359
recall_AGENT: 0.7525
recall_TARGET: 0.5251
-----------------------------------------------------------
best_overall_f1 update: 0.6251506629168341
Model saved at ./saved_models/strategy_MARGIN/model_F1_0.62515_iter_3_epoch_4
delete:./saved_models/strategy_MARGIN/model_F1_0.61972_iter_3_epoch_3
Epoch [6/20], Average Loss: 0.0674
-----------------------------------------------------------
strategy: MARGIN
iter: 3
epoch: 5
F1_overall: 0.6115
F1_AGENT: 0.7302
F1_TARGET: 0.4843
precision_overall: 0.6308
precision_AGENT: 0.7091
precision_TARGET: 0.5352
recall_overall: 0.5934
recall_AGENT: 0.7525
recall_TARGET: 0.4422
-----------------------------------------------------------
Epoch [7/20], Average Loss: 0.0512
-----------------------------------------------------------
strategy: MARGIN
iter: 3
epoch: 6
F1_overall: 0.6111
F1_AGENT: 0.7186
F1_TARGET: 0.5104
precision_overall: 0.6033
precision_AGENT: 0.7142
precision_TARGET: 0.5008
recall_overall: 0.6191
recall_AGENT: 0.7232
recall_TARGET: 0.5203
-----------------------------------------------------------
Epoch [8/20], Average Loss: 0.0349
-----------------------------------------------------------
strategy: MARGIN
iter: 3
epoch: 7
F1_overall: 0.5966
F1_AGENT: 0.7128
F1_TARGET: 0.4806
precision_overall: 0.5910
precision_AGENT: 0.6891
precision_TARGET: 0.4881
recall_overall: 0.6024
recall_AGENT: 0.7383
recall_TARGET: 0.4733
-----------------------------------------------------------
Epoch [9/20], Average Loss: 0.0434
-----------------------------------------------------------
strategy: MARGIN
iter: 3
epoch: 8
F1_overall: 0.6085
F1_AGENT: 0.7305
F1_TARGET: 0.4826
precision_overall: 0.6140
precision_AGENT: 0.7075
precision_TARGET: 0.5088
recall_overall: 0.6032
recall_AGENT: 0.7550
recall_TARGET: 0.4590
-----------------------------------------------------------
Epoch [10/20], Average Loss: 0.0382
-----------------------------------------------------------
strategy: MARGIN
iter: 3
epoch: 9
F1_overall: 0.6113
F1_AGENT: 0.7325
F1_TARGET: 0.4830
precision_overall: 0.6170
precision_AGENT: 0.7018
precision_TARGET: 0.5168
recall_overall: 0.6056
recall_AGENT: 0.7659
recall_TARGET: 0.4534
-----------------------------------------------------------
Epoch [11/20], Average Loss: 0.0250
-----------------------------------------------------------
strategy: MARGIN
iter: 3
epoch: 10
F1_overall: 0.6126
F1_AGENT: 0.7135
F1_TARGET: 0.5170
precision_overall: 0.6172
precision_AGENT: 0.7199
precision_TARGET: 0.5202
recall_overall: 0.6081
recall_AGENT: 0.7072
recall_TARGET: 0.5139
-----------------------------------------------------------
annotated_samples_num: 885
unannotated_samples_num: 2659
update datapool!
annotated_samples_num: 885
unannotated_samples_num: 2659
iter: 4
annotated_samples_num: 885
unannotated_samples_num: 2659
Epoch [1/20], Average Loss: 0.4417
-----------------------------------------------------------
strategy: MARGIN
iter: 4
epoch: 0
F1_overall: 0.5886
F1_AGENT: 0.7041
F1_TARGET: 0.4699
precision_overall: 0.5905
precision_AGENT: 0.6794
precision_TARGET: 0.4913
recall_overall: 0.5868
recall_AGENT: 0.7307
recall_TARGET: 0.4502
-----------------------------------------------------------
Epoch [2/20], Average Loss: 0.2112
-----------------------------------------------------------
strategy: MARGIN
iter: 4
epoch: 1
F1_overall: 0.6044
F1_AGENT: 0.7035
F1_TARGET: 0.5225
precision_overall: 0.6069
precision_AGENT: 0.7653
precision_TARGET: 0.4933
recall_overall: 0.6020
recall_AGENT: 0.6510
recall_TARGET: 0.5554
-----------------------------------------------------------
Epoch [3/20], Average Loss: 0.1431
-----------------------------------------------------------
strategy: MARGIN
iter: 4
epoch: 2
F1_overall: 0.6192
F1_AGENT: 0.7065
F1_TARGET: 0.5422
precision_overall: 0.6234
precision_AGENT: 0.7406
precision_TARGET: 0.5275
recall_overall: 0.6150
recall_AGENT: 0.6753
recall_TARGET: 0.5578
-----------------------------------------------------------
Epoch [4/20], Average Loss: 0.1085
-----------------------------------------------------------
strategy: MARGIN
iter: 4
epoch: 3
F1_overall: 0.6304
F1_AGENT: 0.7278
F1_TARGET: 0.5361
precision_overall: 0.6033
precision_AGENT: 0.6905
precision_TARGET: 0.5174
recall_overall: 0.6600
recall_AGENT: 0.7693
recall_TARGET: 0.5562
-----------------------------------------------------------
best_overall_f1 update: 0.6303669008587042
Model saved at ./saved_models/strategy_MARGIN/model_F1_0.63037_iter_4_epoch_3
delete:./saved_models/strategy_MARGIN/model_F1_0.62515_iter_3_epoch_4
Epoch [5/20], Average Loss: 0.0852
-----------------------------------------------------------
strategy: MARGIN
iter: 4
epoch: 4
F1_overall: 0.6249
F1_AGENT: 0.7160
F1_TARGET: 0.5396
precision_overall: 0.6087
precision_AGENT: 0.7027
precision_TARGET: 0.5220
recall_overall: 0.6420
recall_AGENT: 0.7299
recall_TARGET: 0.5586
-----------------------------------------------------------
Epoch [6/20], Average Loss: 0.0678
-----------------------------------------------------------
strategy: MARGIN
iter: 4
epoch: 5
F1_overall: 0.6065
F1_AGENT: 0.7050
F1_TARGET: 0.5035
precision_overall: 0.5970
precision_AGENT: 0.6637
precision_TARGET: 0.5204
recall_overall: 0.6163
recall_AGENT: 0.7517
recall_TARGET: 0.4876
-----------------------------------------------------------
Epoch [7/20], Average Loss: 0.0578
-----------------------------------------------------------
strategy: MARGIN
iter: 4
epoch: 6
F1_overall: 0.6154
F1_AGENT: 0.7228
F1_TARGET: 0.5056
precision_overall: 0.6161
precision_AGENT: 0.6982
precision_TARGET: 0.5258
recall_overall: 0.6146
recall_AGENT: 0.7492
recall_TARGET: 0.4869
-----------------------------------------------------------
Epoch [8/20], Average Loss: 0.0415
-----------------------------------------------------------
strategy: MARGIN
iter: 4
epoch: 7
F1_overall: 0.5962
F1_AGENT: 0.7174
F1_TARGET: 0.4615
precision_overall: 0.6543
precision_AGENT: 0.7226
precision_TARGET: 0.5624
recall_overall: 0.5476
recall_AGENT: 0.7122
recall_TARGET: 0.3912
-----------------------------------------------------------
Epoch [9/20], Average Loss: 0.0418
-----------------------------------------------------------
strategy: MARGIN
iter: 4
epoch: 8
F1_overall: 0.6217
F1_AGENT: 0.7431
F1_TARGET: 0.5004
precision_overall: 0.6294
precision_AGENT: 0.7331
precision_TARGET: 0.5202
recall_overall: 0.6142
recall_AGENT: 0.7534
recall_TARGET: 0.4821
-----------------------------------------------------------
Epoch [10/20], Average Loss: 0.0367
-----------------------------------------------------------
strategy: MARGIN
iter: 4
epoch: 9
F1_overall: 0.6278
F1_AGENT: 0.7383
F1_TARGET: 0.5184
precision_overall: 0.6065
precision_AGENT: 0.7000
precision_TARGET: 0.5104
recall_overall: 0.6506
recall_AGENT: 0.7810
recall_TARGET: 0.5267
-----------------------------------------------------------
Epoch [11/20], Average Loss: 0.0274
-----------------------------------------------------------
strategy: MARGIN
iter: 4
epoch: 10
F1_overall: 0.6322
F1_AGENT: 0.7325
F1_TARGET: 0.5385
precision_overall: 0.6109
precision_AGENT: 0.7136
precision_TARGET: 0.5165
recall_overall: 0.6551
recall_AGENT: 0.7525
recall_TARGET: 0.5625
-----------------------------------------------------------
best_overall_f1 update: 0.6322224413330705
Model saved at ./saved_models/strategy_MARGIN/model_F1_0.63222_iter_4_epoch_10
delete:./saved_models/strategy_MARGIN/model_F1_0.63037_iter_4_epoch_3
Epoch [12/20], Average Loss: 0.0312
-----------------------------------------------------------
strategy: MARGIN
iter: 4
epoch: 11
F1_overall: 0.6337
F1_AGENT: 0.7349
F1_TARGET: 0.5313
precision_overall: 0.6144
precision_AGENT: 0.6919
precision_TARGET: 0.5311
recall_overall: 0.6543
recall_AGENT: 0.7836
recall_TARGET: 0.5315
-----------------------------------------------------------
best_overall_f1 update: 0.633682960617455
Model saved at ./saved_models/strategy_MARGIN/model_F1_0.63368_iter_4_epoch_11
delete:./saved_models/strategy_MARGIN/model_F1_0.63222_iter_4_epoch_10
Epoch [13/20], Average Loss: 0.0214
-----------------------------------------------------------
strategy: MARGIN
iter: 4
epoch: 12
F1_overall: 0.6106
F1_AGENT: 0.7245
F1_TARGET: 0.5044
precision_overall: 0.5985
precision_AGENT: 0.7167
precision_TARGET: 0.4902
recall_overall: 0.6232
recall_AGENT: 0.7324
recall_TARGET: 0.5195
-----------------------------------------------------------
annotated_samples_num: 1062
unannotated_samples_num: 2482
update datapool!
annotated_samples_num: 1062
unannotated_samples_num: 2482
iter: 5
annotated_samples_num: 1062
unannotated_samples_num: 2482
Epoch [1/20], Average Loss: 0.4389
-----------------------------------------------------------
strategy: MARGIN
iter: 5
epoch: 0
F1_overall: 0.5937
F1_AGENT: 0.7082
F1_TARGET: 0.4809
precision_overall: 0.5759
precision_AGENT: 0.6756
precision_TARGET: 0.4744
recall_overall: 0.6126
recall_AGENT: 0.7441
recall_TARGET: 0.4876
-----------------------------------------------------------
Epoch [2/20], Average Loss: 0.2394
-----------------------------------------------------------
strategy: MARGIN
iter: 5
epoch: 1
F1_overall: 0.5422
F1_AGENT: 0.6590
F1_TARGET: 0.4482
precision_overall: 0.5455
precision_AGENT: 0.7311
precision_TARGET: 0.4194
recall_overall: 0.5390
recall_AGENT: 0.5998
recall_TARGET: 0.4813
-----------------------------------------------------------
Epoch [3/20], Average Loss: 0.1589
-----------------------------------------------------------
strategy: MARGIN
iter: 5
epoch: 2
F1_overall: 0.6285
F1_AGENT: 0.7408
F1_TARGET: 0.5155
precision_overall: 0.6034
precision_AGENT: 0.6927
precision_TARGET: 0.5085
recall_overall: 0.6559
recall_AGENT: 0.7961
recall_TARGET: 0.5227
-----------------------------------------------------------
Epoch [4/20], Average Loss: 0.1082
-----------------------------------------------------------
strategy: MARGIN
iter: 5
epoch: 3
F1_overall: 0.6156
F1_AGENT: 0.7395
F1_TARGET: 0.4960
precision_overall: 0.6121
precision_AGENT: 0.7292
precision_TARGET: 0.4972
recall_overall: 0.6191
recall_AGENT: 0.7500
recall_TARGET: 0.4948
-----------------------------------------------------------
Epoch [5/20], Average Loss: 0.0801
-----------------------------------------------------------
strategy: MARGIN
iter: 5
epoch: 4
F1_overall: 0.6258
F1_AGENT: 0.7370
F1_TARGET: 0.5187
precision_overall: 0.6343
precision_AGENT: 0.7417
precision_TARGET: 0.5295
recall_overall: 0.6175
recall_AGENT: 0.7324
recall_TARGET: 0.5084
-----------------------------------------------------------
Epoch [6/20], Average Loss: 0.0716
-----------------------------------------------------------
strategy: MARGIN
iter: 5
epoch: 5
F1_overall: 0.6300
F1_AGENT: 0.7293
F1_TARGET: 0.5340
precision_overall: 0.6122
precision_AGENT: 0.7024
precision_TARGET: 0.5233
recall_overall: 0.6490
recall_AGENT: 0.7584
recall_TARGET: 0.5450
-----------------------------------------------------------
Epoch [7/20], Average Loss: 0.0577
-----------------------------------------------------------
strategy: MARGIN
iter: 5
epoch: 6
F1_overall: 0.6312
F1_AGENT: 0.7514
F1_TARGET: 0.5032
precision_overall: 0.6291
precision_AGENT: 0.7094
precision_TARGET: 0.5330
recall_overall: 0.6334
recall_AGENT: 0.7987
recall_TARGET: 0.4765
-----------------------------------------------------------
Epoch [8/20], Average Loss: 0.0473
-----------------------------------------------------------
strategy: MARGIN
iter: 5
epoch: 7
F1_overall: 0.6404
F1_AGENT: 0.7487
F1_TARGET: 0.5366
precision_overall: 0.6332
precision_AGENT: 0.7368
precision_TARGET: 0.5330
recall_overall: 0.6477
recall_AGENT: 0.7609
recall_TARGET: 0.5402
-----------------------------------------------------------
best_overall_f1 update: 0.6404040404040404
Model saved at ./saved_models/strategy_MARGIN/model_F1_0.64040_iter_5_epoch_7
delete:./saved_models/strategy_MARGIN/model_F1_0.63368_iter_4_epoch_11
Epoch [9/20], Average Loss: 0.0406
-----------------------------------------------------------
strategy: MARGIN
iter: 5
epoch: 8
F1_overall: 0.6320
F1_AGENT: 0.7503
F1_TARGET: 0.5167
precision_overall: 0.6302
precision_AGENT: 0.7384
precision_TARGET: 0.5220
recall_overall: 0.6338
recall_AGENT: 0.7626
recall_TARGET: 0.5116
-----------------------------------------------------------
Epoch [10/20], Average Loss: 0.0347
-----------------------------------------------------------
strategy: MARGIN
iter: 5
epoch: 9
F1_overall: 0.6298
F1_AGENT: 0.7381
F1_TARGET: 0.5261
precision_overall: 0.6361
precision_AGENT: 0.7422
precision_TARGET: 0.5336
recall_overall: 0.6236
recall_AGENT: 0.7341
recall_TARGET: 0.5187
-----------------------------------------------------------
Epoch [11/20], Average Loss: 0.0295
-----------------------------------------------------------
strategy: MARGIN
iter: 5
epoch: 10
F1_overall: 0.6221
F1_AGENT: 0.7378
F1_TARGET: 0.5052
precision_overall: 0.6349
precision_AGENT: 0.7299
precision_TARGET: 0.5327
recall_overall: 0.6097
recall_AGENT: 0.7458
recall_TARGET: 0.4805
-----------------------------------------------------------
Epoch [12/20], Average Loss: 0.0459
-----------------------------------------------------------
strategy: MARGIN
iter: 5
epoch: 11
F1_overall: 0.6221
F1_AGENT: 0.7295
F1_TARGET: 0.5171
precision_overall: 0.6042
precision_AGENT: 0.6984
precision_TARGET: 0.5093
recall_overall: 0.6412
recall_AGENT: 0.7634
recall_TARGET: 0.5251
-----------------------------------------------------------
Epoch [13/20], Average Loss: 0.0550
-----------------------------------------------------------
strategy: MARGIN
iter: 5
epoch: 12
F1_overall: 0.6044
F1_AGENT: 0.7159
F1_TARGET: 0.4986
precision_overall: 0.6076
precision_AGENT: 0.7205
precision_TARGET: 0.5008
recall_overall: 0.6011
recall_AGENT: 0.7114
recall_TARGET: 0.4964
-----------------------------------------------------------
Epoch [14/20], Average Loss: 0.0330
-----------------------------------------------------------
strategy: MARGIN
iter: 5
epoch: 13
F1_overall: 0.6378
F1_AGENT: 0.7366
F1_TARGET: 0.5463
precision_overall: 0.6279
precision_AGENT: 0.7342
precision_TARGET: 0.5317
recall_overall: 0.6481
recall_AGENT: 0.7391
recall_TARGET: 0.5618
-----------------------------------------------------------
Epoch [15/20], Average Loss: 0.0196
-----------------------------------------------------------
strategy: MARGIN
iter: 5
epoch: 14
F1_overall: 0.6348
F1_AGENT: 0.7509
F1_TARGET: 0.5290
precision_overall: 0.6297
precision_AGENT: 0.7612
precision_TARGET: 0.5147
recall_overall: 0.6400
recall_AGENT: 0.7408
recall_TARGET: 0.5442
-----------------------------------------------------------
annotated_samples_num: 1239
unannotated_samples_num: 2305
update datapool!
annotated_samples_num: 1239
unannotated_samples_num: 2305
iter: 6
annotated_samples_num: 1239
unannotated_samples_num: 2305
Epoch [1/20], Average Loss: 0.4281
-----------------------------------------------------------
strategy: MARGIN
iter: 6
epoch: 0
F1_overall: 0.5914
F1_AGENT: 0.7133
F1_TARGET: 0.4531
precision_overall: 0.6191
precision_AGENT: 0.6841
precision_TARGET: 0.5293
recall_overall: 0.5660
recall_AGENT: 0.7450
recall_TARGET: 0.3960
-----------------------------------------------------------
Epoch [2/20], Average Loss: 0.2190
-----------------------------------------------------------
strategy: MARGIN
iter: 6
epoch: 1
F1_overall: 0.6261
F1_AGENT: 0.7463
F1_TARGET: 0.5076
precision_overall: 0.6158
precision_AGENT: 0.7209
precision_TARGET: 0.5084
recall_overall: 0.6367
recall_AGENT: 0.7735
recall_TARGET: 0.5068
-----------------------------------------------------------
Epoch [3/20], Average Loss: 0.1541
-----------------------------------------------------------
strategy: MARGIN
iter: 6
epoch: 2
F1_overall: 0.6278
F1_AGENT: 0.7405
F1_TARGET: 0.5069
precision_overall: 0.6406
precision_AGENT: 0.7124
precision_TARGET: 0.5533
recall_overall: 0.6154
recall_AGENT: 0.7710
recall_TARGET: 0.4677
-----------------------------------------------------------
Epoch [4/20], Average Loss: 0.1068
-----------------------------------------------------------
strategy: MARGIN
iter: 6
epoch: 3
F1_overall: 0.6447
F1_AGENT: 0.7614
F1_TARGET: 0.5312
precision_overall: 0.6203
precision_AGENT: 0.7248
precision_TARGET: 0.5166
recall_overall: 0.6710
recall_AGENT: 0.8020
recall_TARGET: 0.5466
-----------------------------------------------------------
best_overall_f1 update: 0.6446800157047505
Model saved at ./saved_models/strategy_MARGIN/model_F1_0.64468_iter_6_epoch_3
delete:./saved_models/strategy_MARGIN/model_F1_0.64040_iter_5_epoch_7
Epoch [5/20], Average Loss: 0.0911
-----------------------------------------------------------
strategy: MARGIN
iter: 6
epoch: 4
F1_overall: 0.6351
F1_AGENT: 0.7540
F1_TARGET: 0.5167
precision_overall: 0.6515
precision_AGENT: 0.7546
precision_TARGET: 0.5435
recall_overall: 0.6195
recall_AGENT: 0.7534
recall_TARGET: 0.4924
-----------------------------------------------------------
Epoch [6/20], Average Loss: 0.0548
-----------------------------------------------------------
strategy: MARGIN
iter: 6
epoch: 5
F1_overall: 0.6382
F1_AGENT: 0.7463
F1_TARGET: 0.5335
precision_overall: 0.6185
precision_AGENT: 0.7166
precision_TARGET: 0.5217
recall_overall: 0.6592
recall_AGENT: 0.7785
recall_TARGET: 0.5458
-----------------------------------------------------------
Epoch [7/20], Average Loss: 0.0456
-----------------------------------------------------------
strategy: MARGIN
iter: 6
epoch: 6
F1_overall: 0.6473
F1_AGENT: 0.7606
F1_TARGET: 0.5362
precision_overall: 0.6664
precision_AGENT: 0.7698
precision_TARGET: 0.5615
recall_overall: 0.6293
recall_AGENT: 0.7517
recall_TARGET: 0.5131
-----------------------------------------------------------
best_overall_f1 update: 0.6473308112652376
Model saved at ./saved_models/strategy_MARGIN/model_F1_0.64733_iter_6_epoch_6
delete:./saved_models/strategy_MARGIN/model_F1_0.64468_iter_6_epoch_3
Epoch [8/20], Average Loss: 0.0382
-----------------------------------------------------------
strategy: MARGIN
iter: 6
epoch: 7
F1_overall: 0.6276
F1_AGENT: 0.7300
F1_TARGET: 0.5326
precision_overall: 0.6415
precision_AGENT: 0.7563
precision_TARGET: 0.5378
recall_overall: 0.6142
recall_AGENT: 0.7055
recall_TARGET: 0.5275
-----------------------------------------------------------
Epoch [9/20], Average Loss: 0.0420
-----------------------------------------------------------
strategy: MARGIN
iter: 6
epoch: 8
F1_overall: 0.6297
F1_AGENT: 0.7383
F1_TARGET: 0.5238
precision_overall: 0.6337
precision_AGENT: 0.7334
precision_TARGET: 0.5339
recall_overall: 0.6257
recall_AGENT: 0.7433
recall_TARGET: 0.5139
-----------------------------------------------------------
Epoch [10/20], Average Loss: 0.0375
-----------------------------------------------------------
strategy: MARGIN
iter: 6
epoch: 9
F1_overall: 0.6325
F1_AGENT: 0.7412
F1_TARGET: 0.5224
precision_overall: 0.6313
precision_AGENT: 0.7165
precision_TARGET: 0.5390
recall_overall: 0.6338
recall_AGENT: 0.7676
recall_TARGET: 0.5068
-----------------------------------------------------------
Epoch [11/20], Average Loss: 0.0392
-----------------------------------------------------------
strategy: MARGIN
iter: 6
epoch: 10
F1_overall: 0.6423
F1_AGENT: 0.7494
F1_TARGET: 0.5418
precision_overall: 0.6447
precision_AGENT: 0.7564
precision_TARGET: 0.5409
recall_overall: 0.6400
recall_AGENT: 0.7424
recall_TARGET: 0.5426
-----------------------------------------------------------
Epoch [12/20], Average Loss: 0.0278
-----------------------------------------------------------
strategy: MARGIN
iter: 6
epoch: 11
F1_overall: 0.6402
F1_AGENT: 0.7584
F1_TARGET: 0.5282
precision_overall: 0.6438
precision_AGENT: 0.7636
precision_TARGET: 0.5305
recall_overall: 0.6367
recall_AGENT: 0.7534
recall_TARGET: 0.5259
-----------------------------------------------------------
Epoch [13/20], Average Loss: 0.0256
-----------------------------------------------------------
strategy: MARGIN
iter: 6
epoch: 12
F1_overall: 0.6407
F1_AGENT: 0.7522
F1_TARGET: 0.5351
precision_overall: 0.6255
precision_AGENT: 0.7350
precision_TARGET: 0.5220
recall_overall: 0.6567
recall_AGENT: 0.7701
recall_TARGET: 0.5490
-----------------------------------------------------------
Epoch [14/20], Average Loss: 0.0239
-----------------------------------------------------------
strategy: MARGIN
iter: 6
epoch: 13
F1_overall: 0.6363
F1_AGENT: 0.7378
F1_TARGET: 0.5434
precision_overall: 0.6410
precision_AGENT: 0.7577
precision_TARGET: 0.5379
recall_overall: 0.6318
recall_AGENT: 0.7190
recall_TARGET: 0.5490
-----------------------------------------------------------
annotated_samples_num: 1416
unannotated_samples_num: 2128
update datapool!
annotated_samples_num: 1416
unannotated_samples_num: 2128
iter: 7
annotated_samples_num: 1416
unannotated_samples_num: 2128
Epoch [1/20], Average Loss: 0.3910
-----------------------------------------------------------
strategy: MARGIN
iter: 7
epoch: 0
F1_overall: 0.5984
F1_AGENT: 0.7214
F1_TARGET: 0.4634
precision_overall: 0.6204
precision_AGENT: 0.6963
precision_TARGET: 0.5230
recall_overall: 0.5779
recall_AGENT: 0.7483
recall_TARGET: 0.4159
-----------------------------------------------------------
Epoch [2/20], Average Loss: 0.2138
-----------------------------------------------------------
strategy: MARGIN
iter: 7
epoch: 1
F1_overall: 0.6395
F1_AGENT: 0.7513
F1_TARGET: 0.5347
precision_overall: 0.6228
precision_AGENT: 0.7365
precision_TARGET: 0.5175
recall_overall: 0.6571
recall_AGENT: 0.7668
recall_TARGET: 0.5530
-----------------------------------------------------------
Epoch [3/20], Average Loss: 0.1534
-----------------------------------------------------------
strategy: MARGIN
iter: 7
epoch: 2
F1_overall: 0.6325
F1_AGENT: 0.7483
F1_TARGET: 0.5106
precision_overall: 0.6272
precision_AGENT: 0.7072
precision_TARGET: 0.5339
recall_overall: 0.6379
recall_AGENT: 0.7945
recall_TARGET: 0.4892
-----------------------------------------------------------
Epoch [4/20], Average Loss: 0.1082
-----------------------------------------------------------
strategy: MARGIN
iter: 7
epoch: 3
F1_overall: 0.6365
F1_AGENT: 0.7449
F1_TARGET: 0.5398
precision_overall: 0.6245
precision_AGENT: 0.7552
precision_TARGET: 0.5148
recall_overall: 0.6490
recall_AGENT: 0.7349
recall_TARGET: 0.5673
-----------------------------------------------------------
Epoch [5/20], Average Loss: 0.0807
-----------------------------------------------------------
strategy: MARGIN
iter: 7
epoch: 4
F1_overall: 0.6451
F1_AGENT: 0.7498
F1_TARGET: 0.5399
precision_overall: 0.6371
precision_AGENT: 0.7202
precision_TARGET: 0.5485
recall_overall: 0.6535
recall_AGENT: 0.7819
recall_TARGET: 0.5315
-----------------------------------------------------------
Epoch [6/20], Average Loss: 0.0744
-----------------------------------------------------------
strategy: MARGIN
iter: 7
epoch: 5
F1_overall: 0.6432
F1_AGENT: 0.7466
F1_TARGET: 0.5476
precision_overall: 0.6322
precision_AGENT: 0.7431
precision_TARGET: 0.5319
recall_overall: 0.6547
recall_AGENT: 0.7500
recall_TARGET: 0.5641
-----------------------------------------------------------
Epoch [7/20], Average Loss: 0.0518
-----------------------------------------------------------
strategy: MARGIN
iter: 7
epoch: 6
F1_overall: 0.6424
F1_AGENT: 0.7428
F1_TARGET: 0.5489
precision_overall: 0.6392
precision_AGENT: 0.7466
precision_TARGET: 0.5410
recall_overall: 0.6457
recall_AGENT: 0.7391
recall_TARGET: 0.5570
-----------------------------------------------------------
Epoch [8/20], Average Loss: 0.0392
-----------------------------------------------------------
strategy: MARGIN
iter: 7
epoch: 7
F1_overall: 0.6496
F1_AGENT: 0.7517
F1_TARGET: 0.5516
precision_overall: 0.6422
precision_AGENT: 0.7394
precision_TARGET: 0.5480
recall_overall: 0.6571
recall_AGENT: 0.7643
recall_TARGET: 0.5554
-----------------------------------------------------------
best_overall_f1 update: 0.6495657442940819
Model saved at ./saved_models/strategy_MARGIN/model_F1_0.64957_iter_7_epoch_7
delete:./saved_models/strategy_MARGIN/model_F1_0.64733_iter_6_epoch_6
Epoch [9/20], Average Loss: 0.0339
-----------------------------------------------------------
strategy: MARGIN
iter: 7
epoch: 8
F1_overall: 0.6404
F1_AGENT: 0.7452
F1_TARGET: 0.5297
precision_overall: 0.6429
precision_AGENT: 0.7111
precision_TARGET: 0.5627
recall_overall: 0.6379
recall_AGENT: 0.7827
recall_TARGET: 0.5004
-----------------------------------------------------------
Epoch [10/20], Average Loss: 0.0347
-----------------------------------------------------------
strategy: MARGIN
iter: 7
epoch: 9
F1_overall: 0.6337
F1_AGENT: 0.7288
F1_TARGET: 0.5449
precision_overall: 0.6156
precision_AGENT: 0.7133
precision_TARGET: 0.5255
recall_overall: 0.6530
recall_AGENT: 0.7450
recall_TARGET: 0.5657
-----------------------------------------------------------
Epoch [11/20], Average Loss: 0.0301
-----------------------------------------------------------
strategy: MARGIN
iter: 7
epoch: 10
F1_overall: 0.6461
F1_AGENT: 0.7583
F1_TARGET: 0.5365
precision_overall: 0.6339
precision_AGENT: 0.7339
precision_TARGET: 0.5335
recall_overall: 0.6588
recall_AGENT: 0.7844
recall_TARGET: 0.5394
-----------------------------------------------------------
Epoch [12/20], Average Loss: 0.0215
-----------------------------------------------------------
strategy: MARGIN
iter: 7
epoch: 11
F1_overall: 0.6385
F1_AGENT: 0.7468
F1_TARGET: 0.5422
precision_overall: 0.6231
precision_AGENT: 0.7538
precision_TARGET: 0.5139
recall_overall: 0.6547
recall_AGENT: 0.7399
recall_TARGET: 0.5737
-----------------------------------------------------------
annotated_samples_num: 1593
unannotated_samples_num: 1951
update datapool!
annotated_samples_num: 1593
unannotated_samples_num: 1951
iter: 8
annotated_samples_num: 1593
unannotated_samples_num: 1951
Epoch [1/20], Average Loss: 0.3810
-----------------------------------------------------------
strategy: MARGIN
iter: 8
epoch: 0
F1_overall: 0.5531
F1_AGENT: 0.6829
F1_TARGET: 0.3865
precision_overall: 0.6256
precision_AGENT: 0.6609
precision_TARGET: 0.5579
recall_overall: 0.4957
recall_AGENT: 0.7064
recall_TARGET: 0.2956
-----------------------------------------------------------
Epoch [2/20], Average Loss: 0.2057
-----------------------------------------------------------
strategy: MARGIN
iter: 8
epoch: 1
F1_overall: 0.6375
F1_AGENT: 0.7332
F1_TARGET: 0.5481
precision_overall: 0.6430
precision_AGENT: 0.7452
precision_TARGET: 0.5487
recall_overall: 0.6322
recall_AGENT: 0.7215
recall_TARGET: 0.5474
-----------------------------------------------------------
Epoch [3/20], Average Loss: 0.1520
-----------------------------------------------------------
strategy: MARGIN
iter: 8
epoch: 2
F1_overall: 0.6496
F1_AGENT: 0.7724
F1_TARGET: 0.5323
precision_overall: 0.6231
precision_AGENT: 0.7393
precision_TARGET: 0.5118
recall_overall: 0.6784
recall_AGENT: 0.8087
recall_TARGET: 0.5546
-----------------------------------------------------------
best_overall_f1 update: 0.6495793386812757
Model saved at ./saved_models/strategy_MARGIN/model_F1_0.64958_iter_8_epoch_2
delete:./saved_models/strategy_MARGIN/model_F1_0.64957_iter_7_epoch_7
Epoch [4/20], Average Loss: 0.1169
-----------------------------------------------------------
strategy: MARGIN
iter: 8
epoch: 3
F1_overall: 0.6486
F1_AGENT: 0.7621
F1_TARGET: 0.5388
precision_overall: 0.6383
precision_AGENT: 0.7432
precision_TARGET: 0.5350
recall_overall: 0.6592
recall_AGENT: 0.7819
recall_TARGET: 0.5426
-----------------------------------------------------------
Epoch [5/20], Average Loss: 0.0845
-----------------------------------------------------------
strategy: MARGIN
iter: 8
epoch: 4
F1_overall: 0.6533
F1_AGENT: 0.7572
F1_TARGET: 0.5476
precision_overall: 0.6520
precision_AGENT: 0.7303
precision_TARGET: 0.5664
recall_overall: 0.6547
recall_AGENT: 0.7861
recall_TARGET: 0.5299
-----------------------------------------------------------
best_overall_f1 update: 0.6533442088091354
Model saved at ./saved_models/strategy_MARGIN/model_F1_0.65334_iter_8_epoch_4
delete:./saved_models/strategy_MARGIN/model_F1_0.64958_iter_8_epoch_2
Epoch [6/20], Average Loss: 0.0639
-----------------------------------------------------------
strategy: MARGIN
iter: 8
epoch: 5
F1_overall: 0.6456
F1_AGENT: 0.7462
F1_TARGET: 0.5488
precision_overall: 0.6530
precision_AGENT: 0.7500
precision_TARGET: 0.5586
recall_overall: 0.6383
recall_AGENT: 0.7424
recall_TARGET: 0.5394
-----------------------------------------------------------
Epoch [7/20], Average Loss: 0.0487
-----------------------------------------------------------
strategy: MARGIN
iter: 8
epoch: 6
F1_overall: 0.6469
F1_AGENT: 0.7524
F1_TARGET: 0.5471
precision_overall: 0.6306
precision_AGENT: 0.7346
precision_TARGET: 0.5324
recall_overall: 0.6641
recall_AGENT: 0.7710
recall_TARGET: 0.5625
-----------------------------------------------------------
Epoch [8/20], Average Loss: 0.0441
-----------------------------------------------------------
strategy: MARGIN
iter: 8
epoch: 7
F1_overall: 0.6581
F1_AGENT: 0.7600
F1_TARGET: 0.5626
precision_overall: 0.6397
precision_AGENT: 0.7438
precision_TARGET: 0.5434
recall_overall: 0.6776
recall_AGENT: 0.7768
recall_TARGET: 0.5833
-----------------------------------------------------------
best_overall_f1 update: 0.6580670768009527
Model saved at ./saved_models/strategy_MARGIN/model_F1_0.65807_iter_8_epoch_7
delete:./saved_models/strategy_MARGIN/model_F1_0.65334_iter_8_epoch_4
Epoch [9/20], Average Loss: 0.0375
-----------------------------------------------------------
strategy: MARGIN
iter: 8
epoch: 8
F1_overall: 0.6612
F1_AGENT: 0.7600
F1_TARGET: 0.5647
precision_overall: 0.6682
precision_AGENT: 0.7575
precision_TARGET: 0.5786
recall_overall: 0.6543
recall_AGENT: 0.7626
recall_TARGET: 0.5514
-----------------------------------------------------------
best_overall_f1 update: 0.6611604377451993
Model saved at ./saved_models/strategy_MARGIN/model_F1_0.66116_iter_8_epoch_8
delete:./saved_models/strategy_MARGIN/model_F1_0.65807_iter_8_epoch_7
Epoch [10/20], Average Loss: 0.0303
-----------------------------------------------------------
strategy: MARGIN
iter: 8
epoch: 9
F1_overall: 0.6535
F1_AGENT: 0.7721
F1_TARGET: 0.5279
precision_overall: 0.6884
precision_AGENT: 0.7683
precision_TARGET: 0.5929
recall_overall: 0.6220
recall_AGENT: 0.7760
recall_TARGET: 0.4757
-----------------------------------------------------------
Epoch [11/20], Average Loss: 0.0281
-----------------------------------------------------------
strategy: MARGIN
iter: 8
epoch: 10
F1_overall: 0.6529
F1_AGENT: 0.7651
F1_TARGET: 0.5459
precision_overall: 0.6286
precision_AGENT: 0.7349
precision_TARGET: 0.5267
recall_overall: 0.6792
recall_AGENT: 0.7978
recall_TARGET: 0.5665
-----------------------------------------------------------
Epoch [12/20], Average Loss: 0.0248
-----------------------------------------------------------
strategy: MARGIN
iter: 8
epoch: 11
F1_overall: 0.6597
F1_AGENT: 0.7639
F1_TARGET: 0.5595
precision_overall: 0.6469
precision_AGENT: 0.7444
precision_TARGET: 0.5519
recall_overall: 0.6731
recall_AGENT: 0.7844
recall_TARGET: 0.5673
-----------------------------------------------------------
annotated_samples_num: 1770
unannotated_samples_num: 1774
update datapool!
annotated_samples_num: 1770
unannotated_samples_num: 1774
iter: 9
annotated_samples_num: 1770
unannotated_samples_num: 1774
Epoch [1/20], Average Loss: 0.3782
-----------------------------------------------------------
strategy: MARGIN
iter: 9
epoch: 0
F1_overall: 0.6047
F1_AGENT: 0.7223
F1_TARGET: 0.4452
precision_overall: 0.6453
precision_AGENT: 0.6564
precision_TARGET: 0.6223
recall_overall: 0.5689
recall_AGENT: 0.8029
recall_TARGET: 0.3466
-----------------------------------------------------------
Epoch [2/20], Average Loss: 0.2029
-----------------------------------------------------------
strategy: MARGIN
iter: 9
epoch: 1
F1_overall: 0.5914
F1_AGENT: 0.6719
F1_TARGET: 0.5300
precision_overall: 0.6135
precision_AGENT: 0.8054
precision_TARGET: 0.4986
recall_overall: 0.5709
recall_AGENT: 0.5763
recall_TARGET: 0.5657
-----------------------------------------------------------
Epoch [3/20], Average Loss: 0.1393
-----------------------------------------------------------
strategy: MARGIN
iter: 9
epoch: 2
F1_overall: 0.6428
F1_AGENT: 0.7335
F1_TARGET: 0.5540
precision_overall: 0.6424
precision_AGENT: 0.7216
precision_TARGET: 0.5624
recall_overall: 0.6432
recall_AGENT: 0.7458
recall_TARGET: 0.5458
-----------------------------------------------------------
Epoch [4/20], Average Loss: 0.1116
-----------------------------------------------------------
strategy: MARGIN
iter: 9
epoch: 3
F1_overall: 0.6515
F1_AGENT: 0.7554
F1_TARGET: 0.5456
precision_overall: 0.6457
precision_AGENT: 0.7235
precision_TARGET: 0.5605
recall_overall: 0.6575
recall_AGENT: 0.7903
recall_TARGET: 0.5315
-----------------------------------------------------------
Epoch [5/20], Average Loss: 0.0742
-----------------------------------------------------------
strategy: MARGIN
iter: 9
epoch: 4
F1_overall: 0.6558
F1_AGENT: 0.7547
F1_TARGET: 0.5645
precision_overall: 0.6462
precision_AGENT: 0.7544
precision_TARGET: 0.5489
recall_overall: 0.6657
recall_AGENT: 0.7550
recall_TARGET: 0.5809
-----------------------------------------------------------
Epoch [6/20], Average Loss: 0.0652
-----------------------------------------------------------
strategy: MARGIN
iter: 9
epoch: 5
F1_overall: 0.6586
F1_AGENT: 0.7503
F1_TARGET: 0.5718
precision_overall: 0.6428
precision_AGENT: 0.7338
precision_TARGET: 0.5571
recall_overall: 0.6751
recall_AGENT: 0.7676
recall_TARGET: 0.5873
-----------------------------------------------------------
Epoch [7/20], Average Loss: 0.0477
-----------------------------------------------------------
strategy: MARGIN
iter: 9
epoch: 6
F1_overall: 0.6639
F1_AGENT: 0.7648
F1_TARGET: 0.5669
precision_overall: 0.6445
precision_AGENT: 0.7379
precision_TARGET: 0.5535
recall_overall: 0.6845
recall_AGENT: 0.7936
recall_TARGET: 0.5809
-----------------------------------------------------------
best_overall_f1 update: 0.663892191835117
Model saved at ./saved_models/strategy_MARGIN/model_F1_0.66389_iter_9_epoch_6
delete:./saved_models/strategy_MARGIN/model_F1_0.66116_iter_8_epoch_8
Epoch [8/20], Average Loss: 0.0401
-----------------------------------------------------------
strategy: MARGIN
iter: 9
epoch: 7
F1_overall: 0.6440
F1_AGENT: 0.7412
F1_TARGET: 0.5501
precision_overall: 0.6299
precision_AGENT: 0.7187
precision_TARGET: 0.5426
recall_overall: 0.6588
recall_AGENT: 0.7651
recall_TARGET: 0.5578
-----------------------------------------------------------
Epoch [9/20], Average Loss: 0.0344
-----------------------------------------------------------
strategy: MARGIN
iter: 9
epoch: 8
F1_overall: 0.6357
F1_AGENT: 0.7456
F1_TARGET: 0.5318
precision_overall: 0.6178
precision_AGENT: 0.7263
precision_TARGET: 0.5157
recall_overall: 0.6547
recall_AGENT: 0.7659
recall_TARGET: 0.5490
-----------------------------------------------------------
Epoch [10/20], Average Loss: 0.0357
-----------------------------------------------------------
strategy: MARGIN
iter: 9
epoch: 9
F1_overall: 0.6652
F1_AGENT: 0.7639
F1_TARGET: 0.5718
precision_overall: 0.6614
precision_AGENT: 0.7610
precision_TARGET: 0.5675
recall_overall: 0.6690
recall_AGENT: 0.7668
recall_TARGET: 0.5761
-----------------------------------------------------------
best_overall_f1 update: 0.6651767574156847
Model saved at ./saved_models/strategy_MARGIN/model_F1_0.66518_iter_9_epoch_9
delete:./saved_models/strategy_MARGIN/model_F1_0.66389_iter_9_epoch_6
Epoch [11/20], Average Loss: 0.0244
-----------------------------------------------------------
strategy: MARGIN
iter: 9
epoch: 10
F1_overall: 0.6589
F1_AGENT: 0.7650
F1_TARGET: 0.5519
precision_overall: 0.6582
precision_AGENT: 0.7421
precision_TARGET: 0.5684
recall_overall: 0.6596
recall_AGENT: 0.7894
recall_TARGET: 0.5363
-----------------------------------------------------------
annotated_samples_num: 1947
unannotated_samples_num: 1597
update datapool!
annotated_samples_num: 1947
unannotated_samples_num: 1597
iter: 10
annotated_samples_num: 1947
unannotated_samples_num: 1597
Epoch [1/20], Average Loss: 0.3509
-----------------------------------------------------------
strategy: MARGIN
iter: 10
epoch: 0
F1_overall: 0.6257
F1_AGENT: 0.7239
F1_TARGET: 0.5122
precision_overall: 0.6568
precision_AGENT: 0.6903
precision_TARGET: 0.6086
recall_overall: 0.5975
recall_AGENT: 0.7609
recall_TARGET: 0.4422
-----------------------------------------------------------
Epoch [2/20], Average Loss: 0.1992
-----------------------------------------------------------
strategy: MARGIN
iter: 10
epoch: 1
F1_overall: 0.6437
F1_AGENT: 0.7446
F1_TARGET: 0.5511
precision_overall: 0.6661
precision_AGENT: 0.7851
precision_TARGET: 0.5606
recall_overall: 0.6228
recall_AGENT: 0.7081
recall_TARGET: 0.5418
-----------------------------------------------------------
Epoch [3/20], Average Loss: 0.1396
-----------------------------------------------------------
strategy: MARGIN
iter: 10
epoch: 2
F1_overall: 0.6395
F1_AGENT: 0.7380
F1_TARGET: 0.5479
precision_overall: 0.6452
precision_AGENT: 0.7535
precision_TARGET: 0.5468
recall_overall: 0.6338
recall_AGENT: 0.7232
recall_TARGET: 0.5490
-----------------------------------------------------------
Epoch [4/20], Average Loss: 0.1070
-----------------------------------------------------------
strategy: MARGIN
iter: 10
epoch: 3
F1_overall: 0.6545
F1_AGENT: 0.7644
F1_TARGET: 0.5500
precision_overall: 0.6414
precision_AGENT: 0.7484
precision_TARGET: 0.5395
recall_overall: 0.6682
recall_AGENT: 0.7810
recall_TARGET: 0.5610
-----------------------------------------------------------
Epoch [5/20], Average Loss: 0.0805
-----------------------------------------------------------
strategy: MARGIN
iter: 10
epoch: 4
F1_overall: 0.6587
F1_AGENT: 0.7625
F1_TARGET: 0.5554
precision_overall: 0.6441
precision_AGENT: 0.7295
precision_TARGET: 0.5554
recall_overall: 0.6739
recall_AGENT: 0.7987
recall_TARGET: 0.5554
-----------------------------------------------------------
Epoch [6/20], Average Loss: 0.0620
-----------------------------------------------------------
strategy: MARGIN
iter: 10
epoch: 5
F1_overall: 0.6527
F1_AGENT: 0.7621
F1_TARGET: 0.5469
precision_overall: 0.6678
precision_AGENT: 0.7719
precision_TARGET: 0.5650
recall_overall: 0.6383
recall_AGENT: 0.7525
recall_TARGET: 0.5299
-----------------------------------------------------------
Epoch [7/20], Average Loss: 0.0504
-----------------------------------------------------------
strategy: MARGIN
iter: 10
epoch: 6
F1_overall: 0.6624
F1_AGENT: 0.7645
F1_TARGET: 0.5628
precision_overall: 0.6524
precision_AGENT: 0.7433
precision_TARGET: 0.5615
recall_overall: 0.6727
recall_AGENT: 0.7869
recall_TARGET: 0.5641
-----------------------------------------------------------
Epoch [8/20], Average Loss: 0.0437
-----------------------------------------------------------
strategy: MARGIN
iter: 10
epoch: 7
F1_overall: 0.6624
F1_AGENT: 0.7752
F1_TARGET: 0.5561
precision_overall: 0.6532
precision_AGENT: 0.7679
precision_TARGET: 0.5461
recall_overall: 0.6718
recall_AGENT: 0.7827
recall_TARGET: 0.5665
-----------------------------------------------------------
Epoch [9/20], Average Loss: 0.0368
-----------------------------------------------------------
strategy: MARGIN
iter: 10
epoch: 8
F1_overall: 0.6690
F1_AGENT: 0.7747
F1_TARGET: 0.5694
precision_overall: 0.6649
precision_AGENT: 0.7734
precision_TARGET: 0.5636
recall_overall: 0.6731
recall_AGENT: 0.7760
recall_TARGET: 0.5753
-----------------------------------------------------------
best_overall_f1 update: 0.6689683184402924
Model saved at ./saved_models/strategy_MARGIN/model_F1_0.66897_iter_10_epoch_8
delete:./saved_models/strategy_MARGIN/model_F1_0.66518_iter_9_epoch_9
Epoch [10/20], Average Loss: 0.0361
-----------------------------------------------------------
strategy: MARGIN
iter: 10
epoch: 9
F1_overall: 0.6598
F1_AGENT: 0.7692
F1_TARGET: 0.5584
precision_overall: 0.6498
precision_AGENT: 0.7667
precision_TARGET: 0.5438
recall_overall: 0.6702
recall_AGENT: 0.7718
recall_TARGET: 0.5737
-----------------------------------------------------------
Epoch [11/20], Average Loss: 0.0329
-----------------------------------------------------------
strategy: MARGIN
iter: 10
epoch: 10
F1_overall: 0.6684
F1_AGENT: 0.7776
F1_TARGET: 0.5656
precision_overall: 0.6720
precision_AGENT: 0.7853
precision_TARGET: 0.5663
recall_overall: 0.6649
recall_AGENT: 0.7701
recall_TARGET: 0.5649
-----------------------------------------------------------
Epoch [12/20], Average Loss: 0.0264
-----------------------------------------------------------
strategy: MARGIN
iter: 10
epoch: 11
F1_overall: 0.6527
F1_AGENT: 0.7690
F1_TARGET: 0.5425
precision_overall: 0.6418
precision_AGENT: 0.7565
precision_TARGET: 0.5331
recall_overall: 0.6641
recall_AGENT: 0.7819
recall_TARGET: 0.5522
-----------------------------------------------------------
Epoch [13/20], Average Loss: 0.0239
-----------------------------------------------------------
strategy: MARGIN
iter: 10
epoch: 12
F1_overall: 0.6651
F1_AGENT: 0.7699
F1_TARGET: 0.5611
precision_overall: 0.6568
precision_AGENT: 0.7445
precision_TARGET: 0.5661
recall_overall: 0.6735
recall_AGENT: 0.7970
recall_TARGET: 0.5562
-----------------------------------------------------------
annotated_samples_num: 2124
unannotated_samples_num: 1420
update datapool!
annotated_samples_num: 2124
unannotated_samples_num: 1420
iter: 11
annotated_samples_num: 2124
unannotated_samples_num: 1420
Epoch [1/20], Average Loss: 0.3663
-----------------------------------------------------------
strategy: MARGIN
iter: 11
epoch: 0
F1_overall: 0.6223
F1_AGENT: 0.7118
F1_TARGET: 0.5353
precision_overall: 0.6577
precision_AGENT: 0.7423
precision_TARGET: 0.5732
recall_overall: 0.5905
recall_AGENT: 0.6837
recall_TARGET: 0.5020
-----------------------------------------------------------
Epoch [2/20], Average Loss: 0.2096
-----------------------------------------------------------
strategy: MARGIN
iter: 11
epoch: 1
F1_overall: 0.6423
F1_AGENT: 0.7309
F1_TARGET: 0.5494
precision_overall: 0.6350
precision_AGENT: 0.6900
precision_TARGET: 0.5714
recall_overall: 0.6498
recall_AGENT: 0.7768
recall_TARGET: 0.5291
-----------------------------------------------------------
Epoch [3/20], Average Loss: 0.1519
-----------------------------------------------------------
strategy: MARGIN
iter: 11
epoch: 2
F1_overall: 0.6564
F1_AGENT: 0.7554
F1_TARGET: 0.5637
precision_overall: 0.6626
precision_AGENT: 0.7689
precision_TARGET: 0.5648
recall_overall: 0.6502
recall_AGENT: 0.7424
recall_TARGET: 0.5625
-----------------------------------------------------------
Epoch [4/20], Average Loss: 0.1114
-----------------------------------------------------------
strategy: MARGIN
iter: 11
epoch: 3
F1_overall: 0.6540
F1_AGENT: 0.7537
F1_TARGET: 0.5582
precision_overall: 0.6557
precision_AGENT: 0.7515
precision_TARGET: 0.5628
recall_overall: 0.6522
recall_AGENT: 0.7559
recall_TARGET: 0.5538
-----------------------------------------------------------
Epoch [5/20], Average Loss: 0.0788
-----------------------------------------------------------
strategy: MARGIN
iter: 11
epoch: 4
F1_overall: 0.6545
F1_AGENT: 0.7609
F1_TARGET: 0.5556
precision_overall: 0.6451
precision_AGENT: 0.7583
precision_TARGET: 0.5421
recall_overall: 0.6641
recall_AGENT: 0.7634
recall_TARGET: 0.5697
-----------------------------------------------------------
Epoch [6/20], Average Loss: 0.0605
-----------------------------------------------------------
strategy: MARGIN
iter: 11
epoch: 5
F1_overall: 0.6429
F1_AGENT: 0.7531
F1_TARGET: 0.5352
precision_overall: 0.6716
precision_AGENT: 0.7741
precision_TARGET: 0.5680
recall_overall: 0.6167
recall_AGENT: 0.7332
recall_TARGET: 0.5060
-----------------------------------------------------------
Epoch [7/20], Average Loss: 0.0509
-----------------------------------------------------------
strategy: MARGIN
iter: 11
epoch: 6
F1_overall: 0.6618
F1_AGENT: 0.7618
F1_TARGET: 0.5668
precision_overall: 0.6704
precision_AGENT: 0.7713
precision_TARGET: 0.5745
recall_overall: 0.6535
recall_AGENT: 0.7525
recall_TARGET: 0.5594
-----------------------------------------------------------
Epoch [8/20], Average Loss: 0.0376
-----------------------------------------------------------
strategy: MARGIN
iter: 11
epoch: 7
F1_overall: 0.6649
F1_AGENT: 0.7654
F1_TARGET: 0.5652
precision_overall: 0.6558
precision_AGENT: 0.7391
precision_TARGET: 0.5696
recall_overall: 0.6743
recall_AGENT: 0.7936
recall_TARGET: 0.5610
-----------------------------------------------------------
Epoch [9/20], Average Loss: 0.0352
-----------------------------------------------------------
strategy: MARGIN
iter: 11
epoch: 8
F1_overall: 0.6739
F1_AGENT: 0.7786
F1_TARGET: 0.5697
precision_overall: 0.6609
precision_AGENT: 0.7471
precision_TARGET: 0.5713
recall_overall: 0.6874
recall_AGENT: 0.8129
recall_TARGET: 0.5681
-----------------------------------------------------------
best_overall_f1 update: 0.6738782051282051
Model saved at ./saved_models/strategy_MARGIN/model_F1_0.67388_iter_11_epoch_8
delete:./saved_models/strategy_MARGIN/model_F1_0.66897_iter_10_epoch_8
Epoch [10/20], Average Loss: 0.0340
-----------------------------------------------------------
strategy: MARGIN
iter: 11
epoch: 9
F1_overall: 0.6615
F1_AGENT: 0.7578
F1_TARGET: 0.5755
precision_overall: 0.6586
precision_AGENT: 0.7793
precision_TARGET: 0.5570
recall_overall: 0.6645
recall_AGENT: 0.7374
recall_TARGET: 0.5952
-----------------------------------------------------------
Epoch [11/20], Average Loss: 0.0298
-----------------------------------------------------------
strategy: MARGIN
iter: 11
epoch: 10
F1_overall: 0.6728
F1_AGENT: 0.7614
F1_TARGET: 0.5841
precision_overall: 0.6635
precision_AGENT: 0.7316
precision_TARGET: 0.5915
recall_overall: 0.6825
recall_AGENT: 0.7936
recall_TARGET: 0.5769
-----------------------------------------------------------
Epoch [12/20], Average Loss: 0.0277
-----------------------------------------------------------
strategy: MARGIN
iter: 11
epoch: 11
F1_overall: 0.6592
F1_AGENT: 0.7500
F1_TARGET: 0.5705
precision_overall: 0.6576
precision_AGENT: 0.7378
precision_TARGET: 0.5770
recall_overall: 0.6608
recall_AGENT: 0.7626
recall_TARGET: 0.5641
-----------------------------------------------------------
Epoch [13/20], Average Loss: 0.0249
-----------------------------------------------------------
strategy: MARGIN
iter: 11
epoch: 12
F1_overall: 0.6592
F1_AGENT: 0.7537
F1_TARGET: 0.5695
precision_overall: 0.6537
precision_AGENT: 0.7475
precision_TARGET: 0.5646
recall_overall: 0.6649
recall_AGENT: 0.7601
recall_TARGET: 0.5745
-----------------------------------------------------------
annotated_samples_num: 2301
unannotated_samples_num: 1243
update datapool!
annotated_samples_num: 2301
unannotated_samples_num: 1243
