strategy: MIN
iter: 0
annotated_samples_num: 177
unannotated_samples_num: 3367
Epoch [1/10], Batch [1/22], Loss: 3.7589
Epoch [1/10], Batch [2/22], Loss: 2.6604
Epoch [1/10], Batch [3/22], Loss: 4.1355
Epoch [1/10], Batch [4/22], Loss: 3.0129
Epoch [1/10], Batch [5/22], Loss: 1.1656
Epoch [1/10], Batch [6/22], Loss: 1.4469
Epoch [1/10], Batch [7/22], Loss: 1.4955
Epoch [1/10], Batch [8/22], Loss: 1.2089
Epoch [1/10], Batch [9/22], Loss: 0.8152
Epoch [1/10], Batch [10/22], Loss: 1.1272
Epoch [1/10], Batch [11/22], Loss: 0.7465
Epoch [1/10], Batch [12/22], Loss: 0.7434
Epoch [1/10], Batch [13/22], Loss: 0.6223
Epoch [1/10], Batch [14/22], Loss: 0.6056
Epoch [1/10], Batch [15/22], Loss: 0.7457
Epoch [1/10], Batch [16/22], Loss: 0.5633
Epoch [1/10], Batch [17/22], Loss: 0.3219
Epoch [1/10], Batch [18/22], Loss: 0.3778
Epoch [1/10], Batch [19/22], Loss: 0.3628
Epoch [1/10], Batch [20/22], Loss: 0.3418
Epoch [1/10], Batch [21/22], Loss: 0.2663
Epoch [1/10], Batch [22/22], Loss: 0.2835
Epoch [1/10], Average Loss: 1.2185
-----------------------------------------------------------
strategy: MIN
iter: 0
epoch: 0
Test Loss: 0.4683
F1_overall: 0.3793
F1_AGENT: 0.5450
F1_TARGET: 0.1841
-----------------------------------------------------------
Epoch [2/10], Batch [1/22], Loss: 0.4729
Epoch [2/10], Batch [2/22], Loss: 0.3427
Epoch [2/10], Batch [3/22], Loss: 0.5360
Epoch [2/10], Batch [4/22], Loss: 0.4759
Epoch [2/10], Batch [5/22], Loss: 0.2938
Epoch [2/10], Batch [6/22], Loss: 0.4423
Epoch [2/10], Batch [7/22], Loss: 0.2894
Epoch [2/10], Batch [8/22], Loss: 0.2771
Epoch [2/10], Batch [9/22], Loss: 0.1656
Epoch [2/10], Batch [10/22], Loss: 0.4537
Epoch [2/10], Batch [11/22], Loss: 0.2752
Epoch [2/10], Batch [12/22], Loss: 0.2650
Epoch [2/10], Batch [13/22], Loss: 0.2515
Epoch [2/10], Batch [14/22], Loss: 0.1717
Epoch [2/10], Batch [15/22], Loss: 0.2573
Epoch [2/10], Batch [16/22], Loss: 0.2438
Epoch [2/10], Batch [17/22], Loss: 0.2048
Epoch [2/10], Batch [18/22], Loss: 0.2544
Epoch [2/10], Batch [19/22], Loss: 0.2009
Epoch [2/10], Batch [20/22], Loss: 0.1789
Epoch [2/10], Batch [21/22], Loss: 0.1612
Epoch [2/10], Batch [22/22], Loss: 0.1452
Epoch [2/10], Average Loss: 0.2890
-----------------------------------------------------------
strategy: MIN
iter: 0
epoch: 1
Test Loss: 0.4216
F1_overall: 0.4271
F1_AGENT: 0.5793
F1_TARGET: 0.2540
-----------------------------------------------------------
Epoch [3/10], Batch [1/22], Loss: 0.1870
Epoch [3/10], Batch [2/22], Loss: 0.1080
Epoch [3/10], Batch [3/22], Loss: 0.2020
Epoch [3/10], Batch [4/22], Loss: 0.2978
Epoch [3/10], Batch [5/22], Loss: 0.1039
Epoch [3/10], Batch [6/22], Loss: 0.2024
Epoch [3/10], Batch [7/22], Loss: 0.1108
Epoch [3/10], Batch [8/22], Loss: 0.1723
Epoch [3/10], Batch [9/22], Loss: 0.1386
Epoch [3/10], Batch [10/22], Loss: 0.2873
Epoch [3/10], Batch [11/22], Loss: 0.1721
Epoch [3/10], Batch [12/22], Loss: 0.1269
Epoch [3/10], Batch [13/22], Loss: 0.0646
Epoch [3/10], Batch [14/22], Loss: 0.0857
Epoch [3/10], Batch [15/22], Loss: 0.1403
Epoch [3/10], Batch [16/22], Loss: 0.1327
Epoch [3/10], Batch [17/22], Loss: 0.1530
Epoch [3/10], Batch [18/22], Loss: 0.1401
Epoch [3/10], Batch [19/22], Loss: 0.1633
Epoch [3/10], Batch [20/22], Loss: 0.1050
Epoch [3/10], Batch [21/22], Loss: 0.1033
Epoch [3/10], Batch [22/22], Loss: 0.1011
Epoch [3/10], Average Loss: 0.1499
-----------------------------------------------------------
strategy: MIN
iter: 0
epoch: 2
Test Loss: 0.3769
F1_overall: 0.4698
F1_AGENT: 0.6325
F1_TARGET: 0.2821
-----------------------------------------------------------
Epoch [4/10], Batch [1/22], Loss: 0.1351
Epoch [4/10], Batch [2/22], Loss: 0.0684
Epoch [4/10], Batch [3/22], Loss: 0.1186
Epoch [4/10], Batch [4/22], Loss: 0.1202
Epoch [4/10], Batch [5/22], Loss: 0.0969
Epoch [4/10], Batch [6/22], Loss: 0.0739
Epoch [4/10], Batch [7/22], Loss: 0.0981
Epoch [4/10], Batch [8/22], Loss: 0.1132
Epoch [4/10], Batch [9/22], Loss: 0.0532
Epoch [4/10], Batch [10/22], Loss: 0.1810
Epoch [4/10], Batch [11/22], Loss: 0.1235
Epoch [4/10], Batch [12/22], Loss: 0.1150
Epoch [4/10], Batch [13/22], Loss: 0.1441
Epoch [4/10], Batch [14/22], Loss: 0.0555
Epoch [4/10], Batch [15/22], Loss: 0.0934
Epoch [4/10], Batch [16/22], Loss: 0.0769
Epoch [4/10], Batch [17/22], Loss: 0.1228
Epoch [4/10], Batch [18/22], Loss: 0.2227
Epoch [4/10], Batch [19/22], Loss: 0.1561
Epoch [4/10], Batch [20/22], Loss: 0.1602
Epoch [4/10], Batch [21/22], Loss: 0.1269
Epoch [4/10], Batch [22/22], Loss: 0.1136
Epoch [4/10], Average Loss: 0.1168
