T5FineTunerWithAL init: use strategyRANDOM
strategy: MIN
iter: 0
annotated_samples_num: 177
unannotated_samples_num: 3367
Epoch [1/5], Batch [1/22], Loss: 3.0146
Epoch [1/5], Batch [2/22], Loss: 2.8678
Epoch [1/5], Batch [3/22], Loss: 1.7189
Epoch [1/5], Batch [4/22], Loss: 1.4321
Epoch [1/5], Batch [5/22], Loss: 1.1239
Epoch [1/5], Batch [6/22], Loss: 1.2384
Epoch [1/5], Batch [7/22], Loss: 0.8269
Epoch [1/5], Batch [8/22], Loss: 1.1495
Epoch [1/5], Batch [9/22], Loss: 0.6663
Epoch [1/5], Batch [10/22], Loss: 0.6744
Epoch [1/5], Batch [11/22], Loss: 0.6701
Epoch [1/5], Batch [12/22], Loss: 0.5699
Epoch [1/5], Batch [13/22], Loss: 0.4923
Epoch [1/5], Batch [14/22], Loss: 0.4107
Epoch [1/5], Batch [15/22], Loss: 0.4609
Epoch [1/5], Batch [16/22], Loss: 0.4980
Epoch [1/5], Batch [17/22], Loss: 0.5861
Epoch [1/5], Batch [18/22], Loss: 0.5567
Epoch [1/5], Batch [19/22], Loss: 0.5176
Epoch [1/5], Batch [20/22], Loss: 0.4765
Epoch [1/5], Batch [21/22], Loss: 0.3142
Epoch [1/5], Batch [22/22], Loss: 0.2439
Epoch [1/5], Average Loss: 0.9323
----------Validation Loss: 0.4352-------------
Epoch [2/5], Batch [1/22], Loss: 0.2422
Epoch [2/5], Batch [2/22], Loss: 0.3964
Epoch [2/5], Batch [3/22], Loss: 0.2191
Epoch [2/5], Batch [4/22], Loss: 0.2100
Epoch [2/5], Batch [5/22], Loss: 0.1756
Epoch [2/5], Batch [6/22], Loss: 0.2411
Epoch [2/5], Batch [7/22], Loss: 0.1173
Epoch [2/5], Batch [8/22], Loss: 0.3012
Epoch [2/5], Batch [9/22], Loss: 0.2509
Epoch [2/5], Batch [10/22], Loss: 0.1601
Epoch [2/5], Batch [11/22], Loss: 0.3509
Epoch [2/5], Batch [12/22], Loss: 0.1622
Epoch [2/5], Batch [13/22], Loss: 0.1534
Epoch [2/5], Batch [14/22], Loss: 0.1178
Epoch [2/5], Batch [15/22], Loss: 0.1132
Epoch [2/5], Batch [16/22], Loss: 0.1691
Epoch [2/5], Batch [17/22], Loss: 0.0981
Epoch [2/5], Batch [18/22], Loss: 0.1899
Epoch [2/5], Batch [19/22], Loss: 0.3139
Epoch [2/5], Batch [20/22], Loss: 0.0992
Epoch [2/5], Batch [21/22], Loss: 0.1025
Epoch [2/5], Batch [22/22], Loss: 0.0792
Epoch [2/5], Average Loss: 0.1938
----------Validation Loss: 0.3753-------------
Epoch [3/5], Batch [1/22], Loss: 0.0626
Epoch [3/5], Batch [2/22], Loss: 0.2073
Epoch [3/5], Batch [3/22], Loss: 0.0779
Epoch [3/5], Batch [4/22], Loss: 0.0753
Epoch [3/5], Batch [5/22], Loss: 0.0776
Epoch [3/5], Batch [6/22], Loss: 0.1056
Epoch [3/5], Batch [7/22], Loss: 0.0542
Epoch [3/5], Batch [8/22], Loss: 0.0869
Epoch [3/5], Batch [9/22], Loss: 0.0807
Epoch [3/5], Batch [10/22], Loss: 0.0496
Epoch [3/5], Batch [11/22], Loss: 0.0813
Epoch [3/5], Batch [12/22], Loss: 0.0586
Epoch [3/5], Batch [13/22], Loss: 0.0375
Epoch [3/5], Batch [14/22], Loss: 0.0385
Epoch [3/5], Batch [15/22], Loss: 0.0200
Epoch [3/5], Batch [16/22], Loss: 0.0594
Epoch [3/5], Batch [17/22], Loss: 0.0281
Epoch [3/5], Batch [18/22], Loss: 0.0974
Epoch [3/5], Batch [19/22], Loss: 0.1069
Epoch [3/5], Batch [20/22], Loss: 0.0236
Epoch [3/5], Batch [21/22], Loss: 0.0534
Epoch [3/5], Batch [22/22], Loss: 0.0253
Epoch [3/5], Average Loss: 0.0685
----------Validation Loss: 0.4038-------------
Epoch [4/5], Batch [1/22], Loss: 0.0126
Epoch [4/5], Batch [2/22], Loss: 0.0548
Epoch [4/5], Batch [3/22], Loss: 0.0294
Epoch [4/5], Batch [4/22], Loss: 0.0236
Epoch [4/5], Batch [5/22], Loss: 0.0275
Epoch [4/5], Batch [6/22], Loss: 0.0464
Epoch [4/5], Batch [7/22], Loss: 0.0112
Epoch [4/5], Batch [8/22], Loss: 0.0464
Epoch [4/5], Batch [9/22], Loss: 0.0144
Epoch [4/5], Batch [10/22], Loss: 0.0159
Epoch [4/5], Batch [11/22], Loss: 0.0383
Epoch [4/5], Batch [12/22], Loss: 0.0162
Epoch [4/5], Batch [13/22], Loss: 0.0270
Epoch [4/5], Batch [14/22], Loss: 0.0081
Epoch [4/5], Batch [15/22], Loss: 0.0089
Epoch [4/5], Batch [16/22], Loss: 0.0315
Epoch [4/5], Batch [17/22], Loss: 0.0043
Epoch [4/5], Batch [18/22], Loss: 0.0742
Epoch [4/5], Batch [19/22], Loss: 0.0190
Epoch [4/5], Batch [20/22], Loss: 0.0032
Epoch [4/5], Batch [21/22], Loss: 0.0087
Epoch [4/5], Batch [22/22], Loss: 0.0027
Epoch [4/5], Average Loss: 0.0238
----------Validation Loss: 0.4607-------------
Epoch [5/5], Batch [1/22], Loss: 0.0039
Epoch [5/5], Batch [2/22], Loss: 0.0629
Epoch [5/5], Batch [3/22], Loss: 0.0495
Epoch [5/5], Batch [4/22], Loss: 0.0107
Epoch [5/5], Batch [5/22], Loss: 0.0061
Epoch [5/5], Batch [6/22], Loss: 0.0161
Epoch [5/5], Batch [7/22], Loss: 0.0126
Epoch [5/5], Batch [8/22], Loss: 0.0377
Epoch [5/5], Batch [9/22], Loss: 0.0064
Epoch [5/5], Batch [10/22], Loss: 0.0211
Epoch [5/5], Batch [11/22], Loss: 0.0105
Epoch [5/5], Batch [12/22], Loss: 0.0396
Epoch [5/5], Batch [13/22], Loss: 0.0116
Epoch [5/5], Batch [14/22], Loss: 0.0026
Epoch [5/5], Batch [15/22], Loss: 0.0030
Epoch [5/5], Batch [16/22], Loss: 0.0112
Epoch [5/5], Batch [17/22], Loss: 0.0048
Epoch [5/5], Batch [18/22], Loss: 0.0542
Epoch [5/5], Batch [19/22], Loss: 0.0040
Epoch [5/5], Batch [20/22], Loss: 0.0051
Epoch [5/5], Batch [21/22], Loss: 0.0040
Epoch [5/5], Batch [22/22], Loss: 0.0154
Epoch [5/5], Average Loss: 0.0179
----------Validation Loss: 0.5831-------------
annotated_samples_num: 345
unannotated_samples_num: 3199
update datapool!
annotated_samples_num: 345
unannotated_samples_num: 3199
iter: 1
annotated_samples_num: 345
unannotated_samples_num: 3199
Epoch [1/5], Batch [1/43], Loss: 3.0146
Epoch [1/5], Batch [2/43], Loss: 2.8678
Epoch [1/5], Batch [3/43], Loss: 1.7189
Epoch [1/5], Batch [4/43], Loss: 1.4321
Epoch [1/5], Batch [5/43], Loss: 1.1239
Epoch [1/5], Batch [6/43], Loss: 1.2384
Epoch [1/5], Batch [7/43], Loss: 0.8269
Epoch [1/5], Batch [8/43], Loss: 1.1495
Epoch [1/5], Batch [9/43], Loss: 0.6663
Epoch [1/5], Batch [10/43], Loss: 0.6744
Epoch [1/5], Batch [11/43], Loss: 0.6701
Epoch [1/5], Batch [12/43], Loss: 0.5699
Epoch [1/5], Batch [13/43], Loss: 0.4923
Epoch [1/5], Batch [14/43], Loss: 0.4107
Epoch [1/5], Batch [15/43], Loss: 0.4609
Epoch [1/5], Batch [16/43], Loss: 0.4980
Epoch [1/5], Batch [17/43], Loss: 0.5861
Epoch [1/5], Batch [18/43], Loss: 0.5567
Epoch [1/5], Batch [19/43], Loss: 0.5176
Epoch [1/5], Batch [20/43], Loss: 0.4765
Epoch [1/5], Batch [21/43], Loss: 0.3142
Epoch [1/5], Batch [22/43], Loss: 0.2439
Epoch [1/5], Batch [23/43], Loss: 0.4282
Epoch [1/5], Batch [24/43], Loss: 0.5357
Epoch [1/5], Batch [25/43], Loss: 0.4705
Epoch [1/5], Batch [26/43], Loss: 0.3943
Epoch [1/5], Batch [27/43], Loss: 0.3146
Epoch [1/5], Batch [28/43], Loss: 0.3416
Epoch [1/5], Batch [29/43], Loss: 0.3177
Epoch [1/5], Batch [30/43], Loss: 0.5121
Epoch [1/5], Batch [31/43], Loss: 0.2806
Epoch [1/5], Batch [32/43], Loss: 0.3609
Epoch [1/5], Batch [33/43], Loss: 0.2689
Epoch [1/5], Batch [34/43], Loss: 0.4574
Epoch [1/5], Batch [35/43], Loss: 0.3932
Epoch [1/5], Batch [36/43], Loss: 0.1877
Epoch [1/5], Batch [37/43], Loss: 0.3026
Epoch [1/5], Batch [38/43], Loss: 0.3356
Epoch [1/5], Batch [39/43], Loss: 0.5874
Epoch [1/5], Batch [40/43], Loss: 0.2567
Epoch [1/5], Batch [41/43], Loss: 0.4324
Epoch [1/5], Batch [42/43], Loss: 0.4927
Epoch [1/5], Batch [43/43], Loss: 0.5283
Epoch [1/5], Average Loss: 0.6676
----------Validation Loss: 0.3391-------------
Epoch [2/5], Batch [1/43], Loss: 0.2361
Epoch [2/5], Batch [2/43], Loss: 0.2835
Epoch [2/5], Batch [3/43], Loss: 0.2051
Epoch [2/5], Batch [4/43], Loss: 0.1547
Epoch [2/5], Batch [5/43], Loss: 0.1345
Epoch [2/5], Batch [6/43], Loss: 0.2490
Epoch [2/5], Batch [7/43], Loss: 0.0983
Epoch [2/5], Batch [8/43], Loss: 0.2041
Epoch [2/5], Batch [9/43], Loss: 0.1340
Epoch [2/5], Batch [10/43], Loss: 0.1579
Epoch [2/5], Batch [11/43], Loss: 0.3171
Epoch [2/5], Batch [12/43], Loss: 0.1562
Epoch [2/5], Batch [13/43], Loss: 0.1495
Epoch [2/5], Batch [14/43], Loss: 0.1103
Epoch [2/5], Batch [15/43], Loss: 0.1031
Epoch [2/5], Batch [16/43], Loss: 0.1592
Epoch [2/5], Batch [17/43], Loss: 0.0915
Epoch [2/5], Batch [18/43], Loss: 0.2153
Epoch [2/5], Batch [19/43], Loss: 0.2570
Epoch [2/5], Batch [20/43], Loss: 0.0903
Epoch [2/5], Batch [21/43], Loss: 0.1138
Epoch [2/5], Batch [22/43], Loss: 0.0888
Epoch [2/5], Batch [23/43], Loss: 0.0705
Epoch [2/5], Batch [24/43], Loss: 0.1265
Epoch [2/5], Batch [25/43], Loss: 0.1145
Epoch [2/5], Batch [26/43], Loss: 0.0696
Epoch [2/5], Batch [27/43], Loss: 0.1839
Epoch [2/5], Batch [28/43], Loss: 0.1527
Epoch [2/5], Batch [29/43], Loss: 0.2649
Epoch [2/5], Batch [30/43], Loss: 0.1574
Epoch [2/5], Batch [31/43], Loss: 0.0926
Epoch [2/5], Batch [32/43], Loss: 0.0782
Epoch [2/5], Batch [33/43], Loss: 0.0681
Epoch [2/5], Batch [34/43], Loss: 0.2821
Epoch [2/5], Batch [35/43], Loss: 0.1673
Epoch [2/5], Batch [36/43], Loss: 0.1403
Epoch [2/5], Batch [37/43], Loss: 0.0463
Epoch [2/5], Batch [38/43], Loss: 0.1139
Epoch [2/5], Batch [39/43], Loss: 0.1285
Epoch [2/5], Batch [40/43], Loss: 0.0445
Epoch [2/5], Batch [41/43], Loss: 0.0948
Epoch [2/5], Batch [42/43], Loss: 0.0831
Epoch [2/5], Batch [43/43], Loss: 0.2120
Epoch [2/5], Average Loss: 0.1489
----------Validation Loss: 0.3339-------------
Epoch [3/5], Batch [1/43], Loss: 0.0177
Epoch [3/5], Batch [2/43], Loss: 0.0486
Epoch [3/5], Batch [3/43], Loss: 0.0719
Epoch [3/5], Batch [4/43], Loss: 0.0423
Epoch [3/5], Batch [5/43], Loss: 0.0463
Epoch [3/5], Batch [6/43], Loss: 0.1846
Epoch [3/5], Batch [7/43], Loss: 0.0427
Epoch [3/5], Batch [8/43], Loss: 0.1218
Epoch [3/5], Batch [9/43], Loss: 0.0556
Epoch [3/5], Batch [10/43], Loss: 0.0404
Epoch [3/5], Batch [11/43], Loss: 0.0489
Epoch [3/5], Batch [12/43], Loss: 0.1048
Epoch [3/5], Batch [13/43], Loss: 0.0326
Epoch [3/5], Batch [14/43], Loss: 0.0257
Epoch [3/5], Batch [15/43], Loss: 0.0284
Epoch [3/5], Batch [16/43], Loss: 0.0418
Epoch [3/5], Batch [17/43], Loss: 0.0347
Epoch [3/5], Batch [18/43], Loss: 0.0593
Epoch [3/5], Batch [19/43], Loss: 0.0975
Epoch [3/5], Batch [20/43], Loss: 0.0211
Epoch [3/5], Batch [21/43], Loss: 0.0280
Epoch [3/5], Batch [22/43], Loss: 0.0129
Epoch [3/5], Batch [23/43], Loss: 0.0164
Epoch [3/5], Batch [24/43], Loss: 0.0429
Epoch [3/5], Batch [25/43], Loss: 0.0461
Epoch [3/5], Batch [26/43], Loss: 0.0607
Epoch [3/5], Batch [27/43], Loss: 0.0448
Epoch [3/5], Batch [28/43], Loss: 0.0775
Epoch [3/5], Batch [29/43], Loss: 0.0501
Epoch [3/5], Batch [30/43], Loss: 0.0411
Epoch [3/5], Batch [31/43], Loss: 0.0355
Epoch [3/5], Batch [32/43], Loss: 0.0667
Epoch [3/5], Batch [33/43], Loss: 0.0317
Epoch [3/5], Batch [34/43], Loss: 0.1576
Epoch [3/5], Batch [35/43], Loss: 0.0565
Epoch [3/5], Batch [36/43], Loss: 0.0562
Epoch [3/5], Batch [37/43], Loss: 0.0218
Epoch [3/5], Batch [38/43], Loss: 0.0508
Epoch [3/5], Batch [39/43], Loss: 0.0126
Epoch [3/5], Batch [40/43], Loss: 0.0241
Epoch [3/5], Batch [41/43], Loss: 0.0255
Epoch [3/5], Batch [42/43], Loss: 0.0245
Epoch [3/5], Batch [43/43], Loss: 0.0251
Epoch [3/5], Average Loss: 0.0506
----------Validation Loss: 0.4345-------------
Epoch [4/5], Batch [1/43], Loss: 0.0052
Epoch [4/5], Batch [2/43], Loss: 0.0233
Epoch [4/5], Batch [3/43], Loss: 0.1018
Epoch [4/5], Batch [4/43], Loss: 0.0140
Epoch [4/5], Batch [5/43], Loss: 0.0118
Epoch [4/5], Batch [6/43], Loss: 0.1176
Epoch [4/5], Batch [7/43], Loss: 0.0111
Epoch [4/5], Batch [8/43], Loss: 0.0749
Epoch [4/5], Batch [9/43], Loss: 0.0217
Epoch [4/5], Batch [10/43], Loss: 0.0162
Epoch [4/5], Batch [11/43], Loss: 0.0137
Epoch [4/5], Batch [12/43], Loss: 0.0892
Epoch [4/5], Batch [13/43], Loss: 0.0417
Epoch [4/5], Batch [14/43], Loss: 0.0211
Epoch [4/5], Batch [15/43], Loss: 0.1115
Epoch [4/5], Batch [16/43], Loss: 0.0465
Epoch [4/5], Batch [17/43], Loss: 0.0231
Epoch [4/5], Batch [18/43], Loss: 0.0446
Epoch [4/5], Batch [19/43], Loss: 0.2059
Epoch [4/5], Batch [20/43], Loss: 0.0190
Epoch [4/5], Batch [21/43], Loss: 0.0265
Epoch [4/5], Batch [22/43], Loss: 0.0281
Epoch [4/5], Batch [23/43], Loss: 0.0704
Epoch [4/5], Batch [24/43], Loss: 0.0520
Epoch [4/5], Batch [25/43], Loss: 0.0196
Epoch [4/5], Batch [26/43], Loss: 0.0149
Epoch [4/5], Batch [27/43], Loss: 0.0379
Epoch [4/5], Batch [28/43], Loss: 0.1216
Epoch [4/5], Batch [29/43], Loss: 0.0484
Epoch [4/5], Batch [30/43], Loss: 0.1510
Epoch [4/5], Batch [31/43], Loss: 0.0253
Epoch [4/5], Batch [32/43], Loss: 0.0175
Epoch [4/5], Batch [33/43], Loss: 0.0747
Epoch [4/5], Batch [34/43], Loss: 0.2132
Epoch [4/5], Batch [35/43], Loss: 0.1900
Epoch [4/5], Batch [36/43], Loss: 0.0937
Epoch [4/5], Batch [37/43], Loss: 0.0882
Epoch [4/5], Batch [38/43], Loss: 0.0375
Epoch [4/5], Batch [39/43], Loss: 0.0182
Epoch [4/5], Batch [40/43], Loss: 0.2173
Epoch [4/5], Batch [41/43], Loss: 0.1291
Epoch [4/5], Batch [42/43], Loss: 0.0079
Epoch [4/5], Batch [43/43], Loss: 0.0932
Epoch [4/5], Average Loss: 0.0649
----------Validation Loss: 0.4979-------------
Epoch [5/5], Batch [1/43], Loss: 0.0103
Epoch [5/5], Batch [2/43], Loss: 0.0442
Epoch [5/5], Batch [3/43], Loss: 0.1594
Epoch [5/5], Batch [4/43], Loss: 0.0724
Epoch [5/5], Batch [5/43], Loss: 0.0266
Epoch [5/5], Batch [6/43], Loss: 0.0658
Epoch [5/5], Batch [7/43], Loss: 0.0204
Epoch [5/5], Batch [8/43], Loss: 0.0476
Epoch [5/5], Batch [9/43], Loss: 0.0300
Epoch [5/5], Batch [10/43], Loss: 0.0298
Epoch [5/5], Batch [11/43], Loss: 0.0074
Epoch [5/5], Batch [12/43], Loss: 0.0776
Epoch [5/5], Batch [13/43], Loss: 0.0188
Epoch [5/5], Batch [14/43], Loss: 0.0158
Epoch [5/5], Batch [15/43], Loss: 0.0384
Epoch [5/5], Batch [16/43], Loss: 0.0503
Epoch [5/5], Batch [17/43], Loss: 0.0091
Epoch [5/5], Batch [18/43], Loss: 0.0606
Epoch [5/5], Batch [19/43], Loss: 0.0638
Epoch [5/5], Batch [20/43], Loss: 0.0429
Epoch [5/5], Batch [21/43], Loss: 0.0410
Epoch [5/5], Batch [22/43], Loss: 0.0182
Epoch [5/5], Batch [23/43], Loss: 0.0158
Epoch [5/5], Batch [24/43], Loss: 0.0118
Epoch [5/5], Batch [25/43], Loss: 0.0353
Epoch [5/5], Batch [26/43], Loss: 0.0179
Epoch [5/5], Batch [27/43], Loss: 0.0398
Epoch [5/5], Batch [28/43], Loss: 0.0719
Epoch [5/5], Batch [29/43], Loss: 0.0635
Epoch [5/5], Batch [30/43], Loss: 0.0510
Epoch [5/5], Batch [31/43], Loss: 0.0701
Epoch [5/5], Batch [32/43], Loss: 0.0649
Epoch [5/5], Batch [33/43], Loss: 0.0906
Epoch [5/5], Batch [34/43], Loss: 0.1460
Epoch [5/5], Batch [35/43], Loss: 0.0592
Epoch [5/5], Batch [36/43], Loss: 0.0073
Epoch [5/5], Batch [37/43], Loss: 0.0360
Epoch [5/5], Batch [38/43], Loss: 0.0150
Epoch [5/5], Batch [39/43], Loss: 0.0351
Epoch [5/5], Batch [40/43], Loss: 0.1840
Epoch [5/5], Batch [41/43], Loss: 0.0745
Epoch [5/5], Batch [42/43], Loss: 0.0510
Epoch [5/5], Batch [43/43], Loss: 0.0247
Epoch [5/5], Average Loss: 0.0492
----------Validation Loss: 0.3982-------------
annotated_samples_num: 504
unannotated_samples_num: 3040
update datapool!
annotated_samples_num: 504
unannotated_samples_num: 3040
iter: 2
annotated_samples_num: 504
unannotated_samples_num: 3040
Epoch [1/5], Batch [1/63], Loss: 3.0146
Epoch [1/5], Batch [2/63], Loss: 2.8678
Epoch [1/5], Batch [3/63], Loss: 1.7189
Epoch [1/5], Batch [4/63], Loss: 1.4321
Epoch [1/5], Batch [5/63], Loss: 1.1239
Epoch [1/5], Batch [6/63], Loss: 1.2384
Epoch [1/5], Batch [7/63], Loss: 0.8269
Epoch [1/5], Batch [8/63], Loss: 1.1495
Epoch [1/5], Batch [9/63], Loss: 0.6663
Epoch [1/5], Batch [10/63], Loss: 0.6744
Epoch [1/5], Batch [11/63], Loss: 0.6701
Epoch [1/5], Batch [12/63], Loss: 0.5699
Epoch [1/5], Batch [13/63], Loss: 0.4923
Epoch [1/5], Batch [14/63], Loss: 0.4107
Epoch [1/5], Batch [15/63], Loss: 0.4609
Epoch [1/5], Batch [16/63], Loss: 0.4980
Epoch [1/5], Batch [17/63], Loss: 0.5861
Epoch [1/5], Batch [18/63], Loss: 0.5567
Epoch [1/5], Batch [19/63], Loss: 0.5176
Epoch [1/5], Batch [20/63], Loss: 0.4765
Epoch [1/5], Batch [21/63], Loss: 0.3142
Epoch [1/5], Batch [22/63], Loss: 0.2439
Epoch [1/5], Batch [23/63], Loss: 0.4282
Epoch [1/5], Batch [24/63], Loss: 0.5357
Epoch [1/5], Batch [25/63], Loss: 0.4705
Epoch [1/5], Batch [26/63], Loss: 0.3943
Epoch [1/5], Batch [27/63], Loss: 0.3146
Epoch [1/5], Batch [28/63], Loss: 0.3416
Epoch [1/5], Batch [29/63], Loss: 0.3177
Epoch [1/5], Batch [30/63], Loss: 0.5121
Epoch [1/5], Batch [31/63], Loss: 0.2806
Epoch [1/5], Batch [32/63], Loss: 0.3609
Epoch [1/5], Batch [33/63], Loss: 0.2689
Epoch [1/5], Batch [34/63], Loss: 0.4574
Epoch [1/5], Batch [35/63], Loss: 0.3932
Epoch [1/5], Batch [36/63], Loss: 0.1877
Epoch [1/5], Batch [37/63], Loss: 0.3026
Epoch [1/5], Batch [38/63], Loss: 0.3356
Epoch [1/5], Batch [39/63], Loss: 0.5874
Epoch [1/5], Batch [40/63], Loss: 0.2567
Epoch [1/5], Batch [41/63], Loss: 0.4324
Epoch [1/5], Batch [42/63], Loss: 0.4927
Epoch [1/5], Batch [43/63], Loss: 0.5283
Epoch [1/5], Batch [44/63], Loss: 0.4079
Epoch [1/5], Batch [45/63], Loss: 0.4954
Epoch [1/5], Batch [46/63], Loss: 0.3444
Epoch [1/5], Batch [47/63], Loss: 0.3790
Epoch [1/5], Batch [48/63], Loss: 0.4820
Epoch [1/5], Batch [49/63], Loss: 0.2867
Epoch [1/5], Batch [50/63], Loss: 0.2463
Epoch [1/5], Batch [51/63], Loss: 0.2132
Epoch [1/5], Batch [52/63], Loss: 0.3042
Epoch [1/5], Batch [53/63], Loss: 0.3767
Epoch [1/5], Batch [54/63], Loss: 1.0814
Epoch [1/5], Batch [55/63], Loss: 0.2910
Epoch [1/5], Batch [56/63], Loss: 0.2534
Epoch [1/5], Batch [57/63], Loss: 0.5617
Epoch [1/5], Batch [58/63], Loss: 0.4150
Epoch [1/5], Batch [59/63], Loss: 0.3497
Epoch [1/5], Batch [60/63], Loss: 0.2474
Epoch [1/5], Batch [61/63], Loss: 0.4310
Epoch [1/5], Batch [62/63], Loss: 0.3591
Epoch [1/5], Batch [63/63], Loss: 0.4926
Epoch [1/5], Average Loss: 0.5830
----------Validation Loss: 0.3160-------------
Epoch [2/5], Batch [1/63], Loss: 0.2540
Epoch [2/5], Batch [2/63], Loss: 0.2950
Epoch [2/5], Batch [3/63], Loss: 0.3059
Epoch [2/5], Batch [4/63], Loss: 0.2283
Epoch [2/5], Batch [5/63], Loss: 0.0984
Epoch [2/5], Batch [6/63], Loss: 0.2766
Epoch [2/5], Batch [7/63], Loss: 0.1276
Epoch [2/5], Batch [8/63], Loss: 0.2214
Epoch [2/5], Batch [9/63], Loss: 0.1385
Epoch [2/5], Batch [10/63], Loss: 0.1945
Epoch [2/5], Batch [11/63], Loss: 0.2635
Epoch [2/5], Batch [12/63], Loss: 0.1571
Epoch [2/5], Batch [13/63], Loss: 0.1544
Epoch [2/5], Batch [14/63], Loss: 0.1166
Epoch [2/5], Batch [15/63], Loss: 0.1464
Epoch [2/5], Batch [16/63], Loss: 0.1369
Epoch [2/5], Batch [17/63], Loss: 0.1308
Epoch [2/5], Batch [18/63], Loss: 0.2346
Epoch [2/5], Batch [19/63], Loss: 0.3331
Epoch [2/5], Batch [20/63], Loss: 0.1112
Epoch [2/5], Batch [21/63], Loss: 0.1376
Epoch [2/5], Batch [22/63], Loss: 0.0935
Epoch [2/5], Batch [23/63], Loss: 0.1311
Epoch [2/5], Batch [24/63], Loss: 0.1515
Epoch [2/5], Batch [25/63], Loss: 0.1339
Epoch [2/5], Batch [26/63], Loss: 0.0660
Epoch [2/5], Batch [27/63], Loss: 0.1094
Epoch [2/5], Batch [28/63], Loss: 0.1870
Epoch [2/5], Batch [29/63], Loss: 0.1156
Epoch [2/5], Batch [30/63], Loss: 0.1808
Epoch [2/5], Batch [31/63], Loss: 0.1523
Epoch [2/5], Batch [32/63], Loss: 0.0933
Epoch [2/5], Batch [33/63], Loss: 0.0696
Epoch [2/5], Batch [34/63], Loss: 0.2196
Epoch [2/5], Batch [35/63], Loss: 0.1350
Epoch [2/5], Batch [36/63], Loss: 0.1439
Epoch [2/5], Batch [37/63], Loss: 0.0634
Epoch [2/5], Batch [38/63], Loss: 0.0922
Epoch [2/5], Batch [39/63], Loss: 0.1121
Epoch [2/5], Batch [40/63], Loss: 0.0895
Epoch [2/5], Batch [41/63], Loss: 0.0837
Epoch [2/5], Batch [42/63], Loss: 0.1484
Epoch [2/5], Batch [43/63], Loss: 0.1200
Epoch [2/5], Batch [44/63], Loss: 0.0978
Epoch [2/5], Batch [45/63], Loss: 0.0958
Epoch [2/5], Batch [46/63], Loss: 0.0882
Epoch [2/5], Batch [47/63], Loss: 0.0778
Epoch [2/5], Batch [48/63], Loss: 0.1876
Epoch [2/5], Batch [49/63], Loss: 0.1914
Epoch [2/5], Batch [50/63], Loss: 0.1015
Epoch [2/5], Batch [51/63], Loss: 0.0809
Epoch [2/5], Batch [52/63], Loss: 0.1564
Epoch [2/5], Batch [53/63], Loss: 0.1017
Epoch [2/5], Batch [54/63], Loss: 0.4132
Epoch [2/5], Batch [55/63], Loss: 0.0797
Epoch [2/5], Batch [56/63], Loss: 0.0658
Epoch [2/5], Batch [57/63], Loss: 0.3724
Epoch [2/5], Batch [58/63], Loss: 0.0950
Epoch [2/5], Batch [59/63], Loss: 0.0601
Epoch [2/5], Batch [60/63], Loss: 0.0866
Epoch [2/5], Batch [61/63], Loss: 0.1426
Epoch [2/5], Batch [62/63], Loss: 0.1285
Epoch [2/5], Batch [63/63], Loss: 0.2554
Epoch [2/5], Average Loss: 0.1529
----------Validation Loss: 0.3036-------------
Epoch [3/5], Batch [1/63], Loss: 0.0463
Epoch [3/5], Batch [2/63], Loss: 0.0816
Epoch [3/5], Batch [3/63], Loss: 0.0614
Epoch [3/5], Batch [4/63], Loss: 0.0847
Epoch [3/5], Batch [5/63], Loss: 0.0391
Epoch [3/5], Batch [6/63], Loss: 0.1576
Epoch [3/5], Batch [7/63], Loss: 0.0862
Epoch [3/5], Batch [8/63], Loss: 0.1988
Epoch [3/5], Batch [9/63], Loss: 0.0982
Epoch [3/5], Batch [10/63], Loss: 0.1120
Epoch [3/5], Batch [11/63], Loss: 0.0776
Epoch [3/5], Batch [12/63], Loss: 0.0589
Epoch [3/5], Batch [13/63], Loss: 0.0401
Epoch [3/5], Batch [14/63], Loss: 0.0559
Epoch [3/5], Batch [15/63], Loss: 0.0619
Epoch [3/5], Batch [16/63], Loss: 0.0666
Epoch [3/5], Batch [17/63], Loss: 0.0737
Epoch [3/5], Batch [18/63], Loss: 0.1437
Epoch [3/5], Batch [19/63], Loss: 0.1031
Epoch [3/5], Batch [20/63], Loss: 0.0276
Epoch [3/5], Batch [21/63], Loss: 0.0741
Epoch [3/5], Batch [22/63], Loss: 0.0391
Epoch [3/5], Batch [23/63], Loss: 0.0258
Epoch [3/5], Batch [24/63], Loss: 0.0552
Epoch [3/5], Batch [25/63], Loss: 0.0647
Epoch [3/5], Batch [26/63], Loss: 0.0469
Epoch [3/5], Batch [27/63], Loss: 0.0883
Epoch [3/5], Batch [28/63], Loss: 0.0767
Epoch [3/5], Batch [29/63], Loss: 0.0819
Epoch [3/5], Batch [30/63], Loss: 0.0478
Epoch [3/5], Batch [31/63], Loss: 0.0428
Epoch [3/5], Batch [32/63], Loss: 0.0325
Epoch [3/5], Batch [33/63], Loss: 0.0318
Epoch [3/5], Batch [34/63], Loss: 0.1802
Epoch [3/5], Batch [35/63], Loss: 0.1152
Epoch [3/5], Batch [36/63], Loss: 0.0296
Epoch [3/5], Batch [37/63], Loss: 0.0485
Epoch [3/5], Batch [38/63], Loss: 0.0198
Epoch [3/5], Batch [39/63], Loss: 0.0529
Epoch [3/5], Batch [40/63], Loss: 0.0619
Epoch [3/5], Batch [41/63], Loss: 0.0189
Epoch [3/5], Batch [42/63], Loss: 0.0402
Epoch [3/5], Batch [43/63], Loss: 0.0271
Epoch [3/5], Batch [44/63], Loss: 0.0223
Epoch [3/5], Batch [45/63], Loss: 0.0546
Epoch [3/5], Batch [46/63], Loss: 0.0506
Epoch [3/5], Batch [47/63], Loss: 0.1145
Epoch [3/5], Batch [48/63], Loss: 0.0948
Epoch [3/5], Batch [49/63], Loss: 0.0199
Epoch [3/5], Batch [50/63], Loss: 0.0210
Epoch [3/5], Batch [51/63], Loss: 0.0223
Epoch [3/5], Batch [52/63], Loss: 0.0579
Epoch [3/5], Batch [53/63], Loss: 0.0517
Epoch [3/5], Batch [54/63], Loss: 0.2553
Epoch [3/5], Batch [55/63], Loss: 0.0231
Epoch [3/5], Batch [56/63], Loss: 0.0253
Epoch [3/5], Batch [57/63], Loss: 0.1208
Epoch [3/5], Batch [58/63], Loss: 0.0144
Epoch [3/5], Batch [59/63], Loss: 0.0135
Epoch [3/5], Batch [60/63], Loss: 0.0325
Epoch [3/5], Batch [61/63], Loss: 0.0707
Epoch [3/5], Batch [62/63], Loss: 0.0449
Epoch [3/5], Batch [63/63], Loss: 0.1060
Epoch [3/5], Average Loss: 0.0666
----------Validation Loss: 0.3643-------------
Epoch [4/5], Batch [1/63], Loss: 0.0127
Epoch [4/5], Batch [2/63], Loss: 0.0274
Epoch [4/5], Batch [3/63], Loss: 0.0535
Epoch [4/5], Batch [4/63], Loss: 0.0358
Epoch [4/5], Batch [5/63], Loss: 0.0274
Epoch [4/5], Batch [6/63], Loss: 0.0892
Epoch [4/5], Batch [7/63], Loss: 0.0213
Epoch [4/5], Batch [8/63], Loss: 0.0653
Epoch [4/5], Batch [9/63], Loss: 0.0213
Epoch [4/5], Batch [10/63], Loss: 0.0253
Epoch [4/5], Batch [11/63], Loss: 0.0235
Epoch [4/5], Batch [12/63], Loss: 0.0365
Epoch [4/5], Batch [13/63], Loss: 0.0291
Epoch [4/5], Batch [14/63], Loss: 0.0240
Epoch [4/5], Batch [15/63], Loss: 0.0088
Epoch [4/5], Batch [16/63], Loss: 0.0264
Epoch [4/5], Batch [17/63], Loss: 0.0896
Epoch [4/5], Batch [18/63], Loss: 0.0774
Epoch [4/5], Batch [19/63], Loss: 0.0386
Epoch [4/5], Batch [20/63], Loss: 0.0144
Epoch [4/5], Batch [21/63], Loss: 0.0281
Epoch [4/5], Batch [22/63], Loss: 0.0112
Epoch [4/5], Batch [23/63], Loss: 0.0157
Epoch [4/5], Batch [24/63], Loss: 0.0099
Epoch [4/5], Batch [25/63], Loss: 0.0105
Epoch [4/5], Batch [26/63], Loss: 0.0086
Epoch [4/5], Batch [27/63], Loss: 0.0285
Epoch [4/5], Batch [28/63], Loss: 0.0419
Epoch [4/5], Batch [29/63], Loss: 0.0444
Epoch [4/5], Batch [30/63], Loss: 0.0614
Epoch [4/5], Batch [31/63], Loss: 0.0165
Epoch [4/5], Batch [32/63], Loss: 0.1607
Epoch [4/5], Batch [33/63], Loss: 0.0297
Epoch [4/5], Batch [34/63], Loss: 0.1224
Epoch [4/5], Batch [35/63], Loss: 0.0374
Epoch [4/5], Batch [36/63], Loss: 0.0271
Epoch [4/5], Batch [37/63], Loss: 0.0313
Epoch [4/5], Batch [38/63], Loss: 0.0417
Epoch [4/5], Batch [39/63], Loss: 0.0830
Epoch [4/5], Batch [40/63], Loss: 0.3392
Epoch [4/5], Batch [41/63], Loss: 0.0371
Epoch [4/5], Batch [42/63], Loss: 0.0165
Epoch [4/5], Batch [43/63], Loss: 0.0108
Epoch [4/5], Batch [44/63], Loss: 0.0032
Epoch [4/5], Batch [45/63], Loss: 0.0515
Epoch [4/5], Batch [46/63], Loss: 0.1185
Epoch [4/5], Batch [47/63], Loss: 0.0887
Epoch [4/5], Batch [48/63], Loss: 0.0729
Epoch [4/5], Batch [49/63], Loss: 0.0181
Epoch [4/5], Batch [50/63], Loss: 0.0794
Epoch [4/5], Batch [51/63], Loss: 0.1393
Epoch [4/5], Batch [52/63], Loss: 0.1497
Epoch [4/5], Batch [53/63], Loss: 0.1030
Epoch [4/5], Batch [54/63], Loss: 0.2716
Epoch [4/5], Batch [55/63], Loss: 0.0065
Epoch [4/5], Batch [56/63], Loss: 0.0251
Epoch [4/5], Batch [57/63], Loss: 0.1238
Epoch [4/5], Batch [58/63], Loss: 0.0684
Epoch [4/5], Batch [59/63], Loss: 0.0657
Epoch [4/5], Batch [60/63], Loss: 0.0167
Epoch [4/5], Batch [61/63], Loss: 0.0305
Epoch [4/5], Batch [62/63], Loss: 0.0356
Epoch [4/5], Batch [63/63], Loss: 0.0941
Epoch [4/5], Average Loss: 0.0559
----------Validation Loss: 0.3757-------------
Epoch [5/5], Batch [1/63], Loss: 0.0305
Epoch [5/5], Batch [2/63], Loss: 0.0406
Epoch [5/5], Batch [3/63], Loss: 0.0292
Epoch [5/5], Batch [4/63], Loss: 0.0846
Epoch [5/5], Batch [5/63], Loss: 0.0161
Epoch [5/5], Batch [6/63], Loss: 0.0238
Epoch [5/5], Batch [7/63], Loss: 0.0154
Epoch [5/5], Batch [8/63], Loss: 0.0465
Epoch [5/5], Batch [9/63], Loss: 0.0172
Epoch [5/5], Batch [10/63], Loss: 0.0491
Epoch [5/5], Batch [11/63], Loss: 0.0411
Epoch [5/5], Batch [12/63], Loss: 0.0260
Epoch [5/5], Batch [13/63], Loss: 0.0059
Epoch [5/5], Batch [14/63], Loss: 0.0169
Epoch [5/5], Batch [15/63], Loss: 0.0037
Epoch [5/5], Batch [16/63], Loss: 0.0419
Epoch [5/5], Batch [17/63], Loss: 0.3120
Epoch [5/5], Batch [18/63], Loss: 0.0477
Epoch [5/5], Batch [19/63], Loss: 0.0471
Epoch [5/5], Batch [20/63], Loss: 0.0126
Epoch [5/5], Batch [21/63], Loss: 0.0274
Epoch [5/5], Batch [22/63], Loss: 0.0246
Epoch [5/5], Batch [23/63], Loss: 0.0065
Epoch [5/5], Batch [24/63], Loss: 0.0152
Epoch [5/5], Batch [25/63], Loss: 0.0185
Epoch [5/5], Batch [26/63], Loss: 0.0087
Epoch [5/5], Batch [27/63], Loss: 0.0163
Epoch [5/5], Batch [28/63], Loss: 0.0351
Epoch [5/5], Batch [29/63], Loss: 0.0099
Epoch [5/5], Batch [30/63], Loss: 0.0166
Epoch [5/5], Batch [31/63], Loss: 0.0064
Epoch [5/5], Batch [32/63], Loss: 0.0130
Epoch [5/5], Batch [33/63], Loss: 0.0951
Epoch [5/5], Batch [34/63], Loss: 0.0581
Epoch [5/5], Batch [35/63], Loss: 0.0772
Epoch [5/5], Batch [36/63], Loss: 0.0064
Epoch [5/5], Batch [37/63], Loss: 0.0208
Epoch [5/5], Batch [38/63], Loss: 0.0111
Epoch [5/5], Batch [39/63], Loss: 0.0046
Epoch [5/5], Batch [40/63], Loss: 0.1090
Epoch [5/5], Batch [41/63], Loss: 0.0047
Epoch [5/5], Batch [42/63], Loss: 0.0067
Epoch [5/5], Batch [43/63], Loss: 0.0240
Epoch [5/5], Batch [44/63], Loss: 0.0100
Epoch [5/5], Batch [45/63], Loss: 0.0548
Epoch [5/5], Batch [46/63], Loss: 0.0781
Epoch [5/5], Batch [47/63], Loss: 0.0109
Epoch [5/5], Batch [48/63], Loss: 0.0254
Epoch [5/5], Batch [49/63], Loss: 0.0066
Epoch [5/5], Batch [50/63], Loss: 0.0031
Epoch [5/5], Batch [51/63], Loss: 0.0281
Epoch [5/5], Batch [52/63], Loss: 0.0305
Epoch [5/5], Batch [53/63], Loss: 0.1319
Epoch [5/5], Batch [54/63], Loss: 0.1194
Epoch [5/5], Batch [55/63], Loss: 0.0012
Epoch [5/5], Batch [56/63], Loss: 0.0083
Epoch [5/5], Batch [57/63], Loss: 0.1015
Epoch [5/5], Batch [58/63], Loss: 0.0393
Epoch [5/5], Batch [59/63], Loss: 0.0252
Epoch [5/5], Batch [60/63], Loss: 0.0133
Epoch [5/5], Batch [61/63], Loss: 0.0173
Epoch [5/5], Batch [62/63], Loss: 0.0244
Epoch [5/5], Batch [63/63], Loss: 0.1207
Epoch [5/5], Average Loss: 0.0377
----------Validation Loss: 0.4852-------------
annotated_samples_num: 656
unannotated_samples_num: 2888
update datapool!
annotated_samples_num: 656
unannotated_samples_num: 2888
iter: 3
annotated_samples_num: 656
unannotated_samples_num: 2888
Epoch [1/5], Batch [1/82], Loss: 3.0146
Epoch [1/5], Batch [2/82], Loss: 2.8678
Epoch [1/5], Batch [3/82], Loss: 1.7189
Epoch [1/5], Batch [4/82], Loss: 1.4321
Epoch [1/5], Batch [5/82], Loss: 1.1239
Epoch [1/5], Batch [6/82], Loss: 1.2384
Epoch [1/5], Batch [7/82], Loss: 0.8269
Epoch [1/5], Batch [8/82], Loss: 1.1495
Epoch [1/5], Batch [9/82], Loss: 0.6663
Epoch [1/5], Batch [10/82], Loss: 0.6744
Epoch [1/5], Batch [11/82], Loss: 0.6701
Epoch [1/5], Batch [12/82], Loss: 0.5699
Epoch [1/5], Batch [13/82], Loss: 0.4923
Epoch [1/5], Batch [14/82], Loss: 0.4107
Epoch [1/5], Batch [15/82], Loss: 0.4609
Epoch [1/5], Batch [16/82], Loss: 0.4980
Epoch [1/5], Batch [17/82], Loss: 0.5861
Epoch [1/5], Batch [18/82], Loss: 0.5567
Epoch [1/5], Batch [19/82], Loss: 0.5176
Epoch [1/5], Batch [20/82], Loss: 0.4765
Epoch [1/5], Batch [21/82], Loss: 0.3142
Epoch [1/5], Batch [22/82], Loss: 0.2439
Epoch [1/5], Batch [23/82], Loss: 0.4282
Epoch [1/5], Batch [24/82], Loss: 0.5357
Epoch [1/5], Batch [25/82], Loss: 0.4705
Epoch [1/5], Batch [26/82], Loss: 0.3943
Epoch [1/5], Batch [27/82], Loss: 0.3146
Epoch [1/5], Batch [28/82], Loss: 0.3416
Epoch [1/5], Batch [29/82], Loss: 0.3177
Epoch [1/5], Batch [30/82], Loss: 0.5121
Epoch [1/5], Batch [31/82], Loss: 0.2806
Epoch [1/5], Batch [32/82], Loss: 0.3609
Epoch [1/5], Batch [33/82], Loss: 0.2689
Epoch [1/5], Batch [34/82], Loss: 0.4574
Epoch [1/5], Batch [35/82], Loss: 0.3932
Epoch [1/5], Batch [36/82], Loss: 0.1877
Epoch [1/5], Batch [37/82], Loss: 0.3026
Epoch [1/5], Batch [38/82], Loss: 0.3356
Epoch [1/5], Batch [39/82], Loss: 0.5874
Epoch [1/5], Batch [40/82], Loss: 0.2567
Epoch [1/5], Batch [41/82], Loss: 0.4324
Epoch [1/5], Batch [42/82], Loss: 0.4927
Epoch [1/5], Batch [43/82], Loss: 0.5283
Epoch [1/5], Batch [44/82], Loss: 0.4079
Epoch [1/5], Batch [45/82], Loss: 0.4954
Epoch [1/5], Batch [46/82], Loss: 0.3444
Epoch [1/5], Batch [47/82], Loss: 0.3790
Epoch [1/5], Batch [48/82], Loss: 0.4820
Epoch [1/5], Batch [49/82], Loss: 0.2867
Epoch [1/5], Batch [50/82], Loss: 0.2463
Epoch [1/5], Batch [51/82], Loss: 0.2132
Epoch [1/5], Batch [52/82], Loss: 0.3042
Epoch [1/5], Batch [53/82], Loss: 0.3767
Epoch [1/5], Batch [54/82], Loss: 1.0814
Epoch [1/5], Batch [55/82], Loss: 0.2910
Epoch [1/5], Batch [56/82], Loss: 0.2534
Epoch [1/5], Batch [57/82], Loss: 0.5617
Epoch [1/5], Batch [58/82], Loss: 0.4150
Epoch [1/5], Batch [59/82], Loss: 0.3497
Epoch [1/5], Batch [60/82], Loss: 0.2474
Epoch [1/5], Batch [61/82], Loss: 0.4310
Epoch [1/5], Batch [62/82], Loss: 0.3591
Epoch [1/5], Batch [63/82], Loss: 0.4926
Epoch [1/5], Batch [64/82], Loss: 0.4182
Epoch [1/5], Batch [65/82], Loss: 0.4568
Epoch [1/5], Batch [66/82], Loss: 0.3683
Epoch [1/5], Batch [67/82], Loss: 0.4139
Epoch [1/5], Batch [68/82], Loss: 0.3822
Epoch [1/5], Batch [69/82], Loss: 0.2025
Epoch [1/5], Batch [70/82], Loss: 0.3001
Epoch [1/5], Batch [71/82], Loss: 0.5313
Epoch [1/5], Batch [72/82], Loss: 0.2439
Epoch [1/5], Batch [73/82], Loss: 0.3484
Epoch [1/5], Batch [74/82], Loss: 0.6473
Epoch [1/5], Batch [75/82], Loss: 0.3404
Epoch [1/5], Batch [76/82], Loss: 0.5761
Epoch [1/5], Batch [77/82], Loss: 0.2801
Epoch [1/5], Batch [78/82], Loss: 0.4256
Epoch [1/5], Batch [79/82], Loss: 0.4516
Epoch [1/5], Batch [80/82], Loss: 0.3200
Epoch [1/5], Batch [81/82], Loss: 0.3698
Epoch [1/5], Batch [82/82], Loss: 0.2739
Epoch [1/5], Average Loss: 0.5375
----------Validation Loss: 0.2886-------------
Epoch [2/5], Batch [1/82], Loss: 0.2363
Epoch [2/5], Batch [2/82], Loss: 0.2625
Epoch [2/5], Batch [3/82], Loss: 0.1769
Epoch [2/5], Batch [4/82], Loss: 0.1845
Epoch [2/5], Batch [5/82], Loss: 0.1313
Epoch [2/5], Batch [6/82], Loss: 0.2152
Epoch [2/5], Batch [7/82], Loss: 0.1405
Epoch [2/5], Batch [8/82], Loss: 0.2415
Epoch [2/5], Batch [9/82], Loss: 0.1490
Epoch [2/5], Batch [10/82], Loss: 0.1812
Epoch [2/5], Batch [11/82], Loss: 0.2533
Epoch [2/5], Batch [12/82], Loss: 0.2001
Epoch [2/5], Batch [13/82], Loss: 0.1596
Epoch [2/5], Batch [14/82], Loss: 0.1334
Epoch [2/5], Batch [15/82], Loss: 0.1249
Epoch [2/5], Batch [16/82], Loss: 0.1660
Epoch [2/5], Batch [17/82], Loss: 0.4808
Epoch [2/5], Batch [18/82], Loss: 0.3082
Epoch [2/5], Batch [19/82], Loss: 0.4767
Epoch [2/5], Batch [20/82], Loss: 0.1856
Epoch [2/5], Batch [21/82], Loss: 0.1360
Epoch [2/5], Batch [22/82], Loss: 0.2197
Epoch [2/5], Batch [23/82], Loss: 0.2084
Epoch [2/5], Batch [24/82], Loss: 0.2535
Epoch [2/5], Batch [25/82], Loss: 0.1655
Epoch [2/5], Batch [26/82], Loss: 0.1192
Epoch [2/5], Batch [27/82], Loss: 0.1576
Epoch [2/5], Batch [28/82], Loss: 0.3072
Epoch [2/5], Batch [29/82], Loss: 0.2686
Epoch [2/5], Batch [30/82], Loss: 0.1984
Epoch [2/5], Batch [31/82], Loss: 0.2238
Epoch [2/5], Batch [32/82], Loss: 0.1132
Epoch [2/5], Batch [33/82], Loss: 0.1053
Epoch [2/5], Batch [34/82], Loss: 0.3434
Epoch [2/5], Batch [35/82], Loss: 0.1972
Epoch [2/5], Batch [36/82], Loss: 0.1820
Epoch [2/5], Batch [37/82], Loss: 0.0670
Epoch [2/5], Batch [38/82], Loss: 0.1685
Epoch [2/5], Batch [39/82], Loss: 0.1424
Epoch [2/5], Batch [40/82], Loss: 0.0949
Epoch [2/5], Batch [41/82], Loss: 0.2426
Epoch [2/5], Batch [42/82], Loss: 0.2275
Epoch [2/5], Batch [43/82], Loss: 0.1863
Epoch [2/5], Batch [44/82], Loss: 0.1220
Epoch [2/5], Batch [45/82], Loss: 0.1261
Epoch [2/5], Batch [46/82], Loss: 0.1632
Epoch [2/5], Batch [47/82], Loss: 0.1571
Epoch [2/5], Batch [48/82], Loss: 0.2095
Epoch [2/5], Batch [49/82], Loss: 0.2272
Epoch [2/5], Batch [50/82], Loss: 0.2014
Epoch [2/5], Batch [51/82], Loss: 0.1184
Epoch [2/5], Batch [52/82], Loss: 0.2444
Epoch [2/5], Batch [53/82], Loss: 0.1455
Epoch [2/5], Batch [54/82], Loss: 0.4692
Epoch [2/5], Batch [55/82], Loss: 0.1420
Epoch [2/5], Batch [56/82], Loss: 0.1046
Epoch [2/5], Batch [57/82], Loss: 0.2509
Epoch [2/5], Batch [58/82], Loss: 0.1717
Epoch [2/5], Batch [59/82], Loss: 0.1079
Epoch [2/5], Batch [60/82], Loss: 0.1726
Epoch [2/5], Batch [61/82], Loss: 0.1841
Epoch [2/5], Batch [62/82], Loss: 0.2073
Epoch [2/5], Batch [63/82], Loss: 0.3222
Epoch [2/5], Batch [64/82], Loss: 0.2449
Epoch [2/5], Batch [65/82], Loss: 0.2170
Epoch [2/5], Batch [66/82], Loss: 0.1135
Epoch [2/5], Batch [67/82], Loss: 0.1701
Epoch [2/5], Batch [68/82], Loss: 0.1815
Epoch [2/5], Batch [69/82], Loss: 0.1582
Epoch [2/5], Batch [70/82], Loss: 0.1917
Epoch [2/5], Batch [71/82], Loss: 0.2008
Epoch [2/5], Batch [72/82], Loss: 0.1008
Epoch [2/5], Batch [73/82], Loss: 0.0862
Epoch [2/5], Batch [74/82], Loss: 0.2213
Epoch [2/5], Batch [75/82], Loss: 0.0884
Epoch [2/5], Batch [76/82], Loss: 0.3117
Epoch [2/5], Batch [77/82], Loss: 0.0998
Epoch [2/5], Batch [78/82], Loss: 0.1394
Epoch [2/5], Batch [79/82], Loss: 0.2090
Epoch [2/5], Batch [80/82], Loss: 0.1896
Epoch [2/5], Batch [81/82], Loss: 0.2758
Epoch [2/5], Batch [82/82], Loss: 0.0928
Epoch [2/5], Average Loss: 0.1936
----------Validation Loss: 0.3222-------------
Epoch [3/5], Batch [1/82], Loss: 0.0583
Epoch [3/5], Batch [2/82], Loss: 0.1951
Epoch [3/5], Batch [3/82], Loss: 0.1206
Epoch [3/5], Batch [4/82], Loss: 0.0873
Epoch [3/5], Batch [5/82], Loss: 0.1436
Epoch [3/5], Batch [6/82], Loss: 0.1929
Epoch [3/5], Batch [7/82], Loss: 0.1020
Epoch [3/5], Batch [8/82], Loss: 0.2020
Epoch [3/5], Batch [9/82], Loss: 0.1007
Epoch [3/5], Batch [10/82], Loss: 0.1350
Epoch [3/5], Batch [11/82], Loss: 0.1077
Epoch [3/5], Batch [12/82], Loss: 0.0924
Epoch [3/5], Batch [13/82], Loss: 0.0861
Epoch [3/5], Batch [14/82], Loss: 0.0799
Epoch [3/5], Batch [15/82], Loss: 0.0833
Epoch [3/5], Batch [16/82], Loss: 0.1000
Epoch [3/5], Batch [17/82], Loss: 0.0829
Epoch [3/5], Batch [18/82], Loss: 0.3225
Epoch [3/5], Batch [19/82], Loss: 0.1868
Epoch [3/5], Batch [20/82], Loss: 0.0595
Epoch [3/5], Batch [21/82], Loss: 0.0619
Epoch [3/5], Batch [22/82], Loss: 0.0650
Epoch [3/5], Batch [23/82], Loss: 0.0552
Epoch [3/5], Batch [24/82], Loss: 0.2332
Epoch [3/5], Batch [25/82], Loss: 0.0839
Epoch [3/5], Batch [26/82], Loss: 0.0548
Epoch [3/5], Batch [27/82], Loss: 0.1210
Epoch [3/5], Batch [28/82], Loss: 0.1537
Epoch [3/5], Batch [29/82], Loss: 0.0498
Epoch [3/5], Batch [30/82], Loss: 0.0745
Epoch [3/5], Batch [31/82], Loss: 0.1006
Epoch [3/5], Batch [32/82], Loss: 0.0463
Epoch [3/5], Batch [33/82], Loss: 0.0608
Epoch [3/5], Batch [34/82], Loss: 0.1828
Epoch [3/5], Batch [35/82], Loss: 0.1354
Epoch [3/5], Batch [36/82], Loss: 0.0339
Epoch [3/5], Batch [37/82], Loss: 0.0318
Epoch [3/5], Batch [38/82], Loss: 0.0460
Epoch [3/5], Batch [39/82], Loss: 0.0365
Epoch [3/5], Batch [40/82], Loss: 0.0632
Epoch [3/5], Batch [41/82], Loss: 0.0787
Epoch [3/5], Batch [42/82], Loss: 0.0618
Epoch [3/5], Batch [43/82], Loss: 0.0435
Epoch [3/5], Batch [44/82], Loss: 0.0270
Epoch [3/5], Batch [45/82], Loss: 0.0500
Epoch [3/5], Batch [46/82], Loss: 0.1135
Epoch [3/5], Batch [47/82], Loss: 0.0870
Epoch [3/5], Batch [48/82], Loss: 0.0209
Epoch [3/5], Batch [49/82], Loss: 0.0374
Epoch [3/5], Batch [50/82], Loss: 0.0500
Epoch [3/5], Batch [51/82], Loss: 0.0353
Epoch [3/5], Batch [52/82], Loss: 0.0571
Epoch [3/5], Batch [53/82], Loss: 0.1271
Epoch [3/5], Batch [54/82], Loss: 0.3628
Epoch [3/5], Batch [55/82], Loss: 0.0412
Epoch [3/5], Batch [56/82], Loss: 0.0305
Epoch [3/5], Batch [57/82], Loss: 0.2392
Epoch [3/5], Batch [58/82], Loss: 0.0229
Epoch [3/5], Batch [59/82], Loss: 0.0115
Epoch [3/5], Batch [60/82], Loss: 0.0363
Epoch [3/5], Batch [61/82], Loss: 0.0193
Epoch [3/5], Batch [62/82], Loss: 0.0661
Epoch [3/5], Batch [63/82], Loss: 0.1409
Epoch [3/5], Batch [64/82], Loss: 0.0297
Epoch [3/5], Batch [65/82], Loss: 0.0313
Epoch [3/5], Batch [66/82], Loss: 0.0361
Epoch [3/5], Batch [67/82], Loss: 0.0313
Epoch [3/5], Batch [68/82], Loss: 0.0919
Epoch [3/5], Batch [69/82], Loss: 0.1378
Epoch [3/5], Batch [70/82], Loss: 0.0912
Epoch [3/5], Batch [71/82], Loss: 0.0561
Epoch [3/5], Batch [72/82], Loss: 0.0185
Epoch [3/5], Batch [73/82], Loss: 0.0138
Epoch [3/5], Batch [74/82], Loss: 0.0407
Epoch [3/5], Batch [75/82], Loss: 0.0128
Epoch [3/5], Batch [76/82], Loss: 0.3569
Epoch [3/5], Batch [77/82], Loss: 0.0823
Epoch [3/5], Batch [78/82], Loss: 0.0397
Epoch [3/5], Batch [79/82], Loss: 0.0237
Epoch [3/5], Batch [80/82], Loss: 0.0821
Epoch [3/5], Batch [81/82], Loss: 0.1091
Epoch [3/5], Batch [82/82], Loss: 0.0248
Epoch [3/5], Average Loss: 0.0890
----------Validation Loss: 0.3840-------------
Epoch [4/5], Batch [1/82], Loss: 0.0232
Epoch [4/5], Batch [2/82], Loss: 0.1384
Epoch [4/5], Batch [3/82], Loss: 0.1608
Epoch [4/5], Batch [4/82], Loss: 0.0577
Epoch [4/5], Batch [5/82], Loss: 0.0699
Epoch [4/5], Batch [6/82], Loss: 0.0676
Epoch [4/5], Batch [7/82], Loss: 0.0569
Epoch [4/5], Batch [8/82], Loss: 0.0924
Epoch [4/5], Batch [9/82], Loss: 0.0599
Epoch [4/5], Batch [10/82], Loss: 0.0815
Epoch [4/5], Batch [11/82], Loss: 0.0409
Epoch [4/5], Batch [12/82], Loss: 0.0454
Epoch [4/5], Batch [13/82], Loss: 0.0373
Epoch [4/5], Batch [14/82], Loss: 0.0383
Epoch [4/5], Batch [15/82], Loss: 0.0099
Epoch [4/5], Batch [16/82], Loss: 0.0676
Epoch [4/5], Batch [17/82], Loss: 0.0528
Epoch [4/5], Batch [18/82], Loss: 0.0996
Epoch [4/5], Batch [19/82], Loss: 0.0574
Epoch [4/5], Batch [20/82], Loss: 0.0182
Epoch [4/5], Batch [21/82], Loss: 0.0367
Epoch [4/5], Batch [22/82], Loss: 0.0233
Epoch [4/5], Batch [23/82], Loss: 0.0245
Epoch [4/5], Batch [24/82], Loss: 0.0199
Epoch [4/5], Batch [25/82], Loss: 0.0454
Epoch [4/5], Batch [26/82], Loss: 0.0147
Epoch [4/5], Batch [27/82], Loss: 0.0203
Epoch [4/5], Batch [28/82], Loss: 0.1659
Epoch [4/5], Batch [29/82], Loss: 0.0146
Epoch [4/5], Batch [30/82], Loss: 0.0509
Epoch [4/5], Batch [31/82], Loss: 0.0236
Epoch [4/5], Batch [32/82], Loss: 0.0193
Epoch [4/5], Batch [33/82], Loss: 0.0446
Epoch [4/5], Batch [34/82], Loss: 0.0998
Epoch [4/5], Batch [35/82], Loss: 0.0727
Epoch [4/5], Batch [36/82], Loss: 0.0116
Epoch [4/5], Batch [37/82], Loss: 0.0258
Epoch [4/5], Batch [38/82], Loss: 0.0121
Epoch [4/5], Batch [39/82], Loss: 0.0425
Epoch [4/5], Batch [40/82], Loss: 0.0467
Epoch [4/5], Batch [41/82], Loss: 0.0901
Epoch [4/5], Batch [42/82], Loss: 0.0315
Epoch [4/5], Batch [43/82], Loss: 0.0513
Epoch [4/5], Batch [44/82], Loss: 0.0159
Epoch [4/5], Batch [45/82], Loss: 0.0206
Epoch [4/5], Batch [46/82], Loss: 0.0895
Epoch [4/5], Batch [47/82], Loss: 0.0493
Epoch [4/5], Batch [48/82], Loss: 0.0301
Epoch [4/5], Batch [49/82], Loss: 0.0504
Epoch [4/5], Batch [50/82], Loss: 0.0155
Epoch [4/5], Batch [51/82], Loss: 0.0254
Epoch [4/5], Batch [52/82], Loss: 0.1134
Epoch [4/5], Batch [53/82], Loss: 0.0658
Epoch [4/5], Batch [54/82], Loss: 0.2813
Epoch [4/5], Batch [55/82], Loss: 0.0108
Epoch [4/5], Batch [56/82], Loss: 0.0288
Epoch [4/5], Batch [57/82], Loss: 0.0669
Epoch [4/5], Batch [58/82], Loss: 0.0814
Epoch [4/5], Batch [59/82], Loss: 0.0158
Epoch [4/5], Batch [60/82], Loss: 0.0161
Epoch [4/5], Batch [61/82], Loss: 0.0201
Epoch [4/5], Batch [62/82], Loss: 0.0198
Epoch [4/5], Batch [63/82], Loss: 0.1105
Epoch [4/5], Batch [64/82], Loss: 0.0073
Epoch [4/5], Batch [65/82], Loss: 0.0087
Epoch [4/5], Batch [66/82], Loss: 0.0069
Epoch [4/5], Batch [67/82], Loss: 0.0287
Epoch [4/5], Batch [68/82], Loss: 0.1246
Epoch [4/5], Batch [69/82], Loss: 0.0309
Epoch [4/5], Batch [70/82], Loss: 0.0295
Epoch [4/5], Batch [71/82], Loss: 0.0179
Epoch [4/5], Batch [72/82], Loss: 0.0983
Epoch [4/5], Batch [73/82], Loss: 0.0247
Epoch [4/5], Batch [74/82], Loss: 0.0129
Epoch [4/5], Batch [75/82], Loss: 0.0271
Epoch [4/5], Batch [76/82], Loss: 0.2472
Epoch [4/5], Batch [77/82], Loss: 0.0181
Epoch [4/5], Batch [78/82], Loss: 0.0095
Epoch [4/5], Batch [79/82], Loss: 0.0094
Epoch [4/5], Batch [80/82], Loss: 0.0390
Epoch [4/5], Batch [81/82], Loss: 0.0427
Epoch [4/5], Batch [82/82], Loss: 0.0257
Epoch [4/5], Average Loss: 0.0512
----------Validation Loss: 0.4177-------------
Epoch [5/5], Batch [1/82], Loss: 0.0299
Epoch [5/5], Batch [2/82], Loss: 0.0703
Epoch [5/5], Batch [3/82], Loss: 0.0558
Epoch [5/5], Batch [4/82], Loss: 0.0899
Epoch [5/5], Batch [5/82], Loss: 0.0210
Epoch [5/5], Batch [6/82], Loss: 0.0474
Epoch [5/5], Batch [7/82], Loss: 0.0311
Epoch [5/5], Batch [8/82], Loss: 0.0717
Epoch [5/5], Batch [9/82], Loss: 0.0100
Epoch [5/5], Batch [10/82], Loss: 0.0322
Epoch [5/5], Batch [11/82], Loss: 0.0465
Epoch [5/5], Batch [12/82], Loss: 0.0877
Epoch [5/5], Batch [13/82], Loss: 0.0420
Epoch [5/5], Batch [14/82], Loss: 0.0030
Epoch [5/5], Batch [15/82], Loss: 0.0166
Epoch [5/5], Batch [16/82], Loss: 0.0734
Epoch [5/5], Batch [17/82], Loss: 0.0157
Epoch [5/5], Batch [18/82], Loss: 0.1718
Epoch [5/5], Batch [19/82], Loss: 0.0168
Epoch [5/5], Batch [20/82], Loss: 0.0058
Epoch [5/5], Batch [21/82], Loss: 0.0208
Epoch [5/5], Batch [22/82], Loss: 0.0099
Epoch [5/5], Batch [23/82], Loss: 0.0774
Epoch [5/5], Batch [24/82], Loss: 0.0146
Epoch [5/5], Batch [25/82], Loss: 0.0561
Epoch [5/5], Batch [26/82], Loss: 0.0376
Epoch [5/5], Batch [27/82], Loss: 0.0126
Epoch [5/5], Batch [28/82], Loss: 0.0642
Epoch [5/5], Batch [29/82], Loss: 0.0177
Epoch [5/5], Batch [30/82], Loss: 0.0870
Epoch [5/5], Batch [31/82], Loss: 0.0597
Epoch [5/5], Batch [32/82], Loss: 0.0283
Epoch [5/5], Batch [33/82], Loss: 0.0400
Epoch [5/5], Batch [34/82], Loss: 0.1462
Epoch [5/5], Batch [35/82], Loss: 0.1377
Epoch [5/5], Batch [36/82], Loss: 0.0367
Epoch [5/5], Batch [37/82], Loss: 0.0234
Epoch [5/5], Batch [38/82], Loss: 0.0074
Epoch [5/5], Batch [39/82], Loss: 0.0098
Epoch [5/5], Batch [40/82], Loss: 0.0377
Epoch [5/5], Batch [41/82], Loss: 0.0331
Epoch [5/5], Batch [42/82], Loss: 0.0159
Epoch [5/5], Batch [43/82], Loss: 0.0717
Epoch [5/5], Batch [44/82], Loss: 0.0184
Epoch [5/5], Batch [45/82], Loss: 0.0241
Epoch [5/5], Batch [46/82], Loss: 0.0230
Epoch [5/5], Batch [47/82], Loss: 0.0116
Epoch [5/5], Batch [48/82], Loss: 0.0096
Epoch [5/5], Batch [49/82], Loss: 0.0203
Epoch [5/5], Batch [50/82], Loss: 0.0358
Epoch [5/5], Batch [51/82], Loss: 0.0570
Epoch [5/5], Batch [52/82], Loss: 0.0836
Epoch [5/5], Batch [53/82], Loss: 0.1154
Epoch [5/5], Batch [54/82], Loss: 0.1690
Epoch [5/5], Batch [55/82], Loss: 0.0060
Epoch [5/5], Batch [56/82], Loss: 0.0519
Epoch [5/5], Batch [57/82], Loss: 0.0768
Epoch [5/5], Batch [58/82], Loss: 0.0255
Epoch [5/5], Batch [59/82], Loss: 0.0092
Epoch [5/5], Batch [60/82], Loss: 0.0752
Epoch [5/5], Batch [61/82], Loss: 0.1435
Epoch [5/5], Batch [62/82], Loss: 0.0859
Epoch [5/5], Batch [63/82], Loss: 0.0970
Epoch [5/5], Batch [64/82], Loss: 0.0349
Epoch [5/5], Batch [65/82], Loss: 0.1278
Epoch [5/5], Batch [66/82], Loss: 0.0379
Epoch [5/5], Batch [67/82], Loss: 0.0343
Epoch [5/5], Batch [68/82], Loss: 0.0721
Epoch [5/5], Batch [69/82], Loss: 0.1867
Epoch [5/5], Batch [70/82], Loss: 0.0812
Epoch [5/5], Batch [71/82], Loss: 0.0374
Epoch [5/5], Batch [72/82], Loss: 0.1213
Epoch [5/5], Batch [73/82], Loss: 0.0961
Epoch [5/5], Batch [74/82], Loss: 0.0979
Epoch [5/5], Batch [75/82], Loss: 0.0405
Epoch [5/5], Batch [76/82], Loss: 0.0462
Epoch [5/5], Batch [77/82], Loss: 0.0678
Epoch [5/5], Batch [78/82], Loss: 0.0304
Epoch [5/5], Batch [79/82], Loss: 0.0499
Epoch [5/5], Batch [80/82], Loss: 0.0935
Epoch [5/5], Batch [81/82], Loss: 0.0434
Epoch [5/5], Batch [82/82], Loss: 0.0417
Epoch [5/5], Average Loss: 0.0544
----------Validation Loss: 0.3958-------------
annotated_samples_num: 800
unannotated_samples_num: 2744
update datapool!
annotated_samples_num: 800
unannotated_samples_num: 2744
iter: 4
annotated_samples_num: 800
unannotated_samples_num: 2744
Epoch [1/5], Batch [1/100], Loss: 3.0146
Epoch [1/5], Batch [2/100], Loss: 2.8678
Epoch [1/5], Batch [3/100], Loss: 1.7189
Epoch [1/5], Batch [4/100], Loss: 1.4321
Epoch [1/5], Batch [5/100], Loss: 1.1239
Epoch [1/5], Batch [6/100], Loss: 1.2384
Epoch [1/5], Batch [7/100], Loss: 0.8269
Epoch [1/5], Batch [8/100], Loss: 1.1495
Epoch [1/5], Batch [9/100], Loss: 0.6663
Epoch [1/5], Batch [10/100], Loss: 0.6744
Epoch [1/5], Batch [11/100], Loss: 0.6701
Epoch [1/5], Batch [12/100], Loss: 0.5699
Epoch [1/5], Batch [13/100], Loss: 0.4923
Epoch [1/5], Batch [14/100], Loss: 0.4107
Epoch [1/5], Batch [15/100], Loss: 0.4609
Epoch [1/5], Batch [16/100], Loss: 0.4980
Epoch [1/5], Batch [17/100], Loss: 0.5861
Epoch [1/5], Batch [18/100], Loss: 0.5567
Epoch [1/5], Batch [19/100], Loss: 0.5176
Epoch [1/5], Batch [20/100], Loss: 0.4765
Epoch [1/5], Batch [21/100], Loss: 0.3142
Epoch [1/5], Batch [22/100], Loss: 0.2439
Epoch [1/5], Batch [23/100], Loss: 0.4282
Epoch [1/5], Batch [24/100], Loss: 0.5357
Epoch [1/5], Batch [25/100], Loss: 0.4705
Epoch [1/5], Batch [26/100], Loss: 0.3943
Epoch [1/5], Batch [27/100], Loss: 0.3146
Epoch [1/5], Batch [28/100], Loss: 0.3416
Epoch [1/5], Batch [29/100], Loss: 0.3177
Epoch [1/5], Batch [30/100], Loss: 0.5121
Epoch [1/5], Batch [31/100], Loss: 0.2806
Epoch [1/5], Batch [32/100], Loss: 0.3609
Epoch [1/5], Batch [33/100], Loss: 0.2689
Epoch [1/5], Batch [34/100], Loss: 0.4574
Epoch [1/5], Batch [35/100], Loss: 0.3932
Epoch [1/5], Batch [36/100], Loss: 0.1877
Epoch [1/5], Batch [37/100], Loss: 0.3026
Epoch [1/5], Batch [38/100], Loss: 0.3356
Epoch [1/5], Batch [39/100], Loss: 0.5874
Epoch [1/5], Batch [40/100], Loss: 0.2567
Epoch [1/5], Batch [41/100], Loss: 0.4324
Epoch [1/5], Batch [42/100], Loss: 0.4927
Epoch [1/5], Batch [43/100], Loss: 0.5283
Epoch [1/5], Batch [44/100], Loss: 0.4079
Epoch [1/5], Batch [45/100], Loss: 0.4954
Epoch [1/5], Batch [46/100], Loss: 0.3444
Epoch [1/5], Batch [47/100], Loss: 0.3790
Epoch [1/5], Batch [48/100], Loss: 0.4820
Epoch [1/5], Batch [49/100], Loss: 0.2867
Epoch [1/5], Batch [50/100], Loss: 0.2463
Epoch [1/5], Batch [51/100], Loss: 0.2132
Epoch [1/5], Batch [52/100], Loss: 0.3042
Epoch [1/5], Batch [53/100], Loss: 0.3767
Epoch [1/5], Batch [54/100], Loss: 1.0814
Epoch [1/5], Batch [55/100], Loss: 0.2910
Epoch [1/5], Batch [56/100], Loss: 0.2534
Epoch [1/5], Batch [57/100], Loss: 0.5617
Epoch [1/5], Batch [58/100], Loss: 0.4150
Epoch [1/5], Batch [59/100], Loss: 0.3497
Epoch [1/5], Batch [60/100], Loss: 0.2474
Epoch [1/5], Batch [61/100], Loss: 0.4310
Epoch [1/5], Batch [62/100], Loss: 0.3591
Epoch [1/5], Batch [63/100], Loss: 0.4926
Epoch [1/5], Batch [64/100], Loss: 0.4182
Epoch [1/5], Batch [65/100], Loss: 0.4568
Epoch [1/5], Batch [66/100], Loss: 0.3683
Epoch [1/5], Batch [67/100], Loss: 0.4139
Epoch [1/5], Batch [68/100], Loss: 0.3822
Epoch [1/5], Batch [69/100], Loss: 0.2025
Epoch [1/5], Batch [70/100], Loss: 0.3001
Epoch [1/5], Batch [71/100], Loss: 0.5313
Epoch [1/5], Batch [72/100], Loss: 0.2439
Epoch [1/5], Batch [73/100], Loss: 0.3484
Epoch [1/5], Batch [74/100], Loss: 0.6473
Epoch [1/5], Batch [75/100], Loss: 0.3404
Epoch [1/5], Batch [76/100], Loss: 0.5761
Epoch [1/5], Batch [77/100], Loss: 0.2801
Epoch [1/5], Batch [78/100], Loss: 0.4256
Epoch [1/5], Batch [79/100], Loss: 0.4516
Epoch [1/5], Batch [80/100], Loss: 0.3200
Epoch [1/5], Batch [81/100], Loss: 0.3698
Epoch [1/5], Batch [82/100], Loss: 0.2739
Epoch [1/5], Batch [83/100], Loss: 0.4800
Epoch [1/5], Batch [84/100], Loss: 0.3753
Epoch [1/5], Batch [85/100], Loss: 0.3618
Epoch [1/5], Batch [86/100], Loss: 0.2744
Epoch [1/5], Batch [87/100], Loss: 0.1460
Epoch [1/5], Batch [88/100], Loss: 0.1964
Epoch [1/5], Batch [89/100], Loss: 0.3821
Epoch [1/5], Batch [90/100], Loss: 0.4217
Epoch [1/5], Batch [91/100], Loss: 0.2015
Epoch [1/5], Batch [92/100], Loss: 0.3096
Epoch [1/5], Batch [93/100], Loss: 0.1945
Epoch [1/5], Batch [94/100], Loss: 0.2738
Epoch [1/5], Batch [95/100], Loss: 0.3532
Epoch [1/5], Batch [96/100], Loss: 0.1654
Epoch [1/5], Batch [97/100], Loss: 0.2884
Epoch [1/5], Batch [98/100], Loss: 0.6302
Epoch [1/5], Batch [99/100], Loss: 0.2773
Epoch [1/5], Batch [100/100], Loss: 0.5085
Epoch [1/5], Average Loss: 0.4992
----------Validation Loss: 0.2847-------------
Epoch [2/5], Batch [1/100], Loss: 0.2017
Epoch [2/5], Batch [2/100], Loss: 0.2298
Epoch [2/5], Batch [3/100], Loss: 0.1952
Epoch [2/5], Batch [4/100], Loss: 0.1813
Epoch [2/5], Batch [5/100], Loss: 0.1207
Epoch [2/5], Batch [6/100], Loss: 0.2269
Epoch [2/5], Batch [7/100], Loss: 0.1264
Epoch [2/5], Batch [8/100], Loss: 0.2382
Epoch [2/5], Batch [9/100], Loss: 0.1252
Epoch [2/5], Batch [10/100], Loss: 0.2035
Epoch [2/5], Batch [11/100], Loss: 0.3088
Epoch [2/5], Batch [12/100], Loss: 0.2034
Epoch [2/5], Batch [13/100], Loss: 0.1480
Epoch [2/5], Batch [14/100], Loss: 0.1135
Epoch [2/5], Batch [15/100], Loss: 0.1276
Epoch [2/5], Batch [16/100], Loss: 0.1373
Epoch [2/5], Batch [17/100], Loss: 0.1749
Epoch [2/5], Batch [18/100], Loss: 0.2194
Epoch [2/5], Batch [19/100], Loss: 0.3163
Epoch [2/5], Batch [20/100], Loss: 0.0991
Epoch [2/5], Batch [21/100], Loss: 0.1237
Epoch [2/5], Batch [22/100], Loss: 0.0849
Epoch [2/5], Batch [23/100], Loss: 0.0971
Epoch [2/5], Batch [24/100], Loss: 0.1259
Epoch [2/5], Batch [25/100], Loss: 0.1340
Epoch [2/5], Batch [26/100], Loss: 0.0987
Epoch [2/5], Batch [27/100], Loss: 0.1129
Epoch [2/5], Batch [28/100], Loss: 0.1919
Epoch [2/5], Batch [29/100], Loss: 0.1085
Epoch [2/5], Batch [30/100], Loss: 0.1732
Epoch [2/5], Batch [31/100], Loss: 0.1452
Epoch [2/5], Batch [32/100], Loss: 0.0754
Epoch [2/5], Batch [33/100], Loss: 0.0766
Epoch [2/5], Batch [34/100], Loss: 0.2576
Epoch [2/5], Batch [35/100], Loss: 0.1286
Epoch [2/5], Batch [36/100], Loss: 0.1225
Epoch [2/5], Batch [37/100], Loss: 0.0724
Epoch [2/5], Batch [38/100], Loss: 0.1045
Epoch [2/5], Batch [39/100], Loss: 0.0927
Epoch [2/5], Batch [40/100], Loss: 0.0901
Epoch [2/5], Batch [41/100], Loss: 0.0876
Epoch [2/5], Batch [42/100], Loss: 0.1633
Epoch [2/5], Batch [43/100], Loss: 0.1678
Epoch [2/5], Batch [44/100], Loss: 0.1307
Epoch [2/5], Batch [45/100], Loss: 0.0996
Epoch [2/5], Batch [46/100], Loss: 0.1040
Epoch [2/5], Batch [47/100], Loss: 0.0709
Epoch [2/5], Batch [48/100], Loss: 0.2123
Epoch [2/5], Batch [49/100], Loss: 0.1186
Epoch [2/5], Batch [50/100], Loss: 0.0615
Epoch [2/5], Batch [51/100], Loss: 0.0804
Epoch [2/5], Batch [52/100], Loss: 0.2705
Epoch [2/5], Batch [53/100], Loss: 0.1049
Epoch [2/5], Batch [54/100], Loss: 0.5304
Epoch [2/5], Batch [55/100], Loss: 0.0644
Epoch [2/5], Batch [56/100], Loss: 0.0914
Epoch [2/5], Batch [57/100], Loss: 0.2839
Epoch [2/5], Batch [58/100], Loss: 0.1172
Epoch [2/5], Batch [59/100], Loss: 0.0888
Epoch [2/5], Batch [60/100], Loss: 0.0814
Epoch [2/5], Batch [61/100], Loss: 0.1270
Epoch [2/5], Batch [62/100], Loss: 0.1336
Epoch [2/5], Batch [63/100], Loss: 0.2716
Epoch [2/5], Batch [64/100], Loss: 0.1561
Epoch [2/5], Batch [65/100], Loss: 0.1621
Epoch [2/5], Batch [66/100], Loss: 0.1081
Epoch [2/5], Batch [67/100], Loss: 0.1459
Epoch [2/5], Batch [68/100], Loss: 0.1477
Epoch [2/5], Batch [69/100], Loss: 0.1545
Epoch [2/5], Batch [70/100], Loss: 0.1736
Epoch [2/5], Batch [71/100], Loss: 0.1662
Epoch [2/5], Batch [72/100], Loss: 0.0691
Epoch [2/5], Batch [73/100], Loss: 0.0797
Epoch [2/5], Batch [74/100], Loss: 0.2216
Epoch [2/5], Batch [75/100], Loss: 0.1575
Epoch [2/5], Batch [76/100], Loss: 0.1401
Epoch [2/5], Batch [77/100], Loss: 0.0832
Epoch [2/5], Batch [78/100], Loss: 0.1359
Epoch [2/5], Batch [79/100], Loss: 0.1397
Epoch [2/5], Batch [80/100], Loss: 0.1263
Epoch [2/5], Batch [81/100], Loss: 0.2293
Epoch [2/5], Batch [82/100], Loss: 0.0964
Epoch [2/5], Batch [83/100], Loss: 0.1542
Epoch [2/5], Batch [84/100], Loss: 0.1020
Epoch [2/5], Batch [85/100], Loss: 0.1349
Epoch [2/5], Batch [86/100], Loss: 0.1368
Epoch [2/5], Batch [87/100], Loss: 0.0601
Epoch [2/5], Batch [88/100], Loss: 0.0599
Epoch [2/5], Batch [89/100], Loss: 0.1761
Epoch [2/5], Batch [90/100], Loss: 0.0795
Epoch [2/5], Batch [91/100], Loss: 0.0615
Epoch [2/5], Batch [92/100], Loss: 0.1780
Epoch [2/5], Batch [93/100], Loss: 0.0854
Epoch [2/5], Batch [94/100], Loss: 0.0930
Epoch [2/5], Batch [95/100], Loss: 0.1050
Epoch [2/5], Batch [96/100], Loss: 0.0578
Epoch [2/5], Batch [97/100], Loss: 0.1709
Epoch [2/5], Batch [98/100], Loss: 0.2090
Epoch [2/5], Batch [99/100], Loss: 0.0842
Epoch [2/5], Batch [100/100], Loss: 0.2479
Epoch [2/5], Average Loss: 0.1446
----------Validation Loss: 0.2804-------------
Epoch [3/5], Batch [1/100], Loss: 0.0258
Epoch [3/5], Batch [2/100], Loss: 0.1361
Epoch [3/5], Batch [3/100], Loss: 0.0391
Epoch [3/5], Batch [4/100], Loss: 0.0661
Epoch [3/5], Batch [5/100], Loss: 0.1059
Epoch [3/5], Batch [6/100], Loss: 0.1769
Epoch [3/5], Batch [7/100], Loss: 0.0587
Epoch [3/5], Batch [8/100], Loss: 0.0871
Epoch [3/5], Batch [9/100], Loss: 0.0696
Epoch [3/5], Batch [10/100], Loss: 0.0484
Epoch [3/5], Batch [11/100], Loss: 0.0761
Epoch [3/5], Batch [12/100], Loss: 0.0625
Epoch [3/5], Batch [13/100], Loss: 0.0422
Epoch [3/5], Batch [14/100], Loss: 0.0736
Epoch [3/5], Batch [15/100], Loss: 0.0316
Epoch [3/5], Batch [16/100], Loss: 0.0621
Epoch [3/5], Batch [17/100], Loss: 0.0250
Epoch [3/5], Batch [18/100], Loss: 0.1951
Epoch [3/5], Batch [19/100], Loss: 0.1060
Epoch [3/5], Batch [20/100], Loss: 0.0478
Epoch [3/5], Batch [21/100], Loss: 0.0510
Epoch [3/5], Batch [22/100], Loss: 0.0409
Epoch [3/5], Batch [23/100], Loss: 0.0357
Epoch [3/5], Batch [24/100], Loss: 0.0635
Epoch [3/5], Batch [25/100], Loss: 0.0575
Epoch [3/5], Batch [26/100], Loss: 0.0403
Epoch [3/5], Batch [27/100], Loss: 0.0206
Epoch [3/5], Batch [28/100], Loss: 0.1273
Epoch [3/5], Batch [29/100], Loss: 0.0351
Epoch [3/5], Batch [30/100], Loss: 0.0789
Epoch [3/5], Batch [31/100], Loss: 0.0435
Epoch [3/5], Batch [32/100], Loss: 0.0306
Epoch [3/5], Batch [33/100], Loss: 0.0297
Epoch [3/5], Batch [34/100], Loss: 0.1387
Epoch [3/5], Batch [35/100], Loss: 0.1697
Epoch [3/5], Batch [36/100], Loss: 0.0285
Epoch [3/5], Batch [37/100], Loss: 0.0175
Epoch [3/5], Batch [38/100], Loss: 0.0213
Epoch [3/5], Batch [39/100], Loss: 0.0238
Epoch [3/5], Batch [40/100], Loss: 0.0281
Epoch [3/5], Batch [41/100], Loss: 0.0233
Epoch [3/5], Batch [42/100], Loss: 0.0318
Epoch [3/5], Batch [43/100], Loss: 0.0301
Epoch [3/5], Batch [44/100], Loss: 0.0288
Epoch [3/5], Batch [45/100], Loss: 0.0857
Epoch [3/5], Batch [46/100], Loss: 0.0721
Epoch [3/5], Batch [47/100], Loss: 0.0363
Epoch [3/5], Batch [48/100], Loss: 0.0146
Epoch [3/5], Batch [49/100], Loss: 0.0479
Epoch [3/5], Batch [50/100], Loss: 0.0348
Epoch [3/5], Batch [51/100], Loss: 0.0322
Epoch [3/5], Batch [52/100], Loss: 0.1648
Epoch [3/5], Batch [53/100], Loss: 0.0586
Epoch [3/5], Batch [54/100], Loss: 0.1649
Epoch [3/5], Batch [55/100], Loss: 0.0344
Epoch [3/5], Batch [56/100], Loss: 0.0224
Epoch [3/5], Batch [57/100], Loss: 0.1923
Epoch [3/5], Batch [58/100], Loss: 0.0360
Epoch [3/5], Batch [59/100], Loss: 0.0249
Epoch [3/5], Batch [60/100], Loss: 0.0781
Epoch [3/5], Batch [61/100], Loss: 0.0148
Epoch [3/5], Batch [62/100], Loss: 0.0670
Epoch [3/5], Batch [63/100], Loss: 0.1307
Epoch [3/5], Batch [64/100], Loss: 0.0303
Epoch [3/5], Batch [65/100], Loss: 0.0344
Epoch [3/5], Batch [66/100], Loss: 0.0731
Epoch [3/5], Batch [67/100], Loss: 0.0408
Epoch [3/5], Batch [68/100], Loss: 0.0688
Epoch [3/5], Batch [69/100], Loss: 0.0452
Epoch [3/5], Batch [70/100], Loss: 0.0934
Epoch [3/5], Batch [71/100], Loss: 0.0453
Epoch [3/5], Batch [72/100], Loss: 0.0138
Epoch [3/5], Batch [73/100], Loss: 0.0293
Epoch [3/5], Batch [74/100], Loss: 0.0640
Epoch [3/5], Batch [75/100], Loss: 0.0221
Epoch [3/5], Batch [76/100], Loss: 0.0862
Epoch [3/5], Batch [77/100], Loss: 0.0666
Epoch [3/5], Batch [78/100], Loss: 0.0201
Epoch [3/5], Batch [79/100], Loss: 0.0179
Epoch [3/5], Batch [80/100], Loss: 0.0466
Epoch [3/5], Batch [81/100], Loss: 0.0590
Epoch [3/5], Batch [82/100], Loss: 0.0310
Epoch [3/5], Batch [83/100], Loss: 0.0494
Epoch [3/5], Batch [84/100], Loss: 0.0344
Epoch [3/5], Batch [85/100], Loss: 0.0661
Epoch [3/5], Batch [86/100], Loss: 0.0303
Epoch [3/5], Batch [87/100], Loss: 0.0437
Epoch [3/5], Batch [88/100], Loss: 0.0881
Epoch [3/5], Batch [89/100], Loss: 0.0564
Epoch [3/5], Batch [90/100], Loss: 0.1261
Epoch [3/5], Batch [91/100], Loss: 0.0326
Epoch [3/5], Batch [92/100], Loss: 0.0520
Epoch [3/5], Batch [93/100], Loss: 0.0886
Epoch [3/5], Batch [94/100], Loss: 0.0206
Epoch [3/5], Batch [95/100], Loss: 0.0585
Epoch [3/5], Batch [96/100], Loss: 0.0242
Epoch [3/5], Batch [97/100], Loss: 0.0433
Epoch [3/5], Batch [98/100], Loss: 0.0801
Epoch [3/5], Batch [99/100], Loss: 0.0763
Epoch [3/5], Batch [100/100], Loss: 0.2077
Epoch [3/5], Average Loss: 0.0611
----------Validation Loss: 0.3492-------------
Epoch [4/5], Batch [1/100], Loss: 0.0118
Epoch [4/5], Batch [2/100], Loss: 0.0698
Epoch [4/5], Batch [3/100], Loss: 0.0802
Epoch [4/5], Batch [4/100], Loss: 0.0268
Epoch [4/5], Batch [5/100], Loss: 0.0231
Epoch [4/5], Batch [6/100], Loss: 0.1191
Epoch [4/5], Batch [7/100], Loss: 0.0118
Epoch [4/5], Batch [8/100], Loss: 0.0862
Epoch [4/5], Batch [9/100], Loss: 0.0326
Epoch [4/5], Batch [10/100], Loss: 0.0487
Epoch [4/5], Batch [11/100], Loss: 0.0560
Epoch [4/5], Batch [12/100], Loss: 0.0443
Epoch [4/5], Batch [13/100], Loss: 0.0285
Epoch [4/5], Batch [14/100], Loss: 0.0196
Epoch [4/5], Batch [15/100], Loss: 0.0290
Epoch [4/5], Batch [16/100], Loss: 0.0268
Epoch [4/5], Batch [17/100], Loss: 0.0236
Epoch [4/5], Batch [18/100], Loss: 0.1205
Epoch [4/5], Batch [19/100], Loss: 0.0167
Epoch [4/5], Batch [20/100], Loss: 0.0152
Epoch [4/5], Batch [21/100], Loss: 0.0268
Epoch [4/5], Batch [22/100], Loss: 0.0076
Epoch [4/5], Batch [23/100], Loss: 0.0239
Epoch [4/5], Batch [24/100], Loss: 0.0203
Epoch [4/5], Batch [25/100], Loss: 0.0266
Epoch [4/5], Batch [26/100], Loss: 0.0244
Epoch [4/5], Batch [27/100], Loss: 0.0346
Epoch [4/5], Batch [28/100], Loss: 0.1444
Epoch [4/5], Batch [29/100], Loss: 0.0085
Epoch [4/5], Batch [30/100], Loss: 0.0339
Epoch [4/5], Batch [31/100], Loss: 0.0047
Epoch [4/5], Batch [32/100], Loss: 0.0222
Epoch [4/5], Batch [33/100], Loss: 0.0048
Epoch [4/5], Batch [34/100], Loss: 0.2550
Epoch [4/5], Batch [35/100], Loss: 0.0575
Epoch [4/5], Batch [36/100], Loss: 0.0458
Epoch [4/5], Batch [37/100], Loss: 0.0554
Epoch [4/5], Batch [38/100], Loss: 0.0136
Epoch [4/5], Batch [39/100], Loss: 0.0283
Epoch [4/5], Batch [40/100], Loss: 0.2114
Epoch [4/5], Batch [41/100], Loss: 0.0133
Epoch [4/5], Batch [42/100], Loss: 0.0056
Epoch [4/5], Batch [43/100], Loss: 0.0222
Epoch [4/5], Batch [44/100], Loss: 0.1268
Epoch [4/5], Batch [45/100], Loss: 0.0310
Epoch [4/5], Batch [46/100], Loss: 0.0432
Epoch [4/5], Batch [47/100], Loss: 0.0973
Epoch [4/5], Batch [48/100], Loss: 0.0836
Epoch [4/5], Batch [49/100], Loss: 0.0108
Epoch [4/5], Batch [50/100], Loss: 0.0107
Epoch [4/5], Batch [51/100], Loss: 0.0401
Epoch [4/5], Batch [52/100], Loss: 0.1361
Epoch [4/5], Batch [53/100], Loss: 0.0096
Epoch [4/5], Batch [54/100], Loss: 0.1411
Epoch [4/5], Batch [55/100], Loss: 0.1568
Epoch [4/5], Batch [56/100], Loss: 0.0175
Epoch [4/5], Batch [57/100], Loss: 0.0686
Epoch [4/5], Batch [58/100], Loss: 0.0536
Epoch [4/5], Batch [59/100], Loss: 0.0181
Epoch [4/5], Batch [60/100], Loss: 0.1418
Epoch [4/5], Batch [61/100], Loss: 0.0527
Epoch [4/5], Batch [62/100], Loss: 0.0317
Epoch [4/5], Batch [63/100], Loss: 0.0991
