strategy: RANDOM
iter: 0
annotated_samples_num: 177
unannotated_samples_num: 3367
Epoch [1/20], Average Loss: 1.2185
-----------------------------------------------------------
strategy: RANDOM
iter: 0
epoch: 0
F1_overall: 0.3982
F1_AGENT: 0.5468
F1_TARGET: 0.2358
precision_overall: 0.3895
precision_AGENT: 0.5025
precision_TARGET: 0.2480
recall_overall: 0.4074
recall_AGENT: 0.5998
recall_TARGET: 0.2247
-----------------------------------------------------------
best_overall_f1 update: 0.39824246055522267
Model saved at ./saved_models/strategy_RANDOM/model_F1_0.39824_iter_0_epoch_0
delete:./saved_models/strategy_RANDOM/model_F1_0.62157_iter_4_epoch_2
Epoch [2/20], Average Loss: 0.2890
-----------------------------------------------------------
strategy: RANDOM
iter: 0
epoch: 1
F1_overall: 0.4649
F1_AGENT: 0.5915
F1_TARGET: 0.3329
precision_overall: 0.4371
precision_AGENT: 0.5346
precision_TARGET: 0.3267
recall_overall: 0.4965
recall_AGENT: 0.6619
recall_TARGET: 0.3394
-----------------------------------------------------------
best_overall_f1 update: 0.464893820547159
Model saved at ./saved_models/strategy_RANDOM/model_F1_0.46489_iter_0_epoch_1
delete:./saved_models/strategy_RANDOM/model_F1_0.39824_iter_0_epoch_0
Epoch [3/20], Average Loss: 0.1499
-----------------------------------------------------------
strategy: RANDOM
iter: 0
epoch: 2
F1_overall: 0.5158
F1_AGENT: 0.6346
F1_TARGET: 0.3954
precision_overall: 0.4803
precision_AGENT: 0.5749
precision_TARGET: 0.3788
recall_overall: 0.5570
recall_AGENT: 0.7081
recall_TARGET: 0.4135
-----------------------------------------------------------
best_overall_f1 update: 0.5157994323557238
Model saved at ./saved_models/strategy_RANDOM/model_F1_0.51580_iter_0_epoch_2
delete:./saved_models/strategy_RANDOM/model_F1_0.46489_iter_0_epoch_1
Epoch [4/20], Average Loss: 0.1168
-----------------------------------------------------------
strategy: RANDOM
iter: 0
epoch: 3
F1_overall: 0.5433
F1_AGENT: 0.6320
F1_TARGET: 0.4555
precision_overall: 0.5082
precision_AGENT: 0.5809
precision_TARGET: 0.4337
recall_overall: 0.5836
recall_AGENT: 0.6930
recall_TARGET: 0.4797
-----------------------------------------------------------
best_overall_f1 update: 0.5432756324900132
Model saved at ./saved_models/strategy_RANDOM/model_F1_0.54328_iter_0_epoch_3
delete:./saved_models/strategy_RANDOM/model_F1_0.51580_iter_0_epoch_2
Epoch [5/20], Average Loss: 0.0902
-----------------------------------------------------------
strategy: RANDOM
iter: 0
epoch: 4
F1_overall: 0.5044
F1_AGENT: 0.6235
F1_TARGET: 0.3817
precision_overall: 0.5353
precision_AGENT: 0.6332
precision_TARGET: 0.4248
recall_overall: 0.4769
recall_AGENT: 0.6141
recall_TARGET: 0.3466
-----------------------------------------------------------
Epoch [6/20], Average Loss: 0.0615
-----------------------------------------------------------
strategy: RANDOM
iter: 0
epoch: 5
F1_overall: 0.5018
F1_AGENT: 0.5701
F1_TARGET: 0.4481
precision_overall: 0.5119
precision_AGENT: 0.6543
precision_TARGET: 0.4204
recall_overall: 0.4920
recall_AGENT: 0.5050
recall_TARGET: 0.4797
-----------------------------------------------------------
Epoch [7/20], Average Loss: 0.0538
-----------------------------------------------------------
strategy: RANDOM
iter: 0
epoch: 6
F1_overall: 0.5096
F1_AGENT: 0.6051
F1_TARGET: 0.4326
precision_overall: 0.5230
precision_AGENT: 0.6862
precision_TARGET: 0.4123
recall_overall: 0.4969
recall_AGENT: 0.5411
recall_TARGET: 0.4550
-----------------------------------------------------------
Epoch [8/20], Average Loss: 0.0461
-----------------------------------------------------------
strategy: RANDOM
iter: 0
epoch: 7
F1_overall: 0.5300
F1_AGENT: 0.6475
F1_TARGET: 0.4054
precision_overall: 0.5179
precision_AGENT: 0.6020
precision_TARGET: 0.4189
recall_overall: 0.5427
recall_AGENT: 0.7005
recall_TARGET: 0.3928
-----------------------------------------------------------
Epoch [9/20], Average Loss: 0.0457
-----------------------------------------------------------
strategy: RANDOM
iter: 0
epoch: 8
F1_overall: 0.4841
F1_AGENT: 0.5951
F1_TARGET: 0.3706
precision_overall: 0.4533
precision_AGENT: 0.5400
precision_TARGET: 0.3587
recall_overall: 0.5194
recall_AGENT: 0.6628
recall_TARGET: 0.3833
-----------------------------------------------------------
Epoch [10/20], Average Loss: 0.0349
-----------------------------------------------------------
strategy: RANDOM
iter: 0
epoch: 9
F1_overall: 0.5110
F1_AGENT: 0.6118
F1_TARGET: 0.4155
precision_overall: 0.4694
precision_AGENT: 0.5627
precision_TARGET: 0.3812
recall_overall: 0.5607
recall_AGENT: 0.6703
recall_TARGET: 0.4566
-----------------------------------------------------------
Epoch [11/20], Average Loss: 0.0751
-----------------------------------------------------------
strategy: RANDOM
iter: 0
epoch: 10
F1_overall: 0.4621
F1_AGENT: 0.5477
F1_TARGET: 0.3785
precision_overall: 0.4515
precision_AGENT: 0.5280
precision_TARGET: 0.3747
recall_overall: 0.4732
recall_AGENT: 0.5688
recall_TARGET: 0.3825
-----------------------------------------------------------
Epoch [12/20], Average Loss: 0.0451
-----------------------------------------------------------
strategy: RANDOM
iter: 0
epoch: 11
F1_overall: 0.5093
F1_AGENT: 0.5919
F1_TARGET: 0.4299
precision_overall: 0.4929
precision_AGENT: 0.5699
precision_TARGET: 0.4182
recall_overall: 0.5268
recall_AGENT: 0.6158
recall_TARGET: 0.4422
-----------------------------------------------------------
Epoch [13/20], Average Loss: 0.0378
-----------------------------------------------------------
strategy: RANDOM
iter: 0
epoch: 12
F1_overall: 0.5246
F1_AGENT: 0.6189
F1_TARGET: 0.4357
precision_overall: 0.4971
precision_AGENT: 0.5885
precision_TARGET: 0.4115
recall_overall: 0.5554
recall_AGENT: 0.6527
recall_TARGET: 0.4629
-----------------------------------------------------------
Epoch [14/20], Average Loss: 0.0263
-----------------------------------------------------------
strategy: RANDOM
iter: 0
epoch: 13
F1_overall: 0.5336
F1_AGENT: 0.6298
F1_TARGET: 0.4419
precision_overall: 0.5047
precision_AGENT: 0.5946
precision_TARGET: 0.4187
recall_overall: 0.5660
recall_AGENT: 0.6695
recall_TARGET: 0.4677
-----------------------------------------------------------
Epoch [15/20], Average Loss: 0.0194
-----------------------------------------------------------
strategy: RANDOM
iter: 0
epoch: 14
F1_overall: 0.5290
F1_AGENT: 0.6295
F1_TARGET: 0.4325
precision_overall: 0.5033
precision_AGENT: 0.5960
precision_TARGET: 0.4135
recall_overall: 0.5574
recall_AGENT: 0.6669
recall_TARGET: 0.4534
-----------------------------------------------------------
--------------------show samples-----------------------
source:  the election results... do not reflect the true will of the people of zimbabwe and are consequently illegitimate, '' he said. dse:true will of
target: agent: the people of zimbabwe
source: us assistant secretary for african affairs walter kansteiner in a statement called zimbabwe's election flawed, saying that the us would consider further sanctions against mugabe and his government. dse:in a statement called
target: agent: us assistant secretary for african affairs walter kansteiner; target: zimbabwe's election
source: the cabinet endorsed for diet approval a bill for ratification of the kyoto protocol as well as a revision bill on measures to fight global warming. dse:approval
target: agent: diet; target: a bill for ratification of the kyoto protocol as well as a revision bill on measures to fight global warming
source:  we disapprove of the use of such words in international relations, '' said kong, who also made the same comment when answering related questions earlier. dse:disapprove
target: agent: we; target: the use of such words in international relations
source: some diplomats raise questions about her priorities. dse:raise questions
target: agent: some diplomats; target: her priorities
source: imagine the difference the community could make if each congregation pledged its support of one big sisters match! dse:pledged
target: agent: each congregation
source: according to belgian and international criminal law, they could be held responsible, '' verhaeghe said. dse:according to
target: agent: belgian and international criminal law; target: they
source: the eu is concerned about the purely voluntary nature of the actions proposed. dse:is concerned
target: agent: the eu
source: beijing, december 20 -lrb- xinhua -rrb- -- china believes that the argentine government and people will overcome the current difficulties, revive their economy and maintain their social stability, said chinese foreign ministry spokeswoman zhang qiyue here thursday. dse:believes
target: agent: china; target: the argentine government and people
source: but the expert urged everyone to despair,  since control of global warming without russia is impossible ; the country is becoming the owner of the controlling block of shares. '' dse:to despair
target: target: control of global warming without russia is impossible
annotated_samples_num: 354
unannotated_samples_num: 3190
update datapool!
annotated_samples_num: 354
unannotated_samples_num: 3190
iter: 1
annotated_samples_num: 354
unannotated_samples_num: 3190
Epoch [1/20], Average Loss: 0.6834
-----------------------------------------------------------
strategy: RANDOM
iter: 1
epoch: 0
F1_overall: 0.5195
F1_AGENT: 0.6145
F1_TARGET: 0.4348
precision_overall: 0.5000
precision_AGENT: 0.6099
precision_TARGET: 0.4074
recall_overall: 0.5407
recall_AGENT: 0.6191
recall_TARGET: 0.4661
-----------------------------------------------------------
Epoch [2/20], Average Loss: 0.2233
-----------------------------------------------------------
strategy: RANDOM
iter: 1
epoch: 1
F1_overall: 0.5795
F1_AGENT: 0.6863
F1_TARGET: 0.4743
precision_overall: 0.5361
precision_AGENT: 0.6251
precision_TARGET: 0.4457
recall_overall: 0.6306
recall_AGENT: 0.7609
recall_TARGET: 0.5068
-----------------------------------------------------------
best_overall_f1 update: 0.5795305164319249
Model saved at ./saved_models/strategy_RANDOM/model_F1_0.57953_iter_1_epoch_1
delete:./saved_models/strategy_RANDOM/model_F1_0.54328_iter_0_epoch_3
Epoch [3/20], Average Loss: 0.1265
-----------------------------------------------------------
strategy: RANDOM
iter: 1
epoch: 2
F1_overall: 0.5775
F1_AGENT: 0.7060
F1_TARGET: 0.4565
precision_overall: 0.5450
precision_AGENT: 0.6689
precision_TARGET: 0.4292
recall_overall: 0.6142
recall_AGENT: 0.7475
recall_TARGET: 0.4876
-----------------------------------------------------------
Epoch [4/20], Average Loss: 0.0955
-----------------------------------------------------------
strategy: RANDOM
iter: 1
epoch: 3
F1_overall: 0.5799
F1_AGENT: 0.6952
F1_TARGET: 0.4724
precision_overall: 0.5752
precision_AGENT: 0.6958
precision_TARGET: 0.4646
recall_overall: 0.5848
recall_AGENT: 0.6946
recall_TARGET: 0.4805
-----------------------------------------------------------
best_overall_f1 update: 0.5799392097264437
Model saved at ./saved_models/strategy_RANDOM/model_F1_0.57994_iter_1_epoch_3
delete:./saved_models/strategy_RANDOM/model_F1_0.57953_iter_1_epoch_1
Epoch [5/20], Average Loss: 0.0758
-----------------------------------------------------------
strategy: RANDOM
iter: 1
epoch: 4
F1_overall: 0.6007
F1_AGENT: 0.7207
F1_TARGET: 0.4902
precision_overall: 0.5701
precision_AGENT: 0.6944
precision_TARGET: 0.4590
recall_overall: 0.6347
recall_AGENT: 0.7492
recall_TARGET: 0.5259
-----------------------------------------------------------
best_overall_f1 update: 0.600657513053568
Model saved at ./saved_models/strategy_RANDOM/model_F1_0.60066_iter_1_epoch_4
delete:./saved_models/strategy_RANDOM/model_F1_0.57994_iter_1_epoch_3
Epoch [6/20], Average Loss: 0.0452
-----------------------------------------------------------
strategy: RANDOM
iter: 1
epoch: 5
F1_overall: 0.5766
F1_AGENT: 0.6956
F1_TARGET: 0.4696
precision_overall: 0.5586
precision_AGENT: 0.6924
precision_TARGET: 0.4442
recall_overall: 0.5958
recall_AGENT: 0.6988
recall_TARGET: 0.4980
-----------------------------------------------------------
Epoch [7/20], Average Loss: 0.0487
-----------------------------------------------------------
strategy: RANDOM
iter: 1
epoch: 6
F1_overall: 0.5387
F1_AGENT: 0.6319
F1_TARGET: 0.4548
precision_overall: 0.5135
precision_AGENT: 0.6185
precision_TARGET: 0.4237
recall_overall: 0.5664
recall_AGENT: 0.6460
recall_TARGET: 0.4908
-----------------------------------------------------------
Epoch [8/20], Average Loss: 0.0420
-----------------------------------------------------------
strategy: RANDOM
iter: 1
epoch: 7
F1_overall: 0.5889
F1_AGENT: 0.7092
F1_TARGET: 0.4751
precision_overall: 0.5771
precision_AGENT: 0.6966
precision_TARGET: 0.4646
recall_overall: 0.6011
recall_AGENT: 0.7223
recall_TARGET: 0.4861
-----------------------------------------------------------
Epoch [9/20], Average Loss: 0.0364
-----------------------------------------------------------
strategy: RANDOM
iter: 1
epoch: 8
F1_overall: 0.5836
F1_AGENT: 0.6889
F1_TARGET: 0.4804
precision_overall: 0.5558
precision_AGENT: 0.6470
precision_TARGET: 0.4640
recall_overall: 0.6142
recall_AGENT: 0.7366
recall_TARGET: 0.4980
-----------------------------------------------------------
Epoch [10/20], Average Loss: 0.0348
-----------------------------------------------------------
strategy: RANDOM
iter: 1
epoch: 9
F1_overall: 0.5632
F1_AGENT: 0.6659
F1_TARGET: 0.4551
precision_overall: 0.5537
precision_AGENT: 0.6245
precision_TARGET: 0.4714
recall_overall: 0.5729
recall_AGENT: 0.7131
recall_TARGET: 0.4398
-----------------------------------------------------------
Epoch [11/20], Average Loss: 0.0267
-----------------------------------------------------------
strategy: RANDOM
iter: 1
epoch: 10
F1_overall: 0.5759
F1_AGENT: 0.6806
F1_TARGET: 0.4790
precision_overall: 0.5453
precision_AGENT: 0.6523
precision_TARGET: 0.4485
recall_overall: 0.6101
recall_AGENT: 0.7114
recall_TARGET: 0.5139
-----------------------------------------------------------
Epoch [12/20], Average Loss: 0.0325
-----------------------------------------------------------
strategy: RANDOM
iter: 1
epoch: 11
F1_overall: 0.5776
F1_AGENT: 0.6907
F1_TARGET: 0.4658
precision_overall: 0.5564
precision_AGENT: 0.6534
precision_TARGET: 0.4571
recall_overall: 0.6003
recall_AGENT: 0.7324
recall_TARGET: 0.4749
-----------------------------------------------------------
Epoch [13/20], Average Loss: 0.0402
-----------------------------------------------------------
strategy: RANDOM
iter: 1
epoch: 12
F1_overall: 0.5861
F1_AGENT: 0.6997
F1_TARGET: 0.4731
precision_overall: 0.5547
precision_AGENT: 0.6487
precision_TARGET: 0.4572
recall_overall: 0.6212
recall_AGENT: 0.7592
recall_TARGET: 0.4900
-----------------------------------------------------------
Epoch [14/20], Average Loss: 0.0378
-----------------------------------------------------------
strategy: RANDOM
iter: 1
epoch: 13
F1_overall: 0.5867
F1_AGENT: 0.7052
F1_TARGET: 0.4791
precision_overall: 0.5539
precision_AGENT: 0.6799
precision_TARGET: 0.4439
recall_overall: 0.6236
recall_AGENT: 0.7324
recall_TARGET: 0.5203
-----------------------------------------------------------
Epoch [15/20], Average Loss: 0.0175
-----------------------------------------------------------
strategy: RANDOM
iter: 1
epoch: 14
F1_overall: 0.5899
F1_AGENT: 0.7020
F1_TARGET: 0.4756
precision_overall: 0.5684
precision_AGENT: 0.6553
precision_TARGET: 0.4739
recall_overall: 0.6130
recall_AGENT: 0.7559
recall_TARGET: 0.4773
-----------------------------------------------------------
--------------------show samples-----------------------
source:  the election results... do not reflect the true will of the people of zimbabwe and are consequently illegitimate, '' he said. dse:true will of
target: agent: the people of zimbabwe
source: us assistant secretary for african affairs walter kansteiner in a statement called zimbabwe's election flawed, saying that the us would consider further sanctions against mugabe and his government. dse:in a statement called
target: agent: us assistant secretary for african affairs walter kansteiner; target: zimbabwe's election
source:  we disapprove of the use of such words in international relations, '' said kong, who also made the same comment when answering related questions earlier. dse:disapprove
target: agent: we; target: the use of such words in international relations
source: some diplomats raise questions about her priorities. dse:raise questions
target: agent: some diplomats; target: her priorities
source: imagine the difference the community could make if each congregation pledged its support of one big sisters match! dse:pledged
target: agent: each congregation
source: according to belgian and international criminal law, they could be held responsible, '' verhaeghe said. dse:according to
target: agent: belgian and international criminal law; target: they
source: the eu is concerned about the purely voluntary nature of the actions proposed. dse:is concerned
target: agent: the eu
source: but the expert urged everyone to despair,  since control of global warming without russia is impossible ; the country is becoming the owner of the controlling block of shares. '' dse:to despair
target: target: control of global warming without russia is impossible
source: navigation mixte's chairman had suggested that friendly institutions were likely to buy its stock as soon as trading opened monday. dse:suggested
target: agent: navigation mixte's chairman; target: friendly institutions
source: six months have passed since sept. 11 and the focus of us anger has turned to countries that have been labeled  rogue nations '' and members of an  axis of evil. '' dse:anger
target: agent: us; target: countries
annotated_samples_num: 531
unannotated_samples_num: 3013
update datapool!
annotated_samples_num: 531
unannotated_samples_num: 3013
iter: 2
annotated_samples_num: 531
unannotated_samples_num: 3013
Epoch [1/20], Average Loss: 0.5473
-----------------------------------------------------------
strategy: RANDOM
iter: 2
epoch: 0
F1_overall: 0.5229
F1_AGENT: 0.6543
F1_TARGET: 0.3882
precision_overall: 0.4996
precision_AGENT: 0.6046
precision_TARGET: 0.3844
recall_overall: 0.5484
recall_AGENT: 0.7131
recall_TARGET: 0.3920
-----------------------------------------------------------
Epoch [2/20], Average Loss: 0.2096
-----------------------------------------------------------
strategy: RANDOM
iter: 2
epoch: 1
F1_overall: 0.5710
F1_AGENT: 0.6886
F1_TARGET: 0.4600
precision_overall: 0.5642
precision_AGENT: 0.6826
precision_TARGET: 0.4532
recall_overall: 0.5779
recall_AGENT: 0.6946
recall_TARGET: 0.4669
-----------------------------------------------------------
Epoch [3/20], Average Loss: 0.1336
-----------------------------------------------------------
strategy: RANDOM
iter: 2
epoch: 2
F1_overall: 0.5846
F1_AGENT: 0.6828
F1_TARGET: 0.4875
precision_overall: 0.5490
precision_AGENT: 0.6296
precision_TARGET: 0.4662
recall_overall: 0.6253
recall_AGENT: 0.7458
recall_TARGET: 0.5108
-----------------------------------------------------------
Epoch [4/20], Average Loss: 0.1096
-----------------------------------------------------------
strategy: RANDOM
iter: 2
epoch: 3
F1_overall: 0.6067
F1_AGENT: 0.7133
F1_TARGET: 0.4986
precision_overall: 0.5821
precision_AGENT: 0.6650
precision_TARGET: 0.4930
recall_overall: 0.6334
recall_AGENT: 0.7693
recall_TARGET: 0.5044
-----------------------------------------------------------
best_overall_f1 update: 0.6066536203522505
Model saved at ./saved_models/strategy_RANDOM/model_F1_0.60665_iter_2_epoch_3
delete:./saved_models/strategy_RANDOM/model_F1_0.60066_iter_1_epoch_4
Epoch [5/20], Average Loss: 0.1085
-----------------------------------------------------------
strategy: RANDOM
iter: 2
epoch: 4
F1_overall: 0.5740
F1_AGENT: 0.6861
F1_TARGET: 0.4615
precision_overall: 0.5540
precision_AGENT: 0.6459
precision_TARGET: 0.4570
recall_overall: 0.5954
recall_AGENT: 0.7315
recall_TARGET: 0.4661
-----------------------------------------------------------
Epoch [6/20], Average Loss: 0.1011
-----------------------------------------------------------
strategy: RANDOM
iter: 2
epoch: 5
F1_overall: 0.5944
F1_AGENT: 0.6984
F1_TARGET: 0.4985
precision_overall: 0.5738
precision_AGENT: 0.6835
precision_TARGET: 0.4751
recall_overall: 0.6167
recall_AGENT: 0.7139
recall_TARGET: 0.5243
-----------------------------------------------------------
Epoch [7/20], Average Loss: 0.0633
-----------------------------------------------------------
strategy: RANDOM
iter: 2
epoch: 6
F1_overall: 0.6003
F1_AGENT: 0.6970
F1_TARGET: 0.5018
precision_overall: 0.5819
precision_AGENT: 0.6542
precision_TARGET: 0.5032
recall_overall: 0.6199
recall_AGENT: 0.7458
recall_TARGET: 0.5004
-----------------------------------------------------------
Epoch [8/20], Average Loss: 0.0456
-----------------------------------------------------------
strategy: RANDOM
iter: 2
epoch: 7
F1_overall: 0.5964
F1_AGENT: 0.7016
F1_TARGET: 0.4912
precision_overall: 0.5721
precision_AGENT: 0.6579
precision_TARGET: 0.4823
recall_overall: 0.6228
recall_AGENT: 0.7517
recall_TARGET: 0.5004
-----------------------------------------------------------
Epoch [9/20], Average Loss: 0.0395
-----------------------------------------------------------
strategy: RANDOM
iter: 2
epoch: 8
F1_overall: 0.6008
F1_AGENT: 0.7147
F1_TARGET: 0.4856
precision_overall: 0.5921
precision_AGENT: 0.6840
precision_TARGET: 0.4934
recall_overall: 0.6097
recall_AGENT: 0.7483
recall_TARGET: 0.4781
-----------------------------------------------------------
Epoch [10/20], Average Loss: 0.0351
-----------------------------------------------------------
strategy: RANDOM
iter: 2
epoch: 9
F1_overall: 0.6023
F1_AGENT: 0.7062
F1_TARGET: 0.5040
precision_overall: 0.5754
precision_AGENT: 0.6761
precision_TARGET: 0.4805
recall_overall: 0.6318
recall_AGENT: 0.7391
recall_TARGET: 0.5299
-----------------------------------------------------------
Epoch [11/20], Average Loss: 0.0283
-----------------------------------------------------------
strategy: RANDOM
iter: 2
epoch: 10
F1_overall: 0.6045
F1_AGENT: 0.7030
F1_TARGET: 0.5114
precision_overall: 0.5859
precision_AGENT: 0.6825
precision_TARGET: 0.4948
recall_overall: 0.6244
recall_AGENT: 0.7248
recall_TARGET: 0.5291
-----------------------------------------------------------
Epoch [12/20], Average Loss: 0.0527
-----------------------------------------------------------
strategy: RANDOM
iter: 2
epoch: 11
F1_overall: 0.5955
F1_AGENT: 0.6935
F1_TARGET: 0.4972
precision_overall: 0.5827
precision_AGENT: 0.6613
precision_TARGET: 0.4996
recall_overall: 0.6089
recall_AGENT: 0.7290
recall_TARGET: 0.4948
-----------------------------------------------------------
Epoch [13/20], Average Loss: 0.0340
-----------------------------------------------------------
strategy: RANDOM
iter: 2
epoch: 12
F1_overall: 0.5960
F1_AGENT: 0.7019
F1_TARGET: 0.4925
precision_overall: 0.5657
precision_AGENT: 0.6576
precision_TARGET: 0.4735
recall_overall: 0.6298
recall_AGENT: 0.7525
recall_TARGET: 0.5131
-----------------------------------------------------------
Epoch [14/20], Average Loss: 0.0211
-----------------------------------------------------------
strategy: RANDOM
iter: 2
epoch: 13
F1_overall: 0.5958
F1_AGENT: 0.6942
F1_TARGET: 0.5017
precision_overall: 0.5775
precision_AGENT: 0.6703
precision_TARGET: 0.4880
recall_overall: 0.6154
recall_AGENT: 0.7198
recall_TARGET: 0.5163
-----------------------------------------------------------
--------------------show samples-----------------------
source:  the election results... do not reflect the true will of the people of zimbabwe and are consequently illegitimate, '' he said. dse:true will of
target: agent: the people of zimbabwe
source: us assistant secretary for african affairs walter kansteiner in a statement called zimbabwe's election flawed, saying that the us would consider further sanctions against mugabe and his government. dse:in a statement called
target: agent: us assistant secretary for african affairs walter kansteiner; target: zimbabwe's election
source:  we disapprove of the use of such words in international relations, '' said kong, who also made the same comment when answering related questions earlier. dse:disapprove
target: agent: we; target: the use of such words in international relations
source: some diplomats raise questions about her priorities. dse:raise questions
target: agent: some diplomats; target: her priorities
source: imagine the difference the community could make if each congregation pledged its support of one big sisters match! dse:pledged
target: agent: each congregation
source: according to belgian and international criminal law, they could be held responsible, '' verhaeghe said. dse:according to
target: agent: belgian and international criminal law; target: they
source: the eu is concerned about the purely voluntary nature of the actions proposed. dse:is concerned
target: agent: the eu
source: but the expert urged everyone to despair,  since control of global warming without russia is impossible ; the country is becoming the owner of the controlling block of shares. '' dse:to despair
target: target: control of global warming without russia is impossible
source: navigation mixte's chairman had suggested that friendly institutions were likely to buy its stock as soon as trading opened monday. dse:suggested
target: agent: navigation mixte's chairman; target: friendly institutions
source: six months have passed since sept. 11 and the focus of us anger has turned to countries that have been labeled  rogue nations '' and members of an  axis of evil. '' dse:anger
target: agent: us; target: countries
annotated_samples_num: 708
unannotated_samples_num: 2836
update datapool!
annotated_samples_num: 708
unannotated_samples_num: 2836
iter: 3
annotated_samples_num: 708
unannotated_samples_num: 2836
Epoch [1/20], Average Loss: 0.4502
-----------------------------------------------------------
strategy: RANDOM
iter: 3
epoch: 0
F1_overall: 0.5551
F1_AGENT: 0.6535
F1_TARGET: 0.4581
precision_overall: 0.5171
precision_AGENT: 0.5989
precision_TARGET: 0.4338
recall_overall: 0.5991
recall_AGENT: 0.7190
recall_TARGET: 0.4853
-----------------------------------------------------------
Epoch [2/20], Average Loss: 0.1974
-----------------------------------------------------------
strategy: RANDOM
iter: 3
epoch: 1
F1_overall: 0.5855
F1_AGENT: 0.7039
F1_TARGET: 0.4604
precision_overall: 0.5608
precision_AGENT: 0.6435
precision_TARGET: 0.4643
recall_overall: 0.6126
recall_AGENT: 0.7768
recall_TARGET: 0.4566
-----------------------------------------------------------
Epoch [3/20], Average Loss: 0.1340
-----------------------------------------------------------
strategy: RANDOM
iter: 3
epoch: 2
F1_overall: 0.5867
F1_AGENT: 0.6844
F1_TARGET: 0.5077
precision_overall: 0.5686
precision_AGENT: 0.7234
precision_TARGET: 0.4610
recall_overall: 0.6060
recall_AGENT: 0.6493
recall_TARGET: 0.5649
-----------------------------------------------------------
Epoch [4/20], Average Loss: 0.1101
-----------------------------------------------------------
strategy: RANDOM
iter: 3
epoch: 3
F1_overall: 0.6050
F1_AGENT: 0.7098
F1_TARGET: 0.4902
precision_overall: 0.5992
precision_AGENT: 0.6588
precision_TARGET: 0.5240
recall_overall: 0.6110
recall_AGENT: 0.7693
recall_TARGET: 0.4606
-----------------------------------------------------------
Epoch [5/20], Average Loss: 0.0768
-----------------------------------------------------------
strategy: RANDOM
iter: 3
epoch: 4
F1_overall: 0.6113
F1_AGENT: 0.7210
F1_TARGET: 0.5059
precision_overall: 0.5841
precision_AGENT: 0.6850
precision_TARGET: 0.4860
recall_overall: 0.6412
recall_AGENT: 0.7609
recall_TARGET: 0.5275
-----------------------------------------------------------
best_overall_f1 update: 0.6113383985973114
Model saved at ./saved_models/strategy_RANDOM/model_F1_0.61134_iter_3_epoch_4
delete:./saved_models/strategy_RANDOM/model_F1_0.60665_iter_2_epoch_3
Epoch [6/20], Average Loss: 0.0542
-----------------------------------------------------------
strategy: RANDOM
iter: 3
epoch: 5
F1_overall: 0.6081
F1_AGENT: 0.7198
F1_TARGET: 0.4950
precision_overall: 0.5890
precision_AGENT: 0.6770
precision_TARGET: 0.4944
recall_overall: 0.6285
recall_AGENT: 0.7685
recall_TARGET: 0.4956
-----------------------------------------------------------
Epoch [7/20], Average Loss: 0.0446
-----------------------------------------------------------
strategy: RANDOM
iter: 3
epoch: 6
F1_overall: 0.6154
F1_AGENT: 0.7201
F1_TARGET: 0.5187
precision_overall: 0.5872
precision_AGENT: 0.6962
precision_TARGET: 0.4891
recall_overall: 0.6465
recall_AGENT: 0.7458
recall_TARGET: 0.5522
-----------------------------------------------------------
best_overall_f1 update: 0.6154444660571873
Model saved at ./saved_models/strategy_RANDOM/model_F1_0.61544_iter_3_epoch_6
delete:./saved_models/strategy_RANDOM/model_F1_0.61134_iter_3_epoch_4
Epoch [8/20], Average Loss: 0.0507
-----------------------------------------------------------
strategy: RANDOM
iter: 3
epoch: 7
F1_overall: 0.5833
F1_AGENT: 0.6939
F1_TARGET: 0.4692
precision_overall: 0.5854
precision_AGENT: 0.6690
precision_TARGET: 0.4917
recall_overall: 0.5811
recall_AGENT: 0.7206
recall_TARGET: 0.4486
-----------------------------------------------------------
Epoch [9/20], Average Loss: 0.0442
-----------------------------------------------------------
strategy: RANDOM
iter: 3
epoch: 8
F1_overall: 0.6157
F1_AGENT: 0.7266
F1_TARGET: 0.5082
precision_overall: 0.5755
precision_AGENT: 0.6731
precision_TARGET: 0.4792
recall_overall: 0.6620
recall_AGENT: 0.7894
recall_TARGET: 0.5410
-----------------------------------------------------------
best_overall_f1 update: 0.6157354618015963
Model saved at ./saved_models/strategy_RANDOM/model_F1_0.61574_iter_3_epoch_8
delete:./saved_models/strategy_RANDOM/model_F1_0.61544_iter_3_epoch_6
Epoch [10/20], Average Loss: 0.0269
-----------------------------------------------------------
strategy: RANDOM
iter: 3
epoch: 9
F1_overall: 0.6162
F1_AGENT: 0.7279
F1_TARGET: 0.5080
precision_overall: 0.5824
precision_AGENT: 0.6816
precision_TARGET: 0.4845
recall_overall: 0.6543
recall_AGENT: 0.7810
recall_TARGET: 0.5339
-----------------------------------------------------------
best_overall_f1 update: 0.6162432640492688
Model saved at ./saved_models/strategy_RANDOM/model_F1_0.61624_iter_3_epoch_9
delete:./saved_models/strategy_RANDOM/model_F1_0.61574_iter_3_epoch_8
Epoch [11/20], Average Loss: 0.0273
-----------------------------------------------------------
strategy: RANDOM
iter: 3
epoch: 10
F1_overall: 0.6159
F1_AGENT: 0.7247
F1_TARGET: 0.5075
precision_overall: 0.5956
precision_AGENT: 0.6856
precision_TARGET: 0.5019
recall_overall: 0.6375
recall_AGENT: 0.7685
recall_TARGET: 0.5131
-----------------------------------------------------------
Epoch [12/20], Average Loss: 0.0332
-----------------------------------------------------------
strategy: RANDOM
iter: 3
epoch: 11
F1_overall: 0.6078
F1_AGENT: 0.7114
F1_TARGET: 0.5054
precision_overall: 0.5818
precision_AGENT: 0.6686
precision_TARGET: 0.4928
recall_overall: 0.6363
recall_AGENT: 0.7601
recall_TARGET: 0.5187
-----------------------------------------------------------
Epoch [13/20], Average Loss: 0.0275
-----------------------------------------------------------
strategy: RANDOM
iter: 3
epoch: 12
F1_overall: 0.6163
F1_AGENT: 0.7168
F1_TARGET: 0.5181
precision_overall: 0.5998
precision_AGENT: 0.6877
precision_TARGET: 0.5112
recall_overall: 0.6338
recall_AGENT: 0.7483
recall_TARGET: 0.5251
-----------------------------------------------------------
best_overall_f1 update: 0.6163322074309556
Model saved at ./saved_models/strategy_RANDOM/model_F1_0.61633_iter_3_epoch_12
delete:./saved_models/strategy_RANDOM/model_F1_0.61624_iter_3_epoch_9
Epoch [14/20], Average Loss: 0.0158
-----------------------------------------------------------
strategy: RANDOM
iter: 3
epoch: 13
F1_overall: 0.6138
F1_AGENT: 0.7273
F1_TARGET: 0.5098
precision_overall: 0.5896
precision_AGENT: 0.7113
precision_TARGET: 0.4819
recall_overall: 0.6400
recall_AGENT: 0.7441
recall_TARGET: 0.5410
-----------------------------------------------------------
--------------------show samples-----------------------
source:  the election results... do not reflect the true will of the people of zimbabwe and are consequently illegitimate, '' he said. dse:true will of
target: agent: the people of zimbabwe
source:  we disapprove of the use of such words in international relations, '' said kong, who also made the same comment when answering related questions earlier. dse:disapprove
target: agent: we; target: the use of such words in international relations
source: some diplomats raise questions about her priorities. dse:raise questions
target: agent: some diplomats; target: her priorities
source: imagine the difference the community could make if each congregation pledged its support of one big sisters match! dse:pledged
target: agent: each congregation
source: according to belgian and international criminal law, they could be held responsible, '' verhaeghe said. dse:according to
target: agent: belgian and international criminal law; target: they
source: but the expert urged everyone to despair,  since control of global warming without russia is impossible ; the country is becoming the owner of the controlling block of shares. '' dse:to despair
target: target: control of global warming without russia is impossible
source: navigation mixte's chairman had suggested that friendly institutions were likely to buy its stock as soon as trading opened monday. dse:suggested
target: agent: navigation mixte's chairman; target: friendly institutions
source: six months have passed since sept. 11 and the focus of us anger has turned to countries that have been labeled  rogue nations '' and members of an  axis of evil. '' dse:anger
target: agent: us; target: countries
source:  we need tsvangirai to tell mugabe he can not steal this election, '' said noel gukuta, a youthful mdc voter. dse:to tell
target: agent: tsvangirai; target: he
source: he then clarified a posture wherein japan would cooperate with the united states as much as possible. dse:clarified
target: agent: he; target: japan would cooperate with the united states
annotated_samples_num: 885
unannotated_samples_num: 2659
update datapool!
annotated_samples_num: 885
unannotated_samples_num: 2659
iter: 4
annotated_samples_num: 885
unannotated_samples_num: 2659
Epoch [1/20], Average Loss: 0.4540
-----------------------------------------------------------
strategy: RANDOM
iter: 4
epoch: 0
F1_overall: 0.5386
F1_AGENT: 0.6411
F1_TARGET: 0.4390
precision_overall: 0.5056
precision_AGENT: 0.5958
precision_TARGET: 0.4161
recall_overall: 0.5762
recall_AGENT: 0.6938
recall_TARGET: 0.4645
-----------------------------------------------------------
Epoch [2/20], Average Loss: 0.1839
-----------------------------------------------------------
strategy: RANDOM
iter: 4
epoch: 1
F1_overall: 0.5917
F1_AGENT: 0.7008
F1_TARGET: 0.4740
precision_overall: 0.5663
precision_AGENT: 0.6349
precision_TARGET: 0.4830
recall_overall: 0.6195
recall_AGENT: 0.7819
recall_TARGET: 0.4653
-----------------------------------------------------------
Epoch [3/20], Average Loss: 0.1322
-----------------------------------------------------------
strategy: RANDOM
iter: 4
epoch: 2
F1_overall: 0.6216
F1_AGENT: 0.7217
F1_TARGET: 0.5249
precision_overall: 0.5795
precision_AGENT: 0.6683
precision_TARGET: 0.4927
recall_overall: 0.6702
recall_AGENT: 0.7844
recall_TARGET: 0.5618
-----------------------------------------------------------
best_overall_f1 update: 0.6215652833049081
Model saved at ./saved_models/strategy_RANDOM/model_F1_0.62157_iter_4_epoch_2
delete:./saved_models/strategy_RANDOM/model_F1_0.61633_iter_3_epoch_12
Epoch [4/20], Average Loss: 0.0929
-----------------------------------------------------------
strategy: RANDOM
iter: 4
epoch: 3
F1_overall: 0.5991
F1_AGENT: 0.7048
F1_TARGET: 0.4989
precision_overall: 0.5679
precision_AGENT: 0.6687
precision_TARGET: 0.4726
recall_overall: 0.6338
recall_AGENT: 0.7450
recall_TARGET: 0.5283
-----------------------------------------------------------
Epoch [5/20], Average Loss: 0.0640
-----------------------------------------------------------
strategy: RANDOM
iter: 4
epoch: 4
F1_overall: 0.6128
F1_AGENT: 0.7206
F1_TARGET: 0.5107
precision_overall: 0.5989
precision_AGENT: 0.7052
precision_TARGET: 0.4985
recall_overall: 0.6273
recall_AGENT: 0.7366
recall_TARGET: 0.5235
-----------------------------------------------------------
Epoch [6/20], Average Loss: 0.0479
-----------------------------------------------------------
strategy: RANDOM
iter: 4
epoch: 5
F1_overall: 0.5978
F1_AGENT: 0.6943
F1_TARGET: 0.4928
precision_overall: 0.5952
precision_AGENT: 0.6494
precision_TARGET: 0.5278
recall_overall: 0.6003
recall_AGENT: 0.7458
recall_TARGET: 0.4622
-----------------------------------------------------------
Epoch [7/20], Average Loss: 0.0538
-----------------------------------------------------------
strategy: RANDOM
iter: 4
epoch: 6
F1_overall: 0.6133
F1_AGENT: 0.7076
F1_TARGET: 0.5164
precision_overall: 0.5915
precision_AGENT: 0.6587
precision_TARGET: 0.5172
recall_overall: 0.6367
recall_AGENT: 0.7643
recall_TARGET: 0.5155
-----------------------------------------------------------
Epoch [8/20], Average Loss: 0.0491
-----------------------------------------------------------
strategy: RANDOM
iter: 4
epoch: 7
F1_overall: 0.6109
F1_AGENT: 0.7191
F1_TARGET: 0.5053
precision_overall: 0.5723
precision_AGENT: 0.6657
precision_TARGET: 0.4789
recall_overall: 0.6551
recall_AGENT: 0.7819
recall_TARGET: 0.5347
-----------------------------------------------------------
Epoch [9/20], Average Loss: 0.0351
-----------------------------------------------------------
strategy: RANDOM
iter: 4
epoch: 8
F1_overall: 0.6217
F1_AGENT: 0.7103
F1_TARGET: 0.5314
precision_overall: 0.5896
precision_AGENT: 0.6531
precision_TARGET: 0.5206
recall_overall: 0.6575
recall_AGENT: 0.7785
recall_TARGET: 0.5426
-----------------------------------------------------------
best_overall_f1 update: 0.6217156105100464
Model saved at ./saved_models/strategy_RANDOM/model_F1_0.62172_iter_4_epoch_8
delete:./saved_models/strategy_RANDOM/model_F1_0.62157_iter_4_epoch_2
Epoch [10/20], Average Loss: 0.0264
-----------------------------------------------------------
strategy: RANDOM
iter: 4
epoch: 9
F1_overall: 0.6099
F1_AGENT: 0.7098
F1_TARGET: 0.5097
precision_overall: 0.5802
precision_AGENT: 0.6588
precision_TARGET: 0.4973
recall_overall: 0.6428
recall_AGENT: 0.7693
recall_TARGET: 0.5227
-----------------------------------------------------------
Epoch [11/20], Average Loss: 0.0217
-----------------------------------------------------------
strategy: RANDOM
iter: 4
epoch: 10
F1_overall: 0.6137
F1_AGENT: 0.7090
F1_TARGET: 0.5208
precision_overall: 0.5827
precision_AGENT: 0.6657
precision_TARGET: 0.5000
recall_overall: 0.6481
recall_AGENT: 0.7584
recall_TARGET: 0.5434
-----------------------------------------------------------
--------------------show samples-----------------------
source:  the election results... do not reflect the true will of the people of zimbabwe and are consequently illegitimate, '' he said. dse:true will of
target: agent: the people of zimbabwe
source:  we disapprove of the use of such words in international relations, '' said kong, who also made the same comment when answering related questions earlier. dse:disapprove
target: agent: we; target: the use of such words in international relations
source: some diplomats raise questions about her priorities. dse:raise questions
target: agent: some diplomats; target: her priorities
source: imagine the difference the community could make if each congregation pledged its support of one big sisters match! dse:pledged
target: agent: each congregation
source: according to belgian and international criminal law, they could be held responsible, '' verhaeghe said. dse:according to
target: agent: belgian and international criminal law; target: they
source: but the expert urged everyone to despair,  since control of global warming without russia is impossible ; the country is becoming the owner of the controlling block of shares. '' dse:to despair
target: target: control of global warming without russia is impossible
source: navigation mixte's chairman had suggested that friendly institutions were likely to buy its stock as soon as trading opened monday. dse:suggested
target: agent: navigation mixte's chairman; target: friendly institutions
source: six months have passed since sept. 11 and the focus of us anger has turned to countries that have been labeled  rogue nations '' and members of an  axis of evil. '' dse:anger
target: agent: us; target: countries
source:  we need tsvangirai to tell mugabe he can not steal this election, '' said noel gukuta, a youthful mdc voter. dse:to tell
target: agent: tsvangirai; target: he
source: he then clarified a posture wherein japan would cooperate with the united states as much as possible. dse:clarified
target: agent: he; target: japan would cooperate with the united states
annotated_samples_num: 1062
unannotated_samples_num: 2482
update datapool!
annotated_samples_num: 1062
unannotated_samples_num: 2482
iter: 5
annotated_samples_num: 1062
unannotated_samples_num: 2482
Epoch [1/20], Average Loss: 0.4029
-----------------------------------------------------------
strategy: RANDOM
iter: 5
epoch: 0
F1_overall: 0.5739
F1_AGENT: 0.6792
F1_TARGET: 0.4651
precision_overall: 0.5409
precision_AGENT: 0.6173
precision_TARGET: 0.4557
recall_overall: 0.6114
recall_AGENT: 0.7550
recall_TARGET: 0.4749
-----------------------------------------------------------
Epoch [2/20], Average Loss: 0.1931
-----------------------------------------------------------
strategy: RANDOM
iter: 5
epoch: 1
F1_overall: 0.6169
F1_AGENT: 0.7207
F1_TARGET: 0.5156
precision_overall: 0.5785
precision_AGENT: 0.6679
precision_TARGET: 0.4893
recall_overall: 0.6608
recall_AGENT: 0.7827
recall_TARGET: 0.5450
-----------------------------------------------------------
Epoch [3/20], Average Loss: 0.1260
-----------------------------------------------------------
strategy: RANDOM
iter: 5
epoch: 2
F1_overall: 0.6211
F1_AGENT: 0.7201
F1_TARGET: 0.5133
precision_overall: 0.6163
precision_AGENT: 0.6710
precision_TARGET: 0.5479
recall_overall: 0.6261
recall_AGENT: 0.7768
recall_TARGET: 0.4829
-----------------------------------------------------------
Epoch [4/20], Average Loss: 0.0852
-----------------------------------------------------------
strategy: RANDOM
iter: 5
epoch: 3
F1_overall: 0.6201
F1_AGENT: 0.7191
F1_TARGET: 0.5158
precision_overall: 0.6011
precision_AGENT: 0.6657
precision_TARGET: 0.5261
recall_overall: 0.6404
recall_AGENT: 0.7819
recall_TARGET: 0.5060
-----------------------------------------------------------
Epoch [5/20], Average Loss: 0.0628
-----------------------------------------------------------
strategy: RANDOM
iter: 5
epoch: 4
F1_overall: 0.6292
F1_AGENT: 0.7473
F1_TARGET: 0.5170
precision_overall: 0.6158
precision_AGENT: 0.7311
precision_TARGET: 0.5061
recall_overall: 0.6432
recall_AGENT: 0.7643
recall_TARGET: 0.5283
-----------------------------------------------------------
best_overall_f1 update: 0.629222466520088
Model saved at ./saved_models/strategy_RANDOM/model_F1_0.62922_iter_5_epoch_4
delete:./saved_models/strategy_RANDOM/model_F1_0.62172_iter_4_epoch_8
Epoch [6/20], Average Loss: 0.0469
-----------------------------------------------------------
strategy: RANDOM
iter: 5
epoch: 5
F1_overall: 0.6027
F1_AGENT: 0.7096
F1_TARGET: 0.5056
precision_overall: 0.5994
precision_AGENT: 0.7226
precision_TARGET: 0.4924
recall_overall: 0.6060
recall_AGENT: 0.6971
recall_TARGET: 0.5195
-----------------------------------------------------------
Epoch [7/20], Average Loss: 0.0362
-----------------------------------------------------------
strategy: RANDOM
iter: 5
epoch: 6
F1_overall: 0.5973
F1_AGENT: 0.7074
F1_TARGET: 0.4942
precision_overall: 0.5881
precision_AGENT: 0.7010
precision_TARGET: 0.4836
recall_overall: 0.6069
recall_AGENT: 0.7139
recall_TARGET: 0.5052
-----------------------------------------------------------
Epoch [8/20], Average Loss: 0.0366
-----------------------------------------------------------
strategy: RANDOM
iter: 5
epoch: 7
F1_overall: 0.6248
F1_AGENT: 0.7185
F1_TARGET: 0.5334
precision_overall: 0.5922
precision_AGENT: 0.6728
precision_TARGET: 0.5117
recall_overall: 0.6612
recall_AGENT: 0.7710
recall_TARGET: 0.5570
-----------------------------------------------------------
Epoch [9/20], Average Loss: 0.0410
-----------------------------------------------------------
strategy: RANDOM
iter: 5
epoch: 8
F1_overall: 0.6241
F1_AGENT: 0.7311
F1_TARGET: 0.5148
precision_overall: 0.5979
precision_AGENT: 0.6784
precision_TARGET: 0.5102
recall_overall: 0.6526
recall_AGENT: 0.7928
recall_TARGET: 0.5195
-----------------------------------------------------------
Epoch [10/20], Average Loss: 0.0375
-----------------------------------------------------------
strategy: RANDOM
iter: 5
epoch: 9
F1_overall: 0.6248
F1_AGENT: 0.7241
F1_TARGET: 0.5212
precision_overall: 0.6172
precision_AGENT: 0.6846
precision_TARGET: 0.5402
recall_overall: 0.6326
recall_AGENT: 0.7685
recall_TARGET: 0.5036
-----------------------------------------------------------
Epoch [11/20], Average Loss: 0.0350
-----------------------------------------------------------
strategy: RANDOM
iter: 5
epoch: 10
F1_overall: 0.6039
F1_AGENT: 0.6901
F1_TARGET: 0.5119
precision_overall: 0.5773
precision_AGENT: 0.6273
precision_TARGET: 0.5179
recall_overall: 0.6330
recall_AGENT: 0.7668
recall_TARGET: 0.5060
-----------------------------------------------------------
Epoch [12/20], Average Loss: 0.0308
-----------------------------------------------------------
strategy: RANDOM
iter: 5
epoch: 11
F1_overall: 0.6263
F1_AGENT: 0.7218
F1_TARGET: 0.5291
precision_overall: 0.6151
precision_AGENT: 0.6866
precision_TARGET: 0.5374
recall_overall: 0.6379
recall_AGENT: 0.7609
recall_TARGET: 0.5211
-----------------------------------------------------------
Epoch [13/20], Average Loss: 0.0297
-----------------------------------------------------------
strategy: RANDOM
iter: 5
epoch: 12
F1_overall: 0.6243
F1_AGENT: 0.7263
F1_TARGET: 0.5262
precision_overall: 0.6018
precision_AGENT: 0.6962
precision_TARGET: 0.5101
recall_overall: 0.6485
recall_AGENT: 0.7592
recall_TARGET: 0.5434
-----------------------------------------------------------
Epoch [14/20], Average Loss: 0.0257
-----------------------------------------------------------
strategy: RANDOM
iter: 5
epoch: 13
F1_overall: 0.6290
F1_AGENT: 0.7219
F1_TARGET: 0.5355
precision_overall: 0.5994
precision_AGENT: 0.6705
precision_TARGET: 0.5240
recall_overall: 0.6616
recall_AGENT: 0.7819
recall_TARGET: 0.5474
-----------------------------------------------------------
Epoch [15/20], Average Loss: 0.0207
-----------------------------------------------------------
strategy: RANDOM
iter: 5
epoch: 14
F1_overall: 0.6279
F1_AGENT: 0.7217
F1_TARGET: 0.5316
precision_overall: 0.6182
precision_AGENT: 0.6850
precision_TARGET: 0.5442
recall_overall: 0.6379
recall_AGENT: 0.7626
recall_TARGET: 0.5195
-----------------------------------------------------------
--------------------show samples-----------------------
source:  the election results... do not reflect the true will of the people of zimbabwe and are consequently illegitimate, '' he said. dse:true will of
target: agent: the people of zimbabwe
source:  we disapprove of the use of such words in international relations, '' said kong, who also made the same comment when answering related questions earlier. dse:disapprove
target: agent: we; target: the use of such words in international relations
source: some diplomats raise questions about her priorities. dse:raise questions
target: agent: some diplomats; target: her priorities
source: imagine the difference the community could make if each congregation pledged its support of one big sisters match! dse:pledged
target: agent: each congregation
source: according to belgian and international criminal law, they could be held responsible, '' verhaeghe said. dse:according to
target: agent: belgian and international criminal law; target: they
source: but the expert urged everyone to despair,  since control of global warming without russia is impossible ; the country is becoming the owner of the controlling block of shares. '' dse:to despair
target: target: control of global warming without russia is impossible
source: navigation mixte's chairman had suggested that friendly institutions were likely to buy its stock as soon as trading opened monday. dse:suggested
target: agent: navigation mixte's chairman; target: friendly institutions
source: six months have passed since sept. 11 and the focus of us anger has turned to countries that have been labeled  rogue nations '' and members of an  axis of evil. '' dse:anger
target: agent: us; target: countries
source:  we need tsvangirai to tell mugabe he can not steal this election, '' said noel gukuta, a youthful mdc voter. dse:to tell
target: agent: tsvangirai; target: he
source: he then clarified a posture wherein japan would cooperate with the united states as much as possible. dse:clarified
target: agent: he; target: japan would cooperate with the united states
annotated_samples_num: 1239
unannotated_samples_num: 2305
update datapool!
annotated_samples_num: 1239
unannotated_samples_num: 2305
iter: 6
annotated_samples_num: 1239
unannotated_samples_num: 2305
Epoch [1/20], Average Loss: 0.4005
-----------------------------------------------------------
strategy: RANDOM
iter: 6
epoch: 0
F1_overall: 0.5905
F1_AGENT: 0.6924
F1_TARGET: 0.4916
precision_overall: 0.5623
precision_AGENT: 0.6533
precision_TARGET: 0.4724
recall_overall: 0.6216
recall_AGENT: 0.7366
recall_TARGET: 0.5124
-----------------------------------------------------------
Epoch [2/20], Average Loss: 0.2161
-----------------------------------------------------------
strategy: RANDOM
iter: 6
epoch: 1
F1_overall: 0.2900
F1_AGENT: 0.4084
F1_TARGET: 0.1741
precision_overall: 0.2944
precision_AGENT: 0.4082
precision_TARGET: 0.1795
recall_overall: 0.2857
recall_AGENT: 0.4086
recall_TARGET: 0.1689
-----------------------------------------------------------
Epoch [3/20], Average Loss: 0.9418
-----------------------------------------------------------
strategy: RANDOM
iter: 6
epoch: 2
F1_overall: 0.3297
F1_AGENT: 0.3899
F1_TARGET: 0.2661
precision_overall: 0.3921
precision_AGENT: 0.4325
precision_TARGET: 0.3425
recall_overall: 0.2844
recall_AGENT: 0.3549
recall_TARGET: 0.2175
-----------------------------------------------------------
Epoch [4/20], Average Loss: 0.2405
-----------------------------------------------------------
strategy: RANDOM
iter: 6
epoch: 3
F1_overall: 0.6083
F1_AGENT: 0.6987
F1_TARGET: 0.5214
precision_overall: 0.5770
precision_AGENT: 0.6592
precision_TARGET: 0.4971
recall_overall: 0.6432
recall_AGENT: 0.7433
recall_TARGET: 0.5482
-----------------------------------------------------------
Epoch [5/20], Average Loss: 0.1077
-----------------------------------------------------------
strategy: RANDOM
iter: 6
epoch: 4
F1_overall: 0.6240
F1_AGENT: 0.7163
F1_TARGET: 0.5354
precision_overall: 0.5971
precision_AGENT: 0.6821
precision_TARGET: 0.5147
recall_overall: 0.6535
recall_AGENT: 0.7542
recall_TARGET: 0.5578
-----------------------------------------------------------
Epoch [6/20], Average Loss: 0.0743
-----------------------------------------------------------
strategy: RANDOM
iter: 6
epoch: 5
F1_overall: 0.6232
F1_AGENT: 0.7221
F1_TARGET: 0.5278
precision_overall: 0.5821
precision_AGENT: 0.6695
precision_TARGET: 0.4965
recall_overall: 0.6706
recall_AGENT: 0.7836
recall_TARGET: 0.5633
-----------------------------------------------------------
Epoch [7/20], Average Loss: 0.0594
-----------------------------------------------------------
strategy: RANDOM
iter: 6
epoch: 6
F1_overall: 0.6294
F1_AGENT: 0.7267
F1_TARGET: 0.5352
precision_overall: 0.5926
precision_AGENT: 0.6788
precision_TARGET: 0.5079
recall_overall: 0.6710
recall_AGENT: 0.7819
recall_TARGET: 0.5657
-----------------------------------------------------------
best_overall_f1 update: 0.6293599080107322
Model saved at ./saved_models/strategy_RANDOM/model_F1_0.62936_iter_6_epoch_6
delete:./saved_models/strategy_RANDOM/model_F1_0.62922_iter_5_epoch_4
Epoch [8/20], Average Loss: 0.0446
-----------------------------------------------------------
strategy: RANDOM
iter: 6
epoch: 7
F1_overall: 0.6204
F1_AGENT: 0.7163
F1_TARGET: 0.5324
precision_overall: 0.6113
precision_AGENT: 0.7188
precision_TARGET: 0.5161
recall_overall: 0.6298
recall_AGENT: 0.7139
recall_TARGET: 0.5498
-----------------------------------------------------------
Epoch [9/20], Average Loss: 0.0363
-----------------------------------------------------------
strategy: RANDOM
iter: 6
epoch: 8
F1_overall: 0.6239
F1_AGENT: 0.7214
F1_TARGET: 0.5296
precision_overall: 0.5913
precision_AGENT: 0.6777
precision_TARGET: 0.5062
recall_overall: 0.6604
recall_AGENT: 0.7710
recall_TARGET: 0.5554
-----------------------------------------------------------
Epoch [10/20], Average Loss: 0.0297
-----------------------------------------------------------
strategy: RANDOM
iter: 6
epoch: 9
F1_overall: 0.6292
F1_AGENT: 0.7241
F1_TARGET: 0.5385
precision_overall: 0.6096
precision_AGENT: 0.6992
precision_TARGET: 0.5233
recall_overall: 0.6502
recall_AGENT: 0.7508
recall_TARGET: 0.5546
-----------------------------------------------------------
Epoch [11/20], Average Loss: 0.0296
-----------------------------------------------------------
strategy: RANDOM
iter: 6
epoch: 10
F1_overall: 0.6297
F1_AGENT: 0.7259
F1_TARGET: 0.5382
precision_overall: 0.6130
precision_AGENT: 0.7063
precision_TARGET: 0.5242
recall_overall: 0.6473
recall_AGENT: 0.7466
recall_TARGET: 0.5530
-----------------------------------------------------------
best_overall_f1 update: 0.6296958855098389
Model saved at ./saved_models/strategy_RANDOM/model_F1_0.62970_iter_6_epoch_10
delete:./saved_models/strategy_RANDOM/model_F1_0.62936_iter_6_epoch_6
Epoch [12/20], Average Loss: 0.0269
-----------------------------------------------------------
strategy: RANDOM
iter: 6
epoch: 11
F1_overall: 0.6286
F1_AGENT: 0.7256
F1_TARGET: 0.5367
precision_overall: 0.6162
precision_AGENT: 0.7119
precision_TARGET: 0.5256
recall_overall: 0.6416
recall_AGENT: 0.7399
recall_TARGET: 0.5482
-----------------------------------------------------------
Epoch [13/20], Average Loss: 0.0214
-----------------------------------------------------------
strategy: RANDOM
iter: 6
epoch: 12
F1_overall: 0.6493
F1_AGENT: 0.7460
F1_TARGET: 0.5556
precision_overall: 0.6360
precision_AGENT: 0.7234
precision_TARGET: 0.5495
recall_overall: 0.6633
recall_AGENT: 0.7701
recall_TARGET: 0.5618
-----------------------------------------------------------
best_overall_f1 update: 0.6493298659731946
Model saved at ./saved_models/strategy_RANDOM/model_F1_0.64933_iter_6_epoch_12
delete:./saved_models/strategy_RANDOM/model_F1_0.62970_iter_6_epoch_10
--------------------show samples-----------------------
source:  the election results... do not reflect the true will of the people of zimbabwe and are consequently illegitimate, '' he said. dse:true will of
target: agent: the people of zimbabwe
source:  we disapprove of the use of such words in international relations, '' said kong, who also made the same comment when answering related questions earlier. dse:disapprove
target: agent: we; target: the use of such words in international relations
source: some diplomats raise questions about her priorities. dse:raise questions
target: agent: some diplomats; target: her priorities
source: imagine the difference the community could make if each congregation pledged its support of one big sisters match! dse:pledged
target: agent: each congregation
source: but the expert urged everyone to despair,  since control of global warming without russia is impossible ; the country is becoming the owner of the controlling block of shares. '' dse:to despair
target: target: control of global warming without russia is impossible
source: navigation mixte's chairman had suggested that friendly institutions were likely to buy its stock as soon as trading opened monday. dse:suggested
target: agent: navigation mixte's chairman; target: friendly institutions
source: six months have passed since sept. 11 and the focus of us anger has turned to countries that have been labeled  rogue nations '' and members of an  axis of evil. '' dse:anger
target: agent: us; target: countries
source:  we need tsvangirai to tell mugabe he can not steal this election, '' said noel gukuta, a youthful mdc voter. dse:to tell
target: agent: tsvangirai; target: he
source: he then clarified a posture wherein japan would cooperate with the united states as much as possible. dse:clarified
target: agent: he; target: japan would cooperate with the united states
source: under the geneva convention, those holding true pows are bound to release them at the end of hostilities ; but that is the last thing the u.s. wants to do with men who may be al-qaeda operatives. dse:wants
target: target: under the geneva convention, those holding true pows are bound to release them at the end of hostilities; agent: the u.s.; target: do
annotated_samples_num: 1416
unannotated_samples_num: 2128
update datapool!
annotated_samples_num: 1416
unannotated_samples_num: 2128
iter: 7
annotated_samples_num: 1416
unannotated_samples_num: 2128
Epoch [1/20], Average Loss: 0.3567
-----------------------------------------------------------
strategy: RANDOM
iter: 7
epoch: 0
F1_overall: 0.5815
F1_AGENT: 0.7069
F1_TARGET: 0.4621
precision_overall: 0.5488
precision_AGENT: 0.6664
precision_TARGET: 0.4366
recall_overall: 0.6183
recall_AGENT: 0.7525
recall_TARGET: 0.4908
-----------------------------------------------------------
Epoch [2/20], Average Loss: 0.1910
-----------------------------------------------------------
strategy: RANDOM
iter: 7
epoch: 1
F1_overall: 0.6199
F1_AGENT: 0.7264
F1_TARGET: 0.5180
precision_overall: 0.5827
precision_AGENT: 0.6809
precision_TARGET: 0.4884
recall_overall: 0.6620
recall_AGENT: 0.7785
recall_TARGET: 0.5514
-----------------------------------------------------------
Epoch [3/20], Average Loss: 0.1329
-----------------------------------------------------------
strategy: RANDOM
iter: 7
epoch: 2
F1_overall: 0.6298
F1_AGENT: 0.7374
F1_TARGET: 0.5285
precision_overall: 0.5979
precision_AGENT: 0.7032
precision_TARGET: 0.4996
recall_overall: 0.6653
recall_AGENT: 0.7752
recall_TARGET: 0.5610
-----------------------------------------------------------
Epoch [4/20], Average Loss: 0.0868
-----------------------------------------------------------
strategy: RANDOM
iter: 7
epoch: 3
F1_overall: 0.6232
F1_AGENT: 0.7319
F1_TARGET: 0.5204
precision_overall: 0.5786
precision_AGENT: 0.6809
precision_TARGET: 0.4823
recall_overall: 0.6751
recall_AGENT: 0.7911
recall_TARGET: 0.5649
-----------------------------------------------------------
Epoch [5/20], Average Loss: 0.0731
-----------------------------------------------------------
strategy: RANDOM
iter: 7
epoch: 4
F1_overall: 0.6193
F1_AGENT: 0.7348
F1_TARGET: 0.5142
precision_overall: 0.5957
precision_AGENT: 0.7217
precision_TARGET: 0.4855
recall_overall: 0.6449
recall_AGENT: 0.7483
recall_TARGET: 0.5466
-----------------------------------------------------------
Epoch [6/20], Average Loss: 0.0664
-----------------------------------------------------------
strategy: RANDOM
iter: 7
epoch: 5
F1_overall: 0.6236
F1_AGENT: 0.7258
F1_TARGET: 0.5283
precision_overall: 0.6160
precision_AGENT: 0.7233
precision_TARGET: 0.5176
recall_overall: 0.6314
recall_AGENT: 0.7282
recall_TARGET: 0.5394
-----------------------------------------------------------
Epoch [7/20], Average Loss: 0.0501
-----------------------------------------------------------
strategy: RANDOM
iter: 7
epoch: 6
F1_overall: 0.6374
F1_AGENT: 0.7417
F1_TARGET: 0.5364
precision_overall: 0.6305
precision_AGENT: 0.7265
precision_TARGET: 0.5358
recall_overall: 0.6445
recall_AGENT: 0.7576
recall_TARGET: 0.5371
-----------------------------------------------------------
Epoch [8/20], Average Loss: 0.0368
-----------------------------------------------------------
strategy: RANDOM
iter: 7
epoch: 7
F1_overall: 0.6325
F1_AGENT: 0.7374
F1_TARGET: 0.5296
precision_overall: 0.6183
precision_AGENT: 0.7102
precision_TARGET: 0.5255
recall_overall: 0.6473
recall_AGENT: 0.7668
recall_TARGET: 0.5339
-----------------------------------------------------------
Epoch [9/20], Average Loss: 0.0308
-----------------------------------------------------------
strategy: RANDOM
iter: 7
epoch: 8
F1_overall: 0.6325
F1_AGENT: 0.7407
F1_TARGET: 0.5230
precision_overall: 0.6199
precision_AGENT: 0.7042
precision_TARGET: 0.5289
recall_overall: 0.6457
recall_AGENT: 0.7810
recall_TARGET: 0.5171
-----------------------------------------------------------
Epoch [10/20], Average Loss: 0.0270
-----------------------------------------------------------
strategy: RANDOM
iter: 7
epoch: 9
F1_overall: 0.6279
F1_AGENT: 0.7315
F1_TARGET: 0.5306
precision_overall: 0.5994
precision_AGENT: 0.7022
precision_TARGET: 0.5039
recall_overall: 0.6592
recall_AGENT: 0.7634
recall_TARGET: 0.5602
-----------------------------------------------------------
Epoch [11/20], Average Loss: 0.0334
-----------------------------------------------------------
strategy: RANDOM
iter: 7
epoch: 10
F1_overall: 0.6407
F1_AGENT: 0.7367
F1_TARGET: 0.5478
precision_overall: 0.6303
precision_AGENT: 0.7185
precision_TARGET: 0.5435
recall_overall: 0.6514
recall_AGENT: 0.7559
recall_TARGET: 0.5522
-----------------------------------------------------------
Epoch [12/20], Average Loss: 0.0216
-----------------------------------------------------------
strategy: RANDOM
iter: 7
epoch: 11
F1_overall: 0.6491
F1_AGENT: 0.7518
F1_TARGET: 0.5480
precision_overall: 0.6257
precision_AGENT: 0.7128
precision_TARGET: 0.5371
recall_overall: 0.6743
recall_AGENT: 0.7953
recall_TARGET: 0.5594
-----------------------------------------------------------
--------------------show samples-----------------------
source:  the election results... do not reflect the true will of the people of zimbabwe and are consequently illegitimate, '' he said. dse:true will of
target: agent: the people of zimbabwe
source:  we disapprove of the use of such words in international relations, '' said kong, who also made the same comment when answering related questions earlier. dse:disapprove
target: agent: we; target: the use of such words in international relations
source: some diplomats raise questions about her priorities. dse:raise questions
target: agent: some diplomats; target: her priorities
source: imagine the difference the community could make if each congregation pledged its support of one big sisters match! dse:pledged
target: agent: each congregation
source: but the expert urged everyone to despair,  since control of global warming without russia is impossible ; the country is becoming the owner of the controlling block of shares. '' dse:to despair
target: target: control of global warming without russia is impossible
source: navigation mixte's chairman had suggested that friendly institutions were likely to buy its stock as soon as trading opened monday. dse:suggested
target: agent: navigation mixte's chairman; target: friendly institutions
source: six months have passed since sept. 11 and the focus of us anger has turned to countries that have been labeled  rogue nations '' and members of an  axis of evil. '' dse:anger
target: agent: us; target: countries
source:  we need tsvangirai to tell mugabe he can not steal this election, '' said noel gukuta, a youthful mdc voter. dse:to tell
target: agent: tsvangirai; target: he
source: he then clarified a posture wherein japan would cooperate with the united states as much as possible. dse:clarified
target: agent: he; target: japan would cooperate with the united states
source: under the geneva convention, those holding true pows are bound to release them at the end of hostilities ; but that is the last thing the u.s. wants to do with men who may be al-qaeda operatives. dse:wants
target: target: under the geneva convention, those holding true pows are bound to release them at the end of hostilities; agent: the u.s.; target: do
annotated_samples_num: 1593
unannotated_samples_num: 1951
update datapool!
annotated_samples_num: 1593
unannotated_samples_num: 1951
iter: 8
annotated_samples_num: 1593
unannotated_samples_num: 1951
Epoch [1/20], Average Loss: 0.3544
-----------------------------------------------------------
strategy: RANDOM
iter: 8
epoch: 0
F1_overall: 0.6132
F1_AGENT: 0.7132
F1_TARGET: 0.5042
precision_overall: 0.5978
precision_AGENT: 0.6545
precision_TARGET: 0.5274
recall_overall: 0.6293
recall_AGENT: 0.7836
recall_TARGET: 0.4829
-----------------------------------------------------------
Epoch [2/20], Average Loss: 0.1809
-----------------------------------------------------------
strategy: RANDOM
iter: 8
epoch: 1
F1_overall: 0.6242
F1_AGENT: 0.7239
F1_TARGET: 0.5351
precision_overall: 0.5912
precision_AGENT: 0.7054
precision_TARGET: 0.4943
recall_overall: 0.6612
recall_AGENT: 0.7433
recall_TARGET: 0.5833
-----------------------------------------------------------
Epoch [3/20], Average Loss: 0.1333
-----------------------------------------------------------
strategy: RANDOM
iter: 8
epoch: 2
F1_overall: 0.5948
F1_AGENT: 0.6949
F1_TARGET: 0.4985
precision_overall: 0.5535
precision_AGENT: 0.6431
precision_TARGET: 0.4663
recall_overall: 0.6428
recall_AGENT: 0.7559
recall_TARGET: 0.5355
-----------------------------------------------------------
Epoch [4/20], Average Loss: 0.1109
-----------------------------------------------------------
strategy: RANDOM
iter: 8
epoch: 3
F1_overall: 0.6227
F1_AGENT: 0.7259
F1_TARGET: 0.5187
precision_overall: 0.6045
precision_AGENT: 0.6858
precision_TARGET: 0.5179
recall_overall: 0.6420
recall_AGENT: 0.7710
recall_TARGET: 0.5195
-----------------------------------------------------------
Epoch [5/20], Average Loss: 0.0713
-----------------------------------------------------------
strategy: RANDOM
iter: 8
epoch: 4
F1_overall: 0.6392
F1_AGENT: 0.7474
F1_TARGET: 0.5335
precision_overall: 0.6204
precision_AGENT: 0.7158
precision_TARGET: 0.5247
recall_overall: 0.6592
recall_AGENT: 0.7819
recall_TARGET: 0.5426
-----------------------------------------------------------
Epoch [6/20], Average Loss: 0.0535
-----------------------------------------------------------
strategy: RANDOM
iter: 8
epoch: 5
F1_overall: 0.6424
F1_AGENT: 0.7431
F1_TARGET: 0.5522
precision_overall: 0.6186
precision_AGENT: 0.7364
precision_TARGET: 0.5185
recall_overall: 0.6682
recall_AGENT: 0.7500
recall_TARGET: 0.5904
-----------------------------------------------------------
Epoch [7/20], Average Loss: 0.0368
-----------------------------------------------------------
strategy: RANDOM
iter: 8
epoch: 6
F1_overall: 0.6530
F1_AGENT: 0.7539
F1_TARGET: 0.5586
precision_overall: 0.6237
precision_AGENT: 0.7250
precision_TARGET: 0.5300
recall_overall: 0.6853
recall_AGENT: 0.7852
recall_TARGET: 0.5904
-----------------------------------------------------------
best_overall_f1 update: 0.6530373831775701
Model saved at ./saved_models/strategy_RANDOM/model_F1_0.65304_iter_8_epoch_6
delete:./saved_models/strategy_RANDOM/model_F1_0.64933_iter_6_epoch_12
Epoch [8/20], Average Loss: 0.0350
-----------------------------------------------------------
strategy: RANDOM
iter: 8
epoch: 7
F1_overall: 0.6523
F1_AGENT: 0.7516
F1_TARGET: 0.5563
precision_overall: 0.6331
precision_AGENT: 0.7236
precision_TARGET: 0.5442
recall_overall: 0.6727
recall_AGENT: 0.7819
recall_TARGET: 0.5689
-----------------------------------------------------------
Epoch [9/20], Average Loss: 0.0278
-----------------------------------------------------------
strategy: RANDOM
iter: 8
epoch: 8
F1_overall: 0.6358
F1_AGENT: 0.7440
F1_TARGET: 0.5326
precision_overall: 0.6050
precision_AGENT: 0.7069
precision_TARGET: 0.5076
recall_overall: 0.6698
recall_AGENT: 0.7852
recall_TARGET: 0.5602
-----------------------------------------------------------
Epoch [10/20], Average Loss: 0.0250
-----------------------------------------------------------
strategy: RANDOM
iter: 8
epoch: 9
F1_overall: 0.6470
F1_AGENT: 0.7508
F1_TARGET: 0.5519
precision_overall: 0.6198
precision_AGENT: 0.7317
precision_TARGET: 0.5205
recall_overall: 0.6767
recall_AGENT: 0.7710
recall_TARGET: 0.5873
-----------------------------------------------------------
--------------------show samples-----------------------
source:  the election results... do not reflect the true will of the people of zimbabwe and are consequently illegitimate, '' he said. dse:true will of
target: agent: the people of zimbabwe
source:  we disapprove of the use of such words in international relations, '' said kong, who also made the same comment when answering related questions earlier. dse:disapprove
target: agent: we; target: the use of such words in international relations
source: some diplomats raise questions about her priorities. dse:raise questions
target: agent: some diplomats; target: her priorities
source: imagine the difference the community could make if each congregation pledged its support of one big sisters match! dse:pledged
target: agent: each congregation
source: but the expert urged everyone to despair,  since control of global warming without russia is impossible ; the country is becoming the owner of the controlling block of shares. '' dse:to despair
target: target: control of global warming without russia is impossible
source: navigation mixte's chairman had suggested that friendly institutions were likely to buy its stock as soon as trading opened monday. dse:suggested
target: agent: navigation mixte's chairman; target: friendly institutions
source: six months have passed since sept. 11 and the focus of us anger has turned to countries that have been labeled  rogue nations '' and members of an  axis of evil. '' dse:anger
target: agent: us; target: countries
source:  we need tsvangirai to tell mugabe he can not steal this election, '' said noel gukuta, a youthful mdc voter. dse:to tell
target: agent: tsvangirai; target: he
source: he then clarified a posture wherein japan would cooperate with the united states as much as possible. dse:clarified
target: agent: he; target: japan would cooperate with the united states
source: under the geneva convention, those holding true pows are bound to release them at the end of hostilities ; but that is the last thing the u.s. wants to do with men who may be al-qaeda operatives. dse:wants
target: target: under the geneva convention, those holding true pows are bound to release them at the end of hostilities; agent: the u.s.; target: do
annotated_samples_num: 1770
unannotated_samples_num: 1774
update datapool!
annotated_samples_num: 1770
unannotated_samples_num: 1774
iter: 9
annotated_samples_num: 1770
unannotated_samples_num: 1774
Epoch [1/20], Average Loss: 0.3373
-----------------------------------------------------------
strategy: RANDOM
iter: 9
epoch: 0
F1_overall: 0.5598
F1_AGENT: 0.6692
F1_TARGET: 0.4664
precision_overall: 0.5930
precision_AGENT: 0.7580
precision_TARGET: 0.4683
recall_overall: 0.5300
recall_AGENT: 0.5990
recall_TARGET: 0.4645
-----------------------------------------------------------
Epoch [2/20], Average Loss: 0.1820
-----------------------------------------------------------
strategy: RANDOM
iter: 9
epoch: 1
F1_overall: 0.6008
F1_AGENT: 0.7131
F1_TARGET: 0.4972
precision_overall: 0.5671
precision_AGENT: 0.6825
precision_TARGET: 0.4635
recall_overall: 0.6387
recall_AGENT: 0.7466
recall_TARGET: 0.5363
-----------------------------------------------------------
Epoch [3/20], Average Loss: 0.1263
-----------------------------------------------------------
strategy: RANDOM
iter: 9
epoch: 2
F1_overall: 0.6111
F1_AGENT: 0.7207
F1_TARGET: 0.5084
precision_overall: 0.5559
precision_AGENT: 0.6595
precision_TARGET: 0.4600
recall_overall: 0.6784
recall_AGENT: 0.7945
recall_TARGET: 0.5681
-----------------------------------------------------------
Epoch [4/20], Average Loss: 0.0918
-----------------------------------------------------------
strategy: RANDOM
iter: 9
epoch: 3
F1_overall: 0.6305
F1_AGENT: 0.7464
F1_TARGET: 0.5157
precision_overall: 0.6032
precision_AGENT: 0.7005
precision_TARGET: 0.5030
recall_overall: 0.6604
recall_AGENT: 0.7987
recall_TARGET: 0.5291
-----------------------------------------------------------
Epoch [5/20], Average Loss: 0.0733
-----------------------------------------------------------
strategy: RANDOM
iter: 9
epoch: 4
F1_overall: 0.6415
F1_AGENT: 0.7391
F1_TARGET: 0.5409
precision_overall: 0.6127
precision_AGENT: 0.6810
precision_TARGET: 0.5369
recall_overall: 0.6731
recall_AGENT: 0.8079
recall_TARGET: 0.5450
-----------------------------------------------------------
Epoch [6/20], Average Loss: 0.0505
-----------------------------------------------------------
strategy: RANDOM
iter: 9
epoch: 5
F1_overall: 0.6404
F1_AGENT: 0.7500
F1_TARGET: 0.5326
precision_overall: 0.6329
precision_AGENT: 0.7286
precision_TARGET: 0.5354
recall_overall: 0.6481
recall_AGENT: 0.7727
recall_TARGET: 0.5299
-----------------------------------------------------------
Epoch [7/20], Average Loss: 0.0461
-----------------------------------------------------------
strategy: RANDOM
iter: 9
epoch: 6
F1_overall: 0.6291
F1_AGENT: 0.7388
F1_TARGET: 0.5220
precision_overall: 0.6037
precision_AGENT: 0.7002
precision_TARGET: 0.5071
recall_overall: 0.6567
recall_AGENT: 0.7819
recall_TARGET: 0.5378
-----------------------------------------------------------
Epoch [8/20], Average Loss: 0.0380
-----------------------------------------------------------
strategy: RANDOM
iter: 9
epoch: 7
F1_overall: 0.6371
F1_AGENT: 0.7476
F1_TARGET: 0.5282
precision_overall: 0.6111
precision_AGENT: 0.7054
precision_TARGET: 0.5152
recall_overall: 0.6653
recall_AGENT: 0.7953
recall_TARGET: 0.5418
-----------------------------------------------------------
Epoch [9/20], Average Loss: 0.0379
-----------------------------------------------------------
strategy: RANDOM
iter: 9
epoch: 8
F1_overall: 0.6279
F1_AGENT: 0.7372
F1_TARGET: 0.5217
precision_overall: 0.6209
precision_AGENT: 0.7209
precision_TARGET: 0.5215
recall_overall: 0.6351
recall_AGENT: 0.7542
recall_TARGET: 0.5219
-----------------------------------------------------------
Epoch [10/20], Average Loss: 0.0499
-----------------------------------------------------------
strategy: RANDOM
iter: 9
epoch: 9
F1_overall: 0.6359
F1_AGENT: 0.7409
F1_TARGET: 0.5346
precision_overall: 0.6193
precision_AGENT: 0.7160
precision_TARGET: 0.5245
recall_overall: 0.6535
recall_AGENT: 0.7676
recall_TARGET: 0.5450
-----------------------------------------------------------
Epoch [11/20], Average Loss: 0.0361
-----------------------------------------------------------
strategy: RANDOM
iter: 9
epoch: 10
F1_overall: 0.6322
F1_AGENT: 0.7327
F1_TARGET: 0.5345
precision_overall: 0.6197
precision_AGENT: 0.7102
precision_TARGET: 0.5297
recall_overall: 0.6453
recall_AGENT: 0.7567
recall_TARGET: 0.5394
-----------------------------------------------------------
Epoch [12/20], Average Loss: 0.0246
-----------------------------------------------------------
strategy: RANDOM
iter: 9
epoch: 11
F1_overall: 0.6318
F1_AGENT: 0.7418
F1_TARGET: 0.5295
precision_overall: 0.6011
precision_AGENT: 0.7134
precision_TARGET: 0.4989
recall_overall: 0.6657
recall_AGENT: 0.7727
recall_TARGET: 0.5641
-----------------------------------------------------------
--------------------show samples-----------------------
source:  the election results... do not reflect the true will of the people of zimbabwe and are consequently illegitimate, '' he said. dse:true will of
target: agent: the people of zimbabwe
source:  we disapprove of the use of such words in international relations, '' said kong, who also made the same comment when answering related questions earlier. dse:disapprove
target: agent: we; target: the use of such words in international relations
source: some diplomats raise questions about her priorities. dse:raise questions
target: agent: some diplomats; target: her priorities
source: imagine the difference the community could make if each congregation pledged its support of one big sisters match! dse:pledged
target: agent: each congregation
source: but the expert urged everyone to despair,  since control of global warming without russia is impossible ; the country is becoming the owner of the controlling block of shares. '' dse:to despair
target: target: control of global warming without russia is impossible
source: navigation mixte's chairman had suggested that friendly institutions were likely to buy its stock as soon as trading opened monday. dse:suggested
target: agent: navigation mixte's chairman; target: friendly institutions
source: six months have passed since sept. 11 and the focus of us anger has turned to countries that have been labeled  rogue nations '' and members of an  axis of evil. '' dse:anger
target: agent: us; target: countries
source:  we need tsvangirai to tell mugabe he can not steal this election, '' said noel gukuta, a youthful mdc voter. dse:to tell
target: agent: tsvangirai; target: he
source: he then clarified a posture wherein japan would cooperate with the united states as much as possible. dse:clarified
target: agent: he; target: japan would cooperate with the united states
source: under the geneva convention, those holding true pows are bound to release them at the end of hostilities ; but that is the last thing the u.s. wants to do with men who may be al-qaeda operatives. dse:wants
target: target: under the geneva convention, those holding true pows are bound to release them at the end of hostilities; agent: the u.s.; target: do
annotated_samples_num: 1947
unannotated_samples_num: 1597
update datapool!
annotated_samples_num: 1947
unannotated_samples_num: 1597
iter: 10
annotated_samples_num: 1947
unannotated_samples_num: 1597
Epoch [1/20], Average Loss: 0.3252
-----------------------------------------------------------
strategy: RANDOM
iter: 10
epoch: 0
F1_overall: 0.6038
F1_AGENT: 0.7029
F1_TARGET: 0.5058
precision_overall: 0.5718
precision_AGENT: 0.6537
precision_TARGET: 0.4878
recall_overall: 0.6396
recall_AGENT: 0.7601
recall_TARGET: 0.5251
-----------------------------------------------------------
Epoch [2/20], Average Loss: 0.1818
-----------------------------------------------------------
strategy: RANDOM
iter: 10
epoch: 1
F1_overall: 0.6238
F1_AGENT: 0.7216
F1_TARGET: 0.5313
precision_overall: 0.5876
precision_AGENT: 0.6808
precision_TARGET: 0.4996
recall_overall: 0.6649
recall_AGENT: 0.7676
recall_TARGET: 0.5673
-----------------------------------------------------------
Epoch [3/20], Average Loss: 0.1199
-----------------------------------------------------------
strategy: RANDOM
iter: 10
epoch: 2
F1_overall: 0.6294
F1_AGENT: 0.7378
F1_TARGET: 0.5160
precision_overall: 0.6245
precision_AGENT: 0.6998
precision_TARGET: 0.5381
recall_overall: 0.6342
recall_AGENT: 0.7802
recall_TARGET: 0.4956
-----------------------------------------------------------
Epoch [4/20], Average Loss: 0.0930
-----------------------------------------------------------
strategy: RANDOM
iter: 10
epoch: 3
F1_overall: 0.6279
F1_AGENT: 0.7209
F1_TARGET: 0.5291
precision_overall: 0.6107
precision_AGENT: 0.6669
precision_TARGET: 0.5442
recall_overall: 0.6461
recall_AGENT: 0.7844
recall_TARGET: 0.5147
-----------------------------------------------------------
Epoch [5/20], Average Loss: 0.0952
-----------------------------------------------------------
strategy: RANDOM
iter: 10
epoch: 4
F1_overall: 0.6405
F1_AGENT: 0.7367
F1_TARGET: 0.5481
precision_overall: 0.6079
precision_AGENT: 0.6957
precision_TARGET: 0.5228
recall_overall: 0.6767
recall_AGENT: 0.7827
recall_TARGET: 0.5761
-----------------------------------------------------------
Epoch [6/20], Average Loss: 0.0614
-----------------------------------------------------------
strategy: RANDOM
iter: 10
epoch: 5
F1_overall: 0.6321
F1_AGENT: 0.7530
F1_TARGET: 0.5161
precision_overall: 0.5948
precision_AGENT: 0.7058
precision_TARGET: 0.4876
recall_overall: 0.6743
recall_AGENT: 0.8070
recall_TARGET: 0.5482
-----------------------------------------------------------
Epoch [7/20], Average Loss: 0.0453
-----------------------------------------------------------
strategy: RANDOM
iter: 10
epoch: 6
F1_overall: 0.6294
F1_AGENT: 0.7292
F1_TARGET: 0.5344
precision_overall: 0.5899
precision_AGENT: 0.6825
precision_TARGET: 0.5014
recall_overall: 0.6747
recall_AGENT: 0.7827
recall_TARGET: 0.5721
-----------------------------------------------------------
Epoch [8/20], Average Loss: 0.0413
-----------------------------------------------------------
strategy: RANDOM
iter: 10
epoch: 7
F1_overall: 0.6365
F1_AGENT: 0.7345
F1_TARGET: 0.5459
precision_overall: 0.6105
precision_AGENT: 0.7136
precision_TARGET: 0.5175
recall_overall: 0.6649
recall_AGENT: 0.7567
recall_TARGET: 0.5777
-----------------------------------------------------------
Epoch [9/20], Average Loss: 0.0333
-----------------------------------------------------------
strategy: RANDOM
iter: 10
epoch: 8
F1_overall: 0.6456
F1_AGENT: 0.7502
F1_TARGET: 0.5433
precision_overall: 0.6242
precision_AGENT: 0.7154
precision_TARGET: 0.5325
recall_overall: 0.6686
recall_AGENT: 0.7886
recall_TARGET: 0.5546
-----------------------------------------------------------
Epoch [10/20], Average Loss: 0.0288
-----------------------------------------------------------
strategy: RANDOM
iter: 10
epoch: 9
F1_overall: 0.6568
F1_AGENT: 0.7577
F1_TARGET: 0.5607
precision_overall: 0.6432
precision_AGENT: 0.7410
precision_TARGET: 0.5498
recall_overall: 0.6710
recall_AGENT: 0.7752
recall_TARGET: 0.5721
-----------------------------------------------------------
best_overall_f1 update: 0.6568
Model saved at ./saved_models/strategy_RANDOM/model_F1_0.65680_iter_10_epoch_9
delete:./saved_models/strategy_RANDOM/model_F1_0.65304_iter_8_epoch_6
Epoch [11/20], Average Loss: 0.0196
-----------------------------------------------------------
strategy: RANDOM
iter: 10
epoch: 10
F1_overall: 0.6427
F1_AGENT: 0.7402
F1_TARGET: 0.5523
precision_overall: 0.6129
precision_AGENT: 0.7140
precision_TARGET: 0.5212
recall_overall: 0.6755
recall_AGENT: 0.7685
recall_TARGET: 0.5873
-----------------------------------------------------------
--------------------show samples-----------------------
source:  the election results... do not reflect the true will of the people of zimbabwe and are consequently illegitimate, '' he said. dse:true will of
target: agent: the people of zimbabwe
source:  we disapprove of the use of such words in international relations, '' said kong, who also made the same comment when answering related questions earlier. dse:disapprove
target: agent: we; target: the use of such words in international relations
source: some diplomats raise questions about her priorities. dse:raise questions
target: agent: some diplomats; target: her priorities
source: but the expert urged everyone to despair,  since control of global warming without russia is impossible ; the country is becoming the owner of the controlling block of shares. '' dse:to despair
target: target: control of global warming without russia is impossible
source: navigation mixte's chairman had suggested that friendly institutions were likely to buy its stock as soon as trading opened monday. dse:suggested
target: agent: navigation mixte's chairman; target: friendly institutions
source: six months have passed since sept. 11 and the focus of us anger has turned to countries that have been labeled  rogue nations '' and members of an  axis of evil. '' dse:anger
target: agent: us; target: countries
source:  we need tsvangirai to tell mugabe he can not steal this election, '' said noel gukuta, a youthful mdc voter. dse:to tell
target: agent: tsvangirai; target: he
source: he then clarified a posture wherein japan would cooperate with the united states as much as possible. dse:clarified
target: agent: he; target: japan would cooperate with the united states
source: under the geneva convention, those holding true pows are bound to release them at the end of hostilities ; but that is the last thing the u.s. wants to do with men who may be al-qaeda operatives. dse:wants
target: target: under the geneva convention, those holding true pows are bound to release them at the end of hostilities; agent: the u.s.; target: do
source: ramdas said it was perceived that anuar and mehrun, instrumental behind the scathing kesas report, were dropped for performing their duties without fear or favor. dse:said
target: agent: ramdas; target: anuar and mehrun
annotated_samples_num: 2124
unannotated_samples_num: 1420
update datapool!
annotated_samples_num: 2124
unannotated_samples_num: 1420
iter: 11
annotated_samples_num: 2124
unannotated_samples_num: 1420
Epoch [1/20], Average Loss: 0.3231
-----------------------------------------------------------
strategy: RANDOM
iter: 11
epoch: 0
F1_overall: 0.6107
F1_AGENT: 0.7062
F1_TARGET: 0.5278
precision_overall: 0.6014
precision_AGENT: 0.7292
precision_TARGET: 0.4996
recall_overall: 0.6204
recall_AGENT: 0.6846
recall_TARGET: 0.5594
-----------------------------------------------------------
Epoch [2/20], Average Loss: 0.1894
-----------------------------------------------------------
strategy: RANDOM
iter: 11
epoch: 1
F1_overall: 0.6323
F1_AGENT: 0.7335
F1_TARGET: 0.5332
precision_overall: 0.5991
precision_AGENT: 0.6856
precision_TARGET: 0.5121
recall_overall: 0.6694
recall_AGENT: 0.7886
recall_TARGET: 0.5562
-----------------------------------------------------------
Epoch [3/20], Average Loss: 0.1326
-----------------------------------------------------------
strategy: RANDOM
iter: 11
epoch: 2
F1_overall: 0.6220
F1_AGENT: 0.7213
F1_TARGET: 0.5241
precision_overall: 0.5811
precision_AGENT: 0.6634
precision_TARGET: 0.4975
recall_overall: 0.6690
recall_AGENT: 0.7903
recall_TARGET: 0.5538
-----------------------------------------------------------
Epoch [4/20], Average Loss: 0.0882
-----------------------------------------------------------
strategy: RANDOM
iter: 11
epoch: 3
F1_overall: 0.6372
F1_AGENT: 0.7580
F1_TARGET: 0.5323
precision_overall: 0.6017
precision_AGENT: 0.7478
precision_TARGET: 0.4846
recall_overall: 0.6772
recall_AGENT: 0.7685
recall_TARGET: 0.5904
-----------------------------------------------------------
Epoch [5/20], Average Loss: 0.0609
-----------------------------------------------------------
strategy: RANDOM
iter: 11
epoch: 4
F1_overall: 0.6517
F1_AGENT: 0.7580
F1_TARGET: 0.5520
precision_overall: 0.6198
precision_AGENT: 0.7255
precision_TARGET: 0.5220
recall_overall: 0.6870
recall_AGENT: 0.7936
recall_TARGET: 0.5857
-----------------------------------------------------------
Epoch [6/20], Average Loss: 0.0549
-----------------------------------------------------------
strategy: RANDOM
iter: 11
epoch: 5
F1_overall: 0.6506
F1_AGENT: 0.7460
F1_TARGET: 0.5574
precision_overall: 0.6237
precision_AGENT: 0.7058
precision_TARGET: 0.5413
recall_overall: 0.6800
recall_AGENT: 0.7911
recall_TARGET: 0.5745
-----------------------------------------------------------
Epoch [7/20], Average Loss: 0.0475
-----------------------------------------------------------
strategy: RANDOM
iter: 11
epoch: 6
F1_overall: 0.6435
F1_AGENT: 0.7407
F1_TARGET: 0.5531
precision_overall: 0.6202
precision_AGENT: 0.7216
precision_TARGET: 0.5279
recall_overall: 0.6686
recall_AGENT: 0.7609
recall_TARGET: 0.5809
-----------------------------------------------------------
Epoch [8/20], Average Loss: 0.0434
-----------------------------------------------------------
strategy: RANDOM
iter: 11
epoch: 7
F1_overall: 0.6530
F1_AGENT: 0.7522
F1_TARGET: 0.5599
precision_overall: 0.6269
precision_AGENT: 0.7269
precision_TARGET: 0.5344
recall_overall: 0.6812
recall_AGENT: 0.7794
recall_TARGET: 0.5880
-----------------------------------------------------------
Epoch [9/20], Average Loss: 0.0313
-----------------------------------------------------------
strategy: RANDOM
iter: 11
epoch: 8
F1_overall: 0.6590
F1_AGENT: 0.7590
F1_TARGET: 0.5637
precision_overall: 0.6382
precision_AGENT: 0.7338
precision_TARGET: 0.5468
recall_overall: 0.6812
recall_AGENT: 0.7861
recall_TARGET: 0.5817
-----------------------------------------------------------
best_overall_f1 update: 0.659023522435264
Model saved at ./saved_models/strategy_RANDOM/model_F1_0.65902_iter_11_epoch_8
delete:./saved_models/strategy_RANDOM/model_F1_0.65680_iter_10_epoch_9
Epoch [10/20], Average Loss: 0.0287
-----------------------------------------------------------
strategy: RANDOM
iter: 11
epoch: 9
F1_overall: 0.6613
F1_AGENT: 0.7534
F1_TARGET: 0.5756
precision_overall: 0.6371
precision_AGENT: 0.7328
precision_TARGET: 0.5497
recall_overall: 0.6874
recall_AGENT: 0.7752
recall_TARGET: 0.6040
-----------------------------------------------------------
best_overall_f1 update: 0.6612934932180067
Model saved at ./saved_models/strategy_RANDOM/model_F1_0.66129_iter_11_epoch_9
delete:./saved_models/strategy_RANDOM/model_F1_0.65902_iter_11_epoch_8
Epoch [11/20], Average Loss: 0.0218
-----------------------------------------------------------
strategy: RANDOM
iter: 11
epoch: 10
F1_overall: 0.6561
F1_AGENT: 0.7415
F1_TARGET: 0.5745
precision_overall: 0.6381
precision_AGENT: 0.7192
precision_TARGET: 0.5602
recall_overall: 0.6751
recall_AGENT: 0.7651
recall_TARGET: 0.5896
-----------------------------------------------------------
--------------------show samples-----------------------
source:  the election results... do not reflect the true will of the people of zimbabwe and are consequently illegitimate, '' he said. dse:true will of
target: agent: the people of zimbabwe
source:  we disapprove of the use of such words in international relations, '' said kong, who also made the same comment when answering related questions earlier. dse:disapprove
target: agent: we; target: the use of such words in international relations
source: some diplomats raise questions about her priorities. dse:raise questions
target: agent: some diplomats; target: her priorities
source: but the expert urged everyone to despair,  since control of global warming without russia is impossible ; the country is becoming the owner of the controlling block of shares. '' dse:to despair
target: target: control of global warming without russia is impossible
source: navigation mixte's chairman had suggested that friendly institutions were likely to buy its stock as soon as trading opened monday. dse:suggested
target: agent: navigation mixte's chairman; target: friendly institutions
source: six months have passed since sept. 11 and the focus of us anger has turned to countries that have been labeled  rogue nations '' and members of an  axis of evil. '' dse:anger
target: agent: us; target: countries
source:  we need tsvangirai to tell mugabe he can not steal this election, '' said noel gukuta, a youthful mdc voter. dse:to tell
target: agent: tsvangirai; target: he
source: he then clarified a posture wherein japan would cooperate with the united states as much as possible. dse:clarified
target: agent: he; target: japan would cooperate with the united states
source: under the geneva convention, those holding true pows are bound to release them at the end of hostilities ; but that is the last thing the u.s. wants to do with men who may be al-qaeda operatives. dse:wants
target: target: under the geneva convention, those holding true pows are bound to release them at the end of hostilities; agent: the u.s.; target: do
source: ramdas said it was perceived that anuar and mehrun, instrumental behind the scathing kesas report, were dropped for performing their duties without fear or favor. dse:said
target: agent: ramdas; target: anuar and mehrun
annotated_samples_num: 2301
unannotated_samples_num: 1243
update datapool!
annotated_samples_num: 2301
unannotated_samples_num: 1243
