strategy: BEAM
iter: 0
annotated_samples_num: 177
unannotated_samples_num: 3367
Epoch [1/15], Average Loss: 1.2185
-----------------------------------------------------------
strategy: BEAM
iter: 0
epoch: 0
F1_overall: 0.3982
F1_AGENT: 0.5468
F1_TARGET: 0.2358
-----------------------------------------------------------
Epoch [2/15], Average Loss: 0.2890
-----------------------------------------------------------
strategy: BEAM
iter: 0
epoch: 1
F1_overall: 0.4649
F1_AGENT: 0.5915
F1_TARGET: 0.3329
-----------------------------------------------------------
Epoch [3/15], Average Loss: 0.1499
-----------------------------------------------------------
strategy: BEAM
iter: 0
epoch: 2
F1_overall: 0.5158
F1_AGENT: 0.6346
F1_TARGET: 0.3954
-----------------------------------------------------------
Epoch [4/15], Average Loss: 0.1168
-----------------------------------------------------------
strategy: BEAM
iter: 0
epoch: 3
F1_overall: 0.5433
F1_AGENT: 0.6320
F1_TARGET: 0.4555
-----------------------------------------------------------
Epoch [5/15], Average Loss: 0.0902
-----------------------------------------------------------
strategy: BEAM
iter: 0
epoch: 4
F1_overall: 0.5044
F1_AGENT: 0.6235
F1_TARGET: 0.3817
-----------------------------------------------------------
Epoch [6/15], Average Loss: 0.0615
-----------------------------------------------------------
strategy: BEAM
iter: 0
epoch: 5
F1_overall: 0.5018
F1_AGENT: 0.5701
F1_TARGET: 0.4481
-----------------------------------------------------------
annotated_samples_num: 345
unannotated_samples_num: 3199
update datapool!
annotated_samples_num: 345
unannotated_samples_num: 3199
iter: 1
annotated_samples_num: 345
unannotated_samples_num: 3199
Epoch [1/15], Average Loss: 0.7743
-----------------------------------------------------------
strategy: BEAM
iter: 1
epoch: 0
F1_overall: 0.4599
F1_AGENT: 0.6242
F1_TARGET: 0.2849
-----------------------------------------------------------
Epoch [2/15], Average Loss: 0.2339
-----------------------------------------------------------
strategy: BEAM
iter: 1
epoch: 1
F1_overall: 0.5655
F1_AGENT: 0.6548
F1_TARGET: 0.4769
-----------------------------------------------------------
Epoch [3/15], Average Loss: 0.1568
-----------------------------------------------------------
strategy: BEAM
iter: 1
epoch: 2
F1_overall: 0.5178
F1_AGENT: 0.6229
F1_TARGET: 0.4177
-----------------------------------------------------------
Epoch [4/15], Average Loss: 0.1302
-----------------------------------------------------------
strategy: BEAM
iter: 1
epoch: 3
F1_overall: 0.5146
F1_AGENT: 0.6310
F1_TARGET: 0.4051
-----------------------------------------------------------
Epoch [5/15], Average Loss: 0.1238
-----------------------------------------------------------
strategy: BEAM
iter: 1
epoch: 4
F1_overall: 0.5209
F1_AGENT: 0.6335
F1_TARGET: 0.4177
-----------------------------------------------------------
Epoch [6/15], Average Loss: 0.0715
-----------------------------------------------------------
strategy: BEAM
iter: 1
epoch: 5
F1_overall: 0.5680
F1_AGENT: 0.6971
F1_TARGET: 0.4428
-----------------------------------------------------------
annotated_samples_num: 504
unannotated_samples_num: 3040
update datapool!
annotated_samples_num: 504
unannotated_samples_num: 3040
iter: 2
annotated_samples_num: 504
unannotated_samples_num: 3040
Epoch [1/15], Average Loss: 0.5900
-----------------------------------------------------------
strategy: BEAM
iter: 2
epoch: 0
F1_overall: 0.5569
F1_AGENT: 0.6705
F1_TARGET: 0.4494
-----------------------------------------------------------
Epoch [2/15], Average Loss: 0.2295
-----------------------------------------------------------
strategy: BEAM
iter: 2
epoch: 1
F1_overall: 0.5708
F1_AGENT: 0.6804
F1_TARGET: 0.4734
-----------------------------------------------------------
Epoch [3/15], Average Loss: 0.1561
-----------------------------------------------------------
strategy: BEAM
iter: 2
epoch: 2
F1_overall: 0.5795
F1_AGENT: 0.6850
F1_TARGET: 0.4800
-----------------------------------------------------------
Epoch [4/15], Average Loss: 0.1130
-----------------------------------------------------------
strategy: BEAM
iter: 2
epoch: 3
F1_overall: 0.5440
F1_AGENT: 0.6467
F1_TARGET: 0.4527
-----------------------------------------------------------
Epoch [5/15], Average Loss: 0.0895
-----------------------------------------------------------
strategy: BEAM
iter: 2
epoch: 4
F1_overall: 0.6039
F1_AGENT: 0.7138
F1_TARGET: 0.5017
-----------------------------------------------------------
Epoch [6/15], Average Loss: 0.0720
-----------------------------------------------------------
strategy: BEAM
iter: 2
epoch: 5
F1_overall: 0.5820
F1_AGENT: 0.6910
F1_TARGET: 0.4819
-----------------------------------------------------------
annotated_samples_num: 656
unannotated_samples_num: 2888
update datapool!
annotated_samples_num: 656
unannotated_samples_num: 2888
iter: 3
annotated_samples_num: 656
unannotated_samples_num: 2888
Epoch [1/15], Average Loss: 0.5574
-----------------------------------------------------------
strategy: BEAM
iter: 3
epoch: 0
F1_overall: 0.5133
F1_AGENT: 0.6200
F1_TARGET: 0.4236
-----------------------------------------------------------
Epoch [2/15], Average Loss: 0.2551
-----------------------------------------------------------
strategy: BEAM
iter: 3
epoch: 1
F1_overall: 0.5940
F1_AGENT: 0.7051
F1_TARGET: 0.4783
-----------------------------------------------------------
Epoch [3/15], Average Loss: 0.1617
-----------------------------------------------------------
strategy: BEAM
iter: 3
epoch: 2
F1_overall: 0.5649
F1_AGENT: 0.7067
F1_TARGET: 0.4335
-----------------------------------------------------------
Epoch [4/15], Average Loss: 0.1077
-----------------------------------------------------------
strategy: BEAM
iter: 3
epoch: 3
F1_overall: 0.6017
F1_AGENT: 0.7229
F1_TARGET: 0.4855
-----------------------------------------------------------
Epoch [5/15], Average Loss: 0.0865
-----------------------------------------------------------
strategy: BEAM
iter: 3
epoch: 4
F1_overall: 0.5929
F1_AGENT: 0.7126
F1_TARGET: 0.4771
-----------------------------------------------------------
Epoch [6/15], Average Loss: 0.0709
-----------------------------------------------------------
strategy: BEAM
iter: 3
epoch: 5
F1_overall: 0.6198
F1_AGENT: 0.7226
F1_TARGET: 0.5183
-----------------------------------------------------------
annotated_samples_num: 800
unannotated_samples_num: 2744
update datapool!
annotated_samples_num: 800
unannotated_samples_num: 2744
iter: 4
annotated_samples_num: 800
unannotated_samples_num: 2744
Epoch [1/15], Average Loss: 0.5117
-----------------------------------------------------------
strategy: BEAM
iter: 4
epoch: 0
F1_overall: 0.5772
F1_AGENT: 0.6967
F1_TARGET: 0.4686
-----------------------------------------------------------
Epoch [2/15], Average Loss: 0.2373
-----------------------------------------------------------
strategy: BEAM
iter: 4
epoch: 1
F1_overall: 0.5928
F1_AGENT: 0.7086
F1_TARGET: 0.4730
-----------------------------------------------------------
Epoch [3/15], Average Loss: 0.1674
-----------------------------------------------------------
strategy: BEAM
iter: 4
epoch: 2
F1_overall: 0.6090
F1_AGENT: 0.7167
F1_TARGET: 0.5090
-----------------------------------------------------------
Epoch [4/15], Average Loss: 0.1320
-----------------------------------------------------------
strategy: BEAM
iter: 4
epoch: 3
F1_overall: 0.5924
F1_AGENT: 0.7271
F1_TARGET: 0.4708
-----------------------------------------------------------
Epoch [5/15], Average Loss: 0.1092
-----------------------------------------------------------
strategy: BEAM
iter: 4
epoch: 4
F1_overall: 0.6341
F1_AGENT: 0.7319
F1_TARGET: 0.5375
-----------------------------------------------------------
Epoch [6/15], Average Loss: 0.0708
-----------------------------------------------------------
strategy: BEAM
iter: 4
epoch: 5
F1_overall: 0.6311
F1_AGENT: 0.7533
F1_TARGET: 0.5124
-----------------------------------------------------------
Epoch [7/15], Average Loss: 0.0572
-----------------------------------------------------------
strategy: BEAM
iter: 4
epoch: 6
F1_overall: 0.6205
F1_AGENT: 0.7396
F1_TARGET: 0.4982
-----------------------------------------------------------
Epoch [8/15], Average Loss: 0.0478
-----------------------------------------------------------
strategy: BEAM
iter: 4
epoch: 7
F1_overall: 0.6403
F1_AGENT: 0.7533
F1_TARGET: 0.5289
-----------------------------------------------------------
Epoch [9/15], Average Loss: 0.0354
-----------------------------------------------------------
strategy: BEAM
iter: 4
epoch: 8
F1_overall: 0.6245
F1_AGENT: 0.7521
F1_TARGET: 0.5058
-----------------------------------------------------------
Epoch [10/15], Average Loss: 0.0230
-----------------------------------------------------------
strategy: BEAM
iter: 4
epoch: 9
F1_overall: 0.6214
F1_AGENT: 0.7545
F1_TARGET: 0.4851
-----------------------------------------------------------
annotated_samples_num: 937
unannotated_samples_num: 2607
update datapool!
annotated_samples_num: 937
unannotated_samples_num: 2607
iter: 5
annotated_samples_num: 937
unannotated_samples_num: 2607
Epoch [1/15], Average Loss: 0.4617
-----------------------------------------------------------
strategy: BEAM
iter: 5
epoch: 0
F1_overall: 0.5537
F1_AGENT: 0.6583
F1_TARGET: 0.4364
-----------------------------------------------------------
Epoch [2/15], Average Loss: 0.2187
-----------------------------------------------------------
strategy: BEAM
iter: 5
epoch: 1
F1_overall: 0.5943
F1_AGENT: 0.7084
F1_TARGET: 0.4607
-----------------------------------------------------------
Epoch [3/15], Average Loss: 0.1656
-----------------------------------------------------------
strategy: BEAM
iter: 5
epoch: 2
F1_overall: 0.6293
F1_AGENT: 0.7312
F1_TARGET: 0.5266
-----------------------------------------------------------
Epoch [4/15], Average Loss: 0.1240
-----------------------------------------------------------
strategy: BEAM
iter: 5
epoch: 3
F1_overall: 0.6139
F1_AGENT: 0.7417
F1_TARGET: 0.4966
-----------------------------------------------------------
Epoch [5/15], Average Loss: 0.0855
-----------------------------------------------------------
strategy: BEAM
iter: 5
epoch: 4
F1_overall: 0.6246
F1_AGENT: 0.7359
F1_TARGET: 0.5149
-----------------------------------------------------------
Epoch [6/15], Average Loss: 0.0633
-----------------------------------------------------------
strategy: BEAM
iter: 5
epoch: 5
F1_overall: 0.6325
F1_AGENT: 0.7469
F1_TARGET: 0.5163
-----------------------------------------------------------
Epoch [7/15], Average Loss: 0.0504
-----------------------------------------------------------
strategy: BEAM
iter: 5
epoch: 6
F1_overall: 0.6386
F1_AGENT: 0.7356
F1_TARGET: 0.5412
-----------------------------------------------------------
Epoch [8/15], Average Loss: 0.0496
-----------------------------------------------------------
strategy: BEAM
iter: 5
epoch: 7
F1_overall: 0.6114
F1_AGENT: 0.7234
F1_TARGET: 0.5077
-----------------------------------------------------------
Epoch [9/15], Average Loss: 0.0496
-----------------------------------------------------------
strategy: BEAM
iter: 5
epoch: 8
F1_overall: 0.6297
F1_AGENT: 0.7459
F1_TARGET: 0.5171
-----------------------------------------------------------
Epoch [10/15], Average Loss: 0.0380
-----------------------------------------------------------
strategy: BEAM
iter: 5
epoch: 9
F1_overall: 0.6240
F1_AGENT: 0.7199
F1_TARGET: 0.5330
-----------------------------------------------------------
annotated_samples_num: 1067
unannotated_samples_num: 2477
update datapool!
annotated_samples_num: 1067
unannotated_samples_num: 2477
iter: 6
annotated_samples_num: 1067
unannotated_samples_num: 2477
Epoch [1/15], Average Loss: 0.4621
-----------------------------------------------------------
strategy: BEAM
iter: 6
epoch: 0
F1_overall: 0.5908
F1_AGENT: 0.7063
F1_TARGET: 0.4646
-----------------------------------------------------------
Epoch [2/15], Average Loss: 0.2284
-----------------------------------------------------------
strategy: BEAM
iter: 6
epoch: 1
F1_overall: 0.5950
F1_AGENT: 0.7162
F1_TARGET: 0.4889
-----------------------------------------------------------
Epoch [3/15], Average Loss: 0.1579
-----------------------------------------------------------
strategy: BEAM
iter: 6
epoch: 2
F1_overall: 0.6110
F1_AGENT: 0.7244
F1_TARGET: 0.4973
-----------------------------------------------------------
Epoch [4/15], Average Loss: 0.1085
-----------------------------------------------------------
strategy: BEAM
iter: 6
epoch: 3
F1_overall: 0.6215
F1_AGENT: 0.7207
F1_TARGET: 0.5355
-----------------------------------------------------------
Epoch [5/15], Average Loss: 0.0759
-----------------------------------------------------------
strategy: BEAM
iter: 6
epoch: 4
F1_overall: 0.6366
F1_AGENT: 0.7395
F1_TARGET: 0.5391
-----------------------------------------------------------
Epoch [6/15], Average Loss: 0.0571
-----------------------------------------------------------
strategy: BEAM
iter: 6
epoch: 5
F1_overall: 0.6318
F1_AGENT: 0.7330
F1_TARGET: 0.5364
-----------------------------------------------------------
Epoch [7/15], Average Loss: 0.0674
-----------------------------------------------------------
strategy: BEAM
iter: 6
epoch: 6
F1_overall: 0.6160
F1_AGENT: 0.7345
F1_TARGET: 0.5002
-----------------------------------------------------------
Epoch [8/15], Average Loss: 0.0493
-----------------------------------------------------------
strategy: BEAM
iter: 6
epoch: 7
F1_overall: 0.6417
F1_AGENT: 0.7409
F1_TARGET: 0.5410
-----------------------------------------------------------
Epoch [9/15], Average Loss: 0.0413
-----------------------------------------------------------
strategy: BEAM
iter: 6
epoch: 8
F1_overall: 0.6311
F1_AGENT: 0.7357
F1_TARGET: 0.5332
-----------------------------------------------------------
Epoch [10/15], Average Loss: 0.0340
-----------------------------------------------------------
strategy: BEAM
iter: 6
epoch: 9
F1_overall: 0.6419
F1_AGENT: 0.7547
F1_TARGET: 0.5365
-----------------------------------------------------------
annotated_samples_num: 1190
unannotated_samples_num: 2354
update datapool!
annotated_samples_num: 1190
unannotated_samples_num: 2354
iter: 7
annotated_samples_num: 1190
unannotated_samples_num: 2354
Epoch [1/15], Average Loss: 0.4468
-----------------------------------------------------------
strategy: BEAM
iter: 7
epoch: 0
F1_overall: 0.5713
F1_AGENT: 0.7090
F1_TARGET: 0.4431
-----------------------------------------------------------
Epoch [2/15], Average Loss: 0.2237
-----------------------------------------------------------
strategy: BEAM
iter: 7
epoch: 1
F1_overall: 0.6192
F1_AGENT: 0.7143
F1_TARGET: 0.5258
-----------------------------------------------------------
Epoch [3/15], Average Loss: 0.1544
-----------------------------------------------------------
strategy: BEAM
iter: 7
epoch: 2
F1_overall: 0.6128
F1_AGENT: 0.7045
F1_TARGET: 0.5300
-----------------------------------------------------------
Epoch [4/15], Average Loss: 0.1141
-----------------------------------------------------------
strategy: BEAM
iter: 7
epoch: 3
F1_overall: 0.6380
F1_AGENT: 0.7387
F1_TARGET: 0.5412
-----------------------------------------------------------
Epoch [5/15], Average Loss: 0.0931
-----------------------------------------------------------
strategy: BEAM
iter: 7
epoch: 4
F1_overall: 0.6105
F1_AGENT: 0.7103
F1_TARGET: 0.5180
-----------------------------------------------------------
Epoch [6/15], Average Loss: 0.0669
-----------------------------------------------------------
strategy: BEAM
iter: 7
epoch: 5
F1_overall: 0.6302
F1_AGENT: 0.7353
F1_TARGET: 0.5236
-----------------------------------------------------------
Epoch [7/15], Average Loss: 0.0593
-----------------------------------------------------------
strategy: BEAM
iter: 7
epoch: 6
F1_overall: 0.6407
F1_AGENT: 0.7472
F1_TARGET: 0.5313
-----------------------------------------------------------
Epoch [8/15], Average Loss: 0.0366
-----------------------------------------------------------
strategy: BEAM
iter: 7
epoch: 7
F1_overall: 0.6402
F1_AGENT: 0.7561
F1_TARGET: 0.5335
-----------------------------------------------------------
Epoch [9/15], Average Loss: 0.0387
-----------------------------------------------------------
strategy: BEAM
iter: 7
epoch: 8
F1_overall: 0.6340
F1_AGENT: 0.7539
F1_TARGET: 0.5225
-----------------------------------------------------------
Epoch [10/15], Average Loss: 0.0311
-----------------------------------------------------------
strategy: BEAM
iter: 7
epoch: 9
F1_overall: 0.6346
F1_AGENT: 0.7282
F1_TARGET: 0.5520
-----------------------------------------------------------
annotated_samples_num: 1307
unannotated_samples_num: 2237
update datapool!
annotated_samples_num: 1307
unannotated_samples_num: 2237
iter: 8
annotated_samples_num: 1307
unannotated_samples_num: 2237
Epoch [1/15], Average Loss: 0.4408
-----------------------------------------------------------
strategy: BEAM
iter: 8
epoch: 0
F1_overall: 0.5986
F1_AGENT: 0.7061
F1_TARGET: 0.4812
-----------------------------------------------------------
Epoch [2/15], Average Loss: 0.2113
-----------------------------------------------------------
strategy: BEAM
iter: 8
epoch: 1
F1_overall: 0.6260
F1_AGENT: 0.7292
F1_TARGET: 0.5258
-----------------------------------------------------------
Epoch [3/15], Average Loss: 0.1611
-----------------------------------------------------------
strategy: BEAM
iter: 8
epoch: 2
F1_overall: 0.6151
F1_AGENT: 0.7376
F1_TARGET: 0.4880
-----------------------------------------------------------
Epoch [4/15], Average Loss: 0.1082
-----------------------------------------------------------
strategy: BEAM
iter: 8
epoch: 3
F1_overall: 0.6228
F1_AGENT: 0.7331
F1_TARGET: 0.5222
-----------------------------------------------------------
Epoch [5/15], Average Loss: 0.0813
-----------------------------------------------------------
strategy: BEAM
iter: 8
epoch: 4
F1_overall: 0.6209
F1_AGENT: 0.7343
F1_TARGET: 0.5162
-----------------------------------------------------------
Epoch [6/15], Average Loss: 0.0726
-----------------------------------------------------------
strategy: BEAM
iter: 8
epoch: 5
F1_overall: 0.6465
F1_AGENT: 0.7666
F1_TARGET: 0.5343
-----------------------------------------------------------
Epoch [7/15], Average Loss: 0.0500
-----------------------------------------------------------
strategy: BEAM
iter: 8
epoch: 6
F1_overall: 0.6463
F1_AGENT: 0.7619
F1_TARGET: 0.5306
-----------------------------------------------------------
Epoch [8/15], Average Loss: 0.0592
-----------------------------------------------------------
strategy: BEAM
iter: 8
epoch: 7
F1_overall: 0.6274
F1_AGENT: 0.7324
F1_TARGET: 0.5260
-----------------------------------------------------------
Epoch [9/15], Average Loss: 0.0478
-----------------------------------------------------------
strategy: BEAM
iter: 8
epoch: 8
F1_overall: 0.6349
F1_AGENT: 0.7479
F1_TARGET: 0.5114
-----------------------------------------------------------
Epoch [10/15], Average Loss: 0.0362
-----------------------------------------------------------
strategy: BEAM
iter: 8
epoch: 9
F1_overall: 0.6357
F1_AGENT: 0.7558
F1_TARGET: 0.5266
-----------------------------------------------------------
Epoch [11/15], Average Loss: 0.0361
-----------------------------------------------------------
strategy: BEAM
iter: 8
epoch: 10
F1_overall: 0.6330
F1_AGENT: 0.7561
F1_TARGET: 0.5133
-----------------------------------------------------------
Epoch [12/15], Average Loss: 0.0280
-----------------------------------------------------------
strategy: BEAM
iter: 8
epoch: 11
F1_overall: 0.6412
F1_AGENT: 0.7502
F1_TARGET: 0.5430
-----------------------------------------------------------
Epoch [13/15], Average Loss: 0.0274
-----------------------------------------------------------
strategy: BEAM
iter: 8
epoch: 12
F1_overall: 0.6601
F1_AGENT: 0.7705
F1_TARGET: 0.5540
-----------------------------------------------------------
Epoch [14/15], Average Loss: 0.0204
-----------------------------------------------------------
strategy: BEAM
iter: 8
epoch: 13
F1_overall: 0.6482
F1_AGENT: 0.7590
F1_TARGET: 0.5382
-----------------------------------------------------------
Epoch [15/15], Average Loss: 0.0151
-----------------------------------------------------------
strategy: BEAM
iter: 8
epoch: 14
F1_overall: 0.6320
F1_AGENT: 0.7376
F1_TARGET: 0.5307
-----------------------------------------------------------
annotated_samples_num: 1418
unannotated_samples_num: 2126
update datapool!
annotated_samples_num: 1418
unannotated_samples_num: 2126
iter: 9
annotated_samples_num: 1418
unannotated_samples_num: 2126
Epoch [1/15], Average Loss: 0.4122
-----------------------------------------------------------
strategy: BEAM
iter: 9
epoch: 0
F1_overall: 0.5928
F1_AGENT: 0.7222
F1_TARGET: 0.4685
-----------------------------------------------------------
Epoch [2/15], Average Loss: 0.2191
-----------------------------------------------------------
strategy: BEAM
iter: 9
epoch: 1
F1_overall: 0.6198
F1_AGENT: 0.7097
F1_TARGET: 0.5318
-----------------------------------------------------------
Epoch [3/15], Average Loss: 0.1560
-----------------------------------------------------------
strategy: BEAM
iter: 9
epoch: 2
F1_overall: 0.6398
F1_AGENT: 0.7527
F1_TARGET: 0.5342
-----------------------------------------------------------
Epoch [4/15], Average Loss: 0.1054
-----------------------------------------------------------
strategy: BEAM
iter: 9
epoch: 3
F1_overall: 0.6456
F1_AGENT: 0.7494
F1_TARGET: 0.5425
-----------------------------------------------------------
Epoch [5/15], Average Loss: 0.0765
-----------------------------------------------------------
strategy: BEAM
iter: 9
epoch: 4
F1_overall: 0.6509
F1_AGENT: 0.7556
F1_TARGET: 0.5491
-----------------------------------------------------------
Epoch [6/15], Average Loss: 0.0609
-----------------------------------------------------------
strategy: BEAM
iter: 9
epoch: 5
F1_overall: 0.6229
F1_AGENT: 0.7495
F1_TARGET: 0.5094
-----------------------------------------------------------
Epoch [7/15], Average Loss: 0.0471
-----------------------------------------------------------
strategy: BEAM
iter: 9
epoch: 6
F1_overall: 0.6414
F1_AGENT: 0.7497
F1_TARGET: 0.5393
-----------------------------------------------------------
Epoch [8/15], Average Loss: 0.0450
-----------------------------------------------------------
strategy: BEAM
iter: 9
epoch: 7
F1_overall: 0.6433
F1_AGENT: 0.7542
F1_TARGET: 0.5386
-----------------------------------------------------------
Epoch [9/15], Average Loss: 0.0485
-----------------------------------------------------------
strategy: BEAM
iter: 9
epoch: 8
F1_overall: 0.6329
F1_AGENT: 0.7575
F1_TARGET: 0.5123
-----------------------------------------------------------
Epoch [10/15], Average Loss: 0.0406
-----------------------------------------------------------
strategy: BEAM
iter: 9
epoch: 9
F1_overall: 0.6668
F1_AGENT: 0.7766
F1_TARGET: 0.5633
-----------------------------------------------------------
Epoch [11/15], Average Loss: 0.0263
-----------------------------------------------------------
strategy: BEAM
iter: 9
epoch: 10
F1_overall: 0.6509
F1_AGENT: 0.7670
F1_TARGET: 0.5344
-----------------------------------------------------------
Epoch [12/15], Average Loss: 0.0274
-----------------------------------------------------------
strategy: BEAM
iter: 9
epoch: 11
F1_overall: 0.6452
F1_AGENT: 0.7565
F1_TARGET: 0.5357
-----------------------------------------------------------
Epoch [13/15], Average Loss: 0.0263
-----------------------------------------------------------
strategy: BEAM
iter: 9
epoch: 12
F1_overall: 0.6479
F1_AGENT: 0.7546
F1_TARGET: 0.5477
-----------------------------------------------------------
Epoch [14/15], Average Loss: 0.0333
-----------------------------------------------------------
strategy: BEAM
iter: 9
epoch: 13
F1_overall: 0.6545
F1_AGENT: 0.7578
F1_TARGET: 0.5546
-----------------------------------------------------------
Epoch [15/15], Average Loss: 0.0258
-----------------------------------------------------------
strategy: BEAM
iter: 9
epoch: 14
F1_overall: 0.6431
F1_AGENT: 0.7459
F1_TARGET: 0.5378
-----------------------------------------------------------
annotated_samples_num: 1524
unannotated_samples_num: 2020
update datapool!
annotated_samples_num: 1524
unannotated_samples_num: 2020
iter: 10
annotated_samples_num: 1524
unannotated_samples_num: 2020
Epoch [1/15], Average Loss: 0.4031
-----------------------------------------------------------
strategy: BEAM
iter: 10
epoch: 0
F1_overall: 0.6140
F1_AGENT: 0.7117
F1_TARGET: 0.5125
-----------------------------------------------------------
Epoch [2/15], Average Loss: 0.2261
-----------------------------------------------------------
strategy: BEAM
iter: 10
epoch: 1
F1_overall: 0.6251
F1_AGENT: 0.7440
F1_TARGET: 0.5119
-----------------------------------------------------------
Epoch [3/15], Average Loss: 0.1621
-----------------------------------------------------------
strategy: BEAM
iter: 10
epoch: 2
F1_overall: 0.6405
F1_AGENT: 0.7471
F1_TARGET: 0.5361
-----------------------------------------------------------
Epoch [4/15], Average Loss: 0.1134
-----------------------------------------------------------
strategy: BEAM
iter: 10
epoch: 3
F1_overall: 0.6568
F1_AGENT: 0.7614
F1_TARGET: 0.5533
-----------------------------------------------------------
Epoch [5/15], Average Loss: 0.0793
-----------------------------------------------------------
strategy: BEAM
iter: 10
epoch: 4
F1_overall: 0.6629
F1_AGENT: 0.7700
F1_TARGET: 0.5619
-----------------------------------------------------------
Epoch [6/15], Average Loss: 0.0629
-----------------------------------------------------------
strategy: BEAM
iter: 10
epoch: 5
F1_overall: 0.6549
F1_AGENT: 0.7708
F1_TARGET: 0.5479
-----------------------------------------------------------
Epoch [7/15], Average Loss: 0.0574
-----------------------------------------------------------
strategy: BEAM
iter: 10
epoch: 6
F1_overall: 0.6577
F1_AGENT: 0.7584
F1_TARGET: 0.5619
-----------------------------------------------------------
Epoch [8/15], Average Loss: 0.0488
-----------------------------------------------------------
strategy: BEAM
iter: 10
epoch: 7
F1_overall: 0.6607
F1_AGENT: 0.7608
F1_TARGET: 0.5653
-----------------------------------------------------------
Epoch [9/15], Average Loss: 0.0471
-----------------------------------------------------------
strategy: BEAM
iter: 10
epoch: 8
F1_overall: 0.6389
F1_AGENT: 0.7584
F1_TARGET: 0.5246
-----------------------------------------------------------
Epoch [10/15], Average Loss: 0.0361
-----------------------------------------------------------
strategy: BEAM
iter: 10
epoch: 9
F1_overall: 0.6564
F1_AGENT: 0.7658
F1_TARGET: 0.5528
-----------------------------------------------------------
Epoch [11/15], Average Loss: 0.0255
-----------------------------------------------------------
strategy: BEAM
iter: 10
epoch: 10
F1_overall: 0.6536
F1_AGENT: 0.7629
F1_TARGET: 0.5473
-----------------------------------------------------------
Epoch [12/15], Average Loss: 0.0263
-----------------------------------------------------------
strategy: BEAM
iter: 10
epoch: 11
F1_overall: 0.6629
F1_AGENT: 0.7697
F1_TARGET: 0.5598
-----------------------------------------------------------
Epoch [13/15], Average Loss: 0.0225
-----------------------------------------------------------
strategy: BEAM
iter: 10
epoch: 12
F1_overall: 0.6465
F1_AGENT: 0.7646
F1_TARGET: 0.5313
-----------------------------------------------------------
Epoch [14/15], Average Loss: 0.0314
-----------------------------------------------------------
strategy: BEAM
iter: 10
epoch: 13
F1_overall: 0.6538
F1_AGENT: 0.7617
F1_TARGET: 0.5495
-----------------------------------------------------------
Epoch [15/15], Average Loss: 0.0205
-----------------------------------------------------------
strategy: BEAM
iter: 10
epoch: 14
F1_overall: 0.6478
F1_AGENT: 0.7490
F1_TARGET: 0.5474
-----------------------------------------------------------
annotated_samples_num: 1625
unannotated_samples_num: 1919
update datapool!
annotated_samples_num: 1625
unannotated_samples_num: 1919
iter: 11
annotated_samples_num: 1625
unannotated_samples_num: 1919
Epoch [1/15], Average Loss: 0.3953
-----------------------------------------------------------
strategy: BEAM
iter: 11
epoch: 0
F1_overall: 0.6072
F1_AGENT: 0.7169
F1_TARGET: 0.5015
-----------------------------------------------------------
Epoch [2/15], Average Loss: 0.2202
-----------------------------------------------------------
strategy: BEAM
iter: 11
epoch: 1
F1_overall: 0.6177
F1_AGENT: 0.7366
F1_TARGET: 0.5041
-----------------------------------------------------------
Epoch [3/15], Average Loss: 0.1568
-----------------------------------------------------------
strategy: BEAM
iter: 11
epoch: 2
F1_overall: 0.6304
F1_AGENT: 0.7349
F1_TARGET: 0.5296
-----------------------------------------------------------
Epoch [4/15], Average Loss: 0.1084
-----------------------------------------------------------
strategy: BEAM
iter: 11
epoch: 3
F1_overall: 0.6389
F1_AGENT: 0.7458
F1_TARGET: 0.5334
-----------------------------------------------------------
Epoch [5/15], Average Loss: 0.0814
-----------------------------------------------------------
strategy: BEAM
iter: 11
epoch: 4
F1_overall: 0.6460
F1_AGENT: 0.7549
F1_TARGET: 0.5445
-----------------------------------------------------------
Epoch [6/15], Average Loss: 0.0689
-----------------------------------------------------------
strategy: BEAM
iter: 11
epoch: 5
F1_overall: 0.6639
F1_AGENT: 0.7732
F1_TARGET: 0.5603
-----------------------------------------------------------
Epoch [7/15], Average Loss: 0.0565
-----------------------------------------------------------
strategy: BEAM
iter: 11
epoch: 6
F1_overall: 0.6524
F1_AGENT: 0.7627
F1_TARGET: 0.5427
-----------------------------------------------------------
Epoch [8/15], Average Loss: 0.0541
-----------------------------------------------------------
strategy: BEAM
iter: 11
epoch: 7
F1_overall: 0.6545
F1_AGENT: 0.7618
F1_TARGET: 0.5549
-----------------------------------------------------------
Epoch [9/15], Average Loss: 0.0498
-----------------------------------------------------------
strategy: BEAM
iter: 11
epoch: 8
F1_overall: 0.6606
F1_AGENT: 0.7680
F1_TARGET: 0.5529
-----------------------------------------------------------
